[ 2016-01-19T10:33:17+08:00 ] 127.0.0.1 /LSS/1/index.php/Home/Index/index
INFO: [ app_init ] --START--
INFO: Run Behavior\BuildLiteBehavior [ RunTime:0.000000s ]
INFO: [ app_init ] --END-- [ RunTime:0.063004s ]
INFO: [ app_begin ] --START--
INFO: Run Behavior\ReadHtmlCacheBehavior [ RunTime:0.015000s ]
INFO: [ app_begin ] --END-- [ RunTime:0.015000s ]
SQL: SHOW COLUMNS FROM `zhx_article` [ RunTime:0.6350s ]
SQL: SHOW COLUMNS FROM `zhx_column` [ RunTime:0.2130s ]
SQL: SHOW COLUMNS FROM `zhx_column` [ RunTime:0.0070s ]
SQL: SELECT `name`,`href` FROM `zhx_column` WHERE `type` = 1 AND `status` = 1 ORDER BY column_order  [ RunTime:0.1950s ]
SQL: SHOW COLUMNS FROM `zhx_article` [ RunTime:0.0070s ]
SQL: SELECT `arid`,`title` FROM `zhx_article` ORDER BY time LIMIT 6   [ RunTime:0.1490s ]
SQL: SHOW COLUMNS FROM `zhx_articletype` [ RunTime:0.0780s ]
SQL: SELECT `typename`,`aid` FROM `zhx_articletype`  [ RunTime:0.0120s ]
SQL: SHOW COLUMNS FROM `zhx_article` [ RunTime:0.0100s ]
SQL: SELECT COUNT(*) AS tp_count FROM `zhx_article` WHERE `status` = 1 LIMIT 1   [ RunTime:0.0710s ]
SQL: SELECT * FROM `zhx_article` WHERE `status` = 1 ORDER BY time desc LIMIT 0,5   [ RunTime:0.2130s ]
SQL: SHOW COLUMNS FROM `zhx_articletype` [ RunTime:0.0070s ]
SQL: SELECT `typename` FROM `zhx_articletype` WHERE ( 1=1 AND aid='11' ) LIMIT 1   [ RunTime:0.0020s ]
SQL: SHOW COLUMNS FROM `zhx_article_data` [ RunTime:0.3590s ]
SQL: SELECT `comment_count`,`browse_count` FROM `zhx_article_data` WHERE ( 1=1 AND arid='75' ) LIMIT 1   [ RunTime:0.0020s ]
SQL: SELECT `typename` FROM `zhx_articletype` WHERE ( 1=1 AND aid='1' ) LIMIT 1   [ RunTime:0.0000s ]
SQL: SELECT `comment_count`,`browse_count` FROM `zhx_article_data` WHERE ( 1=1 AND arid='87' ) LIMIT 1   [ RunTime:0.0000s ]
SQL: SELECT `typename` FROM `zhx_articletype` WHERE ( 1=1 AND aid='6' ) LIMIT 1   [ RunTime:0.0020s ]
SQL: SELECT `comment_count`,`browse_count` FROM `zhx_article_data` WHERE ( 1=1 AND arid='76' ) LIMIT 1   [ RunTime:0.0000s ]
SQL: SELECT `typename` FROM `zhx_articletype` WHERE ( 1=1 AND aid='6' ) LIMIT 1   [ RunTime:0.0000s ]
SQL: SELECT `comment_count`,`browse_count` FROM `zhx_article_data` WHERE ( 1=1 AND arid='77' ) LIMIT 1   [ RunTime:0.0010s ]
SQL: SELECT `typename` FROM `zhx_articletype` WHERE ( 1=1 AND aid='23' ) LIMIT 1   [ RunTime:0.0000s ]
SQL: SELECT `comment_count`,`browse_count` FROM `zhx_article_data` WHERE ( 1=1 AND arid='78' ) LIMIT 1   [ RunTime:0.0000s ]
INFO: [ view_parse ] --START--
INFO: [ template_filter ] --START--
INFO: Run Behavior\ContentReplaceBehavior [ RunTime:0.001000s ]
INFO: [ template_filter ] --END-- [ RunTime:0.001000s ]
NOTIC: [8] Array to string conversion D:\wamp\www\LSS\1\Application\Runtime\Cache\Home\39b332e5f8883cb2938d6d989e0f6c27.php 第 167 行.
INFO: Run Behavior\ParseTemplateBehavior [ RunTime:0.332019s ]
INFO: [ view_parse ] --END-- [ RunTime:0.333020s ]
INFO: [ view_filter ] --START--
INFO: Run Behavior\WriteHtmlCacheBehavior [ RunTime:0.021001s ]
INFO: [ view_filter ] --END-- [ RunTime:0.023001s ]
INFO: [ app_end ] --START--
INFO: Run Behavior\ShowPageTraceBehavior [ RunTime:0.029001s ]
INFO: [ app_end ] --END-- [ RunTime:0.029001s ]

[ 2016-01-19T10:36:38+08:00 ] 127.0.0.1 /LSS/1/index.php/Home/Index/guestbook
INFO: [ app_init ] --START--
INFO: Run Behavior\BuildLiteBehavior [ RunTime:0.000000s ]
INFO: [ app_init ] --END-- [ RunTime:0.002000s ]
INFO: [ app_begin ] --START--
INFO: Run Behavior\ReadHtmlCacheBehavior [ RunTime:0.002000s ]
INFO: [ app_begin ] --END-- [ RunTime:0.002000s ]
SQL: SHOW COLUMNS FROM `zhx_article` [ RunTime:0.0060s ]
SQL: SHOW COLUMNS FROM `zhx_column` [ RunTime:0.0060s ]
SQL: SHOW COLUMNS FROM `zhx_column` [ RunTime:0.0070s ]
SQL: SELECT `name`,`href` FROM `zhx_column` WHERE `type` = 1 AND `status` = 1 ORDER BY column_order  [ RunTime:0.0000s ]
INFO: [ view_parse ] --START--
INFO: [ template_filter ] --START--
INFO: Run Behavior\ContentReplaceBehavior [ RunTime:0.000000s ]
INFO: [ template_filter ] --END-- [ RunTime:0.000000s ]
INFO: Run Behavior\ParseTemplateBehavior [ RunTime:0.088005s ]
INFO: [ view_parse ] --END-- [ RunTime:0.088005s ]
INFO: [ view_filter ] --START--
INFO: Run Behavior\WriteHtmlCacheBehavior [ RunTime:0.002000s ]
INFO: [ view_filter ] --END-- [ RunTime:0.002000s ]
INFO: [ app_end ] --START--
INFO: Run Behavior\ShowPageTraceBehavior [ RunTime:0.002000s ]
INFO: [ app_end ] --END-- [ RunTime:0.003001s ]

[ 2016-01-19T10:36:41+08:00 ] 127.0.0.1 /LSS/1/index.php/Home/Index/life
INFO: [ app_init ] --START--
INFO: Run Behavior\BuildLiteBehavior [ RunTime:0.000000s ]
INFO: [ app_init ] --END-- [ RunTime:0.002000s ]
INFO: [ app_begin ] --START--
INFO: Run Behavior\ReadHtmlCacheBehavior [ RunTime:0.002000s ]
INFO: [ app_begin ] --END-- [ RunTime:0.002000s ]
SQL: SHOW COLUMNS FROM `zhx_article` [ RunTime:0.0100s ]
SQL: SHOW COLUMNS FROM `zhx_column` [ RunTime:0.0060s ]
SQL: SHOW COLUMNS FROM `zhx_column` [ RunTime:0.0110s ]
SQL: SELECT `name`,`href` FROM `zhx_column` WHERE `type` = 1 AND `status` = 1 ORDER BY column_order  [ RunTime:0.0000s ]
INFO: [ view_parse ] --START--
INFO: [ template_filter ] --START--
INFO: Run Behavior\ContentReplaceBehavior [ RunTime:0.001000s ]
INFO: [ template_filter ] --END-- [ RunTime:0.001000s ]
INFO: Run Behavior\ParseTemplateBehavior [ RunTime:0.052003s ]
INFO: [ view_parse ] --END-- [ RunTime:0.053003s ]
INFO: [ view_filter ] --START--
INFO: Run Behavior\WriteHtmlCacheBehavior [ RunTime:0.000000s ]
INFO: [ view_filter ] --END-- [ RunTime:0.002000s ]
INFO: [ app_end ] --START--
INFO: Run Behavior\ShowPageTraceBehavior [ RunTime:0.003000s ]
INFO: [ app_end ] --END-- [ RunTime:0.004000s ]

[ 2016-01-19T10:36:45+08:00 ] 127.0.0.1 /LSS/1/index.php/Home/Index/article
INFO: [ app_init ] --START--
INFO: Run Behavior\BuildLiteBehavior [ RunTime:0.000000s ]
INFO: [ app_init ] --END-- [ RunTime:0.002000s ]
INFO: [ app_begin ] --START--
INFO: Run Behavior\ReadHtmlCacheBehavior [ RunTime:0.002000s ]
INFO: [ app_begin ] --END-- [ RunTime:0.002000s ]
SQL: SHOW COLUMNS FROM `zhx_article` [ RunTime:0.0390s ]
SQL: SHOW COLUMNS FROM `zhx_column` [ RunTime:0.0060s ]
SQL: SHOW COLUMNS FROM `zhx_column` [ RunTime:0.0080s ]
SQL: SELECT `name`,`href` FROM `zhx_column` WHERE `type` = 1 AND `status` = 1 ORDER BY column_order  [ RunTime:0.0020s ]
SQL: SHOW COLUMNS FROM `zhx_article` [ RunTime:0.0070s ]
SQL: SELECT `arid`,`title` FROM `zhx_article` ORDER BY time LIMIT 6   [ RunTime:0.0020s ]
SQL: SHOW COLUMNS FROM `zhx_articletype` [ RunTime:0.0080s ]
SQL: SELECT `typename`,`aid` FROM `zhx_articletype`  [ RunTime:0.0010s ]
INFO: [ view_parse ] --START--
INFO: [ template_filter ] --START--
INFO: Run Behavior\ContentReplaceBehavior [ RunTime:0.001000s ]
INFO: [ template_filter ] --END-- [ RunTime:0.001000s ]
NOTIC: [8] Array to string conversion D:\wamp\www\LSS\1\Application\Runtime\Cache\Home\bf3b4465296514de17e1f8dd92d84602.php 第 182 行.
INFO: Run Behavior\ParseTemplateBehavior [ RunTime:0.092006s ]
INFO: [ view_parse ] --END-- [ RunTime:0.092006s ]
INFO: [ view_filter ] --START--
INFO: Run Behavior\WriteHtmlCacheBehavior [ RunTime:0.001000s ]
INFO: [ view_filter ] --END-- [ RunTime:0.001000s ]
INFO: [ app_end ] --START--
INFO: Run Behavior\ShowPageTraceBehavior [ RunTime:0.002000s ]
INFO: [ app_end ] --END-- [ RunTime:0.002000s ]

[ 2016-01-19T10:36:46+08:00 ] 127.0.0.1 /LSS/1/index.php/Home/Article/click_get_more.html?aid=
INFO: [ app_init ] --START--
INFO: Run Behavior\BuildLiteBehavior [ RunTime:0.000000s ]
INFO: [ app_init ] --END-- [ RunTime:0.001000s ]
INFO: [ app_begin ] --START--
INFO: Run Behavior\ReadHtmlCacheBehavior [ RunTime:0.001000s ]
INFO: [ app_begin ] --END-- [ RunTime:0.001000s ]
SQL: SHOW COLUMNS FROM `zhx_article` [ RunTime:0.0100s ]
SQL: SHOW COLUMNS FROM `zhx_column` [ RunTime:0.0130s ]
SQL: SHOW COLUMNS FROM `zhx_articletype` [ RunTime:0.0090s ]
SQL: SHOW COLUMNS FROM `zhx_article` [ RunTime:0.0150s ]
NOTIC: [8] Undefined variable: map D:\wamp\www\LSS\1\Application\Home\Model\ArticleModel.class.php 第 185 行.
SQL: SELECT COUNT(*) AS tp_count FROM `zhx_article` LIMIT 1   [ RunTime:0.0010s ]
NOTIC: [8] Undefined variable: map D:\wamp\www\LSS\1\Application\Home\Model\ArticleModel.class.php 第 186 行.
SQL: SELECT * FROM `zhx_article` ORDER BY time desc LIMIT 0,10   [ RunTime:0.0020s ]
SQL: SHOW COLUMNS FROM `zhx_articletype` [ RunTime:0.0070s ]
SQL: SELECT `typename` FROM `zhx_articletype` WHERE ( 1=1 AND aid='11' ) LIMIT 1   [ RunTime:0.0020s ]
SQL: SHOW COLUMNS FROM `zhx_article_data` [ RunTime:0.0060s ]
SQL: SELECT `comment_count`,`browse_count` FROM `zhx_article_data` WHERE ( 1=1 AND arid='75' ) LIMIT 1   [ RunTime:0.0020s ]
SQL: SELECT `typename` FROM `zhx_articletype` WHERE ( 1=1 AND aid='1' ) LIMIT 1   [ RunTime:0.0000s ]
SQL: SELECT `comment_count`,`browse_count` FROM `zhx_article_data` WHERE ( 1=1 AND arid='87' ) LIMIT 1   [ RunTime:0.0010s ]
SQL: SELECT `typename` FROM `zhx_articletype` WHERE ( 1=1 AND aid='6' ) LIMIT 1   [ RunTime:0.0000s ]
SQL: SELECT `comment_count`,`browse_count` FROM `zhx_article_data` WHERE ( 1=1 AND arid='76' ) LIMIT 1   [ RunTime:0.0010s ]
SQL: SELECT `typename` FROM `zhx_articletype` WHERE ( 1=1 AND aid='6' ) LIMIT 1   [ RunTime:0.0000s ]
SQL: SELECT `comment_count`,`browse_count` FROM `zhx_article_data` WHERE ( 1=1 AND arid='77' ) LIMIT 1   [ RunTime:0.0010s ]
SQL: SELECT `typename` FROM `zhx_articletype` WHERE ( 1=1 AND aid='23' ) LIMIT 1   [ RunTime:0.0010s ]
SQL: SELECT `comment_count`,`browse_count` FROM `zhx_article_data` WHERE ( 1=1 AND arid='78' ) LIMIT 1   [ RunTime:0.0000s ]
SQL: SELECT `typename` FROM `zhx_articletype` WHERE ( 1=1 AND aid='10' ) LIMIT 1   [ RunTime:0.0010s ]
SQL: SELECT `comment_count`,`browse_count` FROM `zhx_article_data` WHERE ( 1=1 AND arid='79' ) LIMIT 1   [ RunTime:0.0010s ]
SQL: SELECT `typename` FROM `zhx_articletype` WHERE ( 1=1 AND aid='23' ) LIMIT 1   [ RunTime:0.0020s ]
SQL: SELECT `comment_count`,`browse_count` FROM `zhx_article_data` WHERE ( 1=1 AND arid='80' ) LIMIT 1   [ RunTime:0.0010s ]
SQL: SELECT `typename` FROM `zhx_articletype` WHERE ( 1=1 AND aid='11' ) LIMIT 1   [ RunTime:0.0010s ]
SQL: SELECT `comment_count`,`browse_count` FROM `zhx_article_data` WHERE ( 1=1 AND arid='81' ) LIMIT 1   [ RunTime:0.0010s ]
SQL: SELECT `typename` FROM `zhx_articletype` WHERE ( 1=1 AND aid='11' ) LIMIT 1   [ RunTime:0.0000s ]
SQL: SELECT `comment_count`,`browse_count` FROM `zhx_article_data` WHERE ( 1=1 AND arid='82' ) LIMIT 1   [ RunTime:0.0020s ]
SQL: SELECT `typename` FROM `zhx_articletype` WHERE ( 1=1 AND aid='11' ) LIMIT 1   [ RunTime:0.0000s ]
SQL: SELECT `comment_count`,`browse_count` FROM `zhx_article_data` WHERE ( 1=1 AND arid='83' ) LIMIT 1   [ RunTime:0.0010s ]
NOTIC: [8] Use of undefined constant arid - assumed 'arid' D:\wamp\www\LSS\1\Application\Home\Controller\ArticleController.class.php 第 127 行.
NOTIC: [8] Use of undefined constant arid - assumed 'arid' D:\wamp\www\LSS\1\Application\Home\Controller\ArticleController.class.php 第 127 行.
NOTIC: [8] Use of undefined constant arid - assumed 'arid' D:\wamp\www\LSS\1\Application\Home\Controller\ArticleController.class.php 第 127 行.
NOTIC: [8] Use of undefined constant arid - assumed 'arid' D:\wamp\www\LSS\1\Application\Home\Controller\ArticleController.class.php 第 127 行.
NOTIC: [8] Use of undefined constant arid - assumed 'arid' D:\wamp\www\LSS\1\Application\Home\Controller\ArticleController.class.php 第 127 行.
NOTIC: [8] Use of undefined constant arid - assumed 'arid' D:\wamp\www\LSS\1\Application\Home\Controller\ArticleController.class.php 第 127 行.
NOTIC: [8] Use of undefined constant arid - assumed 'arid' D:\wamp\www\LSS\1\Application\Home\Controller\ArticleController.class.php 第 127 行.
NOTIC: [8] Use of undefined constant arid - assumed 'arid' D:\wamp\www\LSS\1\Application\Home\Controller\ArticleController.class.php 第 127 行.
NOTIC: [8] Use of undefined constant arid - assumed 'arid' D:\wamp\www\LSS\1\Application\Home\Controller\ArticleController.class.php 第 127 行.
NOTIC: [8] Use of undefined constant arid - assumed 'arid' D:\wamp\www\LSS\1\Application\Home\Controller\ArticleController.class.php 第 127 行.

[ 2016-01-19T10:36:48+08:00 ] 127.0.0.1 /LSS/1/index.php/Home/Article/click_get_more.html?aid=
INFO: [ app_init ] --START--
INFO: Run Behavior\BuildLiteBehavior [ RunTime:0.000000s ]
INFO: [ app_init ] --END-- [ RunTime:0.001001s ]
INFO: [ app_begin ] --START--
INFO: Run Behavior\ReadHtmlCacheBehavior [ RunTime:0.001000s ]
INFO: [ app_begin ] --END-- [ RunTime:0.001000s ]
SQL: SHOW COLUMNS FROM `zhx_article` [ RunTime:0.0070s ]
SQL: SHOW COLUMNS FROM `zhx_column` [ RunTime:0.0120s ]
SQL: SHOW COLUMNS FROM `zhx_articletype` [ RunTime:0.0110s ]
SQL: SHOW COLUMNS FROM `zhx_article` [ RunTime:0.0070s ]
NOTIC: [8] Undefined variable: map D:\wamp\www\LSS\1\Application\Home\Model\ArticleModel.class.php 第 185 行.
SQL: SELECT COUNT(*) AS tp_count FROM `zhx_article` LIMIT 1   [ RunTime:0.0020s ]
NOTIC: [8] Undefined variable: map D:\wamp\www\LSS\1\Application\Home\Model\ArticleModel.class.php 第 186 行.
SQL: SELECT * FROM `zhx_article` ORDER BY time desc LIMIT 10,10   [ RunTime:0.0030s ]
SQL: SHOW COLUMNS FROM `zhx_articletype` [ RunTime:0.0100s ]
SQL: SELECT `typename` FROM `zhx_articletype` WHERE ( 1=1 AND aid='8' ) LIMIT 1   [ RunTime:0.0040s ]
SQL: SHOW COLUMNS FROM `zhx_article_data` [ RunTime:0.0060s ]
SQL: SELECT `comment_count`,`browse_count` FROM `zhx_article_data` WHERE ( 1=1 AND arid='84' ) LIMIT 1   [ RunTime:0.0020s ]
SQL: SELECT `typename` FROM `zhx_articletype` WHERE ( 1=1 AND aid='6' ) LIMIT 1   [ RunTime:0.0010s ]
SQL: SELECT `comment_count`,`browse_count` FROM `zhx_article_data` WHERE ( 1=1 AND arid='85' ) LIMIT 1   [ RunTime:0.0010s ]
SQL: SELECT `typename` FROM `zhx_articletype` WHERE ( 1=1 AND aid='6' ) LIMIT 1   [ RunTime:0.0000s ]
SQL: SELECT `comment_count`,`browse_count` FROM `zhx_article_data` WHERE ( 1=1 AND arid='86' ) LIMIT 1   [ RunTime:0.0010s ]
SQL: SELECT `typename` FROM `zhx_articletype` WHERE ( 1=1 AND aid='9' ) LIMIT 1   [ RunTime:0.0010s ]
SQL: SELECT `comment_count`,`browse_count` FROM `zhx_article_data` WHERE ( 1=1 AND arid='1' ) LIMIT 1   [ RunTime:0.0010s ]
SQL: SELECT `typename` FROM `zhx_articletype` WHERE ( 1=1 AND aid='8' ) LIMIT 1   [ RunTime:0.0030s ]
SQL: SELECT `comment_count`,`browse_count` FROM `zhx_article_data` WHERE ( 1=1 AND arid='46' ) LIMIT 1   [ RunTime:0.0010s ]
SQL: SELECT `typename` FROM `zhx_articletype` WHERE ( 1=1 AND aid='7' ) LIMIT 1   [ RunTime:0.0010s ]
SQL: SELECT `comment_count`,`browse_count` FROM `zhx_article_data` WHERE ( 1=1 AND arid='73' ) LIMIT 1   [ RunTime:0.0010s ]
SQL: SELECT `typename` FROM `zhx_articletype` WHERE ( 1=1 AND aid='13' ) LIMIT 1   [ RunTime:0.0020s ]
SQL: SELECT `comment_count`,`browse_count` FROM `zhx_article_data` WHERE ( 1=1 AND arid='74' ) LIMIT 1   [ RunTime:0.0010s ]
NOTIC: [8] Use of undefined constant arid - assumed 'arid' D:\wamp\www\LSS\1\Application\Home\Controller\ArticleController.class.php 第 127 行.
NOTIC: [8] Use of undefined constant arid - assumed 'arid' D:\wamp\www\LSS\1\Application\Home\Controller\ArticleController.class.php 第 127 行.
NOTIC: [8] Use of undefined constant arid - assumed 'arid' D:\wamp\www\LSS\1\Application\Home\Controller\ArticleController.class.php 第 127 行.
NOTIC: [8] Use of undefined constant arid - assumed 'arid' D:\wamp\www\LSS\1\Application\Home\Controller\ArticleController.class.php 第 127 行.
NOTIC: [8] Use of undefined constant arid - assumed 'arid' D:\wamp\www\LSS\1\Application\Home\Controller\ArticleController.class.php 第 127 行.
NOTIC: [8] Use of undefined constant arid - assumed 'arid' D:\wamp\www\LSS\1\Application\Home\Controller\ArticleController.class.php 第 127 行.
NOTIC: [8] Use of undefined constant arid - assumed 'arid' D:\wamp\www\LSS\1\Application\Home\Controller\ArticleController.class.php 第 127 行.

