[ 2016-01-17T19:21:52+08:00 ] 127.0.0.1 /LSS/1/index.php/Home/Index/index
INFO: [ app_init ] --START--
INFO: Run Behavior\BuildLiteBehavior [ RunTime:0.000000s ]
INFO: [ app_init ] --END-- [ RunTime:0.046800s ]
INFO: [ app_begin ] --START--
INFO: Run Behavior\ReadHtmlCacheBehavior [ RunTime:0.015600s ]
INFO: [ app_begin ] --END-- [ RunTime:0.015600s ]
SQL: SHOW COLUMNS FROM `zhx_article` [ RunTime:1.9968s ]
SQL: SHOW COLUMNS FROM `zhx_column` [ RunTime:0.2964s ]
SQL: SHOW COLUMNS FROM `zhx_column` [ RunTime:0.0156s ]
SQL: SELECT `name`,`href` FROM `zhx_column` WHERE `type` = 1 AND `status` = 1 ORDER BY column_order  [ RunTime:0.1092s ]
SQL: SHOW COLUMNS FROM `zhx_article` [ RunTime:0.0156s ]
SQL: SELECT `arid`,`title` FROM `zhx_article` ORDER BY time LIMIT 6   [ RunTime:0.0312s ]
SQL: SHOW COLUMNS FROM `zhx_articletype` [ RunTime:0.0624s ]
SQL: SELECT `typename`,`aid` FROM `zhx_articletype`  [ RunTime:0.0156s ]
SQL: SHOW COLUMNS FROM `zhx_article` [ RunTime:0.0000s ]
SQL: SELECT COUNT(*) AS tp_count FROM `zhx_article` WHERE `status` = 1 LIMIT 1   [ RunTime:0.0312s ]
SQL: SELECT * FROM `zhx_article` WHERE `status` = 1 ORDER BY time desc LIMIT 0,5   [ RunTime:0.1404s ]
SQL: SHOW COLUMNS FROM `zhx_articletype` [ RunTime:0.0000s ]
SQL: SELECT `typename` FROM `zhx_articletype` WHERE ( 1=1 AND aid='11' ) LIMIT 1   [ RunTime:0.0000s ]
SQL: SHOW COLUMNS FROM `zhx_article_data` [ RunTime:0.3916s ]
SQL: SELECT `comment_count`,`browse_count` FROM `zhx_article_data` WHERE ( 1=1 AND arid='75' ) LIMIT 1   [ RunTime:0.0030s ]
SQL: SELECT `typename` FROM `zhx_articletype` WHERE ( 1=1 AND aid='1' ) LIMIT 1   [ RunTime:0.0050s ]
SQL: SELECT `comment_count`,`browse_count` FROM `zhx_article_data` WHERE ( 1=1 AND arid='87' ) LIMIT 1   [ RunTime:0.0010s ]
SQL: SELECT `typename` FROM `zhx_articletype` WHERE ( 1=1 AND aid='6' ) LIMIT 1   [ RunTime:0.0000s ]
SQL: SELECT `comment_count`,`browse_count` FROM `zhx_article_data` WHERE ( 1=1 AND arid='76' ) LIMIT 1   [ RunTime:0.0030s ]
SQL: SELECT `typename` FROM `zhx_articletype` WHERE ( 1=1 AND aid='6' ) LIMIT 1   [ RunTime:0.0020s ]
SQL: SELECT `comment_count`,`browse_count` FROM `zhx_article_data` WHERE ( 1=1 AND arid='77' ) LIMIT 1   [ RunTime:0.0020s ]
SQL: SELECT `typename` FROM `zhx_articletype` WHERE ( 1=1 AND aid='23' ) LIMIT 1   [ RunTime:0.0010s ]
SQL: SELECT `comment_count`,`browse_count` FROM `zhx_article_data` WHERE ( 1=1 AND arid='78' ) LIMIT 1   [ RunTime:0.0010s ]
INFO: [ view_parse ] --START--
INFO: [ template_filter ] --START--
INFO: Run Behavior\ContentReplaceBehavior [ RunTime:0.000000s ]
INFO: [ template_filter ] --END-- [ RunTime:0.000000s ]
NOTIC: [8] Array to string conversion D:\wamp\www\LSS\1\Application\Runtime\Cache\Home\39b332e5f8883cb2938d6d989e0f6c27.php 第 162 行.
INFO: Run Behavior\ParseTemplateBehavior [ RunTime:1.802103s ]
INFO: [ view_parse ] --END-- [ RunTime:1.802103s ]
INFO: [ view_filter ] --START--
INFO: Run Behavior\WriteHtmlCacheBehavior [ RunTime:0.065004s ]
INFO: [ view_filter ] --END-- [ RunTime:0.067004s ]
INFO: [ app_end ] --START--
INFO: Run Behavior\ShowPageTraceBehavior [ RunTime:0.037002s ]
INFO: [ app_end ] --END-- [ RunTime:0.037002s ]

[ 2016-01-17T19:23:25+08:00 ] 127.0.0.1 /LSS/1/index.php/Home/Index/index/p/3.html
INFO: [ app_init ] --START--
INFO: Run Behavior\BuildLiteBehavior [ RunTime:0.000000s ]
INFO: [ app_init ] --END-- [ RunTime:0.000000s ]
INFO: [ app_begin ] --START--
INFO: Run Behavior\ReadHtmlCacheBehavior [ RunTime:0.000000s ]
INFO: [ app_begin ] --END-- [ RunTime:0.000000s ]
SQL: SHOW COLUMNS FROM `zhx_article` [ RunTime:0.0156s ]
SQL: SHOW COLUMNS FROM `zhx_column` [ RunTime:0.0000s ]
SQL: SHOW COLUMNS FROM `zhx_column` [ RunTime:0.0156s ]
SQL: SELECT `name`,`href` FROM `zhx_column` WHERE `type` = 1 AND `status` = 1 ORDER BY column_order  [ RunTime:0.0000s ]
SQL: SHOW COLUMNS FROM `zhx_article` [ RunTime:0.0000s ]
SQL: SELECT `arid`,`title` FROM `zhx_article` ORDER BY time LIMIT 6   [ RunTime:0.0000s ]
SQL: SHOW COLUMNS FROM `zhx_articletype` [ RunTime:0.0156s ]
SQL: SELECT `typename`,`aid` FROM `zhx_articletype`  [ RunTime:0.0000s ]
SQL: SHOW COLUMNS FROM `zhx_article` [ RunTime:0.0156s ]
SQL: SELECT COUNT(*) AS tp_count FROM `zhx_article` WHERE `status` = 1 LIMIT 1   [ RunTime:0.0000s ]
SQL: SELECT * FROM `zhx_article` WHERE `status` = 1 ORDER BY time desc LIMIT 10,5   [ RunTime:0.0000s ]
SQL: SHOW COLUMNS FROM `zhx_articletype` [ RunTime:0.0156s ]
SQL: SELECT `typename` FROM `zhx_articletype` WHERE ( 1=1 AND aid='8' ) LIMIT 1   [ RunTime:0.0000s ]
SQL: SHOW COLUMNS FROM `zhx_article_data` [ RunTime:0.0000s ]
SQL: SELECT `comment_count`,`browse_count` FROM `zhx_article_data` WHERE ( 1=1 AND arid='84' ) LIMIT 1   [ RunTime:0.0000s ]
SQL: SELECT `typename` FROM `zhx_articletype` WHERE ( 1=1 AND aid='6' ) LIMIT 1   [ RunTime:0.0000s ]
SQL: SELECT `comment_count`,`browse_count` FROM `zhx_article_data` WHERE ( 1=1 AND arid='85' ) LIMIT 1   [ RunTime:0.0000s ]
SQL: SELECT `typename` FROM `zhx_articletype` WHERE ( 1=1 AND aid='7' ) LIMIT 1   [ RunTime:0.0000s ]
SQL: SELECT `comment_count`,`browse_count` FROM `zhx_article_data` WHERE ( 1=1 AND arid='73' ) LIMIT 1   [ RunTime:0.0000s ]
SQL: SELECT `typename` FROM `zhx_articletype` WHERE ( 1=1 AND aid='13' ) LIMIT 1   [ RunTime:0.0000s ]
SQL: SELECT `comment_count`,`browse_count` FROM `zhx_article_data` WHERE ( 1=1 AND arid='74' ) LIMIT 1   [ RunTime:0.0000s ]
INFO: [ view_parse ] --START--
INFO: [ template_filter ] --START--
INFO: Run Behavior\ContentReplaceBehavior [ RunTime:0.000000s ]
INFO: [ template_filter ] --END-- [ RunTime:0.000000s ]
NOTIC: [8] Array to string conversion D:\wamp\www\LSS\1\Application\Runtime\Cache\Home\39b332e5f8883cb2938d6d989e0f6c27.php 第 162 行.
INFO: Run Behavior\ParseTemplateBehavior [ RunTime:0.062400s ]
INFO: [ view_parse ] --END-- [ RunTime:0.062400s ]
INFO: [ view_filter ] --START--
INFO: Run Behavior\WriteHtmlCacheBehavior [ RunTime:0.000000s ]
INFO: [ view_filter ] --END-- [ RunTime:0.000000s ]
INFO: [ app_end ] --START--
INFO: Run Behavior\ShowPageTraceBehavior [ RunTime:0.015600s ]
INFO: [ app_end ] --END-- [ RunTime:0.015600s ]

[ 2016-01-17T19:23:25+08:00 ] 127.0.0.1 /LSS/1/index.php/Home/Index/favicon.ico
INFO: [ app_init ] --START--
INFO: Run Behavior\BuildLiteBehavior [ RunTime:0.000000s ]
INFO: [ app_init ] --END-- [ RunTime:0.000000s ]

[ 2016-01-17T19:23:26+08:00 ] 127.0.0.1 /LSS/1/index.php/Home/Index/favicon.ico
INFO: [ app_init ] --START--
INFO: Run Behavior\BuildLiteBehavior [ RunTime:0.000000s ]
INFO: [ app_init ] --END-- [ RunTime:0.000000s ]

[ 2016-01-17T19:23:33+08:00 ] 127.0.0.1 /LSS/1/index.php/Home/Index/article
INFO: [ app_init ] --START--
INFO: Run Behavior\BuildLiteBehavior [ RunTime:0.000000s ]
INFO: [ app_init ] --END-- [ RunTime:0.015600s ]
INFO: [ app_begin ] --START--
INFO: Run Behavior\ReadHtmlCacheBehavior [ RunTime:0.000000s ]
INFO: [ app_begin ] --END-- [ RunTime:0.000000s ]
SQL: SHOW COLUMNS FROM `zhx_article` [ RunTime:0.0000s ]
SQL: SHOW COLUMNS FROM `zhx_column` [ RunTime:0.0156s ]
SQL: SHOW COLUMNS FROM `zhx_column` [ RunTime:0.0000s ]
SQL: SELECT `name`,`href` FROM `zhx_column` WHERE `type` = 1 AND `status` = 1 ORDER BY column_order  [ RunTime:0.0000s ]
SQL: SHOW COLUMNS FROM `zhx_article` [ RunTime:0.0000s ]
SQL: SELECT `arid`,`title` FROM `zhx_article` ORDER BY time LIMIT 6   [ RunTime:0.0000s ]
SQL: SHOW COLUMNS FROM `zhx_articletype` [ RunTime:0.0156s ]
SQL: SELECT `typename`,`aid` FROM `zhx_articletype`  [ RunTime:0.0000s ]
INFO: [ view_parse ] --START--
INFO: [ template_filter ] --START--
INFO: Run Behavior\ContentReplaceBehavior [ RunTime:0.000000s ]
INFO: [ template_filter ] --END-- [ RunTime:0.000000s ]
NOTIC: [8] Array to string conversion D:\wamp\www\LSS\1\Application\Runtime\Cache\Home\bf3b4465296514de17e1f8dd92d84602.php 第 177 行.
INFO: Run Behavior\ParseTemplateBehavior [ RunTime:0.093600s ]
INFO: [ view_parse ] --END-- [ RunTime:0.093600s ]
INFO: [ view_filter ] --START--
INFO: Run Behavior\WriteHtmlCacheBehavior [ RunTime:0.000000s ]
INFO: [ view_filter ] --END-- [ RunTime:0.000000s ]
INFO: [ app_end ] --START--
INFO: Run Behavior\ShowPageTraceBehavior [ RunTime:0.000000s ]
INFO: [ app_end ] --END-- [ RunTime:0.000000s ]

[ 2016-01-17T19:23:34+08:00 ] 127.0.0.1 /LSS/1/index.php/Home/Article/click_get_more.html?aid=
INFO: [ app_init ] --START--
INFO: Run Behavior\BuildLiteBehavior [ RunTime:0.000000s ]
INFO: [ app_init ] --END-- [ RunTime:0.000000s ]
INFO: [ app_begin ] --START--
INFO: Run Behavior\ReadHtmlCacheBehavior [ RunTime:0.000000s ]
INFO: [ app_begin ] --END-- [ RunTime:0.000000s ]
SQL: SHOW COLUMNS FROM `zhx_article` [ RunTime:0.0312s ]
SQL: SHOW COLUMNS FROM `zhx_column` [ RunTime:0.0000s ]
SQL: SHOW COLUMNS FROM `zhx_articletype` [ RunTime:0.0000s ]
SQL: SHOW COLUMNS FROM `zhx_article` [ RunTime:0.0156s ]
NOTIC: [8] Undefined variable: map D:\wamp\www\LSS\1\Application\Home\Model\ArticleModel.class.php 第 185 行.
SQL: SELECT COUNT(*) AS tp_count FROM `zhx_article` LIMIT 1   [ RunTime:0.0000s ]
NOTIC: [8] Undefined variable: map D:\wamp\www\LSS\1\Application\Home\Model\ArticleModel.class.php 第 186 行.
SQL: SELECT * FROM `zhx_article` ORDER BY time desc LIMIT 0,10   [ RunTime:0.0000s ]
SQL: SHOW COLUMNS FROM `zhx_articletype` [ RunTime:0.0156s ]
SQL: SELECT `typename` FROM `zhx_articletype` WHERE ( 1=1 AND aid='11' ) LIMIT 1   [ RunTime:0.0000s ]
SQL: SHOW COLUMNS FROM `zhx_article_data` [ RunTime:0.0780s ]
SQL: SELECT `comment_count`,`browse_count` FROM `zhx_article_data` WHERE ( 1=1 AND arid='75' ) LIMIT 1   [ RunTime:0.0156s ]
SQL: SELECT `typename` FROM `zhx_articletype` WHERE ( 1=1 AND aid='1' ) LIMIT 1   [ RunTime:0.0000s ]
SQL: SELECT `comment_count`,`browse_count` FROM `zhx_article_data` WHERE ( 1=1 AND arid='87' ) LIMIT 1   [ RunTime:0.0000s ]
SQL: SELECT `typename` FROM `zhx_articletype` WHERE ( 1=1 AND aid='6' ) LIMIT 1   [ RunTime:0.0000s ]
SQL: SELECT `comment_count`,`browse_count` FROM `zhx_article_data` WHERE ( 1=1 AND arid='76' ) LIMIT 1   [ RunTime:0.0000s ]
SQL: SELECT `typename` FROM `zhx_articletype` WHERE ( 1=1 AND aid='6' ) LIMIT 1   [ RunTime:0.0000s ]
SQL: SELECT `comment_count`,`browse_count` FROM `zhx_article_data` WHERE ( 1=1 AND arid='77' ) LIMIT 1   [ RunTime:0.0000s ]
SQL: SELECT `typename` FROM `zhx_articletype` WHERE ( 1=1 AND aid='23' ) LIMIT 1   [ RunTime:0.0000s ]
SQL: SELECT `comment_count`,`browse_count` FROM `zhx_article_data` WHERE ( 1=1 AND arid='78' ) LIMIT 1   [ RunTime:0.0000s ]
SQL: SELECT `typename` FROM `zhx_articletype` WHERE ( 1=1 AND aid='10' ) LIMIT 1   [ RunTime:0.0000s ]
SQL: SELECT `comment_count`,`browse_count` FROM `zhx_article_data` WHERE ( 1=1 AND arid='79' ) LIMIT 1   [ RunTime:0.0000s ]
SQL: SELECT `typename` FROM `zhx_articletype` WHERE ( 1=1 AND aid='23' ) LIMIT 1   [ RunTime:0.0000s ]
SQL: SELECT `comment_count`,`browse_count` FROM `zhx_article_data` WHERE ( 1=1 AND arid='80' ) LIMIT 1   [ RunTime:0.0000s ]
SQL: SELECT `typename` FROM `zhx_articletype` WHERE ( 1=1 AND aid='11' ) LIMIT 1   [ RunTime:0.0000s ]
SQL: SELECT `comment_count`,`browse_count` FROM `zhx_article_data` WHERE ( 1=1 AND arid='81' ) LIMIT 1   [ RunTime:0.0000s ]
SQL: SELECT `typename` FROM `zhx_articletype` WHERE ( 1=1 AND aid='11' ) LIMIT 1   [ RunTime:0.0000s ]
SQL: SELECT `comment_count`,`browse_count` FROM `zhx_article_data` WHERE ( 1=1 AND arid='82' ) LIMIT 1   [ RunTime:0.0000s ]
SQL: SELECT `typename` FROM `zhx_articletype` WHERE ( 1=1 AND aid='11' ) LIMIT 1   [ RunTime:0.0000s ]
SQL: SELECT `comment_count`,`browse_count` FROM `zhx_article_data` WHERE ( 1=1 AND arid='83' ) LIMIT 1   [ RunTime:0.0000s ]
NOTIC: [8] Use of undefined constant arid - assumed 'arid' D:\wamp\www\LSS\1\Application\Home\Controller\ArticleController.class.php 第 127 行.
NOTIC: [8] Use of undefined constant arid - assumed 'arid' D:\wamp\www\LSS\1\Application\Home\Controller\ArticleController.class.php 第 127 行.
NOTIC: [8] Use of undefined constant arid - assumed 'arid' D:\wamp\www\LSS\1\Application\Home\Controller\ArticleController.class.php 第 127 行.
NOTIC: [8] Use of undefined constant arid - assumed 'arid' D:\wamp\www\LSS\1\Application\Home\Controller\ArticleController.class.php 第 127 行.
NOTIC: [8] Use of undefined constant arid - assumed 'arid' D:\wamp\www\LSS\1\Application\Home\Controller\ArticleController.class.php 第 127 行.
NOTIC: [8] Use of undefined constant arid - assumed 'arid' D:\wamp\www\LSS\1\Application\Home\Controller\ArticleController.class.php 第 127 行.
NOTIC: [8] Use of undefined constant arid - assumed 'arid' D:\wamp\www\LSS\1\Application\Home\Controller\ArticleController.class.php 第 127 行.
NOTIC: [8] Use of undefined constant arid - assumed 'arid' D:\wamp\www\LSS\1\Application\Home\Controller\ArticleController.class.php 第 127 行.
NOTIC: [8] Use of undefined constant arid - assumed 'arid' D:\wamp\www\LSS\1\Application\Home\Controller\ArticleController.class.php 第 127 行.
NOTIC: [8] Use of undefined constant arid - assumed 'arid' D:\wamp\www\LSS\1\Application\Home\Controller\ArticleController.class.php 第 127 行.

[ 2016-01-17T19:23:40+08:00 ] 127.0.0.1 /LSS/1/index.php/Home/Article/click_get_more.html?aid=
INFO: [ app_init ] --START--
INFO: Run Behavior\BuildLiteBehavior [ RunTime:0.000000s ]
INFO: [ app_init ] --END-- [ RunTime:0.000000s ]
INFO: [ app_begin ] --START--
INFO: Run Behavior\ReadHtmlCacheBehavior [ RunTime:0.015600s ]
INFO: [ app_begin ] --END-- [ RunTime:0.015600s ]
SQL: SHOW COLUMNS FROM `zhx_article` [ RunTime:0.0000s ]
SQL: SHOW COLUMNS FROM `zhx_column` [ RunTime:0.0156s ]
SQL: SHOW COLUMNS FROM `zhx_articletype` [ RunTime:0.0000s ]
SQL: SHOW COLUMNS FROM `zhx_article` [ RunTime:0.0156s ]
NOTIC: [8] Undefined variable: map D:\wamp\www\LSS\1\Application\Home\Model\ArticleModel.class.php 第 185 行.
SQL: SELECT COUNT(*) AS tp_count FROM `zhx_article` LIMIT 1   [ RunTime:0.0000s ]
NOTIC: [8] Undefined variable: map D:\wamp\www\LSS\1\Application\Home\Model\ArticleModel.class.php 第 186 行.
SQL: SELECT * FROM `zhx_article` ORDER BY time desc LIMIT 10,10   [ RunTime:0.0000s ]
SQL: SHOW COLUMNS FROM `zhx_articletype` [ RunTime:0.0156s ]
SQL: SELECT `typename` FROM `zhx_articletype` WHERE ( 1=1 AND aid='8' ) LIMIT 1   [ RunTime:0.0000s ]
SQL: SHOW COLUMNS FROM `zhx_article_data` [ RunTime:0.0000s ]
SQL: SELECT `comment_count`,`browse_count` FROM `zhx_article_data` WHERE ( 1=1 AND arid='84' ) LIMIT 1   [ RunTime:0.0000s ]
SQL: SELECT `typename` FROM `zhx_articletype` WHERE ( 1=1 AND aid='6' ) LIMIT 1   [ RunTime:0.0000s ]
SQL: SELECT `comment_count`,`browse_count` FROM `zhx_article_data` WHERE ( 1=1 AND arid='85' ) LIMIT 1   [ RunTime:0.0000s ]
SQL: SELECT `typename` FROM `zhx_articletype` WHERE ( 1=1 AND aid='6' ) LIMIT 1   [ RunTime:0.0000s ]
SQL: SELECT `comment_count`,`browse_count` FROM `zhx_article_data` WHERE ( 1=1 AND arid='86' ) LIMIT 1   [ RunTime:0.0000s ]
SQL: SELECT `typename` FROM `zhx_articletype` WHERE ( 1=1 AND aid='9' ) LIMIT 1   [ RunTime:0.0000s ]
SQL: SELECT `comment_count`,`browse_count` FROM `zhx_article_data` WHERE ( 1=1 AND arid='1' ) LIMIT 1   [ RunTime:0.0000s ]
SQL: SELECT `typename` FROM `zhx_articletype` WHERE ( 1=1 AND aid='8' ) LIMIT 1   [ RunTime:0.0000s ]
SQL: SELECT `comment_count`,`browse_count` FROM `zhx_article_data` WHERE ( 1=1 AND arid='46' ) LIMIT 1   [ RunTime:0.0000s ]
SQL: SELECT `typename` FROM `zhx_articletype` WHERE ( 1=1 AND aid='7' ) LIMIT 1   [ RunTime:0.0000s ]
SQL: SELECT `comment_count`,`browse_count` FROM `zhx_article_data` WHERE ( 1=1 AND arid='73' ) LIMIT 1   [ RunTime:0.0000s ]
SQL: SELECT `typename` FROM `zhx_articletype` WHERE ( 1=1 AND aid='13' ) LIMIT 1   [ RunTime:0.0000s ]
SQL: SELECT `comment_count`,`browse_count` FROM `zhx_article_data` WHERE ( 1=1 AND arid='74' ) LIMIT 1   [ RunTime:0.0000s ]
NOTIC: [8] Use of undefined constant arid - assumed 'arid' D:\wamp\www\LSS\1\Application\Home\Controller\ArticleController.class.php 第 127 行.
NOTIC: [8] Use of undefined constant arid - assumed 'arid' D:\wamp\www\LSS\1\Application\Home\Controller\ArticleController.class.php 第 127 行.
NOTIC: [8] Use of undefined constant arid - assumed 'arid' D:\wamp\www\LSS\1\Application\Home\Controller\ArticleController.class.php 第 127 行.
NOTIC: [8] Use of undefined constant arid - assumed 'arid' D:\wamp\www\LSS\1\Application\Home\Controller\ArticleController.class.php 第 127 行.
NOTIC: [8] Use of undefined constant arid - assumed 'arid' D:\wamp\www\LSS\1\Application\Home\Controller\ArticleController.class.php 第 127 行.
NOTIC: [8] Use of undefined constant arid - assumed 'arid' D:\wamp\www\LSS\1\Application\Home\Controller\ArticleController.class.php 第 127 行.
NOTIC: [8] Use of undefined constant arid - assumed 'arid' D:\wamp\www\LSS\1\Application\Home\Controller\ArticleController.class.php 第 127 行.

[ 2016-01-17T19:23:48+08:00 ] 127.0.0.1 /LSS/1/index.php/Home/Article/article_detail?arid=73
INFO: [ app_init ] --START--
INFO: Run Behavior\BuildLiteBehavior [ RunTime:0.000000s ]
INFO: [ app_init ] --END-- [ RunTime:0.000000s ]
INFO: [ app_begin ] --START--
INFO: Run Behavior\ReadHtmlCacheBehavior [ RunTime:0.000000s ]
INFO: [ app_begin ] --END-- [ RunTime:0.000000s ]
SQL: SHOW COLUMNS FROM `zhx_article` [ RunTime:0.0000s ]
SQL: SHOW COLUMNS FROM `zhx_column` [ RunTime:0.0000s ]
SQL: SHOW COLUMNS FROM `zhx_articletype` [ RunTime:0.0000s ]
NOTIC: [2] Missing argument 3 for Home\Model\ArticleModel::get_article(), called in D:\wamp\www\LSS\1\Application\Home\Controller\ArticleController.class.php on line 31 and defined D:\wamp\www\LSS\1\Application\Home\Model\ArticleModel.class.php 第 31 行.
SQL: SHOW COLUMNS FROM `zhx_article` [ RunTime:0.0156s ]
SQL: SELECT * FROM `zhx_article` WHERE `arid` = 73 LIMIT 1   [ RunTime:0.0000s ]
SQL: SHOW COLUMNS FROM `zhx_articletype` [ RunTime:0.0000s ]
SQL: SELECT `typename` FROM `zhx_articletype` WHERE ( 1=1 AND aid='7' ) LIMIT 1   [ RunTime:0.0000s ]
SQL: SHOW COLUMNS FROM `zhx_article_data` [ RunTime:0.0000s ]
SQL: SELECT `comment_count`,`browse_count` FROM `zhx_article_data` WHERE ( 1=1 AND arid='73' ) LIMIT 1   [ RunTime:0.0000s ]
SQL: SHOW COLUMNS FROM `zhx_comment` [ RunTime:0.1248s ]
SQL: SELECT * FROM `zhx_comment` WHERE `arid` = 73 AND `pcid` = 0 ORDER BY time desc  [ RunTime:0.0000s ]
SQL: SHOW COLUMNS FROM `zhx_column` [ RunTime:0.0156s ]
SQL: SELECT `name`,`href` FROM `zhx_column` WHERE `type` = 1 AND `status` = 1 ORDER BY column_order  [ RunTime:0.0000s ]
SQL: SHOW COLUMNS FROM `zhx_article` [ RunTime:0.0000s ]
SQL: SELECT `arid`,`title` FROM `zhx_article` ORDER BY time LIMIT 6   [ RunTime:0.0000s ]
SQL: SHOW COLUMNS FROM `zhx_articletype` [ RunTime:0.0156s ]
SQL: SELECT `typename`,`aid` FROM `zhx_articletype`  [ RunTime:0.0000s ]
INFO: [ view_parse ] --START--
INFO: [ template_filter ] --START--
INFO: Run Behavior\ContentReplaceBehavior [ RunTime:0.000000s ]
INFO: [ template_filter ] --END-- [ RunTime:0.000000s ]
NOTIC: [8] Array to string conversion D:\wamp\www\LSS\1\Application\Runtime\Cache\Home\7d99a81bc0c5062f04553b059940b477.php 第 268 行.
INFO: Run Behavior\ParseTemplateBehavior [ RunTime:0.109200s ]
INFO: [ view_parse ] --END-- [ RunTime:0.109200s ]
INFO: [ view_filter ] --START--
INFO: Run Behavior\WriteHtmlCacheBehavior [ RunTime:0.000000s ]
INFO: [ view_filter ] --END-- [ RunTime:0.000000s ]
INFO: [ app_end ] --START--
INFO: Run Behavior\ShowPageTraceBehavior [ RunTime:0.015600s ]
INFO: [ app_end ] --END-- [ RunTime:0.015600s ]

[ 2016-01-17T19:24:12+08:00 ] 127.0.0.1 /LSS/1/index.php/Home/Index/article/aid/9.html
INFO: [ app_init ] --START--
INFO: Run Behavior\BuildLiteBehavior [ RunTime:0.000000s ]
INFO: [ app_init ] --END-- [ RunTime:0.000000s ]
INFO: [ app_begin ] --START--
INFO: Run Behavior\ReadHtmlCacheBehavior [ RunTime:0.000000s ]
INFO: [ app_begin ] --END-- [ RunTime:0.000000s ]
SQL: SHOW COLUMNS FROM `zhx_article` [ RunTime:0.0000s ]
SQL: SHOW COLUMNS FROM `zhx_column` [ RunTime:0.0156s ]
SQL: SHOW COLUMNS FROM `zhx_column` [ RunTime:0.0000s ]
SQL: SELECT `name`,`href` FROM `zhx_column` WHERE `type` = 1 AND `status` = 1 ORDER BY column_order  [ RunTime:0.0000s ]
SQL: SHOW COLUMNS FROM `zhx_article` [ RunTime:0.0000s ]
SQL: SELECT `arid`,`title` FROM `zhx_article` ORDER BY time LIMIT 6   [ RunTime:0.0000s ]
SQL: SHOW COLUMNS FROM `zhx_articletype` [ RunTime:0.0000s ]
SQL: SELECT `typename`,`aid` FROM `zhx_articletype`  [ RunTime:0.0000s ]
INFO: [ view_parse ] --START--
INFO: [ template_filter ] --START--
INFO: Run Behavior\ContentReplaceBehavior [ RunTime:0.000000s ]
INFO: [ template_filter ] --END-- [ RunTime:0.000000s ]
NOTIC: [8] Array to string conversion D:\wamp\www\LSS\1\Application\Runtime\Cache\Home\bf3b4465296514de17e1f8dd92d84602.php 第 177 行.
INFO: Run Behavior\ParseTemplateBehavior [ RunTime:0.046800s ]
INFO: [ view_parse ] --END-- [ RunTime:0.046800s ]
INFO: [ view_filter ] --START--
INFO: Run Behavior\WriteHtmlCacheBehavior [ RunTime:0.000000s ]
INFO: [ view_filter ] --END-- [ RunTime:0.000000s ]
INFO: [ app_end ] --START--
INFO: Run Behavior\ShowPageTraceBehavior [ RunTime:0.015600s ]
INFO: [ app_end ] --END-- [ RunTime:0.015600s ]

[ 2016-01-17T19:24:12+08:00 ] 127.0.0.1 /LSS/1/index.php/Home/Article/click_get_more.html?aid=9
INFO: [ app_init ] --START--
INFO: Run Behavior\BuildLiteBehavior [ RunTime:0.000000s ]
INFO: [ app_init ] --END-- [ RunTime:0.000000s ]
INFO: [ app_begin ] --START--
INFO: Run Behavior\ReadHtmlCacheBehavior [ RunTime:0.000000s ]
INFO: [ app_begin ] --END-- [ RunTime:0.000000s ]
SQL: SHOW COLUMNS FROM `zhx_article` [ RunTime:0.0156s ]
SQL: SHOW COLUMNS FROM `zhx_column` [ RunTime:0.0156s ]
SQL: SHOW COLUMNS FROM `zhx_articletype` [ RunTime:0.0156s ]
SQL: SHOW COLUMNS FROM `zhx_articletype` [ RunTime:0.0156s ]
SQL: SELECT * FROM `zhx_articletype` WHERE ( pid =9 )  [ RunTime:0.0000s ]
SQL: SELECT * FROM `zhx_articletype` WHERE ( aid =9 )  [ RunTime:0.0000s ]
SQL: SHOW COLUMNS FROM `zhx_article` [ RunTime:0.0000s ]
SQL: SELECT `content`,`title`,`arid` FROM `zhx_article` WHERE ( 1=1 AND aid='9' )  [ RunTime:0.0156s ]
NOTIC: [8] Use of undefined constant arid - assumed 'arid' D:\wamp\www\LSS\1\Application\Home\Controller\ArticleController.class.php 第 127 行.

[ 2016-01-17T19:24:17+08:00 ] 127.0.0.1 /LSS/1/index.php/Home/Article/article_detail/arid/74.html
INFO: [ app_init ] --START--
INFO: Run Behavior\BuildLiteBehavior [ RunTime:0.000000s ]
INFO: [ app_init ] --END-- [ RunTime:0.000000s ]
INFO: [ app_begin ] --START--
INFO: Run Behavior\ReadHtmlCacheBehavior [ RunTime:0.000000s ]
INFO: [ app_begin ] --END-- [ RunTime:0.000000s ]
SQL: SHOW COLUMNS FROM `zhx_article` [ RunTime:0.0156s ]
SQL: SHOW COLUMNS FROM `zhx_column` [ RunTime:0.0000s ]
SQL: SHOW COLUMNS FROM `zhx_articletype` [ RunTime:0.0156s ]
NOTIC: [2] Missing argument 3 for Home\Model\ArticleModel::get_article(), called in D:\wamp\www\LSS\1\Application\Home\Controller\ArticleController.class.php on line 31 and defined D:\wamp\www\LSS\1\Application\Home\Model\ArticleModel.class.php 第 31 行.
SQL: SHOW COLUMNS FROM `zhx_article` [ RunTime:0.0156s ]
SQL: SELECT * FROM `zhx_article` WHERE `arid` = 74 LIMIT 1   [ RunTime:0.0000s ]
SQL: SHOW COLUMNS FROM `zhx_articletype` [ RunTime:0.0000s ]
SQL: SELECT `typename` FROM `zhx_articletype` WHERE ( 1=1 AND aid='13' ) LIMIT 1   [ RunTime:0.0000s ]
SQL: SHOW COLUMNS FROM `zhx_article_data` [ RunTime:0.0156s ]
SQL: SELECT `comment_count`,`browse_count` FROM `zhx_article_data` WHERE ( 1=1 AND arid='74' ) LIMIT 1   [ RunTime:0.0000s ]
SQL: SHOW COLUMNS FROM `zhx_comment` [ RunTime:0.0000s ]
SQL: SELECT * FROM `zhx_comment` WHERE `arid` = 74 AND `pcid` = 0 ORDER BY time desc  [ RunTime:0.0000s ]
SQL: SHOW COLUMNS FROM `zhx_column` [ RunTime:0.0156s ]
SQL: SELECT `name`,`href` FROM `zhx_column` WHERE `type` = 1 AND `status` = 1 ORDER BY column_order  [ RunTime:0.0000s ]
SQL: SHOW COLUMNS FROM `zhx_article` [ RunTime:0.0000s ]
SQL: SELECT `arid`,`title` FROM `zhx_article` ORDER BY time LIMIT 6   [ RunTime:0.0000s ]
SQL: SHOW COLUMNS FROM `zhx_articletype` [ RunTime:0.0000s ]
SQL: SELECT `typename`,`aid` FROM `zhx_articletype`  [ RunTime:0.0000s ]
INFO: [ view_parse ] --START--
INFO: [ template_filter ] --START--
INFO: Run Behavior\ContentReplaceBehavior [ RunTime:0.000000s ]
INFO: [ template_filter ] --END-- [ RunTime:0.000000s ]
NOTIC: [8] Array to string conversion D:\wamp\www\LSS\1\Application\Runtime\Cache\Home\7d99a81bc0c5062f04553b059940b477.php 第 268 行.
INFO: Run Behavior\ParseTemplateBehavior [ RunTime:0.062400s ]
INFO: [ view_parse ] --END-- [ RunTime:0.062400s ]
INFO: [ view_filter ] --START--
INFO: Run Behavior\WriteHtmlCacheBehavior [ RunTime:0.000000s ]
INFO: [ view_filter ] --END-- [ RunTime:0.000000s ]
INFO: [ app_end ] --START--
INFO: Run Behavior\ShowPageTraceBehavior [ RunTime:0.000000s ]
INFO: [ app_end ] --END-- [ RunTime:0.000000s ]

[ 2016-01-17T19:24:17+08:00 ] 127.0.0.1 /LSS/1/index.php/Home/Article/favicon.ico
INFO: [ app_init ] --START--
INFO: Run Behavior\BuildLiteBehavior [ RunTime:0.000000s ]
INFO: [ app_init ] --END-- [ RunTime:0.000000s ]

[ 2016-01-17T19:24:17+08:00 ] 127.0.0.1 /LSS/1/index.php/Home/Article/favicon.ico
INFO: [ app_init ] --START--
INFO: Run Behavior\BuildLiteBehavior [ RunTime:0.000000s ]
INFO: [ app_init ] --END-- [ RunTime:0.000000s ]

[ 2016-01-17T19:24:19+08:00 ] 127.0.0.1 /LSS/1/index.php/Home/Article/article_detail/arid/82.html
INFO: [ app_init ] --START--
INFO: Run Behavior\BuildLiteBehavior [ RunTime:0.000000s ]
INFO: [ app_init ] --END-- [ RunTime:0.000000s ]
INFO: [ app_begin ] --START--
INFO: Run Behavior\ReadHtmlCacheBehavior [ RunTime:0.000000s ]
INFO: [ app_begin ] --END-- [ RunTime:0.000000s ]
SQL: SHOW COLUMNS FROM `zhx_article` [ RunTime:0.0000s ]
SQL: SHOW COLUMNS FROM `zhx_column` [ RunTime:0.0000s ]
SQL: SHOW COLUMNS FROM `zhx_articletype` [ RunTime:0.0000s ]
NOTIC: [2] Missing argument 3 for Home\Model\ArticleModel::get_article(), called in D:\wamp\www\LSS\1\Application\Home\Controller\ArticleController.class.php on line 31 and defined D:\wamp\www\LSS\1\Application\Home\Model\ArticleModel.class.php 第 31 行.
SQL: SHOW COLUMNS FROM `zhx_article` [ RunTime:0.0156s ]
SQL: SELECT * FROM `zhx_article` WHERE `arid` = 82 LIMIT 1   [ RunTime:0.0000s ]
SQL: SHOW COLUMNS FROM `zhx_articletype` [ RunTime:0.0000s ]
SQL: SELECT `typename` FROM `zhx_articletype` WHERE ( 1=1 AND aid='11' ) LIMIT 1   [ RunTime:0.0000s ]
SQL: SHOW COLUMNS FROM `zhx_article_data` [ RunTime:0.0000s ]
SQL: SELECT `comment_count`,`browse_count` FROM `zhx_article_data` WHERE ( 1=1 AND arid='82' ) LIMIT 1   [ RunTime:0.0000s ]
SQL: SHOW COLUMNS FROM `zhx_comment` [ RunTime:0.0156s ]
SQL: SELECT * FROM `zhx_comment` WHERE `arid` = 82 AND `pcid` = 0 ORDER BY time desc  [ RunTime:0.0000s ]
SQL: SHOW COLUMNS FROM `zhx_column` [ RunTime:0.0000s ]
SQL: SELECT `name`,`href` FROM `zhx_column` WHERE `type` = 1 AND `status` = 1 ORDER BY column_order  [ RunTime:0.0156s ]
SQL: SHOW COLUMNS FROM `zhx_article` [ RunTime:0.0000s ]
SQL: SELECT `arid`,`title` FROM `zhx_article` ORDER BY time LIMIT 6   [ RunTime:0.0000s ]
SQL: SHOW COLUMNS FROM `zhx_articletype` [ RunTime:0.0624s ]
SQL: SELECT `typename`,`aid` FROM `zhx_articletype`  [ RunTime:0.0000s ]
INFO: [ view_parse ] --START--
INFO: [ template_filter ] --START--
INFO: Run Behavior\ContentReplaceBehavior [ RunTime:0.000000s ]
INFO: [ template_filter ] --END-- [ RunTime:0.000000s ]
NOTIC: [8] Array to string conversion D:\wamp\www\LSS\1\Application\Runtime\Cache\Home\7d99a81bc0c5062f04553b059940b477.php 第 268 行.
INFO: Run Behavior\ParseTemplateBehavior [ RunTime:0.093600s ]
INFO: [ view_parse ] --END-- [ RunTime:0.093600s ]
INFO: [ view_filter ] --START--
INFO: Run Behavior\WriteHtmlCacheBehavior [ RunTime:0.000000s ]
INFO: [ view_filter ] --END-- [ RunTime:0.000000s ]
INFO: [ app_end ] --START--
INFO: Run Behavior\ShowPageTraceBehavior [ RunTime:0.000000s ]
INFO: [ app_end ] --END-- [ RunTime:0.000000s ]

[ 2016-01-17T22:17:03+08:00 ] 127.0.0.1 /LSS/1/index.php/Home/Article/article_comment_add.html
INFO: [ app_init ] --START--
INFO: Run Behavior\BuildLiteBehavior [ RunTime:0.000000s ]
INFO: [ app_init ] --END-- [ RunTime:0.171600s ]
INFO: [ app_begin ] --START--
INFO: Run Behavior\ReadHtmlCacheBehavior [ RunTime:0.046800s ]
INFO: [ app_begin ] --END-- [ RunTime:0.046800s ]
SQL: SHOW COLUMNS FROM `zhx_article` [ RunTime:0.8892s ]
SQL: SHOW COLUMNS FROM `zhx_column` [ RunTime:0.0468s ]
SQL: SHOW COLUMNS FROM `zhx_articletype` [ RunTime:0.0624s ]
SQL: SHOW COLUMNS FROM `zhx_comment` [ RunTime:0.0780s ]
SQL: INSERT INTO `zhx_comment` (`name`,`email`,`content`,`arid`,`time`,`head_pic`,`pcid`) VALUES ('','','','82','1453040222','123','0') [ RunTime:0.4212s ]
SQL: SELECT `name` FROM `zhx_comment` WHERE `cid` = 0 LIMIT 1   [ RunTime:0.1248s ]

[ 2016-01-17T22:17:04+08:00 ] 127.0.0.1 /LSS/1/index.php/Home/Article/article_comment_add.html
INFO: [ app_init ] --START--
INFO: Run Behavior\BuildLiteBehavior [ RunTime:0.000000s ]
INFO: [ app_init ] --END-- [ RunTime:0.000000s ]
INFO: [ app_begin ] --START--
INFO: Run Behavior\ReadHtmlCacheBehavior [ RunTime:0.000000s ]
INFO: [ app_begin ] --END-- [ RunTime:0.000000s ]
SQL: SHOW COLUMNS FROM `zhx_article` [ RunTime:0.0156s ]
SQL: SHOW COLUMNS FROM `zhx_column` [ RunTime:0.0312s ]
SQL: SHOW COLUMNS FROM `zhx_articletype` [ RunTime:0.0000s ]
SQL: SHOW COLUMNS FROM `zhx_comment` [ RunTime:0.0156s ]
SQL: INSERT INTO `zhx_comment` (`name`,`email`,`content`,`arid`,`time`,`head_pic`,`pcid`) VALUES ('','','','82','1453040224','123','0') [ RunTime:0.2028s ]
SQL: SELECT `name` FROM `zhx_comment` WHERE `cid` = 0 LIMIT 1   [ RunTime:0.0000s ]

[ 2016-01-17T22:17:04+08:00 ] 127.0.0.1 /LSS/1/index.php/Home/Article/article_comment_add.html
INFO: [ app_init ] --START--
INFO: Run Behavior\BuildLiteBehavior [ RunTime:0.000000s ]
INFO: [ app_init ] --END-- [ RunTime:0.015600s ]
INFO: [ app_begin ] --START--
INFO: Run Behavior\ReadHtmlCacheBehavior [ RunTime:0.000000s ]
INFO: [ app_begin ] --END-- [ RunTime:0.000000s ]
SQL: SHOW COLUMNS FROM `zhx_article` [ RunTime:0.0156s ]
SQL: SHOW COLUMNS FROM `zhx_column` [ RunTime:0.0156s ]
SQL: SHOW COLUMNS FROM `zhx_articletype` [ RunTime:0.0000s ]
SQL: SHOW COLUMNS FROM `zhx_comment` [ RunTime:0.0156s ]
SQL: INSERT INTO `zhx_comment` (`name`,`email`,`content`,`arid`,`time`,`head_pic`,`pcid`) VALUES ('','','','82','1453040224','123','0') [ RunTime:0.0468s ]
SQL: SELECT `name` FROM `zhx_comment` WHERE `cid` = 0 LIMIT 1   [ RunTime:0.0156s ]

[ 2016-01-17T22:17:05+08:00 ] 127.0.0.1 /LSS/1/index.php/Home/Article/article_detail/arid/82.html
INFO: [ app_init ] --START--
INFO: Run Behavior\BuildLiteBehavior [ RunTime:0.000000s ]
INFO: [ app_init ] --END-- [ RunTime:0.015600s ]
INFO: [ app_begin ] --START--
INFO: Run Behavior\ReadHtmlCacheBehavior [ RunTime:0.000000s ]
INFO: [ app_begin ] --END-- [ RunTime:0.000000s ]
SQL: SHOW COLUMNS FROM `zhx_article` [ RunTime:0.0000s ]
SQL: SHOW COLUMNS FROM `zhx_column` [ RunTime:0.0156s ]
SQL: SHOW COLUMNS FROM `zhx_articletype` [ RunTime:0.1092s ]
NOTIC: [2] Missing argument 3 for Home\Model\ArticleModel::get_article(), called in D:\wamp\www\LSS\1\Application\Home\Controller\ArticleController.class.php on line 31 and defined D:\wamp\www\LSS\1\Application\Home\Model\ArticleModel.class.php 第 31 行.
SQL: SHOW COLUMNS FROM `zhx_article` [ RunTime:0.0312s ]
SQL: SELECT * FROM `zhx_article` WHERE `arid` = 82 LIMIT 1   [ RunTime:0.0000s ]
SQL: SHOW COLUMNS FROM `zhx_articletype` [ RunTime:0.0000s ]
SQL: SELECT `typename` FROM `zhx_articletype` WHERE ( 1=1 AND aid='11' ) LIMIT 1   [ RunTime:0.0000s ]
SQL: SHOW COLUMNS FROM `zhx_article_data` [ RunTime:0.0780s ]
SQL: SELECT `comment_count`,`browse_count` FROM `zhx_article_data` WHERE ( 1=1 AND arid='82' ) LIMIT 1   [ RunTime:0.0000s ]
SQL: SHOW COLUMNS FROM `zhx_comment` [ RunTime:0.0156s ]
SQL: SELECT * FROM `zhx_comment` WHERE `arid` = 82 AND `pcid` = 0 ORDER BY time desc  [ RunTime:0.1404s ]
NOTIC: [8] Undefined index: parent D:\wamp\www\LSS\1\Application\Home\Model\ArticleModel.class.php 第 100 行.
NOTIC: [8] Undefined index: parentid D:\wamp\www\LSS\1\Application\Home\Model\ArticleModel.class.php 第 101 行.
SQL: SELECT * FROM `zhx_comment` WHERE ( pcid =175 ) ORDER BY time desc  [ RunTime:0.0000s ]
NOTIC: [8] Undefined index: parent D:\wamp\www\LSS\1\Application\Home\Model\ArticleModel.class.php 第 100 行.
NOTIC: [8] Undefined index: parentid D:\wamp\www\LSS\1\Application\Home\Model\ArticleModel.class.php 第 101 行.
SQL: SELECT * FROM `zhx_comment` WHERE ( pcid =176 ) ORDER BY time desc  [ RunTime:0.0000s ]
NOTIC: [8] Undefined index: parent D:\wamp\www\LSS\1\Application\Home\Model\ArticleModel.class.php 第 100 行.
NOTIC: [8] Undefined index: parentid D:\wamp\www\LSS\1\Application\Home\Model\ArticleModel.class.php 第 101 行.
SQL: SELECT * FROM `zhx_comment` WHERE ( pcid =174 ) ORDER BY time desc  [ RunTime:0.0156s ]
SQL: SHOW COLUMNS FROM `zhx_column` [ RunTime:0.0000s ]
SQL: SELECT `name`,`href` FROM `zhx_column` WHERE `type` = 1 AND `status` = 1 ORDER BY column_order  [ RunTime:0.0000s ]
SQL: SHOW COLUMNS FROM `zhx_article` [ RunTime:0.0156s ]
SQL: SELECT `arid`,`title` FROM `zhx_article` ORDER BY time LIMIT 6   [ RunTime:0.0000s ]
SQL: SHOW COLUMNS FROM `zhx_articletype` [ RunTime:0.0000s ]
SQL: SELECT `typename`,`aid` FROM `zhx_articletype`  [ RunTime:0.0000s ]
INFO: [ view_parse ] --START--
INFO: [ template_filter ] --START--
INFO: Run Behavior\ContentReplaceBehavior [ RunTime:0.000000s ]
INFO: [ template_filter ] --END-- [ RunTime:0.000000s ]
NOTIC: [8] Array to string conversion D:\wamp\www\LSS\1\Application\Runtime\Cache\Home\7d99a81bc0c5062f04553b059940b477.php 第 268 行.
INFO: Run Behavior\ParseTemplateBehavior [ RunTime:0.436801s ]
INFO: [ view_parse ] --END-- [ RunTime:0.436801s ]
INFO: [ view_filter ] --START--
INFO: Run Behavior\WriteHtmlCacheBehavior [ RunTime:0.031200s ]
INFO: [ view_filter ] --END-- [ RunTime:0.031200s ]
INFO: [ app_end ] --START--
INFO: Run Behavior\ShowPageTraceBehavior [ RunTime:0.015600s ]
INFO: [ app_end ] --END-- [ RunTime:0.015600s ]

[ 2016-01-17T22:17:16+08:00 ] 127.0.0.1 /LSS/1/index.php/Home/Article/article_comment_son_add.html
INFO: [ app_init ] --START--
INFO: Run Behavior\BuildLiteBehavior [ RunTime:0.000000s ]
INFO: [ app_init ] --END-- [ RunTime:0.000000s ]
INFO: [ app_begin ] --START--
INFO: Run Behavior\ReadHtmlCacheBehavior [ RunTime:0.000000s ]
INFO: [ app_begin ] --END-- [ RunTime:0.015600s ]
SQL: SHOW COLUMNS FROM `zhx_article` [ RunTime:0.0000s ]
SQL: SHOW COLUMNS FROM `zhx_column` [ RunTime:0.0156s ]
SQL: SHOW COLUMNS FROM `zhx_articletype` [ RunTime:0.0000s ]
SQL: SHOW COLUMNS FROM `zhx_comment` [ RunTime:0.0156s ]
SQL: INSERT INTO `zhx_comment` (`name`,`email`,`content`,`arid`,`pcid`,`time`,`head_pic`) VALUES ('','','','82','175','1453040236','123') [ RunTime:0.0312s ]
SQL: SELECT `name` FROM `zhx_comment` WHERE `cid` = 175 LIMIT 1   [ RunTime:0.0156s ]

[ 2016-01-17T22:17:18+08:00 ] 127.0.0.1 /LSS/1/index.php/Home/Article/article_detail/arid/82.html
INFO: [ app_init ] --START--
INFO: Run Behavior\BuildLiteBehavior [ RunTime:0.000000s ]
INFO: [ app_init ] --END-- [ RunTime:0.000000s ]
INFO: [ app_begin ] --START--
INFO: Run Behavior\ReadHtmlCacheBehavior [ RunTime:0.000000s ]
INFO: [ app_begin ] --END-- [ RunTime:0.000000s ]
SQL: SHOW COLUMNS FROM `zhx_article` [ RunTime:0.0000s ]
SQL: SHOW COLUMNS FROM `zhx_column` [ RunTime:0.0156s ]
SQL: SHOW COLUMNS FROM `zhx_articletype` [ RunTime:0.0000s ]
NOTIC: [2] Missing argument 3 for Home\Model\ArticleModel::get_article(), called in D:\wamp\www\LSS\1\Application\Home\Controller\ArticleController.class.php on line 31 and defined D:\wamp\www\LSS\1\Application\Home\Model\ArticleModel.class.php 第 31 行.
SQL: SHOW COLUMNS FROM `zhx_article` [ RunTime:0.0156s ]
SQL: SELECT * FROM `zhx_article` WHERE `arid` = 82 LIMIT 1   [ RunTime:0.0000s ]
SQL: SHOW COLUMNS FROM `zhx_articletype` [ RunTime:0.0000s ]
SQL: SELECT `typename` FROM `zhx_articletype` WHERE ( 1=1 AND aid='11' ) LIMIT 1   [ RunTime:0.0156s ]
SQL: SHOW COLUMNS FROM `zhx_article_data` [ RunTime:0.0000s ]
SQL: SELECT `comment_count`,`browse_count` FROM `zhx_article_data` WHERE ( 1=1 AND arid='82' ) LIMIT 1   [ RunTime:0.0000s ]
SQL: SHOW COLUMNS FROM `zhx_comment` [ RunTime:0.0156s ]
SQL: SELECT * FROM `zhx_comment` WHERE `arid` = 82 AND `pcid` = 0 ORDER BY time desc  [ RunTime:0.0000s ]
NOTIC: [8] Undefined index: parent D:\wamp\www\LSS\1\Application\Home\Model\ArticleModel.class.php 第 100 行.
NOTIC: [8] Undefined index: parentid D:\wamp\www\LSS\1\Application\Home\Model\ArticleModel.class.php 第 101 行.
SQL: SELECT * FROM `zhx_comment` WHERE ( pcid =175 ) ORDER BY time desc  [ RunTime:0.0000s ]
SQL: SELECT * FROM `zhx_comment` WHERE ( cid =175 ) LIMIT 1   [ RunTime:0.0000s ]
SQL: SELECT * FROM `zhx_comment` WHERE ( pcid =177 ) ORDER BY time desc  [ RunTime:0.0000s ]
NOTIC: [8] Undefined index: parent D:\wamp\www\LSS\1\Application\Home\Model\ArticleModel.class.php 第 100 行.
NOTIC: [8] Undefined index: parentid D:\wamp\www\LSS\1\Application\Home\Model\ArticleModel.class.php 第 101 行.
SQL: SELECT * FROM `zhx_comment` WHERE ( pcid =176 ) ORDER BY time desc  [ RunTime:0.0000s ]
NOTIC: [8] Undefined index: parent D:\wamp\www\LSS\1\Application\Home\Model\ArticleModel.class.php 第 100 行.
NOTIC: [8] Undefined index: parentid D:\wamp\www\LSS\1\Application\Home\Model\ArticleModel.class.php 第 101 行.
SQL: SELECT * FROM `zhx_comment` WHERE ( pcid =174 ) ORDER BY time desc  [ RunTime:0.0000s ]
SQL: SHOW COLUMNS FROM `zhx_column` [ RunTime:0.0000s ]
SQL: SELECT `name`,`href` FROM `zhx_column` WHERE `type` = 1 AND `status` = 1 ORDER BY column_order  [ RunTime:0.0000s ]
SQL: SHOW COLUMNS FROM `zhx_article` [ RunTime:0.0156s ]
SQL: SELECT `arid`,`title` FROM `zhx_article` ORDER BY time LIMIT 6   [ RunTime:0.0000s ]
SQL: SHOW COLUMNS FROM `zhx_articletype` [ RunTime:0.0000s ]
SQL: SELECT `typename`,`aid` FROM `zhx_articletype`  [ RunTime:0.0000s ]
INFO: [ view_parse ] --START--
INFO: [ template_filter ] --START--
INFO: Run Behavior\ContentReplaceBehavior [ RunTime:0.000000s ]
INFO: [ template_filter ] --END-- [ RunTime:0.000000s ]
NOTIC: [8] Array to string conversion D:\wamp\www\LSS\1\Application\Runtime\Cache\Home\7d99a81bc0c5062f04553b059940b477.php 第 268 行.
INFO: Run Behavior\ParseTemplateBehavior [ RunTime:0.062400s ]
INFO: [ view_parse ] --END-- [ RunTime:0.062400s ]
INFO: [ view_filter ] --START--
INFO: Run Behavior\WriteHtmlCacheBehavior [ RunTime:0.015600s ]
INFO: [ view_filter ] --END-- [ RunTime:0.015600s ]
INFO: [ app_end ] --START--
INFO: Run Behavior\ShowPageTraceBehavior [ RunTime:0.000000s ]
INFO: [ app_end ] --END-- [ RunTime:0.000000s ]

[ 2016-01-17T22:17:27+08:00 ] 127.0.0.1 /LSS/1/index.php/Home/Article/article_detail/arid/82.html
INFO: [ app_init ] --START--
INFO: Run Behavior\BuildLiteBehavior [ RunTime:0.000000s ]
INFO: [ app_init ] --END-- [ RunTime:0.015600s ]
INFO: [ app_begin ] --START--
INFO: Run Behavior\ReadHtmlCacheBehavior [ RunTime:0.000000s ]
INFO: [ app_begin ] --END-- [ RunTime:0.000000s ]
SQL: SHOW COLUMNS FROM `zhx_article` [ RunTime:0.0000s ]
SQL: SHOW COLUMNS FROM `zhx_column` [ RunTime:0.0156s ]
SQL: SHOW COLUMNS FROM `zhx_articletype` [ RunTime:0.0000s ]
NOTIC: [2] Missing argument 3 for Home\Model\ArticleModel::get_article(), called in D:\wamp\www\LSS\1\Application\Home\Controller\ArticleController.class.php on line 31 and defined D:\wamp\www\LSS\1\Application\Home\Model\ArticleModel.class.php 第 31 行.
SQL: SHOW COLUMNS FROM `zhx_article` [ RunTime:0.0156s ]
SQL: SELECT * FROM `zhx_article` WHERE `arid` = 82 LIMIT 1   [ RunTime:0.0000s ]
SQL: SHOW COLUMNS FROM `zhx_articletype` [ RunTime:0.0000s ]
SQL: SELECT `typename` FROM `zhx_articletype` WHERE ( 1=1 AND aid='11' ) LIMIT 1   [ RunTime:0.0000s ]
SQL: SHOW COLUMNS FROM `zhx_article_data` [ RunTime:0.0000s ]
SQL: SELECT `comment_count`,`browse_count` FROM `zhx_article_data` WHERE ( 1=1 AND arid='82' ) LIMIT 1   [ RunTime:0.0000s ]
SQL: SHOW COLUMNS FROM `zhx_comment` [ RunTime:0.0156s ]
SQL: SELECT * FROM `zhx_comment` WHERE `arid` = 82 AND `pcid` = 0 ORDER BY time desc  [ RunTime:0.0000s ]
NOTIC: [8] Undefined index: parent D:\wamp\www\LSS\1\Application\Home\Model\ArticleModel.class.php 第 100 行.
NOTIC: [8] Undefined index: parentid D:\wamp\www\LSS\1\Application\Home\Model\ArticleModel.class.php 第 101 行.
SQL: SELECT * FROM `zhx_comment` WHERE ( pcid =175 ) ORDER BY time desc  [ RunTime:0.0000s ]
SQL: SELECT * FROM `zhx_comment` WHERE ( cid =175 ) LIMIT 1   [ RunTime:0.0000s ]
SQL: SELECT * FROM `zhx_comment` WHERE ( pcid =177 ) ORDER BY time desc  [ RunTime:0.0000s ]
NOTIC: [8] Undefined index: parent D:\wamp\www\LSS\1\Application\Home\Model\ArticleModel.class.php 第 100 行.
NOTIC: [8] Undefined index: parentid D:\wamp\www\LSS\1\Application\Home\Model\ArticleModel.class.php 第 101 行.
SQL: SELECT * FROM `zhx_comment` WHERE ( pcid =176 ) ORDER BY time desc  [ RunTime:0.0000s ]
NOTIC: [8] Undefined index: parent D:\wamp\www\LSS\1\Application\Home\Model\ArticleModel.class.php 第 100 行.
NOTIC: [8] Undefined index: parentid D:\wamp\www\LSS\1\Application\Home\Model\ArticleModel.class.php 第 101 行.
SQL: SELECT * FROM `zhx_comment` WHERE ( pcid =174 ) ORDER BY time desc  [ RunTime:0.0000s ]
SQL: SHOW COLUMNS FROM `zhx_column` [ RunTime:0.0156s ]
SQL: SELECT `name`,`href` FROM `zhx_column` WHERE `type` = 1 AND `status` = 1 ORDER BY column_order  [ RunTime:0.0000s ]
SQL: SHOW COLUMNS FROM `zhx_article` [ RunTime:0.0000s ]
SQL: SELECT `arid`,`title` FROM `zhx_article` ORDER BY time LIMIT 6   [ RunTime:0.0000s ]
SQL: SHOW COLUMNS FROM `zhx_articletype` [ RunTime:0.0000s ]
SQL: SELECT `typename`,`aid` FROM `zhx_articletype`  [ RunTime:0.0000s ]
INFO: [ view_parse ] --START--
INFO: [ template_filter ] --START--
INFO: Run Behavior\ContentReplaceBehavior [ RunTime:0.000000s ]
INFO: [ template_filter ] --END-- [ RunTime:0.000000s ]
NOTIC: [8] Array to string conversion D:\wamp\www\LSS\1\Application\Runtime\Cache\Home\7d99a81bc0c5062f04553b059940b477.php 第 268 行.
INFO: Run Behavior\ParseTemplateBehavior [ RunTime:0.062400s ]
INFO: [ view_parse ] --END-- [ RunTime:0.062400s ]
INFO: [ view_filter ] --START--
INFO: Run Behavior\WriteHtmlCacheBehavior [ RunTime:0.015600s ]
INFO: [ view_filter ] --END-- [ RunTime:0.015600s ]
INFO: [ app_end ] --START--
INFO: Run Behavior\ShowPageTraceBehavior [ RunTime:0.000000s ]
INFO: [ app_end ] --END-- [ RunTime:0.000000s ]

