[ 2016-02-18T20:39:53+08:00 ] 127.0.0.1 /LSS/1/index.php/Home
INFO: [ app_init ] --START--
INFO: Run Behavior\BuildLiteBehavior [ RunTime:0.000000s ]
INFO: [ app_init ] --END-- [ RunTime:0.059003s ]
INFO: [ app_begin ] --START--
INFO: Run Behavior\ReadHtmlCacheBehavior [ RunTime:0.006001s ]
INFO: [ app_begin ] --END-- [ RunTime:0.007001s ]
ERR: 无法加载数据库驱动: Think\Db\Driver\

[ 2016-02-18T20:39:57+08:00 ] 127.0.0.1 /LSS/1/index.php/Home/Index/
INFO: [ app_init ] --START--
INFO: Run Behavior\BuildLiteBehavior [ RunTime:0.000000s ]
INFO: [ app_init ] --END-- [ RunTime:0.002000s ]
INFO: [ app_begin ] --START--
INFO: Run Behavior\ReadHtmlCacheBehavior [ RunTime:0.002000s ]
INFO: [ app_begin ] --END-- [ RunTime:0.002000s ]
ERR: 无法加载数据库驱动: Think\Db\Driver\

[ 2016-02-18T20:40:20+08:00 ] 127.0.0.1 /LSS/1/index.php/Home/Index/
INFO: [ app_init ] --START--
INFO: Run Behavior\BuildLiteBehavior [ RunTime:0.000000s ]
INFO: [ app_init ] --END-- [ RunTime:0.001000s ]
INFO: [ app_begin ] --START--
INFO: Run Behavior\ReadHtmlCacheBehavior [ RunTime:0.001000s ]
INFO: [ app_begin ] --END-- [ RunTime:0.002000s ]
ERR: 无法加载数据库驱动: Think\Db\Driver\

[ 2016-02-18T20:40:21+08:00 ] 127.0.0.1 /LSS/1/index.php/Home/Index/
INFO: [ app_init ] --START--
INFO: Run Behavior\BuildLiteBehavior [ RunTime:0.000000s ]
INFO: [ app_init ] --END-- [ RunTime:0.006000s ]
INFO: [ app_begin ] --START--
INFO: Run Behavior\ReadHtmlCacheBehavior [ RunTime:0.003001s ]
INFO: [ app_begin ] --END-- [ RunTime:0.004001s ]
ERR: 无法加载数据库驱动: Think\Db\Driver\

[ 2016-02-18T20:40:21+08:00 ] 127.0.0.1 /LSS/1/index.php/Home/Index/
INFO: [ app_init ] --START--
INFO: Run Behavior\BuildLiteBehavior [ RunTime:0.000000s ]
INFO: [ app_init ] --END-- [ RunTime:0.000000s ]
INFO: [ app_begin ] --START--
INFO: Run Behavior\ReadHtmlCacheBehavior [ RunTime:0.001000s ]
INFO: [ app_begin ] --END-- [ RunTime:0.002000s ]
ERR: 无法加载数据库驱动: Think\Db\Driver\

[ 2016-02-18T20:40:22+08:00 ] 127.0.0.1 /LSS/1/index.php/Home/Index/
INFO: [ app_init ] --START--
INFO: Run Behavior\BuildLiteBehavior [ RunTime:0.000000s ]
INFO: [ app_init ] --END-- [ RunTime:0.005000s ]
INFO: [ app_begin ] --START--
INFO: Run Behavior\ReadHtmlCacheBehavior [ RunTime:0.000000s ]
INFO: [ app_begin ] --END-- [ RunTime:0.000000s ]
ERR: 无法加载数据库驱动: Think\Db\Driver\

[ 2016-02-18T20:40:22+08:00 ] 127.0.0.1 /LSS/1/index.php/Home/Index/
INFO: [ app_init ] --START--
INFO: Run Behavior\BuildLiteBehavior [ RunTime:0.000000s ]
INFO: [ app_init ] --END-- [ RunTime:0.002000s ]
INFO: [ app_begin ] --START--
INFO: Run Behavior\ReadHtmlCacheBehavior [ RunTime:0.002000s ]
INFO: [ app_begin ] --END-- [ RunTime:0.002000s ]
ERR: 无法加载数据库驱动: Think\Db\Driver\

[ 2016-02-18T20:40:22+08:00 ] 127.0.0.1 /LSS/1/index.php/Home/Index/
INFO: [ app_init ] --START--
INFO: Run Behavior\BuildLiteBehavior [ RunTime:0.000000s ]
INFO: [ app_init ] --END-- [ RunTime:0.004001s ]
INFO: [ app_begin ] --START--
INFO: Run Behavior\ReadHtmlCacheBehavior [ RunTime:0.002000s ]
INFO: [ app_begin ] --END-- [ RunTime:0.002000s ]
ERR: 无法加载数据库驱动: Think\Db\Driver\

[ 2016-02-18T20:40:22+08:00 ] 127.0.0.1 /LSS/1/index.php/Home/Index/
INFO: [ app_init ] --START--
INFO: Run Behavior\BuildLiteBehavior [ RunTime:0.000000s ]
INFO: [ app_init ] --END-- [ RunTime:0.001000s ]
INFO: [ app_begin ] --START--
INFO: Run Behavior\ReadHtmlCacheBehavior [ RunTime:0.001000s ]
INFO: [ app_begin ] --END-- [ RunTime:0.002000s ]
ERR: 无法加载数据库驱动: Think\Db\Driver\

[ 2016-02-18T20:40:22+08:00 ] 127.0.0.1 /LSS/1/index.php/Home/Index/
INFO: [ app_init ] --START--
INFO: Run Behavior\BuildLiteBehavior [ RunTime:0.000000s ]
INFO: [ app_init ] --END-- [ RunTime:0.001000s ]
INFO: [ app_begin ] --START--
INFO: Run Behavior\ReadHtmlCacheBehavior [ RunTime:0.000000s ]
INFO: [ app_begin ] --END-- [ RunTime:0.000000s ]
ERR: 无法加载数据库驱动: Think\Db\Driver\

[ 2016-02-18T20:40:23+08:00 ] 127.0.0.1 /LSS/1/index.php/Home/Index/
INFO: [ app_init ] --START--
INFO: Run Behavior\BuildLiteBehavior [ RunTime:0.000000s ]
INFO: [ app_init ] --END-- [ RunTime:0.001000s ]
INFO: [ app_begin ] --START--
INFO: Run Behavior\ReadHtmlCacheBehavior [ RunTime:0.001000s ]
INFO: [ app_begin ] --END-- [ RunTime:0.002000s ]
ERR: 无法加载数据库驱动: Think\Db\Driver\

[ 2016-02-18T20:40:23+08:00 ] 127.0.0.1 /LSS/1/index.php/Home/Index/
INFO: [ app_init ] --START--
INFO: Run Behavior\BuildLiteBehavior [ RunTime:0.000000s ]
INFO: [ app_init ] --END-- [ RunTime:0.002000s ]
INFO: [ app_begin ] --START--
INFO: Run Behavior\ReadHtmlCacheBehavior [ RunTime:0.002000s ]
INFO: [ app_begin ] --END-- [ RunTime:0.003000s ]
ERR: 无法加载数据库驱动: Think\Db\Driver\

[ 2016-02-18T20:40:23+08:00 ] 127.0.0.1 /LSS/1/index.php/Home/Index/
INFO: [ app_init ] --START--
INFO: Run Behavior\BuildLiteBehavior [ RunTime:0.001000s ]
INFO: [ app_init ] --END-- [ RunTime:0.003000s ]
INFO: [ app_begin ] --START--
INFO: Run Behavior\ReadHtmlCacheBehavior [ RunTime:0.001000s ]
INFO: [ app_begin ] --END-- [ RunTime:0.002000s ]
ERR: 无法加载数据库驱动: Think\Db\Driver\

[ 2016-02-18T20:40:24+08:00 ] 127.0.0.1 /LSS/1/index.php/Home/Index/
INFO: [ app_init ] --START--
INFO: Run Behavior\BuildLiteBehavior [ RunTime:0.000000s ]
INFO: [ app_init ] --END-- [ RunTime:0.001000s ]
INFO: [ app_begin ] --START--
INFO: Run Behavior\ReadHtmlCacheBehavior [ RunTime:0.002000s ]
INFO: [ app_begin ] --END-- [ RunTime:0.002000s ]
ERR: 无法加载数据库驱动: Think\Db\Driver\

[ 2016-02-18T20:40:25+08:00 ] 127.0.0.1 /LSS/1/index.php/Home/Index/
INFO: [ app_init ] --START--
INFO: Run Behavior\BuildLiteBehavior [ RunTime:0.000000s ]
INFO: [ app_init ] --END-- [ RunTime:0.006000s ]
INFO: [ app_begin ] --START--
INFO: Run Behavior\ReadHtmlCacheBehavior [ RunTime:0.001000s ]
INFO: [ app_begin ] --END-- [ RunTime:0.001000s ]
ERR: 无法加载数据库驱动: Think\Db\Driver\

[ 2016-02-18T20:40:25+08:00 ] 127.0.0.1 /LSS/1/index.php/Home/Index/
INFO: [ app_init ] --START--
INFO: Run Behavior\BuildLiteBehavior [ RunTime:0.000000s ]
INFO: [ app_init ] --END-- [ RunTime:0.006000s ]
INFO: [ app_begin ] --START--
INFO: Run Behavior\ReadHtmlCacheBehavior [ RunTime:0.001000s ]
INFO: [ app_begin ] --END-- [ RunTime:0.002001s ]
ERR: 无法加载数据库驱动: Think\Db\Driver\

[ 2016-02-18T20:41:28+08:00 ] 127.0.0.1 /LSS/1/index.php/Home/Index/
INFO: [ app_init ] --START--
INFO: Run Behavior\BuildLiteBehavior [ RunTime:0.000000s ]
INFO: [ app_init ] --END-- [ RunTime:0.000000s ]
INFO: [ app_begin ] --START--
INFO: Run Behavior\ReadHtmlCacheBehavior [ RunTime:0.000000s ]
INFO: [ app_begin ] --END-- [ RunTime:0.000000s ]
SQL: SHOW COLUMNS FROM `zhx_article` [ RunTime:0.8400s ]
SQL: SHOW COLUMNS FROM `zhx_column` [ RunTime:0.1550s ]
SQL: SHOW COLUMNS FROM `zhx_articletype` [ RunTime:0.1220s ]
SQL: SHOW COLUMNS FROM `zhx_column` [ RunTime:0.0100s ]
SQL: SELECT `name`,`href` FROM `zhx_column` WHERE `type` = 1 AND `status` = 1 ORDER BY column_order  [ RunTime:0.1250s ]
SQL: SHOW COLUMNS FROM `zhx_article` [ RunTime:0.0050s ]
SQL: SELECT `arid`,`title` FROM `zhx_article` WHERE ( status = 1 ) ORDER BY time LIMIT 6   [ RunTime:0.0050s ]
SQL: SHOW COLUMNS FROM `zhx_articletype` [ RunTime:0.0050s ]
SQL: SELECT * FROM `zhx_articletype`  [ RunTime:0.0050s ]
SQL: SHOW COLUMNS FROM `zhx_article` [ RunTime:0.0100s ]
SQL: SELECT `content`,`title`,`arid` FROM `zhx_article` WHERE ( 1=1 AND aid='1' )  [ RunTime:0.1120s ]
SQL: SELECT `content`,`title`,`arid` FROM `zhx_article` WHERE ( 1=1 AND aid='2' )  [ RunTime:0.0050s ]
SQL: SELECT `content`,`title`,`arid` FROM `zhx_article` WHERE ( 1=1 AND aid='3' )  [ RunTime:0.0000s ]
SQL: SELECT `content`,`title`,`arid` FROM `zhx_article` WHERE ( 1=1 AND aid='4' )  [ RunTime:0.0000s ]
SQL: SELECT `content`,`title`,`arid` FROM `zhx_article` WHERE ( 1=1 AND aid='5' )  [ RunTime:0.0050s ]
SQL: SELECT `content`,`title`,`arid` FROM `zhx_article` WHERE ( 1=1 AND aid='6' )  [ RunTime:0.0000s ]
SQL: SELECT `content`,`title`,`arid` FROM `zhx_article` WHERE ( 1=1 AND aid='7' )  [ RunTime:0.0000s ]
SQL: SELECT `content`,`title`,`arid` FROM `zhx_article` WHERE ( 1=1 AND aid='8' )  [ RunTime:0.0000s ]
SQL: SELECT `content`,`title`,`arid` FROM `zhx_article` WHERE ( 1=1 AND aid='9' )  [ RunTime:0.0000s ]
SQL: SELECT `content`,`title`,`arid` FROM `zhx_article` WHERE ( 1=1 AND aid='10' )  [ RunTime:0.0050s ]
SQL: SELECT `content`,`title`,`arid` FROM `zhx_article` WHERE ( 1=1 AND aid='11' )  [ RunTime:0.0050s ]
SQL: SELECT `content`,`title`,`arid` FROM `zhx_article` WHERE ( 1=1 AND aid='12' )  [ RunTime:0.0050s ]
SQL: SELECT `content`,`title`,`arid` FROM `zhx_article` WHERE ( 1=1 AND aid='13' )  [ RunTime:0.0000s ]
SQL: SELECT `content`,`title`,`arid` FROM `zhx_article` WHERE ( 1=1 AND aid='14' )  [ RunTime:0.0000s ]
SQL: SELECT `content`,`title`,`arid` FROM `zhx_article` WHERE ( 1=1 AND aid='15' )  [ RunTime:0.0000s ]
SQL: SHOW COLUMNS FROM `zhx_article` [ RunTime:0.0190s ]
SQL: SELECT COUNT(*) AS tp_count FROM `zhx_article` WHERE `status` = 1 LIMIT 1   [ RunTime:0.0260s ]
SQL: SELECT * FROM `zhx_article` WHERE `status` = 1 ORDER BY time desc LIMIT 0,5   [ RunTime:0.0150s ]
SQL: SHOW COLUMNS FROM `zhx_articletype` [ RunTime:0.0100s ]
SQL: SELECT `typename` FROM `zhx_articletype` WHERE ( 1=1 AND aid='1' ) LIMIT 1   [ RunTime:0.0050s ]
SQL: SHOW COLUMNS FROM `zhx_article_data` [ RunTime:0.1400s ]
SQL: SELECT `comment_count`,`browse_count` FROM `zhx_article_data` WHERE ( 1=1 AND arid='73' ) LIMIT 1   [ RunTime:0.0000s ]
SQL: SHOW COLUMNS FROM `zhx_articlepic` [ RunTime:0.1250s ]
SQL: SELECT `path` FROM `zhx_articlepic` WHERE ( 1=1 AND arid='73' ) LIMIT 1   [ RunTime:0.0050s ]
SQL: SELECT `typename` FROM `zhx_articletype` WHERE ( 1=1 AND aid='0' ) LIMIT 1   [ RunTime:0.0050s ]
SQL: SELECT `comment_count`,`browse_count` FROM `zhx_article_data` WHERE ( 1=1 AND arid='118' ) LIMIT 1   [ RunTime:0.0000s ]
SQL: SELECT `path` FROM `zhx_articlepic` WHERE ( 1=1 AND arid='118' ) LIMIT 1   [ RunTime:0.0000s ]
SQL: SELECT `typename` FROM `zhx_articletype` WHERE ( 1=1 AND aid='2' ) LIMIT 1   [ RunTime:0.0000s ]
SQL: SELECT `comment_count`,`browse_count` FROM `zhx_article_data` WHERE ( 1=1 AND arid='119' ) LIMIT 1   [ RunTime:0.0000s ]
SQL: SELECT `path` FROM `zhx_articlepic` WHERE ( 1=1 AND arid='119' ) LIMIT 1   [ RunTime:0.0050s ]
SQL: SELECT `typename` FROM `zhx_articletype` WHERE ( 1=1 AND aid='0' ) LIMIT 1   [ RunTime:0.0000s ]
SQL: SELECT `comment_count`,`browse_count` FROM `zhx_article_data` WHERE ( 1=1 AND arid='117' ) LIMIT 1   [ RunTime:0.0000s ]
SQL: SELECT `path` FROM `zhx_articlepic` WHERE ( 1=1 AND arid='117' ) LIMIT 1   [ RunTime:0.0000s ]
SQL: SELECT `typename` FROM `zhx_articletype` WHERE ( 1=1 AND aid='0' ) LIMIT 1   [ RunTime:0.0000s ]
SQL: SELECT `comment_count`,`browse_count` FROM `zhx_article_data` WHERE ( 1=1 AND arid='116' ) LIMIT 1   [ RunTime:0.0050s ]
SQL: SELECT `path` FROM `zhx_articlepic` WHERE ( 1=1 AND arid='116' ) LIMIT 1   [ RunTime:0.0000s ]
INFO: [ view_parse ] --START--
INFO: [ template_filter ] --START--
INFO: Run Behavior\ContentReplaceBehavior [ RunTime:0.000000s ]
INFO: [ template_filter ] --END-- [ RunTime:0.000000s ]
INFO: Run Behavior\ParseTemplateBehavior [ RunTime:0.295000s ]
INFO: [ view_parse ] --END-- [ RunTime:0.295000s ]
INFO: [ view_filter ] --START--
INFO: Run Behavior\WriteHtmlCacheBehavior [ RunTime:0.025000s ]
INFO: [ view_filter ] --END-- [ RunTime:0.025000s ]
INFO: [ app_end ] --START--
INFO: Run Behavior\ShowPageTraceBehavior [ RunTime:0.020000s ]
INFO: [ app_end ] --END-- [ RunTime:0.020000s ]

[ 2016-02-18T20:41:31+08:00 ] 127.0.0.1 /LSS/1/index.php/Home/Index/article
INFO: [ app_init ] --START--
INFO: Run Behavior\BuildLiteBehavior [ RunTime:0.000000s ]
INFO: [ app_init ] --END-- [ RunTime:0.001000s ]
INFO: [ app_begin ] --START--
INFO: Run Behavior\ReadHtmlCacheBehavior [ RunTime:0.001000s ]
INFO: [ app_begin ] --END-- [ RunTime:0.002001s ]
SQL: SHOW COLUMNS FROM `zhx_article` [ RunTime:0.0100s ]
SQL: SHOW COLUMNS FROM `zhx_column` [ RunTime:0.0170s ]
SQL: SHOW COLUMNS FROM `zhx_articletype` [ RunTime:0.0200s ]
SQL: SHOW COLUMNS FROM `zhx_column` [ RunTime:0.0130s ]
SQL: SELECT `name`,`href` FROM `zhx_column` WHERE `type` = 1 AND `status` = 1 ORDER BY column_order  [ RunTime:0.0050s ]
SQL: SHOW COLUMNS FROM `zhx_article` [ RunTime:0.0110s ]
SQL: SELECT `arid`,`title` FROM `zhx_article` WHERE ( status = 1 ) ORDER BY time LIMIT 6   [ RunTime:0.0060s ]
SQL: SHOW COLUMNS FROM `zhx_articletype` [ RunTime:0.0150s ]
SQL: SELECT * FROM `zhx_articletype`  [ RunTime:0.0070s ]
SQL: SHOW COLUMNS FROM `zhx_article` [ RunTime:0.0100s ]
SQL: SELECT `content`,`title`,`arid` FROM `zhx_article` WHERE ( 1=1 AND aid='1' )  [ RunTime:0.0070s ]
SQL: SELECT `content`,`title`,`arid` FROM `zhx_article` WHERE ( 1=1 AND aid='2' )  [ RunTime:0.0000s ]
SQL: SELECT `content`,`title`,`arid` FROM `zhx_article` WHERE ( 1=1 AND aid='3' )  [ RunTime:0.0040s ]
SQL: SELECT `content`,`title`,`arid` FROM `zhx_article` WHERE ( 1=1 AND aid='4' )  [ RunTime:0.0000s ]
SQL: SELECT `content`,`title`,`arid` FROM `zhx_article` WHERE ( 1=1 AND aid='5' )  [ RunTime:0.0010s ]
SQL: SELECT `content`,`title`,`arid` FROM `zhx_article` WHERE ( 1=1 AND aid='6' )  [ RunTime:0.0020s ]
SQL: SELECT `content`,`title`,`arid` FROM `zhx_article` WHERE ( 1=1 AND aid='7' )  [ RunTime:0.0000s ]
SQL: SELECT `content`,`title`,`arid` FROM `zhx_article` WHERE ( 1=1 AND aid='8' )  [ RunTime:0.0010s ]
SQL: SELECT `content`,`title`,`arid` FROM `zhx_article` WHERE ( 1=1 AND aid='9' )  [ RunTime:0.0020s ]
SQL: SELECT `content`,`title`,`arid` FROM `zhx_article` WHERE ( 1=1 AND aid='10' )  [ RunTime:0.0010s ]
SQL: SELECT `content`,`title`,`arid` FROM `zhx_article` WHERE ( 1=1 AND aid='11' )  [ RunTime:0.0010s ]
SQL: SELECT `content`,`title`,`arid` FROM `zhx_article` WHERE ( 1=1 AND aid='12' )  [ RunTime:0.0000s ]
SQL: SELECT `content`,`title`,`arid` FROM `zhx_article` WHERE ( 1=1 AND aid='13' )  [ RunTime:0.0010s ]
SQL: SELECT `content`,`title`,`arid` FROM `zhx_article` WHERE ( 1=1 AND aid='14' )  [ RunTime:0.0020s ]
SQL: SELECT `content`,`title`,`arid` FROM `zhx_article` WHERE ( 1=1 AND aid='15' )  [ RunTime:0.0010s ]
INFO: [ app_end ] --START--
INFO: Run Behavior\ShowPageTraceBehavior [ RunTime:0.003000s ]
INFO: [ app_end ] --END-- [ RunTime:0.003000s ]

[ 2016-02-18T20:41:48+08:00 ] 127.0.0.1 /LSS/1/index.php/Home/Index/article
INFO: [ app_init ] --START--
INFO: Run Behavior\BuildLiteBehavior [ RunTime:0.000000s ]
INFO: [ app_init ] --END-- [ RunTime:0.002000s ]
INFO: [ app_begin ] --START--
INFO: Run Behavior\ReadHtmlCacheBehavior [ RunTime:0.001000s ]
INFO: [ app_begin ] --END-- [ RunTime:0.002000s ]
SQL: SHOW COLUMNS FROM `zhx_article` [ RunTime:0.0110s ]
SQL: SHOW COLUMNS FROM `zhx_column` [ RunTime:0.0080s ]
SQL: SHOW COLUMNS FROM `zhx_articletype` [ RunTime:0.0130s ]
SQL: SHOW COLUMNS FROM `zhx_column` [ RunTime:0.0080s ]
SQL: SELECT `name`,`href` FROM `zhx_column` WHERE `type` = 1 AND `status` = 1 ORDER BY column_order  [ RunTime:0.0040s ]
SQL: SHOW COLUMNS FROM `zhx_article` [ RunTime:0.0100s ]
SQL: SELECT `arid`,`title` FROM `zhx_article` WHERE ( status = 1 ) ORDER BY time LIMIT 6   [ RunTime:0.0010s ]
SQL: SHOW COLUMNS FROM `zhx_articletype` [ RunTime:0.0070s ]
SQL: SELECT * FROM `zhx_articletype`  [ RunTime:0.0060s ]
SQL: SHOW COLUMNS FROM `zhx_article` [ RunTime:0.0090s ]
SQL: SELECT `content`,`title`,`arid` FROM `zhx_article` WHERE ( 1=1 AND aid='1' )  [ RunTime:0.0020s ]
SQL: SELECT `content`,`title`,`arid` FROM `zhx_article` WHERE ( 1=1 AND aid='2' )  [ RunTime:0.0010s ]
SQL: SELECT `content`,`title`,`arid` FROM `zhx_article` WHERE ( 1=1 AND aid='3' )  [ RunTime:0.0010s ]
SQL: SELECT `content`,`title`,`arid` FROM `zhx_article` WHERE ( 1=1 AND aid='4' )  [ RunTime:0.0000s ]
SQL: SELECT `content`,`title`,`arid` FROM `zhx_article` WHERE ( 1=1 AND aid='5' )  [ RunTime:0.0000s ]
SQL: SELECT `content`,`title`,`arid` FROM `zhx_article` WHERE ( 1=1 AND aid='6' )  [ RunTime:0.0010s ]
SQL: SELECT `content`,`title`,`arid` FROM `zhx_article` WHERE ( 1=1 AND aid='7' )  [ RunTime:0.0000s ]
SQL: SELECT `content`,`title`,`arid` FROM `zhx_article` WHERE ( 1=1 AND aid='8' )  [ RunTime:0.0010s ]
SQL: SELECT `content`,`title`,`arid` FROM `zhx_article` WHERE ( 1=1 AND aid='9' )  [ RunTime:0.0000s ]
SQL: SELECT `content`,`title`,`arid` FROM `zhx_article` WHERE ( 1=1 AND aid='10' )  [ RunTime:0.0010s ]
SQL: SELECT `content`,`title`,`arid` FROM `zhx_article` WHERE ( 1=1 AND aid='11' )  [ RunTime:0.0010s ]
SQL: SELECT `content`,`title`,`arid` FROM `zhx_article` WHERE ( 1=1 AND aid='12' )  [ RunTime:0.0010s ]
SQL: SELECT `content`,`title`,`arid` FROM `zhx_article` WHERE ( 1=1 AND aid='13' )  [ RunTime:0.0010s ]
SQL: SELECT `content`,`title`,`arid` FROM `zhx_article` WHERE ( 1=1 AND aid='14' )  [ RunTime:0.0010s ]
SQL: SELECT `content`,`title`,`arid` FROM `zhx_article` WHERE ( 1=1 AND aid='15' )  [ RunTime:0.0010s ]
INFO: [ app_end ] --START--
INFO: Run Behavior\ShowPageTraceBehavior [ RunTime:0.002000s ]
INFO: [ app_end ] --END-- [ RunTime:0.002000s ]

[ 2016-02-18T20:41:49+08:00 ] 127.0.0.1 /LSS/1/index.php/Home/Index/article
INFO: [ app_init ] --START--
INFO: Run Behavior\BuildLiteBehavior [ RunTime:0.000000s ]
INFO: [ app_init ] --END-- [ RunTime:0.002000s ]
INFO: [ app_begin ] --START--
INFO: Run Behavior\ReadHtmlCacheBehavior [ RunTime:0.001000s ]
INFO: [ app_begin ] --END-- [ RunTime:0.002000s ]
SQL: SHOW COLUMNS FROM `zhx_article` [ RunTime:0.0100s ]
SQL: SHOW COLUMNS FROM `zhx_column` [ RunTime:0.0160s ]
SQL: SHOW COLUMNS FROM `zhx_articletype` [ RunTime:0.0220s ]
SQL: SHOW COLUMNS FROM `zhx_column` [ RunTime:0.0110s ]
SQL: SELECT `name`,`href` FROM `zhx_column` WHERE `type` = 1 AND `status` = 1 ORDER BY column_order  [ RunTime:0.0060s ]
SQL: SHOW COLUMNS FROM `zhx_article` [ RunTime:0.0100s ]
SQL: SELECT `arid`,`title` FROM `zhx_article` WHERE ( status = 1 ) ORDER BY time LIMIT 6   [ RunTime:0.0090s ]
SQL: SHOW COLUMNS FROM `zhx_articletype` [ RunTime:0.0120s ]
SQL: SELECT * FROM `zhx_articletype`  [ RunTime:0.0090s ]
SQL: SHOW COLUMNS FROM `zhx_article` [ RunTime:0.0120s ]
SQL: SELECT `content`,`title`,`arid` FROM `zhx_article` WHERE ( 1=1 AND aid='1' )  [ RunTime:0.0050s ]
SQL: SELECT `content`,`title`,`arid` FROM `zhx_article` WHERE ( 1=1 AND aid='2' )  [ RunTime:0.0020s ]
SQL: SELECT `content`,`title`,`arid` FROM `zhx_article` WHERE ( 1=1 AND aid='3' )  [ RunTime:0.0010s ]
SQL: SELECT `content`,`title`,`arid` FROM `zhx_article` WHERE ( 1=1 AND aid='4' )  [ RunTime:0.0010s ]
SQL: SELECT `content`,`title`,`arid` FROM `zhx_article` WHERE ( 1=1 AND aid='5' )  [ RunTime:0.0000s ]
SQL: SELECT `content`,`title`,`arid` FROM `zhx_article` WHERE ( 1=1 AND aid='6' )  [ RunTime:0.0010s ]
SQL: SELECT `content`,`title`,`arid` FROM `zhx_article` WHERE ( 1=1 AND aid='7' )  [ RunTime:0.0010s ]
SQL: SELECT `content`,`title`,`arid` FROM `zhx_article` WHERE ( 1=1 AND aid='8' )  [ RunTime:0.0010s ]
SQL: SELECT `content`,`title`,`arid` FROM `zhx_article` WHERE ( 1=1 AND aid='9' )  [ RunTime:0.0020s ]
SQL: SELECT `content`,`title`,`arid` FROM `zhx_article` WHERE ( 1=1 AND aid='10' )  [ RunTime:0.0010s ]
SQL: SELECT `content`,`title`,`arid` FROM `zhx_article` WHERE ( 1=1 AND aid='11' )  [ RunTime:0.0020s ]
SQL: SELECT `content`,`title`,`arid` FROM `zhx_article` WHERE ( 1=1 AND aid='12' )  [ RunTime:0.0020s ]
SQL: SELECT `content`,`title`,`arid` FROM `zhx_article` WHERE ( 1=1 AND aid='13' )  [ RunTime:0.0010s ]
SQL: SELECT `content`,`title`,`arid` FROM `zhx_article` WHERE ( 1=1 AND aid='14' )  [ RunTime:0.0010s ]
SQL: SELECT `content`,`title`,`arid` FROM `zhx_article` WHERE ( 1=1 AND aid='15' )  [ RunTime:0.0010s ]
INFO: [ app_end ] --START--
INFO: Run Behavior\ShowPageTraceBehavior [ RunTime:0.002000s ]
INFO: [ app_end ] --END-- [ RunTime:0.002000s ]

[ 2016-02-18T20:42:01+08:00 ] 127.0.0.1 /LSS/1/index.php/Home/Index/article/aid/1.html
INFO: [ app_init ] --START--
INFO: Run Behavior\BuildLiteBehavior [ RunTime:0.000000s ]
INFO: [ app_init ] --END-- [ RunTime:0.001000s ]
INFO: [ app_begin ] --START--
INFO: Run Behavior\ReadHtmlCacheBehavior [ RunTime:0.003000s ]
INFO: [ app_begin ] --END-- [ RunTime:0.003000s ]
SQL: SHOW COLUMNS FROM `zhx_article` [ RunTime:0.0090s ]
SQL: SHOW COLUMNS FROM `zhx_column` [ RunTime:0.0130s ]
SQL: SHOW COLUMNS FROM `zhx_articletype` [ RunTime:0.0110s ]
SQL: SHOW COLUMNS FROM `zhx_column` [ RunTime:0.0110s ]
SQL: SELECT `name`,`href` FROM `zhx_column` WHERE `type` = 1 AND `status` = 1 ORDER BY column_order  [ RunTime:0.0090s ]
SQL: SHOW COLUMNS FROM `zhx_article` [ RunTime:0.0080s ]
SQL: SELECT `arid`,`title` FROM `zhx_article` WHERE ( status = 1 ) ORDER BY time LIMIT 6   [ RunTime:0.0020s ]
SQL: SHOW COLUMNS FROM `zhx_articletype` [ RunTime:0.0070s ]
SQL: SELECT * FROM `zhx_articletype`  [ RunTime:0.0030s ]
SQL: SHOW COLUMNS FROM `zhx_article` [ RunTime:0.0120s ]
SQL: SELECT `content`,`title`,`arid` FROM `zhx_article` WHERE ( 1=1 AND aid='1' )  [ RunTime:0.0030s ]
SQL: SELECT `content`,`title`,`arid` FROM `zhx_article` WHERE ( 1=1 AND aid='2' )  [ RunTime:0.0010s ]
SQL: SELECT `content`,`title`,`arid` FROM `zhx_article` WHERE ( 1=1 AND aid='3' )  [ RunTime:0.0010s ]
SQL: SELECT `content`,`title`,`arid` FROM `zhx_article` WHERE ( 1=1 AND aid='4' )  [ RunTime:0.0000s ]
SQL: SELECT `content`,`title`,`arid` FROM `zhx_article` WHERE ( 1=1 AND aid='5' )  [ RunTime:0.0000s ]
SQL: SELECT `content`,`title`,`arid` FROM `zhx_article` WHERE ( 1=1 AND aid='6' )  [ RunTime:0.0020s ]
SQL: SELECT `content`,`title`,`arid` FROM `zhx_article` WHERE ( 1=1 AND aid='7' )  [ RunTime:0.0010s ]
SQL: SELECT `content`,`title`,`arid` FROM `zhx_article` WHERE ( 1=1 AND aid='8' )  [ RunTime:0.0010s ]
SQL: SELECT `content`,`title`,`arid` FROM `zhx_article` WHERE ( 1=1 AND aid='9' )  [ RunTime:0.0010s ]
SQL: SELECT `content`,`title`,`arid` FROM `zhx_article` WHERE ( 1=1 AND aid='10' )  [ RunTime:0.0000s ]
SQL: SELECT `content`,`title`,`arid` FROM `zhx_article` WHERE ( 1=1 AND aid='11' )  [ RunTime:0.0010s ]
SQL: SELECT `content`,`title`,`arid` FROM `zhx_article` WHERE ( 1=1 AND aid='12' )  [ RunTime:0.0010s ]
SQL: SELECT `content`,`title`,`arid` FROM `zhx_article` WHERE ( 1=1 AND aid='13' )  [ RunTime:0.0020s ]
SQL: SELECT `content`,`title`,`arid` FROM `zhx_article` WHERE ( 1=1 AND aid='14' )  [ RunTime:0.0000s ]
SQL: SELECT `content`,`title`,`arid` FROM `zhx_article` WHERE ( 1=1 AND aid='15' )  [ RunTime:0.0000s ]
INFO: [ app_end ] --START--
INFO: Run Behavior\ShowPageTraceBehavior [ RunTime:0.002000s ]
INFO: [ app_end ] --END-- [ RunTime:0.002000s ]

