[ 2016-06-01T16:16:56+08:00 ] ::1 /zhxjmdc/1/index.php/Home/Article/article_detail?arid=46
INFO: [ app_init ] --START--
INFO: Run Behavior\BuildLiteBehavior [ RunTime:0.000127s ]
INFO: [ app_init ] --END-- [ RunTime:0.001064s ]
INFO: [ app_begin ] --START--
INFO: Run Behavior\ReadHtmlCacheBehavior [ RunTime:0.000673s ]
INFO: [ app_begin ] --END-- [ RunTime:0.001092s ]
SQL: SHOW COLUMNS FROM `zhx_article` [ RunTime:0.0007s ]
SQL: SHOW COLUMNS FROM `zhx_column` [ RunTime:0.0015s ]
SQL: SHOW COLUMNS FROM `zhx_articletype` [ RunTime:0.0006s ]
SQL: SHOW COLUMNS FROM `zhx_article_data` [ RunTime:0.0004s ]
SQL: UPDATE `zhx_article_data` SET `browse_count`=browse_count+1 WHERE `arid` = 46 [ RunTime:0.0018s ]
NOTIC: [2] Missing argument 3 for Home\Model\ArticleModel::get_article(), called in /Users/zhangxiang/PhpstormProjects/zhxjmdc/1/Application/Home/Controller/ArticleController.class.php on line 39 and defined /Users/zhangxiang/PhpstormProjects/zhxjmdc/1/Application/Home/Model/ArticleModel.class.php 第 38 行.
SQL: SHOW COLUMNS FROM `zhx_article` [ RunTime:0.0008s ]
SQL: SELECT * FROM `zhx_article` WHERE `arid` = 46 LIMIT 1   [ RunTime:0.0004s ]
SQL: SHOW COLUMNS FROM `zhx_articletype` [ RunTime:0.0005s ]
SQL: SELECT `typename` FROM `zhx_articletype` WHERE ( 1=1 AND aid='14' ) LIMIT 1   [ RunTime:0.0002s ]
SQL: SHOW COLUMNS FROM `zhx_article_data` [ RunTime:0.0004s ]
SQL: SELECT `comment_count`,`browse_count` FROM `zhx_article_data` WHERE ( 1=1 AND arid='46' ) LIMIT 1   [ RunTime:0.0004s ]
SQL: SHOW COLUMNS FROM `zhx_articlepic` [ RunTime:0.0011s ]
SQL: SELECT `path` FROM `zhx_articlepic` WHERE ( 1=1 AND arid='46' ) LIMIT 1   [ RunTime:0.0003s ]
SQL: SHOW COLUMNS FROM `zhx_comment` [ RunTime:0.0012s ]
SQL: SELECT * FROM `zhx_comment` WHERE `arid` = 46 AND `pcid` = 0 ORDER BY time desc  [ RunTime:0.0004s ]
SQL: SHOW COLUMNS FROM `zhx_column` [ RunTime:0.0007s ]
SQL: SELECT `name`,`href` FROM `zhx_column` WHERE `type` = 1 AND `status` = 1 ORDER BY column_order  [ RunTime:0.0005s ]
SQL: SHOW COLUMNS FROM `zhx_article` [ RunTime:0.0004s ]
SQL: SELECT `arid`,`title` FROM `zhx_article` WHERE ( status = 1 ) ORDER BY time LIMIT 6   [ RunTime:0.0004s ]
SQL: SHOW COLUMNS FROM `zhx_articletype` [ RunTime:0.0005s ]
SQL: SELECT * FROM `zhx_articletype`  [ RunTime:0.0003s ]
SQL: SHOW COLUMNS FROM `zhx_article` [ RunTime:0.0004s ]
SQL: SELECT `content`,`title`,`arid`,`time`,`describe`,`status` FROM `zhx_article` WHERE ( status = 1 AND aid='1' )  [ RunTime:0.0004s ]
SQL: SELECT `content`,`title`,`arid`,`time`,`describe`,`status` FROM `zhx_article` WHERE ( status = 1 AND aid='2' )  [ RunTime:0.0003s ]
SQL: SELECT `content`,`title`,`arid`,`time`,`describe`,`status` FROM `zhx_article` WHERE ( status = 1 AND aid='3' )  [ RunTime:0.0005s ]
SQL: SELECT `content`,`title`,`arid`,`time`,`describe`,`status` FROM `zhx_article` WHERE ( status = 1 AND aid='4' )  [ RunTime:0.0003s ]
SQL: SELECT `content`,`title`,`arid`,`time`,`describe`,`status` FROM `zhx_article` WHERE ( status = 1 AND aid='5' )  [ RunTime:0.0005s ]
SQL: SELECT `content`,`title`,`arid`,`time`,`describe`,`status` FROM `zhx_article` WHERE ( status = 1 AND aid='6' )  [ RunTime:0.0004s ]
SQL: SELECT `content`,`title`,`arid`,`time`,`describe`,`status` FROM `zhx_article` WHERE ( status = 1 AND aid='7' )  [ RunTime:0.0004s ]
SQL: SELECT `content`,`title`,`arid`,`time`,`describe`,`status` FROM `zhx_article` WHERE ( status = 1 AND aid='8' )  [ RunTime:0.0004s ]
SQL: SELECT `content`,`title`,`arid`,`time`,`describe`,`status` FROM `zhx_article` WHERE ( status = 1 AND aid='9' )  [ RunTime:0.0004s ]
SQL: SELECT `content`,`title`,`arid`,`time`,`describe`,`status` FROM `zhx_article` WHERE ( status = 1 AND aid='10' )  [ RunTime:0.0003s ]
SQL: SELECT `content`,`title`,`arid`,`time`,`describe`,`status` FROM `zhx_article` WHERE ( status = 1 AND aid='11' )  [ RunTime:0.0004s ]
SQL: SELECT `content`,`title`,`arid`,`time`,`describe`,`status` FROM `zhx_article` WHERE ( status = 1 AND aid='12' )  [ RunTime:0.0003s ]
SQL: SELECT `content`,`title`,`arid`,`time`,`describe`,`status` FROM `zhx_article` WHERE ( status = 1 AND aid='13' )  [ RunTime:0.0005s ]
SQL: SELECT `content`,`title`,`arid`,`time`,`describe`,`status` FROM `zhx_article` WHERE ( status = 1 AND aid='14' )  [ RunTime:0.0003s ]
SQL: SELECT `content`,`title`,`arid`,`time`,`describe`,`status` FROM `zhx_article` WHERE ( status = 1 AND aid='15' )  [ RunTime:0.0004s ]
SQL: SELECT `content`,`title`,`arid`,`time`,`describe`,`status` FROM `zhx_article` WHERE ( status = 1 AND aid='16' )  [ RunTime:0.0004s ]
SQL: SELECT `content`,`title`,`arid`,`time`,`describe`,`status` FROM `zhx_article` WHERE ( status = 1 AND aid='17' )  [ RunTime:0.0003s ]
SQL: SELECT COUNT(*) AS tp_count FROM `zhx_article` WHERE `status` = 1 LIMIT 1   [ RunTime:0.0003s ]
INFO: [ view_parse ] --START--
INFO: [ template_filter ] --START--
INFO: Run Behavior\ContentReplaceBehavior [ RunTime:0.000299s ]
INFO: [ template_filter ] --END-- [ RunTime:0.000695s ]
INFO: Run Behavior\ParseTemplateBehavior [ RunTime:0.060649s ]
INFO: [ view_parse ] --END-- [ RunTime:0.061125s ]
INFO: [ view_filter ] --START--
INFO: Run Behavior\WriteHtmlCacheBehavior [ RunTime:0.000513s ]
INFO: [ view_filter ] --END-- [ RunTime:0.000977s ]
INFO: [ app_end ] --START--
INFO: Run Behavior\ShowPageTraceBehavior [ RunTime:0.000793s ]
INFO: [ app_end ] --END-- [ RunTime:0.001200s ]

[ 2016-06-01T20:59:38+08:00 ] ::1 /zhxjmdc/1/index.php/Home/Article/article_detail?arid=46
INFO: [ app_init ] --START--
INFO: Run Behavior\BuildLiteBehavior [ RunTime:0.000089s ]
INFO: [ app_init ] --END-- [ RunTime:0.001253s ]
INFO: [ app_begin ] --START--
INFO: Run Behavior\ReadHtmlCacheBehavior [ RunTime:0.001390s ]
INFO: [ app_begin ] --END-- [ RunTime:0.001757s ]
SQL: SHOW COLUMNS FROM `zhx_article` [ RunTime:0.0030s ]
SQL: SHOW COLUMNS FROM `zhx_column` [ RunTime:0.0016s ]
SQL: SHOW COLUMNS FROM `zhx_articletype` [ RunTime:0.0013s ]
NOTIC: [2] Missing argument 3 for Home\Model\ArticleModel::get_article(), called in /Users/zhangxiang/PhpstormProjects/zhxjmdc/1/Application/Home/Controller/ArticleController.class.php on line 39 and defined /Users/zhangxiang/PhpstormProjects/zhxjmdc/1/Application/Home/Model/ArticleModel.class.php 第 38 行.
SQL: SHOW COLUMNS FROM `zhx_article` [ RunTime:0.0006s ]
SQL: SELECT * FROM `zhx_article` WHERE `arid` = 46 LIMIT 1   [ RunTime:0.0006s ]
SQL: SHOW COLUMNS FROM `zhx_articletype` [ RunTime:0.0006s ]
SQL: SELECT `typename` FROM `zhx_articletype` WHERE ( 1=1 AND aid='14' ) LIMIT 1   [ RunTime:0.0004s ]
SQL: SHOW COLUMNS FROM `zhx_article_data` [ RunTime:0.0006s ]
SQL: SELECT `comment_count`,`browse_count` FROM `zhx_article_data` WHERE ( 1=1 AND arid='46' ) LIMIT 1   [ RunTime:0.0003s ]
SQL: SHOW COLUMNS FROM `zhx_articlepic` [ RunTime:0.0011s ]
SQL: SELECT `path` FROM `zhx_articlepic` WHERE ( 1=1 AND arid='46' ) LIMIT 1   [ RunTime:0.0005s ]
SQL: SHOW COLUMNS FROM `zhx_comment` [ RunTime:0.0007s ]
SQL: SELECT * FROM `zhx_comment` WHERE `arid` = 46 AND `pcid` = 0 ORDER BY time desc  [ RunTime:0.0003s ]
SQL: SHOW COLUMNS FROM `zhx_column` [ RunTime:0.0004s ]
SQL: SELECT `name`,`href` FROM `zhx_column` WHERE `type` = 1 AND `status` = 1 ORDER BY column_order  [ RunTime:0.0006s ]
SQL: SHOW COLUMNS FROM `zhx_article` [ RunTime:0.0015s ]
SQL: SELECT `arid`,`title` FROM `zhx_article` WHERE ( status = 1 ) ORDER BY time LIMIT 6   [ RunTime:0.0006s ]
SQL: SHOW COLUMNS FROM `zhx_articletype` [ RunTime:0.0004s ]
SQL: SELECT * FROM `zhx_articletype`  [ RunTime:0.0004s ]
SQL: SHOW COLUMNS FROM `zhx_article` [ RunTime:0.0006s ]
SQL: SELECT `content`,`title`,`arid`,`time`,`describe`,`status` FROM `zhx_article` WHERE ( status = 1 AND aid='1' )  [ RunTime:0.0008s ]
SQL: SELECT `content`,`title`,`arid`,`time`,`describe`,`status` FROM `zhx_article` WHERE ( status = 1 AND aid='2' )  [ RunTime:0.0004s ]
SQL: SELECT `content`,`title`,`arid`,`time`,`describe`,`status` FROM `zhx_article` WHERE ( status = 1 AND aid='3' )  [ RunTime:0.0003s ]
SQL: SELECT `content`,`title`,`arid`,`time`,`describe`,`status` FROM `zhx_article` WHERE ( status = 1 AND aid='4' )  [ RunTime:0.0005s ]
SQL: SELECT `content`,`title`,`arid`,`time`,`describe`,`status` FROM `zhx_article` WHERE ( status = 1 AND aid='5' )  [ RunTime:0.0007s ]
SQL: SELECT `content`,`title`,`arid`,`time`,`describe`,`status` FROM `zhx_article` WHERE ( status = 1 AND aid='6' )  [ RunTime:0.0004s ]
SQL: SELECT `content`,`title`,`arid`,`time`,`describe`,`status` FROM `zhx_article` WHERE ( status = 1 AND aid='7' )  [ RunTime:0.0004s ]
SQL: SELECT `content`,`title`,`arid`,`time`,`describe`,`status` FROM `zhx_article` WHERE ( status = 1 AND aid='8' )  [ RunTime:0.0005s ]
SQL: SELECT `content`,`title`,`arid`,`time`,`describe`,`status` FROM `zhx_article` WHERE ( status = 1 AND aid='9' )  [ RunTime:0.0004s ]
SQL: SELECT `content`,`title`,`arid`,`time`,`describe`,`status` FROM `zhx_article` WHERE ( status = 1 AND aid='10' )  [ RunTime:0.0006s ]
SQL: SELECT `content`,`title`,`arid`,`time`,`describe`,`status` FROM `zhx_article` WHERE ( status = 1 AND aid='11' )  [ RunTime:0.0004s ]
SQL: SELECT `content`,`title`,`arid`,`time`,`describe`,`status` FROM `zhx_article` WHERE ( status = 1 AND aid='12' )  [ RunTime:0.0004s ]
SQL: SELECT `content`,`title`,`arid`,`time`,`describe`,`status` FROM `zhx_article` WHERE ( status = 1 AND aid='13' )  [ RunTime:0.0004s ]
SQL: SELECT `content`,`title`,`arid`,`time`,`describe`,`status` FROM `zhx_article` WHERE ( status = 1 AND aid='14' )  [ RunTime:0.0004s ]
SQL: SELECT `content`,`title`,`arid`,`time`,`describe`,`status` FROM `zhx_article` WHERE ( status = 1 AND aid='15' )  [ RunTime:0.0004s ]
SQL: SELECT `content`,`title`,`arid`,`time`,`describe`,`status` FROM `zhx_article` WHERE ( status = 1 AND aid='16' )  [ RunTime:0.0005s ]
SQL: SELECT `content`,`title`,`arid`,`time`,`describe`,`status` FROM `zhx_article` WHERE ( status = 1 AND aid='17' )  [ RunTime:0.0003s ]
SQL: SELECT COUNT(*) AS tp_count FROM `zhx_article` WHERE `status` = 1 LIMIT 1   [ RunTime:0.0005s ]
INFO: [ view_parse ] --START--
INFO: [ template_filter ] --START--
INFO: Run Behavior\ContentReplaceBehavior [ RunTime:0.000435s ]
INFO: [ template_filter ] --END-- [ RunTime:0.001028s ]
INFO: Run Behavior\ParseTemplateBehavior [ RunTime:0.059704s ]
INFO: [ view_parse ] --END-- [ RunTime:0.060212s ]
INFO: [ view_filter ] --START--
INFO: Run Behavior\WriteHtmlCacheBehavior [ RunTime:0.000866s ]
INFO: [ view_filter ] --END-- [ RunTime:0.001290s ]
INFO: [ app_end ] --START--
INFO: Run Behavior\ShowPageTraceBehavior [ RunTime:0.001543s ]
INFO: [ app_end ] --END-- [ RunTime:0.002015s ]

