[ 2016-01-29T00:59:10+08:00 ] 127.0.0.1 /LSS/1/index.php/Home/Index/index
INFO: [ app_init ] --START--
INFO: Run Behavior\BuildLiteBehavior [ RunTime:0.000000s ]
INFO: [ app_init ] --END-- [ RunTime:0.065004s ]
INFO: [ app_begin ] --START--
INFO: Run Behavior\ReadHtmlCacheBehavior [ RunTime:0.004001s ]
INFO: [ app_begin ] --END-- [ RunTime:0.004001s ]
SQL: SHOW COLUMNS FROM `zhx_article` [ RunTime:0.3280s ]
SQL: SHOW COLUMNS FROM `zhx_column` [ RunTime:0.0930s ]
SQL: SHOW COLUMNS FROM `zhx_articletype` [ RunTime:0.0500s ]
SQL: SHOW COLUMNS FROM `zhx_column` [ RunTime:0.0080s ]
SQL: SELECT `name`,`href` FROM `zhx_column` WHERE `type` = 1 AND `status` = 1 ORDER BY column_order  [ RunTime:0.0170s ]
SQL: SHOW COLUMNS FROM `zhx_article` [ RunTime:0.0080s ]
SQL: SELECT `arid`,`title` FROM `zhx_article` WHERE ( status = 1 ) ORDER BY time LIMIT 6   [ RunTime:0.1530s ]
SQL: SHOW COLUMNS FROM `zhx_articletype` [ RunTime:0.0080s ]
SQL: SELECT * FROM `zhx_articletype`  [ RunTime:0.0040s ]
SQL: SHOW COLUMNS FROM `zhx_article` [ RunTime:0.0080s ]
SQL: SELECT `content`,`title`,`arid` FROM `zhx_article` WHERE ( 1=1 AND aid='1' )  [ RunTime:0.0870s ]
SQL: SELECT `content`,`title`,`arid` FROM `zhx_article` WHERE ( 1=1 AND aid='2' )  [ RunTime:0.0010s ]
SQL: SELECT `content`,`title`,`arid` FROM `zhx_article` WHERE ( 1=1 AND aid='3' )  [ RunTime:0.0010s ]
SQL: SELECT `content`,`title`,`arid` FROM `zhx_article` WHERE ( 1=1 AND aid='4' )  [ RunTime:0.0000s ]
SQL: SELECT `content`,`title`,`arid` FROM `zhx_article` WHERE ( 1=1 AND aid='5' )  [ RunTime:0.0010s ]
SQL: SELECT `content`,`title`,`arid` FROM `zhx_article` WHERE ( 1=1 AND aid='6' )  [ RunTime:0.0020s ]
SQL: SELECT `content`,`title`,`arid` FROM `zhx_article` WHERE ( 1=1 AND aid='7' )  [ RunTime:0.0330s ]
SQL: SELECT `content`,`title`,`arid` FROM `zhx_article` WHERE ( 1=1 AND aid='8' )  [ RunTime:0.0010s ]
SQL: SELECT `content`,`title`,`arid` FROM `zhx_article` WHERE ( 1=1 AND aid='9' )  [ RunTime:0.0000s ]
SQL: SELECT `content`,`title`,`arid` FROM `zhx_article` WHERE ( 1=1 AND aid='10' )  [ RunTime:0.0010s ]
SQL: SELECT `content`,`title`,`arid` FROM `zhx_article` WHERE ( 1=1 AND aid='11' )  [ RunTime:0.0090s ]
SQL: SELECT `content`,`title`,`arid` FROM `zhx_article` WHERE ( 1=1 AND aid='12' )  [ RunTime:0.0010s ]
SQL: SELECT `content`,`title`,`arid` FROM `zhx_article` WHERE ( 1=1 AND aid='13' )  [ RunTime:0.0000s ]
SQL: SELECT `content`,`title`,`arid` FROM `zhx_article` WHERE ( 1=1 AND aid='14' )  [ RunTime:0.0000s ]
SQL: SHOW COLUMNS FROM `zhx_article` [ RunTime:0.0080s ]
SQL: SELECT COUNT(*) AS tp_count FROM `zhx_article` WHERE `status` = 1 LIMIT 1   [ RunTime:0.0360s ]
SQL: SELECT * FROM `zhx_article` WHERE `status` = 1 ORDER BY time desc LIMIT 0,5   [ RunTime:0.0230s ]
SQL: SHOW COLUMNS FROM `zhx_articletype` [ RunTime:0.0080s ]
SQL: SELECT `typename` FROM `zhx_articletype` WHERE ( 1=1 AND aid='0' ) LIMIT 1   [ RunTime:0.0030s ]
SQL: SHOW COLUMNS FROM `zhx_article_data` [ RunTime:0.0490s ]
SQL: SELECT `comment_count`,`browse_count` FROM `zhx_article_data` WHERE ( 1=1 AND arid='89' ) LIMIT 1   [ RunTime:0.0100s ]
SQL: SELECT `typename` FROM `zhx_articletype` WHERE ( 1=1 AND aid='0' ) LIMIT 1   [ RunTime:0.0000s ]
SQL: SELECT `comment_count`,`browse_count` FROM `zhx_article_data` WHERE ( 1=1 AND arid='90' ) LIMIT 1   [ RunTime:0.0000s ]
SQL: SELECT `typename` FROM `zhx_articletype` WHERE ( 1=1 AND aid='11' ) LIMIT 1   [ RunTime:0.0010s ]
SQL: SELECT `comment_count`,`browse_count` FROM `zhx_article_data` WHERE ( 1=1 AND arid='75' ) LIMIT 1   [ RunTime:0.0010s ]
SQL: SELECT `typename` FROM `zhx_articletype` WHERE ( 1=1 AND aid='1' ) LIMIT 1   [ RunTime:0.0000s ]
SQL: SELECT `comment_count`,`browse_count` FROM `zhx_article_data` WHERE ( 1=1 AND arid='87' ) LIMIT 1   [ RunTime:0.0010s ]
SQL: SELECT `typename` FROM `zhx_articletype` WHERE ( 1=1 AND aid='6' ) LIMIT 1   [ RunTime:0.0000s ]
SQL: SELECT `comment_count`,`browse_count` FROM `zhx_article_data` WHERE ( 1=1 AND arid='76' ) LIMIT 1   [ RunTime:0.0020s ]
INFO: [ view_parse ] --START--
INFO: [ template_filter ] --START--
INFO: Run Behavior\ContentReplaceBehavior [ RunTime:0.001000s ]
INFO: [ template_filter ] --END-- [ RunTime:0.001000s ]
INFO: Run Behavior\ParseTemplateBehavior [ RunTime:0.374021s ]
INFO: [ view_parse ] --END-- [ RunTime:0.374021s ]
INFO: [ view_filter ] --START--
INFO: Run Behavior\WriteHtmlCacheBehavior [ RunTime:0.053003s ]
INFO: [ view_filter ] --END-- [ RunTime:0.054004s ]
INFO: [ app_end ] --START--
INFO: Run Behavior\ShowPageTraceBehavior [ RunTime:0.045003s ]
INFO: [ app_end ] --END-- [ RunTime:0.045003s ]

[ 2016-01-29T17:23:22+08:00 ] 127.0.0.1 /LSS/1/index.php/Home/Index/index
INFO: [ app_init ] --START--
INFO: Run Behavior\BuildLiteBehavior [ RunTime:0.000000s ]
INFO: [ app_init ] --END-- [ RunTime:0.001000s ]
INFO: [ app_begin ] --START--
INFO: Run Behavior\ReadHtmlCacheBehavior [ RunTime:0.001000s ]
INFO: [ app_begin ] --END-- [ RunTime:0.002000s ]
SQL: SHOW COLUMNS FROM `zhx_article` [ RunTime:0.0070s ]
SQL: SHOW COLUMNS FROM `zhx_column` [ RunTime:0.1030s ]
SQL: SHOW COLUMNS FROM `zhx_articletype` [ RunTime:0.0070s ]
SQL: SHOW COLUMNS FROM `zhx_column` [ RunTime:0.0100s ]
SQL: SELECT `name`,`href` FROM `zhx_column` WHERE `type` = 1 AND `status` = 1 ORDER BY column_order  [ RunTime:0.0020s ]
SQL: SHOW COLUMNS FROM `zhx_article` [ RunTime:0.0120s ]
SQL: SELECT `arid`,`title` FROM `zhx_article` WHERE ( status = 1 ) ORDER BY time LIMIT 6   [ RunTime:0.0020s ]
SQL: SHOW COLUMNS FROM `zhx_articletype` [ RunTime:0.0170s ]
SQL: SELECT * FROM `zhx_articletype`  [ RunTime:0.0030s ]
SQL: SHOW COLUMNS FROM `zhx_article` [ RunTime:0.0270s ]
SQL: SELECT `content`,`title`,`arid` FROM `zhx_article` WHERE ( 1=1 AND aid='1' )  [ RunTime:0.0010s ]
SQL: SELECT `content`,`title`,`arid` FROM `zhx_article` WHERE ( 1=1 AND aid='2' )  [ RunTime:0.0020s ]
SQL: SELECT `content`,`title`,`arid` FROM `zhx_article` WHERE ( 1=1 AND aid='3' )  [ RunTime:0.0020s ]
SQL: SELECT `content`,`title`,`arid` FROM `zhx_article` WHERE ( 1=1 AND aid='4' )  [ RunTime:0.0010s ]
SQL: SELECT `content`,`title`,`arid` FROM `zhx_article` WHERE ( 1=1 AND aid='5' )  [ RunTime:0.0030s ]
SQL: SELECT `content`,`title`,`arid` FROM `zhx_article` WHERE ( 1=1 AND aid='6' )  [ RunTime:0.0030s ]
SQL: SELECT `content`,`title`,`arid` FROM `zhx_article` WHERE ( 1=1 AND aid='7' )  [ RunTime:0.0020s ]
SQL: SELECT `content`,`title`,`arid` FROM `zhx_article` WHERE ( 1=1 AND aid='8' )  [ RunTime:0.0020s ]
SQL: SELECT `content`,`title`,`arid` FROM `zhx_article` WHERE ( 1=1 AND aid='9' )  [ RunTime:0.0030s ]
SQL: SELECT `content`,`title`,`arid` FROM `zhx_article` WHERE ( 1=1 AND aid='10' )  [ RunTime:0.0010s ]
SQL: SELECT `content`,`title`,`arid` FROM `zhx_article` WHERE ( 1=1 AND aid='11' )  [ RunTime:0.0030s ]
SQL: SELECT `content`,`title`,`arid` FROM `zhx_article` WHERE ( 1=1 AND aid='12' )  [ RunTime:0.0010s ]
SQL: SELECT `content`,`title`,`arid` FROM `zhx_article` WHERE ( 1=1 AND aid='13' )  [ RunTime:0.0010s ]
SQL: SELECT `content`,`title`,`arid` FROM `zhx_article` WHERE ( 1=1 AND aid='14' )  [ RunTime:0.0020s ]
SQL: SHOW COLUMNS FROM `zhx_article` [ RunTime:0.0110s ]
SQL: SELECT COUNT(*) AS tp_count FROM `zhx_article` WHERE `status` = 1 LIMIT 1   [ RunTime:0.0850s ]
SQL: SELECT * FROM `zhx_article` WHERE `status` = 1 ORDER BY time desc LIMIT 0,5   [ RunTime:0.0030s ]
SQL: SHOW COLUMNS FROM `zhx_articletype` [ RunTime:0.0100s ]
SQL: SELECT `typename` FROM `zhx_articletype` WHERE ( 1=1 AND aid='0' ) LIMIT 1   [ RunTime:0.0010s ]
SQL: SHOW COLUMNS FROM `zhx_article_data` [ RunTime:0.2630s ]
SQL: SELECT `comment_count`,`browse_count` FROM `zhx_article_data` WHERE ( 1=1 AND arid='89' ) LIMIT 1   [ RunTime:0.0030s ]
SQL: SELECT `typename` FROM `zhx_articletype` WHERE ( 1=1 AND aid='0' ) LIMIT 1   [ RunTime:0.0000s ]
SQL: SELECT `comment_count`,`browse_count` FROM `zhx_article_data` WHERE ( 1=1 AND arid='90' ) LIMIT 1   [ RunTime:0.0000s ]
SQL: SELECT `typename` FROM `zhx_articletype` WHERE ( 1=1 AND aid='11' ) LIMIT 1   [ RunTime:0.0010s ]
SQL: SELECT `comment_count`,`browse_count` FROM `zhx_article_data` WHERE ( 1=1 AND arid='75' ) LIMIT 1   [ RunTime:0.0010s ]
SQL: SELECT `typename` FROM `zhx_articletype` WHERE ( 1=1 AND aid='1' ) LIMIT 1   [ RunTime:0.0000s ]
SQL: SELECT `comment_count`,`browse_count` FROM `zhx_article_data` WHERE ( 1=1 AND arid='87' ) LIMIT 1   [ RunTime:0.0000s ]
SQL: SELECT `typename` FROM `zhx_articletype` WHERE ( 1=1 AND aid='6' ) LIMIT 1   [ RunTime:0.0010s ]
SQL: SELECT `comment_count`,`browse_count` FROM `zhx_article_data` WHERE ( 1=1 AND arid='76' ) LIMIT 1   [ RunTime:0.0030s ]
INFO: [ view_parse ] --START--
INFO: [ template_filter ] --START--
INFO: Run Behavior\ContentReplaceBehavior [ RunTime:0.000000s ]
INFO: [ template_filter ] --END-- [ RunTime:0.001000s ]
INFO: Run Behavior\ParseTemplateBehavior [ RunTime:0.133008s ]
INFO: [ view_parse ] --END-- [ RunTime:0.133008s ]
INFO: [ view_filter ] --START--
INFO: Run Behavior\WriteHtmlCacheBehavior [ RunTime:0.001000s ]
INFO: [ view_filter ] --END-- [ RunTime:0.001000s ]
INFO: [ app_end ] --START--
INFO: Run Behavior\ShowPageTraceBehavior [ RunTime:0.002000s ]
INFO: [ app_end ] --END-- [ RunTime:0.003000s ]

[ 2016-01-29T20:17:23+08:00 ] 127.0.0.1 /LSS/1/index.php/Home/Index/index
INFO: [ app_init ] --START--
INFO: Run Behavior\BuildLiteBehavior [ RunTime:0.000000s ]
INFO: [ app_init ] --END-- [ RunTime:0.032002s ]
INFO: [ app_begin ] --START--
INFO: Run Behavior\ReadHtmlCacheBehavior [ RunTime:0.031002s ]
INFO: [ app_begin ] --END-- [ RunTime:0.031002s ]
SQL: SHOW COLUMNS FROM `zhx_article` [ RunTime:0.7800s ]
SQL: SHOW COLUMNS FROM `zhx_column` [ RunTime:0.0680s ]
SQL: SHOW COLUMNS FROM `zhx_articletype` [ RunTime:0.1120s ]
SQL: SHOW COLUMNS FROM `zhx_column` [ RunTime:0.0110s ]
SQL: SELECT `name`,`href` FROM `zhx_column` WHERE `type` = 1 AND `status` = 1 ORDER BY column_order  [ RunTime:0.0310s ]
SQL: SHOW COLUMNS FROM `zhx_article` [ RunTime:0.0120s ]
SQL: SELECT `arid`,`title` FROM `zhx_article` WHERE ( status = 1 ) ORDER BY time LIMIT 6   [ RunTime:0.2640s ]
SQL: SHOW COLUMNS FROM `zhx_articletype` [ RunTime:0.0210s ]
SQL: SELECT * FROM `zhx_articletype`  [ RunTime:0.0180s ]
SQL: SHOW COLUMNS FROM `zhx_article` [ RunTime:0.0130s ]
SQL: SELECT `content`,`title`,`arid` FROM `zhx_article` WHERE ( 1=1 AND aid='1' )  [ RunTime:0.0350s ]
SQL: SELECT `content`,`title`,`arid` FROM `zhx_article` WHERE ( 1=1 AND aid='2' )  [ RunTime:0.0010s ]
SQL: SELECT `content`,`title`,`arid` FROM `zhx_article` WHERE ( 1=1 AND aid='3' )  [ RunTime:0.0010s ]
SQL: SELECT `content`,`title`,`arid` FROM `zhx_article` WHERE ( 1=1 AND aid='4' )  [ RunTime:0.0010s ]
SQL: SELECT `content`,`title`,`arid` FROM `zhx_article` WHERE ( 1=1 AND aid='5' )  [ RunTime:0.0010s ]
SQL: SELECT `content`,`title`,`arid` FROM `zhx_article` WHERE ( 1=1 AND aid='6' )  [ RunTime:0.0010s ]
SQL: SELECT `content`,`title`,`arid` FROM `zhx_article` WHERE ( 1=1 AND aid='7' )  [ RunTime:0.0010s ]
SQL: SELECT `content`,`title`,`arid` FROM `zhx_article` WHERE ( 1=1 AND aid='8' )  [ RunTime:0.0000s ]
SQL: SELECT `content`,`title`,`arid` FROM `zhx_article` WHERE ( 1=1 AND aid='9' )  [ RunTime:0.0000s ]
SQL: SELECT `content`,`title`,`arid` FROM `zhx_article` WHERE ( 1=1 AND aid='10' )  [ RunTime:0.0020s ]
SQL: SELECT `content`,`title`,`arid` FROM `zhx_article` WHERE ( 1=1 AND aid='11' )  [ RunTime:0.0370s ]
SQL: SELECT `content`,`title`,`arid` FROM `zhx_article` WHERE ( 1=1 AND aid='12' )  [ RunTime:0.0020s ]
SQL: SELECT `content`,`title`,`arid` FROM `zhx_article` WHERE ( 1=1 AND aid='13' )  [ RunTime:0.0030s ]
SQL: SELECT `content`,`title`,`arid` FROM `zhx_article` WHERE ( 1=1 AND aid='14' )  [ RunTime:0.0040s ]
SQL: SHOW COLUMNS FROM `zhx_article` [ RunTime:0.0150s ]
SQL: SELECT COUNT(*) AS tp_count FROM `zhx_article` WHERE `status` = 1 LIMIT 1   [ RunTime:0.0480s ]
SQL: SELECT * FROM `zhx_article` WHERE `status` = 1 ORDER BY time desc LIMIT 0,5   [ RunTime:0.0590s ]
SQL: SHOW COLUMNS FROM `zhx_articletype` [ RunTime:0.0130s ]
SQL: SELECT `typename` FROM `zhx_articletype` WHERE ( 1=1 AND aid='7' ) LIMIT 1   [ RunTime:0.0010s ]
SQL: SHOW COLUMNS FROM `zhx_article_data` [ RunTime:0.0640s ]
SQL: SELECT `comment_count`,`browse_count` FROM `zhx_article_data` WHERE ( 1=1 AND arid='73' ) LIMIT 1   [ RunTime:0.0800s ]
SQL: SELECT `typename` FROM `zhx_articletype` WHERE ( 1=1 AND aid='0' ) LIMIT 1   [ RunTime:0.0050s ]
SQL: SELECT `comment_count`,`browse_count` FROM `zhx_article_data` WHERE ( 1=1 AND arid='89' ) LIMIT 1   [ RunTime:0.0010s ]
SQL: SELECT `typename` FROM `zhx_articletype` WHERE ( 1=1 AND aid='0' ) LIMIT 1   [ RunTime:0.0010s ]
SQL: SELECT `comment_count`,`browse_count` FROM `zhx_article_data` WHERE ( 1=1 AND arid='90' ) LIMIT 1   [ RunTime:0.0010s ]
SQL: SELECT `typename` FROM `zhx_articletype` WHERE ( 1=1 AND aid='11' ) LIMIT 1   [ RunTime:0.0010s ]
SQL: SELECT `comment_count`,`browse_count` FROM `zhx_article_data` WHERE ( 1=1 AND arid='75' ) LIMIT 1   [ RunTime:0.0000s ]
SQL: SELECT `typename` FROM `zhx_articletype` WHERE ( 1=1 AND aid='1' ) LIMIT 1   [ RunTime:0.0000s ]
SQL: SELECT `comment_count`,`browse_count` FROM `zhx_article_data` WHERE ( 1=1 AND arid='87' ) LIMIT 1   [ RunTime:0.0000s ]
INFO: [ view_parse ] --START--
INFO: [ template_filter ] --START--
INFO: Run Behavior\ContentReplaceBehavior [ RunTime:0.000000s ]
INFO: [ template_filter ] --END-- [ RunTime:0.001000s ]
INFO: Run Behavior\ParseTemplateBehavior [ RunTime:0.410024s ]
INFO: [ view_parse ] --END-- [ RunTime:0.411024s ]
INFO: [ view_filter ] --START--
INFO: Run Behavior\WriteHtmlCacheBehavior [ RunTime:0.048002s ]
INFO: [ view_filter ] --END-- [ RunTime:0.049002s ]
INFO: [ app_end ] --START--
INFO: Run Behavior\ShowPageTraceBehavior [ RunTime:0.033002s ]
INFO: [ app_end ] --END-- [ RunTime:0.034002s ]

[ 2016-01-29T22:57:20+08:00 ] 127.0.0.1 /LSS/1/index.php/Home/Index/index
INFO: [ app_init ] --START--
INFO: Run Behavior\BuildLiteBehavior [ RunTime:0.001000s ]
INFO: [ app_init ] --END-- [ RunTime:0.005001s ]
INFO: [ app_begin ] --START--
INFO: Run Behavior\ReadHtmlCacheBehavior [ RunTime:0.001000s ]
INFO: [ app_begin ] --END-- [ RunTime:0.002000s ]
SQL: SHOW COLUMNS FROM `zhx_article` [ RunTime:0.0930s ]
SQL: SHOW COLUMNS FROM `zhx_column` [ RunTime:0.0990s ]
SQL: SHOW COLUMNS FROM `zhx_articletype` [ RunTime:0.0650s ]
SQL: SHOW COLUMNS FROM `zhx_column` [ RunTime:0.0130s ]
SQL: SELECT `name`,`href` FROM `zhx_column` WHERE `type` = 1 AND `status` = 1 ORDER BY column_order  [ RunTime:0.0010s ]
SQL: SHOW COLUMNS FROM `zhx_article` [ RunTime:0.0100s ]
SQL: SELECT `arid`,`title` FROM `zhx_article` WHERE ( status = 1 ) ORDER BY time LIMIT 6   [ RunTime:0.0060s ]
SQL: SHOW COLUMNS FROM `zhx_articletype` [ RunTime:0.0110s ]
SQL: SELECT * FROM `zhx_articletype`  [ RunTime:0.0010s ]
SQL: SHOW COLUMNS FROM `zhx_article` [ RunTime:0.0100s ]
SQL: SELECT `content`,`title`,`arid` FROM `zhx_article` WHERE ( 1=1 AND aid='1' )  [ RunTime:0.0050s ]
SQL: SELECT `content`,`title`,`arid` FROM `zhx_article` WHERE ( 1=1 AND aid='2' )  [ RunTime:0.0000s ]
SQL: SELECT `content`,`title`,`arid` FROM `zhx_article` WHERE ( 1=1 AND aid='3' )  [ RunTime:0.0000s ]
SQL: SELECT `content`,`title`,`arid` FROM `zhx_article` WHERE ( 1=1 AND aid='4' )  [ RunTime:0.0000s ]
SQL: SELECT `content`,`title`,`arid` FROM `zhx_article` WHERE ( 1=1 AND aid='5' )  [ RunTime:0.0000s ]
SQL: SELECT `content`,`title`,`arid` FROM `zhx_article` WHERE ( 1=1 AND aid='6' )  [ RunTime:0.0010s ]
SQL: SELECT `content`,`title`,`arid` FROM `zhx_article` WHERE ( 1=1 AND aid='7' )  [ RunTime:0.0010s ]
SQL: SELECT `content`,`title`,`arid` FROM `zhx_article` WHERE ( 1=1 AND aid='8' )  [ RunTime:0.0000s ]
SQL: SELECT `content`,`title`,`arid` FROM `zhx_article` WHERE ( 1=1 AND aid='9' )  [ RunTime:0.0000s ]
SQL: SELECT `content`,`title`,`arid` FROM `zhx_article` WHERE ( 1=1 AND aid='10' )  [ RunTime:0.0010s ]
SQL: SELECT `content`,`title`,`arid` FROM `zhx_article` WHERE ( 1=1 AND aid='11' )  [ RunTime:0.0020s ]
SQL: SELECT `content`,`title`,`arid` FROM `zhx_article` WHERE ( 1=1 AND aid='12' )  [ RunTime:0.0010s ]
SQL: SELECT `content`,`title`,`arid` FROM `zhx_article` WHERE ( 1=1 AND aid='13' )  [ RunTime:0.0010s ]
SQL: SELECT `content`,`title`,`arid` FROM `zhx_article` WHERE ( 1=1 AND aid='14' )  [ RunTime:0.0000s ]
SQL: SHOW COLUMNS FROM `zhx_article` [ RunTime:0.0480s ]
SQL: SELECT COUNT(*) AS tp_count FROM `zhx_article` WHERE `status` = 1 LIMIT 1   [ RunTime:0.0040s ]
SQL: SELECT * FROM `zhx_article` WHERE `status` = 1 ORDER BY time desc LIMIT 0,5   [ RunTime:0.0010s ]
SQL: SHOW COLUMNS FROM `zhx_articletype` [ RunTime:0.0100s ]
SQL: SELECT `typename` FROM `zhx_articletype` WHERE ( 1=1 AND aid='7' ) LIMIT 1   [ RunTime:0.0080s ]
SQL: SHOW COLUMNS FROM `zhx_article_data` [ RunTime:0.0640s ]
SQL: SELECT `comment_count`,`browse_count` FROM `zhx_article_data` WHERE ( 1=1 AND arid='73' ) LIMIT 1   [ RunTime:0.0070s ]
SQL: SELECT `typename` FROM `zhx_articletype` WHERE ( 1=1 AND aid='0' ) LIMIT 1   [ RunTime:0.0010s ]
SQL: SELECT `comment_count`,`browse_count` FROM `zhx_article_data` WHERE ( 1=1 AND arid='89' ) LIMIT 1   [ RunTime:0.0010s ]
SQL: SELECT `typename` FROM `zhx_articletype` WHERE ( 1=1 AND aid='0' ) LIMIT 1   [ RunTime:0.0010s ]
SQL: SELECT `comment_count`,`browse_count` FROM `zhx_article_data` WHERE ( 1=1 AND arid='90' ) LIMIT 1   [ RunTime:0.0010s ]
SQL: SELECT `typename` FROM `zhx_articletype` WHERE ( 1=1 AND aid='11' ) LIMIT 1   [ RunTime:0.0010s ]
SQL: SELECT `comment_count`,`browse_count` FROM `zhx_article_data` WHERE ( 1=1 AND arid='75' ) LIMIT 1   [ RunTime:0.0010s ]
SQL: SELECT `typename` FROM `zhx_articletype` WHERE ( 1=1 AND aid='1' ) LIMIT 1   [ RunTime:0.0000s ]
SQL: SELECT `comment_count`,`browse_count` FROM `zhx_article_data` WHERE ( 1=1 AND arid='87' ) LIMIT 1   [ RunTime:0.0020s ]
INFO: [ view_parse ] --START--
INFO: [ template_filter ] --START--
INFO: Run Behavior\ContentReplaceBehavior [ RunTime:0.000000s ]
INFO: [ template_filter ] --END-- [ RunTime:0.000000s ]
INFO: Run Behavior\ParseTemplateBehavior [ RunTime:0.160009s ]
INFO: [ view_parse ] --END-- [ RunTime:0.161009s ]
INFO: [ view_filter ] --START--
INFO: Run Behavior\WriteHtmlCacheBehavior [ RunTime:0.001000s ]
INFO: [ view_filter ] --END-- [ RunTime:0.002000s ]
INFO: [ app_end ] --START--
INFO: Run Behavior\ShowPageTraceBehavior [ RunTime:0.002000s ]
INFO: [ app_end ] --END-- [ RunTime:0.003000s ]

