[ 2016-06-04T15:54:10+08:00 ] ::1 /zhxjmdc/1/index.php/Home/Article/article_detail?arid=46
INFO: [ app_init ] --START--
INFO: Run Behavior\BuildLiteBehavior [ RunTime:0.000084s ]
INFO: [ app_init ] --END-- [ RunTime:0.000884s ]
INFO: [ app_begin ] --START--
INFO: Run Behavior\ReadHtmlCacheBehavior [ RunTime:0.000673s ]
INFO: [ app_begin ] --END-- [ RunTime:0.001047s ]
SQL: SHOW COLUMNS FROM `zhx_article` [ RunTime:0.0006s ]
SQL: SHOW COLUMNS FROM `zhx_column` [ RunTime:0.0018s ]
SQL: SHOW COLUMNS FROM `zhx_articletype` [ RunTime:0.0005s ]
NOTIC: [2] Missing argument 3 for Home\Model\ArticleModel::get_article(), called in /Users/zhangxiang/PhpstormProjects/zhxjmdc/1/Application/Home/Controller/ArticleController.class.php on line 39 and defined /Users/zhangxiang/PhpstormProjects/zhxjmdc/1/Application/Home/Model/ArticleModel.class.php 第 38 行.
SQL: SHOW COLUMNS FROM `zhx_article` [ RunTime:0.0005s ]
SQL: SELECT * FROM `zhx_article` WHERE `arid` = 46 LIMIT 1   [ RunTime:0.0004s ]
SQL: SHOW COLUMNS FROM `zhx_articletype` [ RunTime:0.0004s ]
SQL: SELECT `typename` FROM `zhx_articletype` WHERE ( 1=1 AND aid='14' ) LIMIT 1   [ RunTime:0.0003s ]
SQL: SHOW COLUMNS FROM `zhx_article_data` [ RunTime:0.0004s ]
SQL: SELECT `comment_count`,`browse_count` FROM `zhx_article_data` WHERE ( 1=1 AND arid='46' ) LIMIT 1   [ RunTime:0.0003s ]
SQL: SHOW COLUMNS FROM `zhx_articlepic` [ RunTime:0.0020s ]
SQL: SELECT `path` FROM `zhx_articlepic` WHERE ( 1=1 AND arid='46' ) LIMIT 1   [ RunTime:0.0003s ]
SQL: SHOW COLUMNS FROM `zhx_comment` [ RunTime:0.0013s ]
SQL: SELECT * FROM `zhx_comment` WHERE `arid` = 46 AND `pcid` = 0 ORDER BY time desc  [ RunTime:0.0003s ]
SQL: SHOW COLUMNS FROM `zhx_column` [ RunTime:0.0005s ]
SQL: SELECT `name`,`href` FROM `zhx_column` WHERE `type` = 1 AND `status` = 1 ORDER BY column_order  [ RunTime:0.0005s ]
SQL: SHOW COLUMNS FROM `zhx_article` [ RunTime:0.0004s ]
SQL: SELECT `arid`,`title` FROM `zhx_article` WHERE ( status = 1 ) ORDER BY time LIMIT 6   [ RunTime:0.0004s ]
SQL: SHOW COLUMNS FROM `zhx_articletype` [ RunTime:0.0004s ]
SQL: SELECT * FROM `zhx_articletype`  [ RunTime:0.0004s ]
SQL: SHOW COLUMNS FROM `zhx_article` [ RunTime:0.0006s ]
SQL: SELECT `content`,`title`,`arid`,`time`,`describe`,`status` FROM `zhx_article` WHERE ( status = 1 AND aid='1' )  [ RunTime:0.0004s ]
SQL: SELECT `content`,`title`,`arid`,`time`,`describe`,`status` FROM `zhx_article` WHERE ( status = 1 AND aid='2' )  [ RunTime:0.0004s ]
SQL: SELECT `content`,`title`,`arid`,`time`,`describe`,`status` FROM `zhx_article` WHERE ( status = 1 AND aid='3' )  [ RunTime:0.0004s ]
SQL: SELECT `content`,`title`,`arid`,`time`,`describe`,`status` FROM `zhx_article` WHERE ( status = 1 AND aid='4' )  [ RunTime:0.0005s ]
SQL: SELECT `content`,`title`,`arid`,`time`,`describe`,`status` FROM `zhx_article` WHERE ( status = 1 AND aid='5' )  [ RunTime:0.0005s ]
SQL: SELECT `content`,`title`,`arid`,`time`,`describe`,`status` FROM `zhx_article` WHERE ( status = 1 AND aid='6' )  [ RunTime:0.0003s ]
SQL: SELECT `content`,`title`,`arid`,`time`,`describe`,`status` FROM `zhx_article` WHERE ( status = 1 AND aid='7' )  [ RunTime:0.0003s ]
SQL: SELECT `content`,`title`,`arid`,`time`,`describe`,`status` FROM `zhx_article` WHERE ( status = 1 AND aid='8' )  [ RunTime:0.0003s ]
SQL: SELECT `content`,`title`,`arid`,`time`,`describe`,`status` FROM `zhx_article` WHERE ( status = 1 AND aid='9' )  [ RunTime:0.0006s ]
SQL: SELECT `content`,`title`,`arid`,`time`,`describe`,`status` FROM `zhx_article` WHERE ( status = 1 AND aid='10' )  [ RunTime:0.0004s ]
SQL: SELECT `content`,`title`,`arid`,`time`,`describe`,`status` FROM `zhx_article` WHERE ( status = 1 AND aid='11' )  [ RunTime:0.0004s ]
SQL: SELECT `content`,`title`,`arid`,`time`,`describe`,`status` FROM `zhx_article` WHERE ( status = 1 AND aid='12' )  [ RunTime:0.0004s ]
SQL: SELECT `content`,`title`,`arid`,`time`,`describe`,`status` FROM `zhx_article` WHERE ( status = 1 AND aid='13' )  [ RunTime:0.0004s ]
SQL: SELECT `content`,`title`,`arid`,`time`,`describe`,`status` FROM `zhx_article` WHERE ( status = 1 AND aid='14' )  [ RunTime:0.0003s ]
SQL: SELECT `content`,`title`,`arid`,`time`,`describe`,`status` FROM `zhx_article` WHERE ( status = 1 AND aid='15' )  [ RunTime:0.0004s ]
SQL: SELECT `content`,`title`,`arid`,`time`,`describe`,`status` FROM `zhx_article` WHERE ( status = 1 AND aid='16' )  [ RunTime:0.0004s ]
SQL: SELECT `content`,`title`,`arid`,`time`,`describe`,`status` FROM `zhx_article` WHERE ( status = 1 AND aid='17' )  [ RunTime:0.0003s ]
SQL: SELECT COUNT(*) AS tp_count FROM `zhx_article` WHERE `status` = 1 LIMIT 1   [ RunTime:0.0005s ]
INFO: [ view_parse ] --START--
INFO: [ template_filter ] --START--
INFO: Run Behavior\ContentReplaceBehavior [ RunTime:0.000205s ]
INFO: [ template_filter ] --END-- [ RunTime:0.000557s ]
INFO: Run Behavior\ParseTemplateBehavior [ RunTime:0.057840s ]
INFO: [ view_parse ] --END-- [ RunTime:0.058187s ]
INFO: [ view_filter ] --START--
INFO: Run Behavior\WriteHtmlCacheBehavior [ RunTime:0.000319s ]
INFO: [ view_filter ] --END-- [ RunTime:0.000650s ]
INFO: [ app_end ] --START--
INFO: Run Behavior\ShowPageTraceBehavior [ RunTime:0.000632s ]
INFO: [ app_end ] --END-- [ RunTime:0.000972s ]

[ 2016-06-04T18:53:20+08:00 ] ::1 /zhxjmdc/1/index.php/Home/Article/article_detail?arid=46
INFO: [ app_init ] --START--
INFO: Run Behavior\BuildLiteBehavior [ RunTime:0.000083s ]
INFO: [ app_init ] --END-- [ RunTime:0.000809s ]
INFO: [ app_begin ] --START--
INFO: Run Behavior\ReadHtmlCacheBehavior [ RunTime:0.000675s ]
INFO: [ app_begin ] --END-- [ RunTime:0.001085s ]
SQL: SHOW COLUMNS FROM `zhx_article` [ RunTime:0.0008s ]
SQL: SHOW COLUMNS FROM `zhx_column` [ RunTime:0.0005s ]
SQL: SHOW COLUMNS FROM `zhx_articletype` [ RunTime:0.0005s ]
NOTIC: [2] Missing argument 3 for Home\Model\ArticleModel::get_article(), called in /Users/zhangxiang/PhpstormProjects/zhxjmdc/1/Application/Home/Controller/ArticleController.class.php on line 39 and defined /Users/zhangxiang/PhpstormProjects/zhxjmdc/1/Application/Home/Model/ArticleModel.class.php 第 38 行.
SQL: SHOW COLUMNS FROM `zhx_article` [ RunTime:0.0006s ]
SQL: SELECT * FROM `zhx_article` WHERE `arid` = 46 LIMIT 1   [ RunTime:0.0004s ]
SQL: SHOW COLUMNS FROM `zhx_articletype` [ RunTime:0.0004s ]
SQL: SELECT `typename` FROM `zhx_articletype` WHERE ( 1=1 AND aid='14' ) LIMIT 1   [ RunTime:0.0003s ]
SQL: SHOW COLUMNS FROM `zhx_article_data` [ RunTime:0.0005s ]
SQL: SELECT `comment_count`,`browse_count` FROM `zhx_article_data` WHERE ( 1=1 AND arid='46' ) LIMIT 1   [ RunTime:0.0006s ]
SQL: SHOW COLUMNS FROM `zhx_articlepic` [ RunTime:0.0007s ]
SQL: SELECT `path` FROM `zhx_articlepic` WHERE ( 1=1 AND arid='46' ) LIMIT 1   [ RunTime:0.0003s ]
SQL: SHOW COLUMNS FROM `zhx_comment` [ RunTime:0.0005s ]
SQL: SELECT * FROM `zhx_comment` WHERE `arid` = 46 AND `pcid` = 0 ORDER BY time desc  [ RunTime:0.0003s ]
SQL: SHOW COLUMNS FROM `zhx_column` [ RunTime:0.0005s ]
SQL: SELECT `name`,`href` FROM `zhx_column` WHERE `type` = 1 AND `status` = 1 ORDER BY column_order  [ RunTime:0.0003s ]
SQL: SHOW COLUMNS FROM `zhx_article` [ RunTime:0.0004s ]
SQL: SELECT `arid`,`title` FROM `zhx_article` WHERE ( status = 1 ) ORDER BY time LIMIT 6   [ RunTime:0.0003s ]
SQL: SHOW COLUMNS FROM `zhx_articletype` [ RunTime:0.0004s ]
SQL: SELECT * FROM `zhx_articletype`  [ RunTime:0.0003s ]
SQL: SHOW COLUMNS FROM `zhx_article` [ RunTime:0.0006s ]
SQL: SELECT `content`,`title`,`arid`,`time`,`describe`,`status` FROM `zhx_article` WHERE ( status = 1 AND aid='1' )  [ RunTime:0.0004s ]
SQL: SELECT `content`,`title`,`arid`,`time`,`describe`,`status` FROM `zhx_article` WHERE ( status = 1 AND aid='2' )  [ RunTime:0.0003s ]
SQL: SELECT `content`,`title`,`arid`,`time`,`describe`,`status` FROM `zhx_article` WHERE ( status = 1 AND aid='3' )  [ RunTime:0.0003s ]
SQL: SELECT `content`,`title`,`arid`,`time`,`describe`,`status` FROM `zhx_article` WHERE ( status = 1 AND aid='4' )  [ RunTime:0.0004s ]
SQL: SELECT `content`,`title`,`arid`,`time`,`describe`,`status` FROM `zhx_article` WHERE ( status = 1 AND aid='5' )  [ RunTime:0.0005s ]
SQL: SELECT `content`,`title`,`arid`,`time`,`describe`,`status` FROM `zhx_article` WHERE ( status = 1 AND aid='6' )  [ RunTime:0.0004s ]
SQL: SELECT `content`,`title`,`arid`,`time`,`describe`,`status` FROM `zhx_article` WHERE ( status = 1 AND aid='7' )  [ RunTime:0.0004s ]
SQL: SELECT `content`,`title`,`arid`,`time`,`describe`,`status` FROM `zhx_article` WHERE ( status = 1 AND aid='8' )  [ RunTime:0.0003s ]
SQL: SELECT `content`,`title`,`arid`,`time`,`describe`,`status` FROM `zhx_article` WHERE ( status = 1 AND aid='9' )  [ RunTime:0.0006s ]
SQL: SELECT `content`,`title`,`arid`,`time`,`describe`,`status` FROM `zhx_article` WHERE ( status = 1 AND aid='10' )  [ RunTime:0.0003s ]
SQL: SELECT `content`,`title`,`arid`,`time`,`describe`,`status` FROM `zhx_article` WHERE ( status = 1 AND aid='11' )  [ RunTime:0.0004s ]
SQL: SELECT `content`,`title`,`arid`,`time`,`describe`,`status` FROM `zhx_article` WHERE ( status = 1 AND aid='12' )  [ RunTime:0.0003s ]
SQL: SELECT `content`,`title`,`arid`,`time`,`describe`,`status` FROM `zhx_article` WHERE ( status = 1 AND aid='13' )  [ RunTime:0.0004s ]
SQL: SELECT `content`,`title`,`arid`,`time`,`describe`,`status` FROM `zhx_article` WHERE ( status = 1 AND aid='14' )  [ RunTime:0.0004s ]
SQL: SELECT `content`,`title`,`arid`,`time`,`describe`,`status` FROM `zhx_article` WHERE ( status = 1 AND aid='15' )  [ RunTime:0.0004s ]
SQL: SELECT `content`,`title`,`arid`,`time`,`describe`,`status` FROM `zhx_article` WHERE ( status = 1 AND aid='16' )  [ RunTime:0.0005s ]
SQL: SELECT `content`,`title`,`arid`,`time`,`describe`,`status` FROM `zhx_article` WHERE ( status = 1 AND aid='17' )  [ RunTime:0.0003s ]
SQL: SELECT COUNT(*) AS tp_count FROM `zhx_article` WHERE `status` = 1 LIMIT 1   [ RunTime:0.0004s ]
INFO: [ view_parse ] --START--
INFO: [ template_filter ] --START--
INFO: Run Behavior\ContentReplaceBehavior [ RunTime:0.000259s ]
INFO: [ template_filter ] --END-- [ RunTime:0.000744s ]
INFO: Run Behavior\ParseTemplateBehavior [ RunTime:0.056354s ]
INFO: [ view_parse ] --END-- [ RunTime:0.056708s ]
INFO: [ view_filter ] --START--
INFO: Run Behavior\WriteHtmlCacheBehavior [ RunTime:0.000435s ]
INFO: [ view_filter ] --END-- [ RunTime:0.000802s ]
INFO: [ app_end ] --START--
INFO: Run Behavior\ShowPageTraceBehavior [ RunTime:0.000706s ]
INFO: [ app_end ] --END-- [ RunTime:0.001087s ]

[ 2016-06-04T20:18:23+08:00 ] ::1 /zhxjmdc/1/index.php/Home/Article/article_detail?arid=46
INFO: [ app_init ] --START--
INFO: Run Behavior\BuildLiteBehavior [ RunTime:0.000134s ]
INFO: [ app_init ] --END-- [ RunTime:0.001114s ]
INFO: [ app_begin ] --START--
INFO: Run Behavior\ReadHtmlCacheBehavior [ RunTime:0.000801s ]
INFO: [ app_begin ] --END-- [ RunTime:0.001344s ]
SQL: SHOW COLUMNS FROM `zhx_article` [ RunTime:0.0008s ]
SQL: SHOW COLUMNS FROM `zhx_column` [ RunTime:0.0007s ]
SQL: SHOW COLUMNS FROM `zhx_articletype` [ RunTime:0.0007s ]
SQL: SHOW COLUMNS FROM `zhx_article_data` [ RunTime:0.0006s ]
SQL: UPDATE `zhx_article_data` SET `browse_count`=browse_count+1 WHERE `arid` = 46 [ RunTime:0.0021s ]
NOTIC: [2] Missing argument 3 for Home\Model\ArticleModel::get_article(), called in /Users/zhangxiang/PhpstormProjects/zhxjmdc/1/Application/Home/Controller/ArticleController.class.php on line 39 and defined /Users/zhangxiang/PhpstormProjects/zhxjmdc/1/Application/Home/Model/ArticleModel.class.php 第 38 行.
SQL: SHOW COLUMNS FROM `zhx_article` [ RunTime:0.0005s ]
SQL: SELECT * FROM `zhx_article` WHERE `arid` = 46 LIMIT 1   [ RunTime:0.0004s ]
SQL: SHOW COLUMNS FROM `zhx_articletype` [ RunTime:0.0005s ]
SQL: SELECT `typename` FROM `zhx_articletype` WHERE ( 1=1 AND aid='14' ) LIMIT 1   [ RunTime:0.0003s ]
SQL: SHOW COLUMNS FROM `zhx_article_data` [ RunTime:0.0004s ]
SQL: SELECT `comment_count`,`browse_count` FROM `zhx_article_data` WHERE ( 1=1 AND arid='46' ) LIMIT 1   [ RunTime:0.0003s ]
SQL: SHOW COLUMNS FROM `zhx_articlepic` [ RunTime:0.0007s ]
SQL: SELECT `path` FROM `zhx_articlepic` WHERE ( 1=1 AND arid='46' ) LIMIT 1   [ RunTime:0.0003s ]
SQL: SHOW COLUMNS FROM `zhx_comment` [ RunTime:0.0005s ]
SQL: SELECT * FROM `zhx_comment` WHERE `arid` = 46 AND `pcid` = 0 ORDER BY time desc  [ RunTime:0.0003s ]
SQL: SHOW COLUMNS FROM `zhx_column` [ RunTime:0.0004s ]
SQL: SELECT `name`,`href` FROM `zhx_column` WHERE `type` = 1 AND `status` = 1 ORDER BY column_order  [ RunTime:0.0003s ]
SQL: SHOW COLUMNS FROM `zhx_article` [ RunTime:0.0005s ]
SQL: SELECT `arid`,`title` FROM `zhx_article` WHERE ( status = 1 ) ORDER BY time LIMIT 6   [ RunTime:0.0004s ]
SQL: SHOW COLUMNS FROM `zhx_articletype` [ RunTime:0.0006s ]
SQL: SELECT * FROM `zhx_articletype`  [ RunTime:0.0004s ]
SQL: SHOW COLUMNS FROM `zhx_article` [ RunTime:0.0004s ]
SQL: SELECT `content`,`title`,`arid`,`time`,`describe`,`status` FROM `zhx_article` WHERE ( status = 1 AND aid='1' )  [ RunTime:0.0006s ]
SQL: SELECT `content`,`title`,`arid`,`time`,`describe`,`status` FROM `zhx_article` WHERE ( status = 1 AND aid='2' )  [ RunTime:0.0004s ]
SQL: SELECT `content`,`title`,`arid`,`time`,`describe`,`status` FROM `zhx_article` WHERE ( status = 1 AND aid='3' )  [ RunTime:0.0004s ]
SQL: SELECT `content`,`title`,`arid`,`time`,`describe`,`status` FROM `zhx_article` WHERE ( status = 1 AND aid='4' )  [ RunTime:0.0003s ]
SQL: SELECT `content`,`title`,`arid`,`time`,`describe`,`status` FROM `zhx_article` WHERE ( status = 1 AND aid='5' )  [ RunTime:0.0005s ]
SQL: SELECT `content`,`title`,`arid`,`time`,`describe`,`status` FROM `zhx_article` WHERE ( status = 1 AND aid='6' )  [ RunTime:0.0005s ]
SQL: SELECT `content`,`title`,`arid`,`time`,`describe`,`status` FROM `zhx_article` WHERE ( status = 1 AND aid='7' )  [ RunTime:0.0004s ]
SQL: SELECT `content`,`title`,`arid`,`time`,`describe`,`status` FROM `zhx_article` WHERE ( status = 1 AND aid='8' )  [ RunTime:0.0005s ]
SQL: SELECT `content`,`title`,`arid`,`time`,`describe`,`status` FROM `zhx_article` WHERE ( status = 1 AND aid='9' )  [ RunTime:0.0004s ]
SQL: SELECT `content`,`title`,`arid`,`time`,`describe`,`status` FROM `zhx_article` WHERE ( status = 1 AND aid='10' )  [ RunTime:0.0004s ]
SQL: SELECT `content`,`title`,`arid`,`time`,`describe`,`status` FROM `zhx_article` WHERE ( status = 1 AND aid='11' )  [ RunTime:0.0005s ]
SQL: SELECT `content`,`title`,`arid`,`time`,`describe`,`status` FROM `zhx_article` WHERE ( status = 1 AND aid='12' )  [ RunTime:0.0010s ]
SQL: SELECT `content`,`title`,`arid`,`time`,`describe`,`status` FROM `zhx_article` WHERE ( status = 1 AND aid='13' )  [ RunTime:0.0004s ]
SQL: SELECT `content`,`title`,`arid`,`time`,`describe`,`status` FROM `zhx_article` WHERE ( status = 1 AND aid='14' )  [ RunTime:0.0004s ]
SQL: SELECT `content`,`title`,`arid`,`time`,`describe`,`status` FROM `zhx_article` WHERE ( status = 1 AND aid='15' )  [ RunTime:0.0005s ]
SQL: SELECT `content`,`title`,`arid`,`time`,`describe`,`status` FROM `zhx_article` WHERE ( status = 1 AND aid='16' )  [ RunTime:0.0004s ]
SQL: SELECT `content`,`title`,`arid`,`time`,`describe`,`status` FROM `zhx_article` WHERE ( status = 1 AND aid='17' )  [ RunTime:0.0004s ]
SQL: SELECT COUNT(*) AS tp_count FROM `zhx_article` WHERE `status` = 1 LIMIT 1   [ RunTime:0.0004s ]
INFO: [ view_parse ] --START--
INFO: [ template_filter ] --START--
INFO: Run Behavior\ContentReplaceBehavior [ RunTime:0.000347s ]
INFO: [ template_filter ] --END-- [ RunTime:0.000848s ]
INFO: Run Behavior\ParseTemplateBehavior [ RunTime:0.068457s ]
INFO: [ view_parse ] --END-- [ RunTime:0.068976s ]
INFO: [ view_filter ] --START--
INFO: Run Behavior\WriteHtmlCacheBehavior [ RunTime:0.000432s ]
INFO: [ view_filter ] --END-- [ RunTime:0.000909s ]
INFO: [ app_end ] --START--
INFO: Run Behavior\ShowPageTraceBehavior [ RunTime:0.000808s ]
INFO: [ app_end ] --END-- [ RunTime:0.001352s ]

[ 2016-06-04T22:02:01+08:00 ] ::1 /zhxjmdc/1/index.php/Home/Article/article_detail?arid=46
INFO: [ app_init ] --START--
INFO: Run Behavior\BuildLiteBehavior [ RunTime:0.000111s ]
INFO: [ app_init ] --END-- [ RunTime:0.001033s ]
INFO: [ app_begin ] --START--
INFO: Run Behavior\ReadHtmlCacheBehavior [ RunTime:0.000722s ]
INFO: [ app_begin ] --END-- [ RunTime:0.001276s ]
SQL: SHOW COLUMNS FROM `zhx_article` [ RunTime:0.0006s ]
SQL: SHOW COLUMNS FROM `zhx_column` [ RunTime:0.0005s ]
SQL: SHOW COLUMNS FROM `zhx_articletype` [ RunTime:0.0013s ]
NOTIC: [2] Missing argument 3 for Home\Model\ArticleModel::get_article(), called in /Users/zhangxiang/PhpstormProjects/zhxjmdc/1/Application/Home/Controller/ArticleController.class.php on line 39 and defined /Users/zhangxiang/PhpstormProjects/zhxjmdc/1/Application/Home/Model/ArticleModel.class.php 第 38 行.
SQL: SHOW COLUMNS FROM `zhx_article` [ RunTime:0.0007s ]
SQL: SELECT * FROM `zhx_article` WHERE `arid` = 46 LIMIT 1   [ RunTime:0.0004s ]
SQL: SHOW COLUMNS FROM `zhx_articletype` [ RunTime:0.0004s ]
SQL: SELECT `typename` FROM `zhx_articletype` WHERE ( 1=1 AND aid='14' ) LIMIT 1   [ RunTime:0.0003s ]
SQL: SHOW COLUMNS FROM `zhx_article_data` [ RunTime:0.0005s ]
SQL: SELECT `comment_count`,`browse_count` FROM `zhx_article_data` WHERE ( 1=1 AND arid='46' ) LIMIT 1   [ RunTime:0.0005s ]
SQL: SHOW COLUMNS FROM `zhx_articlepic` [ RunTime:0.0007s ]
SQL: SELECT `path` FROM `zhx_articlepic` WHERE ( 1=1 AND arid='46' ) LIMIT 1   [ RunTime:0.0003s ]
SQL: SHOW COLUMNS FROM `zhx_comment` [ RunTime:0.0005s ]
SQL: SELECT * FROM `zhx_comment` WHERE `arid` = 46 AND `pcid` = 0 ORDER BY time desc  [ RunTime:0.0003s ]
SQL: SHOW COLUMNS FROM `zhx_column` [ RunTime:0.0004s ]
SQL: SELECT `name`,`href` FROM `zhx_column` WHERE `type` = 1 AND `status` = 1 ORDER BY column_order  [ RunTime:0.0003s ]
SQL: SHOW COLUMNS FROM `zhx_article` [ RunTime:0.0004s ]
SQL: SELECT `arid`,`title` FROM `zhx_article` WHERE ( status = 1 ) ORDER BY time LIMIT 6   [ RunTime:0.0009s ]
SQL: SHOW COLUMNS FROM `zhx_articletype` [ RunTime:0.0006s ]
SQL: SELECT * FROM `zhx_articletype`  [ RunTime:0.0003s ]
SQL: SHOW COLUMNS FROM `zhx_article` [ RunTime:0.0005s ]
SQL: SELECT `content`,`title`,`arid`,`time`,`describe`,`status` FROM `zhx_article` WHERE ( status = 1 AND aid='1' )  [ RunTime:0.0004s ]
SQL: SELECT `content`,`title`,`arid`,`time`,`describe`,`status` FROM `zhx_article` WHERE ( status = 1 AND aid='2' )  [ RunTime:0.0004s ]
SQL: SELECT `content`,`title`,`arid`,`time`,`describe`,`status` FROM `zhx_article` WHERE ( status = 1 AND aid='3' )  [ RunTime:0.0004s ]
SQL: SELECT `content`,`title`,`arid`,`time`,`describe`,`status` FROM `zhx_article` WHERE ( status = 1 AND aid='4' )  [ RunTime:0.0007s ]
SQL: SELECT `content`,`title`,`arid`,`time`,`describe`,`status` FROM `zhx_article` WHERE ( status = 1 AND aid='5' )  [ RunTime:0.0008s ]
SQL: SELECT `content`,`title`,`arid`,`time`,`describe`,`status` FROM `zhx_article` WHERE ( status = 1 AND aid='6' )  [ RunTime:0.0004s ]
SQL: SELECT `content`,`title`,`arid`,`time`,`describe`,`status` FROM `zhx_article` WHERE ( status = 1 AND aid='7' )  [ RunTime:0.0004s ]
SQL: SELECT `content`,`title`,`arid`,`time`,`describe`,`status` FROM `zhx_article` WHERE ( status = 1 AND aid='8' )  [ RunTime:0.0004s ]
SQL: SELECT `content`,`title`,`arid`,`time`,`describe`,`status` FROM `zhx_article` WHERE ( status = 1 AND aid='9' )  [ RunTime:0.0003s ]
SQL: SELECT `content`,`title`,`arid`,`time`,`describe`,`status` FROM `zhx_article` WHERE ( status = 1 AND aid='10' )  [ RunTime:0.0009s ]
SQL: SELECT `content`,`title`,`arid`,`time`,`describe`,`status` FROM `zhx_article` WHERE ( status = 1 AND aid='11' )  [ RunTime:0.0006s ]
SQL: SELECT `content`,`title`,`arid`,`time`,`describe`,`status` FROM `zhx_article` WHERE ( status = 1 AND aid='12' )  [ RunTime:0.0004s ]
SQL: SELECT `content`,`title`,`arid`,`time`,`describe`,`status` FROM `zhx_article` WHERE ( status = 1 AND aid='13' )  [ RunTime:0.0005s ]
SQL: SELECT `content`,`title`,`arid`,`time`,`describe`,`status` FROM `zhx_article` WHERE ( status = 1 AND aid='14' )  [ RunTime:0.0004s ]
SQL: SELECT `content`,`title`,`arid`,`time`,`describe`,`status` FROM `zhx_article` WHERE ( status = 1 AND aid='15' )  [ RunTime:0.0004s ]
SQL: SELECT `content`,`title`,`arid`,`time`,`describe`,`status` FROM `zhx_article` WHERE ( status = 1 AND aid='16' )  [ RunTime:0.0013s ]
SQL: SELECT `content`,`title`,`arid`,`time`,`describe`,`status` FROM `zhx_article` WHERE ( status = 1 AND aid='17' )  [ RunTime:0.0005s ]
SQL: SELECT COUNT(*) AS tp_count FROM `zhx_article` WHERE `status` = 1 LIMIT 1   [ RunTime:0.0003s ]
INFO: [ view_parse ] --START--
INFO: [ template_filter ] --START--
INFO: Run Behavior\ContentReplaceBehavior [ RunTime:0.000367s ]
INFO: [ template_filter ] --END-- [ RunTime:0.001124s ]
INFO: Run Behavior\ParseTemplateBehavior [ RunTime:0.075219s ]
INFO: [ view_parse ] --END-- [ RunTime:0.076087s ]
INFO: [ view_filter ] --START--
INFO: Run Behavior\WriteHtmlCacheBehavior [ RunTime:0.000640s ]
INFO: [ view_filter ] --END-- [ RunTime:0.001302s ]
INFO: [ app_end ] --START--
INFO: Run Behavior\ShowPageTraceBehavior [ RunTime:0.000875s ]
INFO: [ app_end ] --END-- [ RunTime:0.001465s ]

[ 2016-06-04T22:25:54+08:00 ] ::1 /zhxjmdc/1/index.php/Home/Article/article_detail?arid=48
INFO: [ app_init ] --START--
INFO: Run Behavior\BuildLiteBehavior [ RunTime:0.000133s ]
INFO: [ app_init ] --END-- [ RunTime:0.001040s ]
INFO: [ app_begin ] --START--
INFO: Run Behavior\ReadHtmlCacheBehavior [ RunTime:0.000749s ]
INFO: [ app_begin ] --END-- [ RunTime:0.001294s ]
SQL: SHOW COLUMNS FROM `zhx_article` [ RunTime:0.0006s ]
SQL: SHOW COLUMNS FROM `zhx_column` [ RunTime:0.0006s ]
SQL: SHOW COLUMNS FROM `zhx_articletype` [ RunTime:0.0005s ]
SQL: SHOW COLUMNS FROM `zhx_article_data` [ RunTime:0.0004s ]
SQL: UPDATE `zhx_article_data` SET `browse_count`=browse_count+1 WHERE `arid` = 48 [ RunTime:0.0006s ]
NOTIC: [2] Missing argument 3 for Home\Model\ArticleModel::get_article(), called in /Users/zhangxiang/PhpstormProjects/zhxjmdc/1/Application/Home/Controller/ArticleController.class.php on line 39 and defined /Users/zhangxiang/PhpstormProjects/zhxjmdc/1/Application/Home/Model/ArticleModel.class.php 第 38 行.
SQL: SHOW COLUMNS FROM `zhx_article` [ RunTime:0.0005s ]
SQL: SELECT * FROM `zhx_article` WHERE `arid` = 48 LIMIT 1   [ RunTime:0.0004s ]
SQL: SHOW COLUMNS FROM `zhx_articletype` [ RunTime:0.0005s ]
SQL: SELECT `typename` FROM `zhx_articletype` WHERE ( 1=1 AND aid='8' ) LIMIT 1   [ RunTime:0.0003s ]
SQL: SHOW COLUMNS FROM `zhx_article_data` [ RunTime:0.0004s ]
SQL: SELECT `comment_count`,`browse_count` FROM `zhx_article_data` WHERE ( 1=1 AND arid='48' ) LIMIT 1   [ RunTime:0.0004s ]
SQL: SHOW COLUMNS FROM `zhx_articlepic` [ RunTime:0.0004s ]
SQL: SELECT `path` FROM `zhx_articlepic` WHERE ( 1=1 AND arid='48' ) LIMIT 1   [ RunTime:0.0003s ]
SQL: SHOW COLUMNS FROM `zhx_comment` [ RunTime:0.0006s ]
SQL: SELECT * FROM `zhx_comment` WHERE `arid` = 48 AND `pcid` = 0 ORDER BY time desc  [ RunTime:0.0006s ]
SQL: SHOW COLUMNS FROM `zhx_column` [ RunTime:0.0005s ]
SQL: SELECT `name`,`href` FROM `zhx_column` WHERE `type` = 1 AND `status` = 1 ORDER BY column_order  [ RunTime:0.0003s ]
SQL: SHOW COLUMNS FROM `zhx_article` [ RunTime:0.0004s ]
SQL: SELECT `arid`,`title` FROM `zhx_article` WHERE ( status = 1 ) ORDER BY time LIMIT 6   [ RunTime:0.0006s ]
SQL: SHOW COLUMNS FROM `zhx_articletype` [ RunTime:0.0005s ]
SQL: SELECT * FROM `zhx_articletype`  [ RunTime:0.0003s ]
SQL: SHOW COLUMNS FROM `zhx_article` [ RunTime:0.0005s ]
SQL: SELECT `content`,`title`,`arid`,`time`,`describe`,`status` FROM `zhx_article` WHERE ( status = 1 AND aid='1' )  [ RunTime:0.0012s ]
SQL: SELECT `content`,`title`,`arid`,`time`,`describe`,`status` FROM `zhx_article` WHERE ( status = 1 AND aid='2' )  [ RunTime:0.0006s ]
SQL: SELECT `content`,`title`,`arid`,`time`,`describe`,`status` FROM `zhx_article` WHERE ( status = 1 AND aid='3' )  [ RunTime:0.0004s ]
SQL: SELECT `content`,`title`,`arid`,`time`,`describe`,`status` FROM `zhx_article` WHERE ( status = 1 AND aid='4' )  [ RunTime:0.0004s ]
SQL: SELECT `content`,`title`,`arid`,`time`,`describe`,`status` FROM `zhx_article` WHERE ( status = 1 AND aid='5' )  [ RunTime:0.0005s ]
SQL: SELECT `content`,`title`,`arid`,`time`,`describe`,`status` FROM `zhx_article` WHERE ( status = 1 AND aid='6' )  [ RunTime:0.0004s ]
SQL: SELECT `content`,`title`,`arid`,`time`,`describe`,`status` FROM `zhx_article` WHERE ( status = 1 AND aid='7' )  [ RunTime:0.0004s ]
SQL: SELECT `content`,`title`,`arid`,`time`,`describe`,`status` FROM `zhx_article` WHERE ( status = 1 AND aid='8' )  [ RunTime:0.0004s ]
SQL: SELECT `content`,`title`,`arid`,`time`,`describe`,`status` FROM `zhx_article` WHERE ( status = 1 AND aid='9' )  [ RunTime:0.0004s ]
SQL: SELECT `content`,`title`,`arid`,`time`,`describe`,`status` FROM `zhx_article` WHERE ( status = 1 AND aid='10' )  [ RunTime:0.0004s ]
SQL: SELECT `content`,`title`,`arid`,`time`,`describe`,`status` FROM `zhx_article` WHERE ( status = 1 AND aid='11' )  [ RunTime:0.0004s ]
SQL: SELECT `content`,`title`,`arid`,`time`,`describe`,`status` FROM `zhx_article` WHERE ( status = 1 AND aid='12' )  [ RunTime:0.0004s ]
SQL: SELECT `content`,`title`,`arid`,`time`,`describe`,`status` FROM `zhx_article` WHERE ( status = 1 AND aid='13' )  [ RunTime:0.0003s ]
SQL: SELECT `content`,`title`,`arid`,`time`,`describe`,`status` FROM `zhx_article` WHERE ( status = 1 AND aid='14' )  [ RunTime:0.0005s ]
SQL: SELECT `content`,`title`,`arid`,`time`,`describe`,`status` FROM `zhx_article` WHERE ( status = 1 AND aid='15' )  [ RunTime:0.0005s ]
SQL: SELECT `content`,`title`,`arid`,`time`,`describe`,`status` FROM `zhx_article` WHERE ( status = 1 AND aid='16' )  [ RunTime:0.0006s ]
SQL: SELECT `content`,`title`,`arid`,`time`,`describe`,`status` FROM `zhx_article` WHERE ( status = 1 AND aid='17' )  [ RunTime:0.0005s ]
SQL: SELECT COUNT(*) AS tp_count FROM `zhx_article` WHERE `status` = 1 LIMIT 1   [ RunTime:0.0003s ]
INFO: [ view_parse ] --START--
INFO: [ template_filter ] --START--
INFO: Run Behavior\ContentReplaceBehavior [ RunTime:0.000259s ]
INFO: [ template_filter ] --END-- [ RunTime:0.000771s ]
INFO: Run Behavior\ParseTemplateBehavior [ RunTime:0.068471s ]
INFO: [ view_parse ] --END-- [ RunTime:0.068972s ]
INFO: [ view_filter ] --START--
INFO: Run Behavior\WriteHtmlCacheBehavior [ RunTime:0.000410s ]
INFO: [ view_filter ] --END-- [ RunTime:0.000893s ]
INFO: [ app_end ] --START--
INFO: Run Behavior\ShowPageTraceBehavior [ RunTime:0.000684s ]
INFO: [ app_end ] --END-- [ RunTime:0.001161s ]

[ 2016-06-04T23:53:58+08:00 ] ::1 /zhxjmdc/1/index.php/Home/Article/article_detail?arid=46
INFO: [ app_init ] --START--
INFO: Run Behavior\BuildLiteBehavior [ RunTime:0.000132s ]
INFO: [ app_init ] --END-- [ RunTime:0.001284s ]
INFO: [ app_begin ] --START--
INFO: Run Behavior\ReadHtmlCacheBehavior [ RunTime:0.001147s ]
INFO: [ app_begin ] --END-- [ RunTime:0.001687s ]
SQL: SHOW COLUMNS FROM `zhx_article` [ RunTime:0.0006s ]
SQL: SHOW COLUMNS FROM `zhx_column` [ RunTime:0.0005s ]
SQL: SHOW COLUMNS FROM `zhx_articletype` [ RunTime:0.0010s ]
SQL: SHOW COLUMNS FROM `zhx_article_data` [ RunTime:0.0004s ]
SQL: UPDATE `zhx_article_data` SET `browse_count`=browse_count+1 WHERE `arid` = 46 [ RunTime:0.0005s ]
NOTIC: [2] Missing argument 3 for Home\Model\ArticleModel::get_article(), called in /Users/zhangxiang/PhpstormProjects/zhxjmdc/1/Application/Home/Controller/ArticleController.class.php on line 39 and defined /Users/zhangxiang/PhpstormProjects/zhxjmdc/1/Application/Home/Model/ArticleModel.class.php 第 38 行.
SQL: SHOW COLUMNS FROM `zhx_article` [ RunTime:0.0004s ]
SQL: SELECT * FROM `zhx_article` WHERE `arid` = 46 LIMIT 1   [ RunTime:0.0004s ]
SQL: SHOW COLUMNS FROM `zhx_articletype` [ RunTime:0.0004s ]
SQL: SELECT `typename` FROM `zhx_articletype` WHERE ( 1=1 AND aid='14' ) LIMIT 1   [ RunTime:0.0003s ]
SQL: SHOW COLUMNS FROM `zhx_article_data` [ RunTime:0.0004s ]
SQL: SELECT `comment_count`,`browse_count` FROM `zhx_article_data` WHERE ( 1=1 AND arid='46' ) LIMIT 1   [ RunTime:0.0003s ]
SQL: SHOW COLUMNS FROM `zhx_articlepic` [ RunTime:0.0004s ]
SQL: SELECT `path` FROM `zhx_articlepic` WHERE ( 1=1 AND arid='46' ) LIMIT 1   [ RunTime:0.0003s ]
SQL: SHOW COLUMNS FROM `zhx_comment` [ RunTime:0.0005s ]
SQL: SELECT * FROM `zhx_comment` WHERE `arid` = 46 AND `pcid` = 0 ORDER BY time desc  [ RunTime:0.0010s ]
SQL: SHOW COLUMNS FROM `zhx_column` [ RunTime:0.0006s ]
SQL: SELECT `name`,`href` FROM `zhx_column` WHERE `type` = 1 AND `status` = 1 ORDER BY column_order  [ RunTime:0.0003s ]
SQL: SHOW COLUMNS FROM `zhx_article` [ RunTime:0.0004s ]
SQL: SELECT `arid`,`title` FROM `zhx_article` WHERE ( status = 1 ) ORDER BY time LIMIT 6   [ RunTime:0.0004s ]
SQL: SHOW COLUMNS FROM `zhx_articletype` [ RunTime:0.0004s ]
SQL: SELECT * FROM `zhx_articletype`  [ RunTime:0.0003s ]
SQL: SHOW COLUMNS FROM `zhx_article` [ RunTime:0.0007s ]
SQL: SELECT `content`,`title`,`arid`,`time`,`describe`,`status` FROM `zhx_article` WHERE ( status = 1 AND aid='1' )  [ RunTime:0.0004s ]
SQL: SELECT `content`,`title`,`arid`,`time`,`describe`,`status` FROM `zhx_article` WHERE ( status = 1 AND aid='2' )  [ RunTime:0.0004s ]
SQL: SELECT `content`,`title`,`arid`,`time`,`describe`,`status` FROM `zhx_article` WHERE ( status = 1 AND aid='3' )  [ RunTime:0.0004s ]
SQL: SELECT `content`,`title`,`arid`,`time`,`describe`,`status` FROM `zhx_article` WHERE ( status = 1 AND aid='4' )  [ RunTime:0.0004s ]
SQL: SELECT `content`,`title`,`arid`,`time`,`describe`,`status` FROM `zhx_article` WHERE ( status = 1 AND aid='5' )  [ RunTime:0.0005s ]
SQL: SELECT `content`,`title`,`arid`,`time`,`describe`,`status` FROM `zhx_article` WHERE ( status = 1 AND aid='6' )  [ RunTime:0.0003s ]
SQL: SELECT `content`,`title`,`arid`,`time`,`describe`,`status` FROM `zhx_article` WHERE ( status = 1 AND aid='7' )  [ RunTime:0.0004s ]
SQL: SELECT `content`,`title`,`arid`,`time`,`describe`,`status` FROM `zhx_article` WHERE ( status = 1 AND aid='8' )  [ RunTime:0.0005s ]
SQL: SELECT `content`,`title`,`arid`,`time`,`describe`,`status` FROM `zhx_article` WHERE ( status = 1 AND aid='9' )  [ RunTime:0.0004s ]
SQL: SELECT `content`,`title`,`arid`,`time`,`describe`,`status` FROM `zhx_article` WHERE ( status = 1 AND aid='10' )  [ RunTime:0.0004s ]
SQL: SELECT `content`,`title`,`arid`,`time`,`describe`,`status` FROM `zhx_article` WHERE ( status = 1 AND aid='11' )  [ RunTime:0.0004s ]
SQL: SELECT `content`,`title`,`arid`,`time`,`describe`,`status` FROM `zhx_article` WHERE ( status = 1 AND aid='12' )  [ RunTime:0.0004s ]
SQL: SELECT `content`,`title`,`arid`,`time`,`describe`,`status` FROM `zhx_article` WHERE ( status = 1 AND aid='13' )  [ RunTime:0.0003s ]
SQL: SELECT `content`,`title`,`arid`,`time`,`describe`,`status` FROM `zhx_article` WHERE ( status = 1 AND aid='14' )  [ RunTime:0.0003s ]
SQL: SELECT `content`,`title`,`arid`,`time`,`describe`,`status` FROM `zhx_article` WHERE ( status = 1 AND aid='15' )  [ RunTime:0.0011s ]
SQL: SELECT `content`,`title`,`arid`,`time`,`describe`,`status` FROM `zhx_article` WHERE ( status = 1 AND aid='16' )  [ RunTime:0.0005s ]
SQL: SELECT `content`,`title`,`arid`,`time`,`describe`,`status` FROM `zhx_article` WHERE ( status = 1 AND aid='17' )  [ RunTime:0.0004s ]
SQL: SELECT COUNT(*) AS tp_count FROM `zhx_article` WHERE `status` = 1 LIMIT 1   [ RunTime:0.0004s ]
INFO: [ view_parse ] --START--
INFO: [ template_filter ] --START--
INFO: Run Behavior\ContentReplaceBehavior [ RunTime:0.000287s ]
INFO: [ template_filter ] --END-- [ RunTime:0.000876s ]
INFO: Run Behavior\ParseTemplateBehavior [ RunTime:0.069419s ]
INFO: [ view_parse ] --END-- [ RunTime:0.069919s ]
INFO: [ view_filter ] --START--
INFO: Run Behavior\WriteHtmlCacheBehavior [ RunTime:0.000964s ]
INFO: [ view_filter ] --END-- [ RunTime:0.001689s ]
INFO: [ app_end ] --START--
INFO: Run Behavior\ShowPageTraceBehavior [ RunTime:0.001002s ]
INFO: [ app_end ] --END-- [ RunTime:0.001801s ]

