[ 2016-05-03T22:12:24+08:00 ] ::1 /zhxjmdc/1/index.php/Home/Index/index
INFO: [ app_init ] --START--
INFO: Run Behavior\BuildLiteBehavior [ RunTime:0.000086s ]
INFO: [ app_init ] --END-- [ RunTime:0.000883s ]
INFO: [ app_begin ] --START--
INFO: Run Behavior\ReadHtmlCacheBehavior [ RunTime:0.000919s ]
INFO: [ app_begin ] --END-- [ RunTime:0.001290s ]
ERR: 无法加载数据库驱动: Think\Db\Driver\

[ 2016-05-03T22:24:35+08:00 ] ::1 /zhxjmdc/1/index.php/Home/Article/article_detail/arid/88.html
INFO: [ app_init ] --START--
INFO: Run Behavior\BuildLiteBehavior [ RunTime:0.000164s ]
INFO: [ app_init ] --END-- [ RunTime:0.001438s ]
INFO: [ app_begin ] --START--
INFO: Run Behavior\ReadHtmlCacheBehavior [ RunTime:0.000946s ]
INFO: [ app_begin ] --END-- [ RunTime:0.001355s ]
SQL: SHOW COLUMNS FROM `zhx_article` [ RunTime:0.0006s ]
SQL: SHOW COLUMNS FROM `zhx_column` [ RunTime:0.0005s ]
SQL: SHOW COLUMNS FROM `zhx_articletype` [ RunTime:0.0006s ]
NOTIC: [2] Missing argument 3 for Home\Model\ArticleModel::get_article(), called in /Users/zhangxiang/PhpstormProjects/zhxjmdc/1/Application/Home/Controller/ArticleController.class.php on line 39 and defined /Users/zhangxiang/PhpstormProjects/zhxjmdc/1/Application/Home/Model/ArticleModel.class.php 第 38 行.
SQL: SHOW COLUMNS FROM `zhx_article` [ RunTime:0.0006s ]
SQL: SELECT * FROM `zhx_article` WHERE `arid` = 88 LIMIT 1   [ RunTime:0.0004s ]
SQL: SHOW COLUMNS FROM `zhx_articletype` [ RunTime:0.0005s ]
SQL: SELECT `typename` FROM `zhx_articletype` WHERE ( 1=1 AND aid='6' ) LIMIT 1   [ RunTime:0.0003s ]
SQL: SHOW COLUMNS FROM `zhx_article_data` [ RunTime:0.0005s ]
SQL: SELECT `comment_count`,`browse_count` FROM `zhx_article_data` WHERE ( 1=1 AND arid='88' ) LIMIT 1   [ RunTime:0.0004s ]
SQL: SHOW COLUMNS FROM `zhx_articlepic` [ RunTime:0.0020s ]
SQL: SELECT `path` FROM `zhx_articlepic` WHERE ( 1=1 AND arid='88' ) LIMIT 1   [ RunTime:0.0006s ]
SQL: SHOW COLUMNS FROM `zhx_comment` [ RunTime:0.0011s ]
SQL: SELECT * FROM `zhx_comment` WHERE `arid` = 88 AND `pcid` = 0 ORDER BY time desc  [ RunTime:0.0004s ]
SQL: SHOW COLUMNS FROM `zhx_column` [ RunTime:0.0004s ]
SQL: SELECT `name`,`href` FROM `zhx_column` WHERE `type` = 1 AND `status` = 1 ORDER BY column_order  [ RunTime:0.0003s ]
SQL: SHOW COLUMNS FROM `zhx_article` [ RunTime:0.0005s ]
SQL: SELECT `arid`,`title` FROM `zhx_article` WHERE ( status = 1 ) ORDER BY time LIMIT 6   [ RunTime:0.0004s ]
SQL: SHOW COLUMNS FROM `zhx_articletype` [ RunTime:0.0004s ]
SQL: SELECT * FROM `zhx_articletype`  [ RunTime:0.0003s ]
SQL: SHOW COLUMNS FROM `zhx_article` [ RunTime:0.0005s ]
SQL: SELECT `content`,`title`,`arid`,`time`,`describe`,`status` FROM `zhx_article` WHERE ( status = 1 AND aid='1' )  [ RunTime:0.0005s ]
SQL: SELECT `content`,`title`,`arid`,`time`,`describe`,`status` FROM `zhx_article` WHERE ( status = 1 AND aid='2' )  [ RunTime:0.0004s ]
SQL: SELECT `content`,`title`,`arid`,`time`,`describe`,`status` FROM `zhx_article` WHERE ( status = 1 AND aid='3' )  [ RunTime:0.0004s ]
SQL: SELECT `content`,`title`,`arid`,`time`,`describe`,`status` FROM `zhx_article` WHERE ( status = 1 AND aid='4' )  [ RunTime:0.0005s ]
SQL: SELECT `content`,`title`,`arid`,`time`,`describe`,`status` FROM `zhx_article` WHERE ( status = 1 AND aid='5' )  [ RunTime:0.0005s ]
SQL: SELECT `content`,`title`,`arid`,`time`,`describe`,`status` FROM `zhx_article` WHERE ( status = 1 AND aid='6' )  [ RunTime:0.0006s ]
SQL: SELECT `content`,`title`,`arid`,`time`,`describe`,`status` FROM `zhx_article` WHERE ( status = 1 AND aid='7' )  [ RunTime:0.0004s ]
SQL: SELECT `content`,`title`,`arid`,`time`,`describe`,`status` FROM `zhx_article` WHERE ( status = 1 AND aid='8' )  [ RunTime:0.0004s ]
SQL: SELECT `content`,`title`,`arid`,`time`,`describe`,`status` FROM `zhx_article` WHERE ( status = 1 AND aid='9' )  [ RunTime:0.0008s ]
SQL: SELECT `content`,`title`,`arid`,`time`,`describe`,`status` FROM `zhx_article` WHERE ( status = 1 AND aid='10' )  [ RunTime:0.0004s ]
SQL: SELECT `content`,`title`,`arid`,`time`,`describe`,`status` FROM `zhx_article` WHERE ( status = 1 AND aid='11' )  [ RunTime:0.0004s ]
SQL: SELECT `content`,`title`,`arid`,`time`,`describe`,`status` FROM `zhx_article` WHERE ( status = 1 AND aid='12' )  [ RunTime:0.0004s ]
SQL: SELECT `content`,`title`,`arid`,`time`,`describe`,`status` FROM `zhx_article` WHERE ( status = 1 AND aid='13' )  [ RunTime:0.0004s ]
SQL: SELECT `content`,`title`,`arid`,`time`,`describe`,`status` FROM `zhx_article` WHERE ( status = 1 AND aid='14' )  [ RunTime:0.0004s ]
SQL: SELECT COUNT(*) AS tp_count FROM `zhx_article` WHERE `status` = 1 LIMIT 1   [ RunTime:0.0003s ]
INFO: [ view_parse ] --START--
INFO: [ template_filter ] --START--
INFO: Run Behavior\ContentReplaceBehavior [ RunTime:0.000226s ]
INFO: [ template_filter ] --END-- [ RunTime:0.000592s ]
INFO: Run Behavior\ParseTemplateBehavior [ RunTime:0.064747s ]
INFO: [ view_parse ] --END-- [ RunTime:0.065282s ]
INFO: [ view_filter ] --START--
INFO: Run Behavior\WriteHtmlCacheBehavior [ RunTime:0.000695s ]
INFO: [ view_filter ] --END-- [ RunTime:0.001310s ]
INFO: [ app_end ] --START--
INFO: Run Behavior\ShowPageTraceBehavior [ RunTime:0.001112s ]
INFO: [ app_end ] --END-- [ RunTime:0.001692s ]

[ 2016-05-03T22:24:45+08:00 ] ::1 /zhxjmdc/1/index.php/Home/Index/index
INFO: [ app_init ] --START--
INFO: Run Behavior\BuildLiteBehavior [ RunTime:0.000091s ]
INFO: [ app_init ] --END-- [ RunTime:0.001047s ]
INFO: [ app_begin ] --START--
INFO: Run Behavior\ReadHtmlCacheBehavior [ RunTime:0.000718s ]
INFO: [ app_begin ] --END-- [ RunTime:0.002356s ]
SQL: SHOW COLUMNS FROM `zhx_article` [ RunTime:0.0006s ]
SQL: SHOW COLUMNS FROM `zhx_column` [ RunTime:0.0006s ]
SQL: SHOW COLUMNS FROM `zhx_articletype` [ RunTime:0.0005s ]
SQL: SHOW COLUMNS FROM `zhx_jotting` [ RunTime:0.0010s ]
SQL: SHOW COLUMNS FROM `zhx_share` [ RunTime:0.0017s ]
SQL: SHOW COLUMNS FROM `zhx_column` [ RunTime:0.0005s ]
SQL: SELECT `name`,`href` FROM `zhx_column` WHERE `type` = 1 AND `status` = 1 ORDER BY column_order  [ RunTime:0.0004s ]
SQL: SHOW COLUMNS FROM `zhx_article` [ RunTime:0.0005s ]
SQL: SELECT `arid`,`title` FROM `zhx_article` WHERE ( status = 1 ) ORDER BY time LIMIT 6   [ RunTime:0.0004s ]
SQL: SHOW COLUMNS FROM `zhx_articletype` [ RunTime:0.0005s ]
SQL: SELECT * FROM `zhx_articletype`  [ RunTime:0.0004s ]
SQL: SHOW COLUMNS FROM `zhx_article` [ RunTime:0.0005s ]
SQL: SELECT `content`,`title`,`arid`,`time`,`describe`,`status` FROM `zhx_article` WHERE ( status = 1 AND aid='1' )  [ RunTime:0.0009s ]
SQL: SELECT `content`,`title`,`arid`,`time`,`describe`,`status` FROM `zhx_article` WHERE ( status = 1 AND aid='2' )  [ RunTime:0.0004s ]
SQL: SELECT `content`,`title`,`arid`,`time`,`describe`,`status` FROM `zhx_article` WHERE ( status = 1 AND aid='3' )  [ RunTime:0.0004s ]
SQL: SELECT `content`,`title`,`arid`,`time`,`describe`,`status` FROM `zhx_article` WHERE ( status = 1 AND aid='4' )  [ RunTime:0.0004s ]
SQL: SELECT `content`,`title`,`arid`,`time`,`describe`,`status` FROM `zhx_article` WHERE ( status = 1 AND aid='5' )  [ RunTime:0.0004s ]
SQL: SELECT `content`,`title`,`arid`,`time`,`describe`,`status` FROM `zhx_article` WHERE ( status = 1 AND aid='6' )  [ RunTime:0.0005s ]
SQL: SELECT `content`,`title`,`arid`,`time`,`describe`,`status` FROM `zhx_article` WHERE ( status = 1 AND aid='7' )  [ RunTime:0.0004s ]
SQL: SELECT `content`,`title`,`arid`,`time`,`describe`,`status` FROM `zhx_article` WHERE ( status = 1 AND aid='8' )  [ RunTime:0.0004s ]
SQL: SELECT `content`,`title`,`arid`,`time`,`describe`,`status` FROM `zhx_article` WHERE ( status = 1 AND aid='9' )  [ RunTime:0.0005s ]
SQL: SELECT `content`,`title`,`arid`,`time`,`describe`,`status` FROM `zhx_article` WHERE ( status = 1 AND aid='10' )  [ RunTime:0.0008s ]
SQL: SELECT `content`,`title`,`arid`,`time`,`describe`,`status` FROM `zhx_article` WHERE ( status = 1 AND aid='11' )  [ RunTime:0.0005s ]
SQL: SELECT `content`,`title`,`arid`,`time`,`describe`,`status` FROM `zhx_article` WHERE ( status = 1 AND aid='12' )  [ RunTime:0.0004s ]
SQL: SELECT `content`,`title`,`arid`,`time`,`describe`,`status` FROM `zhx_article` WHERE ( status = 1 AND aid='13' )  [ RunTime:0.0004s ]
SQL: SELECT `content`,`title`,`arid`,`time`,`describe`,`status` FROM `zhx_article` WHERE ( status = 1 AND aid='14' )  [ RunTime:0.0004s ]
SQL: SHOW COLUMNS FROM `zhx_article` [ RunTime:0.0005s ]
SQL: SELECT COUNT(*) AS tp_count FROM `zhx_article` WHERE `status` = 1 LIMIT 1   [ RunTime:0.0004s ]
SQL: SELECT * FROM `zhx_article` WHERE `status` = 1 ORDER BY time desc LIMIT 0,5   [ RunTime:0.0005s ]
SQL: SHOW COLUMNS FROM `zhx_articletype` [ RunTime:0.0006s ]
SQL: SELECT `typename` FROM `zhx_articletype` WHERE ( 1=1 AND aid='5' ) LIMIT 1   [ RunTime:0.0004s ]
SQL: SHOW COLUMNS FROM `zhx_article_data` [ RunTime:0.0004s ]
SQL: SELECT `comment_count`,`browse_count` FROM `zhx_article_data` WHERE ( 1=1 AND arid='122' ) LIMIT 1   [ RunTime:0.0003s ]
SQL: SHOW COLUMNS FROM `zhx_articlepic` [ RunTime:0.0005s ]
SQL: SELECT `path` FROM `zhx_articlepic` WHERE ( 1=1 AND arid='122' ) LIMIT 1   [ RunTime:0.0003s ]
SQL: SELECT `typename` FROM `zhx_articletype` WHERE ( 1=1 AND aid='1' ) LIMIT 1   [ RunTime:0.0003s ]
SQL: SELECT `comment_count`,`browse_count` FROM `zhx_article_data` WHERE ( 1=1 AND arid='73' ) LIMIT 1   [ RunTime:0.0003s ]
SQL: SELECT `path` FROM `zhx_articlepic` WHERE ( 1=1 AND arid='73' ) LIMIT 1   [ RunTime:0.0003s ]
SQL: SELECT `typename` FROM `zhx_articletype` WHERE ( 1=1 AND aid='0' ) LIMIT 1   [ RunTime:0.0003s ]
SQL: SELECT `comment_count`,`browse_count` FROM `zhx_article_data` WHERE ( 1=1 AND arid='121' ) LIMIT 1   [ RunTime:0.0003s ]
SQL: SELECT `path` FROM `zhx_articlepic` WHERE ( 1=1 AND arid='121' ) LIMIT 1   [ RunTime:0.0003s ]
SQL: SELECT `typename` FROM `zhx_articletype` WHERE ( 1=1 AND aid='7' ) LIMIT 1   [ RunTime:0.0003s ]
SQL: SELECT `comment_count`,`browse_count` FROM `zhx_article_data` WHERE ( 1=1 AND arid='120' ) LIMIT 1   [ RunTime:0.0003s ]
SQL: SELECT `path` FROM `zhx_articlepic` WHERE ( 1=1 AND arid='120' ) LIMIT 1   [ RunTime:0.0003s ]
SQL: SELECT `typename` FROM `zhx_articletype` WHERE ( 1=1 AND aid='0' ) LIMIT 1   [ RunTime:0.0005s ]
SQL: SELECT `comment_count`,`browse_count` FROM `zhx_article_data` WHERE ( 1=1 AND arid='118' ) LIMIT 1   [ RunTime:0.0003s ]
SQL: SELECT `path` FROM `zhx_articlepic` WHERE ( 1=1 AND arid='118' ) LIMIT 1   [ RunTime:0.0003s ]
SQL: SELECT COUNT(*) AS tp_count FROM `zhx_article` WHERE `status` = 1 LIMIT 1   [ RunTime:0.0003s ]
INFO: [ view_parse ] --START--
INFO: [ template_filter ] --START--
INFO: Run Behavior\ContentReplaceBehavior [ RunTime:0.000208s ]
INFO: [ template_filter ] --END-- [ RunTime:0.000609s ]
INFO: Run Behavior\ParseTemplateBehavior [ RunTime:0.057978s ]
INFO: [ view_parse ] --END-- [ RunTime:0.058352s ]
INFO: [ view_filter ] --START--
INFO: Run Behavior\WriteHtmlCacheBehavior [ RunTime:0.000471s ]
INFO: [ view_filter ] --END-- [ RunTime:0.001969s ]
INFO: [ app_end ] --START--
INFO: Run Behavior\ShowPageTraceBehavior [ RunTime:0.000702s ]
INFO: [ app_end ] --END-- [ RunTime:0.001087s ]

[ 2016-05-03T22:25:08+08:00 ] ::1 /zhxjmdc/1/index.php/Home/Index/index
INFO: [ app_init ] --START--
INFO: Run Behavior\BuildLiteBehavior [ RunTime:0.000118s ]
INFO: [ app_init ] --END-- [ RunTime:0.001175s ]
INFO: [ app_begin ] --START--
INFO: Run Behavior\ReadHtmlCacheBehavior [ RunTime:0.000912s ]
INFO: [ app_begin ] --END-- [ RunTime:0.001317s ]
SQL: SHOW COLUMNS FROM `zhx_article` [ RunTime:0.0009s ]
SQL: SHOW COLUMNS FROM `zhx_column` [ RunTime:0.0006s ]
SQL: SHOW COLUMNS FROM `zhx_articletype` [ RunTime:0.0005s ]
SQL: SHOW COLUMNS FROM `zhx_jotting` [ RunTime:0.0005s ]
SQL: SHOW COLUMNS FROM `zhx_share` [ RunTime:0.0005s ]
SQL: SHOW COLUMNS FROM `zhx_column` [ RunTime:0.0005s ]
SQL: SELECT `name`,`href` FROM `zhx_column` WHERE `type` = 1 AND `status` = 1 ORDER BY column_order  [ RunTime:0.0003s ]
SQL: SHOW COLUMNS FROM `zhx_article` [ RunTime:0.0005s ]
SQL: SELECT `arid`,`title` FROM `zhx_article` WHERE ( status = 1 ) ORDER BY time LIMIT 6   [ RunTime:0.0004s ]
SQL: SHOW COLUMNS FROM `zhx_articletype` [ RunTime:0.0005s ]
SQL: SELECT * FROM `zhx_articletype`  [ RunTime:0.0008s ]
SQL: SHOW COLUMNS FROM `zhx_article` [ RunTime:0.0005s ]
SQL: SELECT `content`,`title`,`arid`,`time`,`describe`,`status` FROM `zhx_article` WHERE ( status = 1 AND aid='1' )  [ RunTime:0.0005s ]
SQL: SELECT `content`,`title`,`arid`,`time`,`describe`,`status` FROM `zhx_article` WHERE ( status = 1 AND aid='2' )  [ RunTime:0.0004s ]
SQL: SELECT `content`,`title`,`arid`,`time`,`describe`,`status` FROM `zhx_article` WHERE ( status = 1 AND aid='3' )  [ RunTime:0.0004s ]
SQL: SELECT `content`,`title`,`arid`,`time`,`describe`,`status` FROM `zhx_article` WHERE ( status = 1 AND aid='4' )  [ RunTime:0.0005s ]
SQL: SELECT `content`,`title`,`arid`,`time`,`describe`,`status` FROM `zhx_article` WHERE ( status = 1 AND aid='5' )  [ RunTime:0.0004s ]
SQL: SELECT `content`,`title`,`arid`,`time`,`describe`,`status` FROM `zhx_article` WHERE ( status = 1 AND aid='6' )  [ RunTime:0.0006s ]
SQL: SELECT `content`,`title`,`arid`,`time`,`describe`,`status` FROM `zhx_article` WHERE ( status = 1 AND aid='7' )  [ RunTime:0.0004s ]
SQL: SELECT `content`,`title`,`arid`,`time`,`describe`,`status` FROM `zhx_article` WHERE ( status = 1 AND aid='8' )  [ RunTime:0.0004s ]
SQL: SELECT `content`,`title`,`arid`,`time`,`describe`,`status` FROM `zhx_article` WHERE ( status = 1 AND aid='9' )  [ RunTime:0.0005s ]
SQL: SELECT `content`,`title`,`arid`,`time`,`describe`,`status` FROM `zhx_article` WHERE ( status = 1 AND aid='10' )  [ RunTime:0.0004s ]
SQL: SELECT `content`,`title`,`arid`,`time`,`describe`,`status` FROM `zhx_article` WHERE ( status = 1 AND aid='11' )  [ RunTime:0.0005s ]
SQL: SELECT `content`,`title`,`arid`,`time`,`describe`,`status` FROM `zhx_article` WHERE ( status = 1 AND aid='12' )  [ RunTime:0.0016s ]
SQL: SELECT `content`,`title`,`arid`,`time`,`describe`,`status` FROM `zhx_article` WHERE ( status = 1 AND aid='13' )  [ RunTime:0.0005s ]
SQL: SELECT `content`,`title`,`arid`,`time`,`describe`,`status` FROM `zhx_article` WHERE ( status = 1 AND aid='14' )  [ RunTime:0.0004s ]
SQL: SHOW COLUMNS FROM `zhx_article` [ RunTime:0.0005s ]
SQL: SELECT COUNT(*) AS tp_count FROM `zhx_article` WHERE `status` = 1 LIMIT 1   [ RunTime:0.0003s ]
SQL: SELECT * FROM `zhx_article` WHERE `status` = 1 ORDER BY time desc LIMIT 0,5   [ RunTime:0.0004s ]
SQL: SHOW COLUMNS FROM `zhx_articletype` [ RunTime:0.0012s ]
SQL: SELECT `typename` FROM `zhx_articletype` WHERE ( 1=1 AND aid='5' ) LIMIT 1   [ RunTime:0.0004s ]
SQL: SHOW COLUMNS FROM `zhx_article_data` [ RunTime:0.0005s ]
SQL: SELECT `comment_count`,`browse_count` FROM `zhx_article_data` WHERE ( 1=1 AND arid='122' ) LIMIT 1   [ RunTime:0.0004s ]
SQL: SHOW COLUMNS FROM `zhx_articlepic` [ RunTime:0.0004s ]
SQL: SELECT `path` FROM `zhx_articlepic` WHERE ( 1=1 AND arid='122' ) LIMIT 1   [ RunTime:0.0003s ]
SQL: SELECT `typename` FROM `zhx_articletype` WHERE ( 1=1 AND aid='1' ) LIMIT 1   [ RunTime:0.0003s ]
SQL: SELECT `comment_count`,`browse_count` FROM `zhx_article_data` WHERE ( 1=1 AND arid='73' ) LIMIT 1   [ RunTime:0.0003s ]
SQL: SELECT `path` FROM `zhx_articlepic` WHERE ( 1=1 AND arid='73' ) LIMIT 1   [ RunTime:0.0003s ]
SQL: SELECT `typename` FROM `zhx_articletype` WHERE ( 1=1 AND aid='0' ) LIMIT 1   [ RunTime:0.0003s ]
SQL: SELECT `comment_count`,`browse_count` FROM `zhx_article_data` WHERE ( 1=1 AND arid='121' ) LIMIT 1   [ RunTime:0.0003s ]
SQL: SELECT `path` FROM `zhx_articlepic` WHERE ( 1=1 AND arid='121' ) LIMIT 1   [ RunTime:0.0004s ]
SQL: SELECT `typename` FROM `zhx_articletype` WHERE ( 1=1 AND aid='7' ) LIMIT 1   [ RunTime:0.0008s ]
SQL: SELECT `comment_count`,`browse_count` FROM `zhx_article_data` WHERE ( 1=1 AND arid='120' ) LIMIT 1   [ RunTime:0.0003s ]
SQL: SELECT `path` FROM `zhx_articlepic` WHERE ( 1=1 AND arid='120' ) LIMIT 1   [ RunTime:0.0003s ]
SQL: SELECT `typename` FROM `zhx_articletype` WHERE ( 1=1 AND aid='0' ) LIMIT 1   [ RunTime:0.0003s ]
SQL: SELECT `comment_count`,`browse_count` FROM `zhx_article_data` WHERE ( 1=1 AND arid='118' ) LIMIT 1   [ RunTime:0.0004s ]
SQL: SELECT `path` FROM `zhx_articlepic` WHERE ( 1=1 AND arid='118' ) LIMIT 1   [ RunTime:0.0003s ]
SQL: SELECT COUNT(*) AS tp_count FROM `zhx_article` WHERE `status` = 1 LIMIT 1   [ RunTime:0.0003s ]
INFO: [ view_parse ] --START--
INFO: [ template_filter ] --START--
INFO: Run Behavior\ContentReplaceBehavior [ RunTime:0.000222s ]
INFO: [ template_filter ] --END-- [ RunTime:0.000685s ]
INFO: Run Behavior\ParseTemplateBehavior [ RunTime:0.057573s ]
INFO: [ view_parse ] --END-- [ RunTime:0.058031s ]
INFO: [ view_filter ] --START--
INFO: Run Behavior\WriteHtmlCacheBehavior [ RunTime:0.000816s ]
INFO: [ view_filter ] --END-- [ RunTime:0.001323s ]
INFO: [ app_end ] --START--
INFO: Run Behavior\ShowPageTraceBehavior [ RunTime:0.001159s ]
INFO: [ app_end ] --END-- [ RunTime:0.002819s ]

