[ 2016-05-18T00:30:58+08:00 ] ::1 /zhxjmdc/1/index.php
INFO: [ app_init ] --START--
INFO: Run Behavior\BuildLiteBehavior [ RunTime:0.000111s ]
INFO: [ app_init ] --END-- [ RunTime:0.001034s ]
INFO: [ app_begin ] --START--
INFO: Run Behavior\ReadHtmlCacheBehavior [ RunTime:0.000714s ]
INFO: [ app_begin ] --END-- [ RunTime:0.001174s ]
ERR: 无法加载数据库驱动: Think\Db\Driver\

[ 2016-05-18T14:34:33+08:00 ] ::1 /zhxjmdc/1/index.php/Home/Article/article_detail/arid/116.html
INFO: [ app_init ] --START--
INFO: Run Behavior\BuildLiteBehavior [ RunTime:0.000167s ]
INFO: [ app_init ] --END-- [ RunTime:0.000977s ]
INFO: [ app_begin ] --START--
INFO: Run Behavior\ReadHtmlCacheBehavior [ RunTime:0.000798s ]
INFO: [ app_begin ] --END-- [ RunTime:0.001154s ]
ERR: 无法加载数据库驱动: Think\Db\Driver\

[ 2016-05-18T14:55:56+08:00 ] ::1 /zhxjmdc/1/index.php/Home/Article/article_detail/arid/116.html
INFO: [ app_init ] --START--
INFO: Run Behavior\BuildLiteBehavior [ RunTime:0.000113s ]
INFO: [ app_init ] --END-- [ RunTime:0.000926s ]
INFO: [ app_begin ] --START--
INFO: Run Behavior\ReadHtmlCacheBehavior [ RunTime:0.000617s ]
INFO: [ app_begin ] --END-- [ RunTime:0.001006s ]
ERR: 无法加载数据库驱动: Think\Db\Driver\

[ 2016-05-18T23:53:27+08:00 ] ::1 /zhxjmdc/1/index.php
INFO: [ app_init ] --START--
INFO: Run Behavior\BuildLiteBehavior [ RunTime:0.000093s ]
INFO: [ app_init ] --END-- [ RunTime:0.000757s ]
INFO: [ app_begin ] --START--
INFO: Run Behavior\ReadHtmlCacheBehavior [ RunTime:0.000687s ]
INFO: [ app_begin ] --END-- [ RunTime:0.001064s ]
ERR: 无法加载数据库驱动: Think\Db\Driver\

