[ 2016-05-29T22:28:21+08:00 ] ::1 /zhxjmdc/1/index.php/Home/Article/article_detail?arid=44
INFO: [ app_init ] --START--
INFO: Run Behavior\BuildLiteBehavior [ RunTime:0.000083s ]
INFO: [ app_init ] --END-- [ RunTime:0.000765s ]
INFO: [ app_begin ] --START--
INFO: Run Behavior\ReadHtmlCacheBehavior [ RunTime:0.000599s ]
INFO: [ app_begin ] --END-- [ RunTime:0.000947s ]
SQL: SHOW COLUMNS FROM `zhx_article` [ RunTime:0.0006s ]
SQL: SHOW COLUMNS FROM `zhx_column` [ RunTime:0.0016s ]
SQL: SHOW COLUMNS FROM `zhx_articletype` [ RunTime:0.0005s ]
SQL: SHOW COLUMNS FROM `zhx_article_data` [ RunTime:0.0005s ]
SQL: UPDATE `zhx_article_data` SET `browse_count`=browse_count+1 WHERE `arid` = 44 [ RunTime:0.0005s ]
NOTIC: [2] Missing argument 3 for Home\Model\ArticleModel::get_article(), called in /Users/zhangxiang/PhpstormProjects/zhxjmdc/1/Application/Home/Controller/ArticleController.class.php on line 39 and defined /Users/zhangxiang/PhpstormProjects/zhxjmdc/1/Application/Home/Model/ArticleModel.class.php 第 38 行.
SQL: SHOW COLUMNS FROM `zhx_article` [ RunTime:0.0005s ]
SQL: SELECT * FROM `zhx_article` WHERE `arid` = 44 LIMIT 1   [ RunTime:0.0003s ]
SQL: SHOW COLUMNS FROM `zhx_articletype` [ RunTime:0.0004s ]
SQL: SELECT `typename` FROM `zhx_articletype` WHERE ( 1=1 AND aid='5' ) LIMIT 1   [ RunTime:0.0003s ]
SQL: SHOW COLUMNS FROM `zhx_article_data` [ RunTime:0.0004s ]
SQL: SELECT `comment_count`,`browse_count` FROM `zhx_article_data` WHERE ( 1=1 AND arid='44' ) LIMIT 1   [ RunTime:0.0005s ]
SQL: SHOW COLUMNS FROM `zhx_articlepic` [ RunTime:0.0005s ]
SQL: SELECT `path` FROM `zhx_articlepic` WHERE ( 1=1 AND arid='44' ) LIMIT 1   [ RunTime:0.0003s ]
SQL: SHOW COLUMNS FROM `zhx_comment` [ RunTime:0.0011s ]
SQL: SELECT * FROM `zhx_comment` WHERE `arid` = 44 AND `pcid` = 0 ORDER BY time desc  [ RunTime:0.0004s ]
SQL: SHOW COLUMNS FROM `zhx_column` [ RunTime:0.0004s ]
SQL: SELECT `name`,`href` FROM `zhx_column` WHERE `type` = 1 AND `status` = 1 ORDER BY column_order  [ RunTime:0.0005s ]
SQL: SHOW COLUMNS FROM `zhx_article` [ RunTime:0.0004s ]
SQL: SELECT `arid`,`title` FROM `zhx_article` WHERE ( status = 1 ) ORDER BY time LIMIT 6   [ RunTime:0.0003s ]
SQL: SHOW COLUMNS FROM `zhx_articletype` [ RunTime:0.0007s ]
SQL: SELECT * FROM `zhx_articletype`  [ RunTime:0.0004s ]
SQL: SHOW COLUMNS FROM `zhx_article` [ RunTime:0.0005s ]
SQL: SELECT `content`,`title`,`arid`,`time`,`describe`,`status` FROM `zhx_article` WHERE ( status = 1 AND aid='1' )  [ RunTime:0.0005s ]
SQL: SELECT `content`,`title`,`arid`,`time`,`describe`,`status` FROM `zhx_article` WHERE ( status = 1 AND aid='2' )  [ RunTime:0.0005s ]
SQL: SELECT `content`,`title`,`arid`,`time`,`describe`,`status` FROM `zhx_article` WHERE ( status = 1 AND aid='3' )  [ RunTime:0.0004s ]
SQL: SELECT `content`,`title`,`arid`,`time`,`describe`,`status` FROM `zhx_article` WHERE ( status = 1 AND aid='4' )  [ RunTime:0.0003s ]
SQL: SELECT `content`,`title`,`arid`,`time`,`describe`,`status` FROM `zhx_article` WHERE ( status = 1 AND aid='5' )  [ RunTime:0.0005s ]
SQL: SELECT `content`,`title`,`arid`,`time`,`describe`,`status` FROM `zhx_article` WHERE ( status = 1 AND aid='6' )  [ RunTime:0.0003s ]
SQL: SELECT `content`,`title`,`arid`,`time`,`describe`,`status` FROM `zhx_article` WHERE ( status = 1 AND aid='7' )  [ RunTime:0.0004s ]
SQL: SELECT `content`,`title`,`arid`,`time`,`describe`,`status` FROM `zhx_article` WHERE ( status = 1 AND aid='8' )  [ RunTime:0.0006s ]
SQL: SELECT `content`,`title`,`arid`,`time`,`describe`,`status` FROM `zhx_article` WHERE ( status = 1 AND aid='9' )  [ RunTime:0.0004s ]
SQL: SELECT `content`,`title`,`arid`,`time`,`describe`,`status` FROM `zhx_article` WHERE ( status = 1 AND aid='10' )  [ RunTime:0.0003s ]
SQL: SELECT `content`,`title`,`arid`,`time`,`describe`,`status` FROM `zhx_article` WHERE ( status = 1 AND aid='11' )  [ RunTime:0.0004s ]
SQL: SELECT `content`,`title`,`arid`,`time`,`describe`,`status` FROM `zhx_article` WHERE ( status = 1 AND aid='12' )  [ RunTime:0.0004s ]
SQL: SELECT `content`,`title`,`arid`,`time`,`describe`,`status` FROM `zhx_article` WHERE ( status = 1 AND aid='13' )  [ RunTime:0.0004s ]
SQL: SELECT `content`,`title`,`arid`,`time`,`describe`,`status` FROM `zhx_article` WHERE ( status = 1 AND aid='14' )  [ RunTime:0.0004s ]
SQL: SELECT `content`,`title`,`arid`,`time`,`describe`,`status` FROM `zhx_article` WHERE ( status = 1 AND aid='15' )  [ RunTime:0.0004s ]
SQL: SELECT `content`,`title`,`arid`,`time`,`describe`,`status` FROM `zhx_article` WHERE ( status = 1 AND aid='16' )  [ RunTime:0.0007s ]
SQL: SELECT `content`,`title`,`arid`,`time`,`describe`,`status` FROM `zhx_article` WHERE ( status = 1 AND aid='17' )  [ RunTime:0.0004s ]
SQL: SELECT COUNT(*) AS tp_count FROM `zhx_article` WHERE `status` = 1 LIMIT 1   [ RunTime:0.0003s ]
INFO: [ view_parse ] --START--
INFO: [ template_filter ] --START--
INFO: Run Behavior\ContentReplaceBehavior [ RunTime:0.000215s ]
INFO: [ template_filter ] --END-- [ RunTime:0.000608s ]
INFO: Run Behavior\ParseTemplateBehavior [ RunTime:0.058852s ]
INFO: [ view_parse ] --END-- [ RunTime:0.059247s ]
INFO: [ view_filter ] --START--
INFO: Run Behavior\WriteHtmlCacheBehavior [ RunTime:0.000479s ]
INFO: [ view_filter ] --END-- [ RunTime:0.000888s ]
INFO: [ app_end ] --START--
INFO: Run Behavior\ShowPageTraceBehavior [ RunTime:0.000787s ]
INFO: [ app_end ] --END-- [ RunTime:0.001211s ]

[ 2016-05-29T22:29:09+08:00 ] ::1 /zhxjmdc/1/index.php/Home/Article/article_detail?arid=44
INFO: [ app_init ] --START--
INFO: Run Behavior\BuildLiteBehavior [ RunTime:0.000109s ]
INFO: [ app_init ] --END-- [ RunTime:0.000964s ]
INFO: [ app_begin ] --START--
INFO: Run Behavior\ReadHtmlCacheBehavior [ RunTime:0.000622s ]
INFO: [ app_begin ] --END-- [ RunTime:0.001000s ]
SQL: SHOW COLUMNS FROM `zhx_article` [ RunTime:0.0005s ]
SQL: SHOW COLUMNS FROM `zhx_column` [ RunTime:0.0005s ]
SQL: SHOW COLUMNS FROM `zhx_articletype` [ RunTime:0.0006s ]
NOTIC: [2] Missing argument 3 for Home\Model\ArticleModel::get_article(), called in /Users/zhangxiang/PhpstormProjects/zhxjmdc/1/Application/Home/Controller/ArticleController.class.php on line 39 and defined /Users/zhangxiang/PhpstormProjects/zhxjmdc/1/Application/Home/Model/ArticleModel.class.php 第 38 行.
SQL: SHOW COLUMNS FROM `zhx_article` [ RunTime:0.0005s ]
SQL: SELECT * FROM `zhx_article` WHERE `arid` = 44 LIMIT 1   [ RunTime:0.0004s ]
SQL: SHOW COLUMNS FROM `zhx_articletype` [ RunTime:0.0005s ]
SQL: SELECT `typename` FROM `zhx_articletype` WHERE ( 1=1 AND aid='5' ) LIMIT 1   [ RunTime:0.0003s ]
SQL: SHOW COLUMNS FROM `zhx_article_data` [ RunTime:0.0008s ]
SQL: SELECT `comment_count`,`browse_count` FROM `zhx_article_data` WHERE ( 1=1 AND arid='44' ) LIMIT 1   [ RunTime:0.0003s ]
SQL: SHOW COLUMNS FROM `zhx_articlepic` [ RunTime:0.0004s ]
SQL: SELECT `path` FROM `zhx_articlepic` WHERE ( 1=1 AND arid='44' ) LIMIT 1   [ RunTime:0.0003s ]
SQL: SHOW COLUMNS FROM `zhx_comment` [ RunTime:0.0005s ]
SQL: SELECT * FROM `zhx_comment` WHERE `arid` = 44 AND `pcid` = 0 ORDER BY time desc  [ RunTime:0.0003s ]
SQL: SHOW COLUMNS FROM `zhx_column` [ RunTime:0.0005s ]
SQL: SELECT `name`,`href` FROM `zhx_column` WHERE `type` = 1 AND `status` = 1 ORDER BY column_order  [ RunTime:0.0003s ]
SQL: SHOW COLUMNS FROM `zhx_article` [ RunTime:0.0004s ]
SQL: SELECT `arid`,`title` FROM `zhx_article` WHERE ( status = 1 ) ORDER BY time LIMIT 6   [ RunTime:0.0004s ]
SQL: SHOW COLUMNS FROM `zhx_articletype` [ RunTime:0.0005s ]
SQL: SELECT * FROM `zhx_articletype`  [ RunTime:0.0005s ]
SQL: SHOW COLUMNS FROM `zhx_article` [ RunTime:0.0004s ]
SQL: SELECT `content`,`title`,`arid`,`time`,`describe`,`status` FROM `zhx_article` WHERE ( status = 1 AND aid='1' )  [ RunTime:0.0004s ]
SQL: SELECT `content`,`title`,`arid`,`time`,`describe`,`status` FROM `zhx_article` WHERE ( status = 1 AND aid='2' )  [ RunTime:0.0003s ]
SQL: SELECT `content`,`title`,`arid`,`time`,`describe`,`status` FROM `zhx_article` WHERE ( status = 1 AND aid='3' )  [ RunTime:0.0004s ]
SQL: SELECT `content`,`title`,`arid`,`time`,`describe`,`status` FROM `zhx_article` WHERE ( status = 1 AND aid='4' )  [ RunTime:0.0005s ]
SQL: SELECT `content`,`title`,`arid`,`time`,`describe`,`status` FROM `zhx_article` WHERE ( status = 1 AND aid='5' )  [ RunTime:0.0004s ]
SQL: SELECT `content`,`title`,`arid`,`time`,`describe`,`status` FROM `zhx_article` WHERE ( status = 1 AND aid='6' )  [ RunTime:0.0004s ]
SQL: SELECT `content`,`title`,`arid`,`time`,`describe`,`status` FROM `zhx_article` WHERE ( status = 1 AND aid='7' )  [ RunTime:0.0006s ]
SQL: SELECT `content`,`title`,`arid`,`time`,`describe`,`status` FROM `zhx_article` WHERE ( status = 1 AND aid='8' )  [ RunTime:0.0004s ]
SQL: SELECT `content`,`title`,`arid`,`time`,`describe`,`status` FROM `zhx_article` WHERE ( status = 1 AND aid='9' )  [ RunTime:0.0004s ]
SQL: SELECT `content`,`title`,`arid`,`time`,`describe`,`status` FROM `zhx_article` WHERE ( status = 1 AND aid='10' )  [ RunTime:0.0004s ]
SQL: SELECT `content`,`title`,`arid`,`time`,`describe`,`status` FROM `zhx_article` WHERE ( status = 1 AND aid='11' )  [ RunTime:0.0004s ]
SQL: SELECT `content`,`title`,`arid`,`time`,`describe`,`status` FROM `zhx_article` WHERE ( status = 1 AND aid='12' )  [ RunTime:0.0004s ]
SQL: SELECT `content`,`title`,`arid`,`time`,`describe`,`status` FROM `zhx_article` WHERE ( status = 1 AND aid='13' )  [ RunTime:0.0004s ]
SQL: SELECT `content`,`title`,`arid`,`time`,`describe`,`status` FROM `zhx_article` WHERE ( status = 1 AND aid='14' )  [ RunTime:0.0004s ]
SQL: SELECT `content`,`title`,`arid`,`time`,`describe`,`status` FROM `zhx_article` WHERE ( status = 1 AND aid='15' )  [ RunTime:0.0004s ]
SQL: SELECT `content`,`title`,`arid`,`time`,`describe`,`status` FROM `zhx_article` WHERE ( status = 1 AND aid='16' )  [ RunTime:0.0004s ]
SQL: SELECT `content`,`title`,`arid`,`time`,`describe`,`status` FROM `zhx_article` WHERE ( status = 1 AND aid='17' )  [ RunTime:0.0006s ]
SQL: SELECT COUNT(*) AS tp_count FROM `zhx_article` WHERE `status` = 1 LIMIT 1   [ RunTime:0.0003s ]
INFO: [ view_parse ] --START--
INFO: [ template_filter ] --START--
INFO: Run Behavior\ContentReplaceBehavior [ RunTime:0.000200s ]
INFO: [ template_filter ] --END-- [ RunTime:0.000587s ]
INFO: Run Behavior\ParseTemplateBehavior [ RunTime:0.055628s ]
INFO: [ view_parse ] --END-- [ RunTime:0.055993s ]
INFO: [ view_filter ] --START--
INFO: Run Behavior\WriteHtmlCacheBehavior [ RunTime:0.000316s ]
INFO: [ view_filter ] --END-- [ RunTime:0.000683s ]
INFO: [ app_end ] --START--
INFO: Run Behavior\ShowPageTraceBehavior [ RunTime:0.000648s ]
INFO: [ app_end ] --END-- [ RunTime:0.000989s ]

[ 2016-05-29T22:30:45+08:00 ] ::1 /zhxjmdc/1/index.php/Home/Article/article_detail?arid=44
INFO: [ app_init ] --START--
INFO: Run Behavior\BuildLiteBehavior [ RunTime:0.000104s ]
INFO: [ app_init ] --END-- [ RunTime:0.001007s ]
INFO: [ app_begin ] --START--
INFO: Run Behavior\ReadHtmlCacheBehavior [ RunTime:0.000763s ]
INFO: [ app_begin ] --END-- [ RunTime:0.001518s ]
SQL: SHOW COLUMNS FROM `zhx_article` [ RunTime:0.0006s ]
SQL: SHOW COLUMNS FROM `zhx_column` [ RunTime:0.0005s ]
SQL: SHOW COLUMNS FROM `zhx_articletype` [ RunTime:0.0005s ]
NOTIC: [2] Missing argument 3 for Home\Model\ArticleModel::get_article(), called in /Users/zhangxiang/PhpstormProjects/zhxjmdc/1/Application/Home/Controller/ArticleController.class.php on line 39 and defined /Users/zhangxiang/PhpstormProjects/zhxjmdc/1/Application/Home/Model/ArticleModel.class.php 第 38 行.
SQL: SHOW COLUMNS FROM `zhx_article` [ RunTime:0.0004s ]
SQL: SELECT * FROM `zhx_article` WHERE `arid` = 44 LIMIT 1   [ RunTime:0.0003s ]
SQL: SHOW COLUMNS FROM `zhx_articletype` [ RunTime:0.0004s ]
SQL: SELECT `typename` FROM `zhx_articletype` WHERE ( 1=1 AND aid='5' ) LIMIT 1   [ RunTime:0.0003s ]
SQL: SHOW COLUMNS FROM `zhx_article_data` [ RunTime:0.0004s ]
SQL: SELECT `comment_count`,`browse_count` FROM `zhx_article_data` WHERE ( 1=1 AND arid='44' ) LIMIT 1   [ RunTime:0.0003s ]
SQL: SHOW COLUMNS FROM `zhx_articlepic` [ RunTime:0.0004s ]
SQL: SELECT `path` FROM `zhx_articlepic` WHERE ( 1=1 AND arid='44' ) LIMIT 1   [ RunTime:0.0003s ]
SQL: SHOW COLUMNS FROM `zhx_comment` [ RunTime:0.0006s ]
SQL: SELECT * FROM `zhx_comment` WHERE `arid` = 44 AND `pcid` = 0 ORDER BY time desc  [ RunTime:0.0002s ]
SQL: SHOW COLUMNS FROM `zhx_column` [ RunTime:0.0004s ]
SQL: SELECT `name`,`href` FROM `zhx_column` WHERE `type` = 1 AND `status` = 1 ORDER BY column_order  [ RunTime:0.0004s ]
SQL: SHOW COLUMNS FROM `zhx_article` [ RunTime:0.0004s ]
SQL: SELECT `arid`,`title` FROM `zhx_article` WHERE ( status = 1 ) ORDER BY time LIMIT 6   [ RunTime:0.0003s ]
SQL: SHOW COLUMNS FROM `zhx_articletype` [ RunTime:0.0004s ]
SQL: SELECT * FROM `zhx_articletype`  [ RunTime:0.0003s ]
SQL: SHOW COLUMNS FROM `zhx_article` [ RunTime:0.0004s ]
SQL: SELECT `content`,`title`,`arid`,`time`,`describe`,`status` FROM `zhx_article` WHERE ( status = 1 AND aid='1' )  [ RunTime:0.0004s ]
SQL: SELECT `content`,`title`,`arid`,`time`,`describe`,`status` FROM `zhx_article` WHERE ( status = 1 AND aid='2' )  [ RunTime:0.0003s ]
SQL: SELECT `content`,`title`,`arid`,`time`,`describe`,`status` FROM `zhx_article` WHERE ( status = 1 AND aid='3' )  [ RunTime:0.0004s ]
SQL: SELECT `content`,`title`,`arid`,`time`,`describe`,`status` FROM `zhx_article` WHERE ( status = 1 AND aid='4' )  [ RunTime:0.0007s ]
SQL: SELECT `content`,`title`,`arid`,`time`,`describe`,`status` FROM `zhx_article` WHERE ( status = 1 AND aid='5' )  [ RunTime:0.0004s ]
SQL: SELECT `content`,`title`,`arid`,`time`,`describe`,`status` FROM `zhx_article` WHERE ( status = 1 AND aid='6' )  [ RunTime:0.0004s ]
SQL: SELECT `content`,`title`,`arid`,`time`,`describe`,`status` FROM `zhx_article` WHERE ( status = 1 AND aid='7' )  [ RunTime:0.0003s ]
SQL: SELECT `content`,`title`,`arid`,`time`,`describe`,`status` FROM `zhx_article` WHERE ( status = 1 AND aid='8' )  [ RunTime:0.0004s ]
SQL: SELECT `content`,`title`,`arid`,`time`,`describe`,`status` FROM `zhx_article` WHERE ( status = 1 AND aid='9' )  [ RunTime:0.0004s ]
SQL: SELECT `content`,`title`,`arid`,`time`,`describe`,`status` FROM `zhx_article` WHERE ( status = 1 AND aid='10' )  [ RunTime:0.0004s ]
SQL: SELECT `content`,`title`,`arid`,`time`,`describe`,`status` FROM `zhx_article` WHERE ( status = 1 AND aid='11' )  [ RunTime:0.0004s ]
SQL: SELECT `content`,`title`,`arid`,`time`,`describe`,`status` FROM `zhx_article` WHERE ( status = 1 AND aid='12' )  [ RunTime:0.0005s ]
SQL: SELECT `content`,`title`,`arid`,`time`,`describe`,`status` FROM `zhx_article` WHERE ( status = 1 AND aid='13' )  [ RunTime:0.0004s ]
SQL: SELECT `content`,`title`,`arid`,`time`,`describe`,`status` FROM `zhx_article` WHERE ( status = 1 AND aid='14' )  [ RunTime:0.0004s ]
SQL: SELECT `content`,`title`,`arid`,`time`,`describe`,`status` FROM `zhx_article` WHERE ( status = 1 AND aid='15' )  [ RunTime:0.0004s ]
SQL: SELECT `content`,`title`,`arid`,`time`,`describe`,`status` FROM `zhx_article` WHERE ( status = 1 AND aid='16' )  [ RunTime:0.0004s ]
SQL: SELECT `content`,`title`,`arid`,`time`,`describe`,`status` FROM `zhx_article` WHERE ( status = 1 AND aid='17' )  [ RunTime:0.0004s ]
SQL: SELECT COUNT(*) AS tp_count FROM `zhx_article` WHERE `status` = 1 LIMIT 1   [ RunTime:0.0003s ]
INFO: [ view_parse ] --START--
INFO: [ template_filter ] --START--
INFO: Run Behavior\ContentReplaceBehavior [ RunTime:0.000201s ]
INFO: [ template_filter ] --END-- [ RunTime:0.000576s ]
INFO: Run Behavior\ParseTemplateBehavior [ RunTime:0.057276s ]
INFO: [ view_parse ] --END-- [ RunTime:0.057701s ]
INFO: [ view_filter ] --START--
INFO: Run Behavior\WriteHtmlCacheBehavior [ RunTime:0.000404s ]
INFO: [ view_filter ] --END-- [ RunTime:0.000851s ]
INFO: [ app_end ] --START--
INFO: Run Behavior\ShowPageTraceBehavior [ RunTime:0.000750s ]
INFO: [ app_end ] --END-- [ RunTime:0.001156s ]

[ 2016-05-29T22:32:45+08:00 ] ::1 /zhxjmdc/1/index.php/Home/Article/article_detail?arid=44
INFO: [ app_init ] --START--
INFO: Run Behavior\BuildLiteBehavior [ RunTime:0.000090s ]
INFO: [ app_init ] --END-- [ RunTime:0.000717s ]
INFO: [ app_begin ] --START--
INFO: Run Behavior\ReadHtmlCacheBehavior [ RunTime:0.000746s ]
INFO: [ app_begin ] --END-- [ RunTime:0.001169s ]
SQL: SHOW COLUMNS FROM `zhx_article` [ RunTime:0.0006s ]
SQL: SHOW COLUMNS FROM `zhx_column` [ RunTime:0.0006s ]
SQL: SHOW COLUMNS FROM `zhx_articletype` [ RunTime:0.0004s ]
NOTIC: [2] Missing argument 3 for Home\Model\ArticleModel::get_article(), called in /Users/zhangxiang/PhpstormProjects/zhxjmdc/1/Application/Home/Controller/ArticleController.class.php on line 39 and defined /Users/zhangxiang/PhpstormProjects/zhxjmdc/1/Application/Home/Model/ArticleModel.class.php 第 38 行.
SQL: SHOW COLUMNS FROM `zhx_article` [ RunTime:0.0004s ]
SQL: SELECT * FROM `zhx_article` WHERE `arid` = 44 LIMIT 1   [ RunTime:0.0007s ]
SQL: SHOW COLUMNS FROM `zhx_articletype` [ RunTime:0.0008s ]
SQL: SELECT `typename` FROM `zhx_articletype` WHERE ( 1=1 AND aid='5' ) LIMIT 1   [ RunTime:0.0003s ]
SQL: SHOW COLUMNS FROM `zhx_article_data` [ RunTime:0.0004s ]
SQL: SELECT `comment_count`,`browse_count` FROM `zhx_article_data` WHERE ( 1=1 AND arid='44' ) LIMIT 1   [ RunTime:0.0003s ]
SQL: SHOW COLUMNS FROM `zhx_articlepic` [ RunTime:0.0005s ]
SQL: SELECT `path` FROM `zhx_articlepic` WHERE ( 1=1 AND arid='44' ) LIMIT 1   [ RunTime:0.0004s ]
SQL: SHOW COLUMNS FROM `zhx_comment` [ RunTime:0.0005s ]
SQL: SELECT * FROM `zhx_comment` WHERE `arid` = 44 AND `pcid` = 0 ORDER BY time desc  [ RunTime:0.0003s ]
SQL: SHOW COLUMNS FROM `zhx_column` [ RunTime:0.0005s ]
SQL: SELECT `name`,`href` FROM `zhx_column` WHERE `type` = 1 AND `status` = 1 ORDER BY column_order  [ RunTime:0.0005s ]
SQL: SHOW COLUMNS FROM `zhx_article` [ RunTime:0.0005s ]
SQL: SELECT `arid`,`title` FROM `zhx_article` WHERE ( status = 1 ) ORDER BY time LIMIT 6   [ RunTime:0.0004s ]
SQL: SHOW COLUMNS FROM `zhx_articletype` [ RunTime:0.0004s ]
SQL: SELECT * FROM `zhx_articletype`  [ RunTime:0.0003s ]
SQL: SHOW COLUMNS FROM `zhx_article` [ RunTime:0.0005s ]
SQL: SELECT `content`,`title`,`arid`,`time`,`describe`,`status` FROM `zhx_article` WHERE ( status = 1 AND aid='1' )  [ RunTime:0.0004s ]
SQL: SELECT `content`,`title`,`arid`,`time`,`describe`,`status` FROM `zhx_article` WHERE ( status = 1 AND aid='2' )  [ RunTime:0.0003s ]
SQL: SELECT `content`,`title`,`arid`,`time`,`describe`,`status` FROM `zhx_article` WHERE ( status = 1 AND aid='3' )  [ RunTime:0.0004s ]
SQL: SELECT `content`,`title`,`arid`,`time`,`describe`,`status` FROM `zhx_article` WHERE ( status = 1 AND aid='4' )  [ RunTime:0.0003s ]
SQL: SELECT `content`,`title`,`arid`,`time`,`describe`,`status` FROM `zhx_article` WHERE ( status = 1 AND aid='5' )  [ RunTime:0.0004s ]
SQL: SELECT `content`,`title`,`arid`,`time`,`describe`,`status` FROM `zhx_article` WHERE ( status = 1 AND aid='6' )  [ RunTime:0.0004s ]
SQL: SELECT `content`,`title`,`arid`,`time`,`describe`,`status` FROM `zhx_article` WHERE ( status = 1 AND aid='7' )  [ RunTime:0.0004s ]
SQL: SELECT `content`,`title`,`arid`,`time`,`describe`,`status` FROM `zhx_article` WHERE ( status = 1 AND aid='8' )  [ RunTime:0.0004s ]
SQL: SELECT `content`,`title`,`arid`,`time`,`describe`,`status` FROM `zhx_article` WHERE ( status = 1 AND aid='9' )  [ RunTime:0.0003s ]
SQL: SELECT `content`,`title`,`arid`,`time`,`describe`,`status` FROM `zhx_article` WHERE ( status = 1 AND aid='10' )  [ RunTime:0.0004s ]
SQL: SELECT `content`,`title`,`arid`,`time`,`describe`,`status` FROM `zhx_article` WHERE ( status = 1 AND aid='11' )  [ RunTime:0.0004s ]
SQL: SELECT `content`,`title`,`arid`,`time`,`describe`,`status` FROM `zhx_article` WHERE ( status = 1 AND aid='12' )  [ RunTime:0.0003s ]
SQL: SELECT `content`,`title`,`arid`,`time`,`describe`,`status` FROM `zhx_article` WHERE ( status = 1 AND aid='13' )  [ RunTime:0.0005s ]
SQL: SELECT `content`,`title`,`arid`,`time`,`describe`,`status` FROM `zhx_article` WHERE ( status = 1 AND aid='14' )  [ RunTime:0.0004s ]
SQL: SELECT `content`,`title`,`arid`,`time`,`describe`,`status` FROM `zhx_article` WHERE ( status = 1 AND aid='15' )  [ RunTime:0.0004s ]
SQL: SELECT `content`,`title`,`arid`,`time`,`describe`,`status` FROM `zhx_article` WHERE ( status = 1 AND aid='16' )  [ RunTime:0.0004s ]
SQL: SELECT `content`,`title`,`arid`,`time`,`describe`,`status` FROM `zhx_article` WHERE ( status = 1 AND aid='17' )  [ RunTime:0.0004s ]
SQL: SELECT COUNT(*) AS tp_count FROM `zhx_article` WHERE `status` = 1 LIMIT 1   [ RunTime:0.0002s ]
INFO: [ view_parse ] --START--
INFO: [ template_filter ] --START--
INFO: Run Behavior\ContentReplaceBehavior [ RunTime:0.000227s ]
INFO: [ template_filter ] --END-- [ RunTime:0.000641s ]
INFO: Run Behavior\ParseTemplateBehavior [ RunTime:0.056031s ]
INFO: [ view_parse ] --END-- [ RunTime:0.056438s ]
INFO: [ view_filter ] --START--
INFO: Run Behavior\WriteHtmlCacheBehavior [ RunTime:0.000409s ]
INFO: [ view_filter ] --END-- [ RunTime:0.000862s ]
INFO: [ app_end ] --START--
INFO: Run Behavior\ShowPageTraceBehavior [ RunTime:0.001032s ]
INFO: [ app_end ] --END-- [ RunTime:0.001571s ]

