[ 2016-04-01T13:18:15+08:00 ] ::1 /zhxjmdc/1/index.php/Home/Article/article_detail/arid/116.html
INFO: [ app_init ] --START--
INFO: Run Behavior\BuildLiteBehavior [ RunTime:0.000082s ]
INFO: [ app_init ] --END-- [ RunTime:0.000969s ]
INFO: [ app_begin ] --START--
INFO: Run Behavior\ReadHtmlCacheBehavior [ RunTime:0.001036s ]
INFO: [ app_begin ] --END-- [ RunTime:0.001481s ]
SQL: SHOW COLUMNS FROM `zhx_article` [ RunTime:0.0129s ]
SQL: SHOW COLUMNS FROM `zhx_column` [ RunTime:0.0015s ]
SQL: SHOW COLUMNS FROM `zhx_articletype` [ RunTime:0.0012s ]
NOTIC: [2] Missing argument 3 for Home\Model\ArticleModel::get_article(), called in /Users/zhangxiang/PhpstormProjects/zhxjmdc/1/Application/Home/Controller/ArticleController.class.php on line 39 and defined /Users/zhangxiang/PhpstormProjects/zhxjmdc/1/Application/Home/Model/ArticleModel.class.php 第 38 行.
SQL: SHOW COLUMNS FROM `zhx_article` [ RunTime:0.0005s ]
SQL: SELECT * FROM `zhx_article` WHERE `arid` = 116 LIMIT 1   [ RunTime:0.0043s ]
SQL: SHOW COLUMNS FROM `zhx_articletype` [ RunTime:0.0006s ]
SQL: SELECT `typename` FROM `zhx_articletype` WHERE ( 1=1 AND aid='0' ) LIMIT 1   [ RunTime:0.0007s ]
SQL: SHOW COLUMNS FROM `zhx_article_data` [ RunTime:0.0014s ]
SQL: SELECT `comment_count`,`browse_count` FROM `zhx_article_data` WHERE ( 1=1 AND arid='116' ) LIMIT 1   [ RunTime:0.0007s ]
SQL: SHOW COLUMNS FROM `zhx_articlepic` [ RunTime:0.0014s ]
SQL: SELECT `path` FROM `zhx_articlepic` WHERE ( 1=1 AND arid='116' ) LIMIT 1   [ RunTime:0.0003s ]
SQL: SHOW COLUMNS FROM `zhx_comment` [ RunTime:0.0014s ]
SQL: SELECT * FROM `zhx_comment` WHERE `arid` = 116 AND `pcid` = 0 ORDER BY time desc  [ RunTime:0.0012s ]
NOTIC: [8] Undefined index: parent /Users/zhangxiang/PhpstormProjects/zhxjmdc/1/Application/Home/Model/ArticleModel.class.php 第 107 行.
NOTIC: [8] Undefined index: parentid /Users/zhangxiang/PhpstormProjects/zhxjmdc/1/Application/Home/Model/ArticleModel.class.php 第 108 行.
SQL: SELECT * FROM `zhx_comment` WHERE ( pcid =316 ) ORDER BY time desc  [ RunTime:0.0004s ]
SQL: SHOW COLUMNS FROM `zhx_column` [ RunTime:0.0006s ]
SQL: SELECT `name`,`href` FROM `zhx_column` WHERE `type` = 1 AND `status` = 1 ORDER BY column_order  [ RunTime:0.0004s ]
SQL: SHOW COLUMNS FROM `zhx_article` [ RunTime:0.0004s ]
SQL: SELECT `arid`,`title` FROM `zhx_article` WHERE ( status = 1 ) ORDER BY time LIMIT 6   [ RunTime:0.0004s ]
SQL: SHOW COLUMNS FROM `zhx_articletype` [ RunTime:0.0004s ]
SQL: SELECT * FROM `zhx_articletype`  [ RunTime:0.0003s ]
SQL: SHOW COLUMNS FROM `zhx_article` [ RunTime:0.0007s ]
SQL: SELECT `content`,`title`,`arid`,`time`,`describe`,`status` FROM `zhx_article` WHERE ( status = 1 AND aid='1' )  [ RunTime:0.0009s ]
SQL: SELECT `content`,`title`,`arid`,`time`,`describe`,`status` FROM `zhx_article` WHERE ( status = 1 AND aid='2' )  [ RunTime:0.0004s ]
SQL: SELECT `content`,`title`,`arid`,`time`,`describe`,`status` FROM `zhx_article` WHERE ( status = 1 AND aid='3' )  [ RunTime:0.0004s ]
SQL: SELECT `content`,`title`,`arid`,`time`,`describe`,`status` FROM `zhx_article` WHERE ( status = 1 AND aid='4' )  [ RunTime:0.0003s ]
SQL: SELECT `content`,`title`,`arid`,`time`,`describe`,`status` FROM `zhx_article` WHERE ( status = 1 AND aid='5' )  [ RunTime:0.0003s ]
SQL: SELECT `content`,`title`,`arid`,`time`,`describe`,`status` FROM `zhx_article` WHERE ( status = 1 AND aid='6' )  [ RunTime:0.0005s ]
SQL: SELECT `content`,`title`,`arid`,`time`,`describe`,`status` FROM `zhx_article` WHERE ( status = 1 AND aid='7' )  [ RunTime:0.0003s ]
SQL: SELECT `content`,`title`,`arid`,`time`,`describe`,`status` FROM `zhx_article` WHERE ( status = 1 AND aid='8' )  [ RunTime:0.0003s ]
SQL: SELECT `content`,`title`,`arid`,`time`,`describe`,`status` FROM `zhx_article` WHERE ( status = 1 AND aid='9' )  [ RunTime:0.0004s ]
SQL: SELECT `content`,`title`,`arid`,`time`,`describe`,`status` FROM `zhx_article` WHERE ( status = 1 AND aid='10' )  [ RunTime:0.0003s ]
SQL: SELECT `content`,`title`,`arid`,`time`,`describe`,`status` FROM `zhx_article` WHERE ( status = 1 AND aid='11' )  [ RunTime:0.0004s ]
SQL: SELECT `content`,`title`,`arid`,`time`,`describe`,`status` FROM `zhx_article` WHERE ( status = 1 AND aid='12' )  [ RunTime:0.0003s ]
SQL: SELECT `content`,`title`,`arid`,`time`,`describe`,`status` FROM `zhx_article` WHERE ( status = 1 AND aid='13' )  [ RunTime:0.0003s ]
SQL: SELECT `content`,`title`,`arid`,`time`,`describe`,`status` FROM `zhx_article` WHERE ( status = 1 AND aid='14' )  [ RunTime:0.0003s ]
SQL: SELECT COUNT(*) AS tp_count FROM `zhx_article` WHERE `status` = 1 LIMIT 1   [ RunTime:0.0021s ]
INFO: [ view_parse ] --START--
INFO: [ template_filter ] --START--
INFO: Run Behavior\ContentReplaceBehavior [ RunTime:0.000183s ]
INFO: [ template_filter ] --END-- [ RunTime:0.000537s ]
INFO: Run Behavior\ParseTemplateBehavior [ RunTime:0.049048s ]
INFO: [ view_parse ] --END-- [ RunTime:0.049543s ]
INFO: [ view_filter ] --START--
INFO: Run Behavior\WriteHtmlCacheBehavior [ RunTime:0.000512s ]
INFO: [ view_filter ] --END-- [ RunTime:0.000858s ]
INFO: [ app_end ] --START--
INFO: Run Behavior\ShowPageTraceBehavior [ RunTime:0.000863s ]
INFO: [ app_end ] --END-- [ RunTime:0.001266s ]

[ 2016-04-01T13:18:16+08:00 ] ::1 /zhxjmdc/1/index.php/Home/Article/favicon.ico
INFO: [ app_init ] --START--
INFO: Run Behavior\BuildLiteBehavior [ RunTime:0.000080s ]
INFO: [ app_init ] --END-- [ RunTime:0.000751s ]

