[ 2016-02-25T23:24:59+08:00 ] ::1 /LSS/1/index.php
INFO: [ app_init ] --START--
INFO: Run Behavior\BuildLiteBehavior [ RunTime:0.000000s ]
INFO: [ app_init ] --END-- [ RunTime:0.002000s ]
INFO: [ app_begin ] --START--
INFO: Run Behavior\ReadHtmlCacheBehavior [ RunTime:0.002001s ]
INFO: [ app_begin ] --END-- [ RunTime:0.003001s ]
ERR: 无法加载数据库驱动: Think\Db\Driver\

[ 2016-02-25T23:25:25+08:00 ] ::1 /LSS/1/index.php
INFO: [ app_init ] --START--
INFO: Run Behavior\BuildLiteBehavior [ RunTime:0.001000s ]
INFO: [ app_init ] --END-- [ RunTime:0.003000s ]
INFO: [ app_begin ] --START--
INFO: Run Behavior\ReadHtmlCacheBehavior [ RunTime:0.002000s ]
INFO: [ app_begin ] --END-- [ RunTime:0.002000s ]
SQL: SHOW COLUMNS FROM `zhx_article` [ RunTime:0.8150s ]
SQL: SHOW COLUMNS FROM `zhx_column` [ RunTime:0.1400s ]
SQL: SHOW COLUMNS FROM `zhx_articletype` [ RunTime:0.1140s ]
SQL: SHOW COLUMNS FROM `zhx_column` [ RunTime:0.0070s ]
SQL: SELECT `name`,`href` FROM `zhx_column` WHERE `type` = 1 AND `status` = 1 ORDER BY column_order  [ RunTime:0.1750s ]
SQL: SHOW COLUMNS FROM `zhx_article` [ RunTime:0.0080s ]
SQL: SELECT `arid`,`title` FROM `zhx_article` WHERE ( status = 1 ) ORDER BY time LIMIT 6   [ RunTime:0.0010s ]
SQL: SHOW COLUMNS FROM `zhx_articletype` [ RunTime:0.0060s ]
SQL: SELECT * FROM `zhx_articletype`  [ RunTime:0.0120s ]
SQL: SHOW COLUMNS FROM `zhx_article` [ RunTime:0.0070s ]
SQL: SELECT `content`,`title`,`arid` FROM `zhx_article` WHERE ( 1=1 AND aid='1' )  [ RunTime:0.0480s ]
SQL: SELECT `content`,`title`,`arid` FROM `zhx_article` WHERE ( 1=1 AND aid='2' )  [ RunTime:0.0010s ]
SQL: SELECT `content`,`title`,`arid` FROM `zhx_article` WHERE ( 1=1 AND aid='3' )  [ RunTime:0.0010s ]
SQL: SELECT `content`,`title`,`arid` FROM `zhx_article` WHERE ( 1=1 AND aid='4' )  [ RunTime:0.0010s ]
SQL: SELECT `content`,`title`,`arid` FROM `zhx_article` WHERE ( 1=1 AND aid='5' )  [ RunTime:0.0010s ]
SQL: SELECT `content`,`title`,`arid` FROM `zhx_article` WHERE ( 1=1 AND aid='6' )  [ RunTime:0.0010s ]
SQL: SELECT `content`,`title`,`arid` FROM `zhx_article` WHERE ( 1=1 AND aid='7' )  [ RunTime:0.0010s ]
SQL: SELECT `content`,`title`,`arid` FROM `zhx_article` WHERE ( 1=1 AND aid='8' )  [ RunTime:0.0010s ]
SQL: SELECT `content`,`title`,`arid` FROM `zhx_article` WHERE ( 1=1 AND aid='9' )  [ RunTime:0.0010s ]
SQL: SELECT `content`,`title`,`arid` FROM `zhx_article` WHERE ( 1=1 AND aid='10' )  [ RunTime:0.0000s ]
SQL: SELECT `content`,`title`,`arid` FROM `zhx_article` WHERE ( 1=1 AND aid='11' )  [ RunTime:0.0010s ]
SQL: SELECT `content`,`title`,`arid` FROM `zhx_article` WHERE ( 1=1 AND aid='12' )  [ RunTime:0.0010s ]
SQL: SELECT `content`,`title`,`arid` FROM `zhx_article` WHERE ( 1=1 AND aid='13' )  [ RunTime:0.0010s ]
SQL: SELECT `content`,`title`,`arid` FROM `zhx_article` WHERE ( 1=1 AND aid='14' )  [ RunTime:0.0010s ]
SQL: SELECT `content`,`title`,`arid` FROM `zhx_article` WHERE ( 1=1 AND aid='15' )  [ RunTime:0.0010s ]
SQL: SHOW COLUMNS FROM `zhx_article` [ RunTime:0.0080s ]
SQL: SELECT COUNT(*) AS tp_count FROM `zhx_article` WHERE `status` = 1 LIMIT 1   [ RunTime:0.0430s ]
SQL: SELECT * FROM `zhx_article` WHERE `status` = 1 ORDER BY time desc LIMIT 0,5   [ RunTime:0.0210s ]
SQL: SHOW COLUMNS FROM `zhx_articletype` [ RunTime:0.0070s ]
SQL: SELECT `typename` FROM `zhx_articletype` WHERE ( 1=1 AND aid='1' ) LIMIT 1   [ RunTime:0.0000s ]
SQL: SHOW COLUMNS FROM `zhx_article_data` [ RunTime:0.1190s ]
SQL: SELECT `comment_count`,`browse_count` FROM `zhx_article_data` WHERE ( 1=1 AND arid='73' ) LIMIT 1   [ RunTime:0.0020s ]
SQL: SHOW COLUMNS FROM `zhx_articlepic` [ RunTime:0.1350s ]
SQL: SELECT `path` FROM `zhx_articlepic` WHERE ( 1=1 AND arid='73' ) LIMIT 1   [ RunTime:0.0020s ]
SQL: SELECT `typename` FROM `zhx_articletype` WHERE ( 1=1 AND aid='0' ) LIMIT 1   [ RunTime:0.0010s ]
SQL: SELECT `comment_count`,`browse_count` FROM `zhx_article_data` WHERE ( 1=1 AND arid='118' ) LIMIT 1   [ RunTime:0.0010s ]
SQL: SELECT `path` FROM `zhx_articlepic` WHERE ( 1=1 AND arid='118' ) LIMIT 1   [ RunTime:0.0010s ]
SQL: SELECT `typename` FROM `zhx_articletype` WHERE ( 1=1 AND aid='2' ) LIMIT 1   [ RunTime:0.0010s ]
SQL: SELECT `comment_count`,`browse_count` FROM `zhx_article_data` WHERE ( 1=1 AND arid='119' ) LIMIT 1   [ RunTime:0.0010s ]
SQL: SELECT `path` FROM `zhx_articlepic` WHERE ( 1=1 AND arid='119' ) LIMIT 1   [ RunTime:0.0060s ]
SQL: SELECT `typename` FROM `zhx_articletype` WHERE ( 1=1 AND aid='0' ) LIMIT 1   [ RunTime:0.0010s ]
SQL: SELECT `comment_count`,`browse_count` FROM `zhx_article_data` WHERE ( 1=1 AND arid='117' ) LIMIT 1   [ RunTime:0.0000s ]
SQL: SELECT `path` FROM `zhx_articlepic` WHERE ( 1=1 AND arid='117' ) LIMIT 1   [ RunTime:0.0010s ]
SQL: SELECT `typename` FROM `zhx_articletype` WHERE ( 1=1 AND aid='0' ) LIMIT 1   [ RunTime:0.0000s ]
SQL: SELECT `comment_count`,`browse_count` FROM `zhx_article_data` WHERE ( 1=1 AND arid='116' ) LIMIT 1   [ RunTime:0.0000s ]
SQL: SELECT `path` FROM `zhx_articlepic` WHERE ( 1=1 AND arid='116' ) LIMIT 1   [ RunTime:0.0010s ]
INFO: [ view_parse ] --START--
INFO: [ template_filter ] --START--
INFO: Run Behavior\ContentReplaceBehavior [ RunTime:0.001000s ]
INFO: [ template_filter ] --END-- [ RunTime:0.001000s ]
INFO: Run Behavior\ParseTemplateBehavior [ RunTime:0.139008s ]
INFO: [ view_parse ] --END-- [ RunTime:0.140008s ]
INFO: [ view_filter ] --START--
INFO: Run Behavior\WriteHtmlCacheBehavior [ RunTime:0.002000s ]
INFO: [ view_filter ] --END-- [ RunTime:0.002000s ]
INFO: [ app_end ] --START--
INFO: Run Behavior\ShowPageTraceBehavior [ RunTime:0.002000s ]
INFO: [ app_end ] --END-- [ RunTime:0.002000s ]

[ 2016-02-25T23:25:35+08:00 ] ::1 /LSS/1/index.php/Home/Index/article
INFO: [ app_init ] --START--
INFO: Run Behavior\BuildLiteBehavior [ RunTime:0.001000s ]
INFO: [ app_init ] --END-- [ RunTime:0.002000s ]
INFO: [ app_begin ] --START--
INFO: Run Behavior\ReadHtmlCacheBehavior [ RunTime:0.001001s ]
INFO: [ app_begin ] --END-- [ RunTime:0.003001s ]
SQL: SHOW COLUMNS FROM `zhx_article` [ RunTime:0.0070s ]
SQL: SHOW COLUMNS FROM `zhx_column` [ RunTime:0.0070s ]
SQL: SHOW COLUMNS FROM `zhx_articletype` [ RunTime:0.0070s ]
SQL: SHOW COLUMNS FROM `zhx_column` [ RunTime:0.0070s ]
SQL: SELECT `name`,`href` FROM `zhx_column` WHERE `type` = 1 AND `status` = 1 ORDER BY column_order  [ RunTime:0.0020s ]
SQL: SHOW COLUMNS FROM `zhx_article` [ RunTime:0.0070s ]
SQL: SELECT `arid`,`title` FROM `zhx_article` WHERE ( status = 1 ) ORDER BY time LIMIT 6   [ RunTime:0.0010s ]
SQL: SHOW COLUMNS FROM `zhx_articletype` [ RunTime:0.0060s ]
SQL: SELECT * FROM `zhx_articletype`  [ RunTime:0.0020s ]
SQL: SHOW COLUMNS FROM `zhx_article` [ RunTime:0.0080s ]
SQL: SELECT `content`,`title`,`arid` FROM `zhx_article` WHERE ( 1=1 AND aid='1' )  [ RunTime:0.0010s ]
SQL: SELECT `content`,`title`,`arid` FROM `zhx_article` WHERE ( 1=1 AND aid='2' )  [ RunTime:0.0000s ]
SQL: SELECT `content`,`title`,`arid` FROM `zhx_article` WHERE ( 1=1 AND aid='3' )  [ RunTime:0.0010s ]
SQL: SELECT `content`,`title`,`arid` FROM `zhx_article` WHERE ( 1=1 AND aid='4' )  [ RunTime:0.0000s ]
SQL: SELECT `content`,`title`,`arid` FROM `zhx_article` WHERE ( 1=1 AND aid='5' )  [ RunTime:0.0000s ]
SQL: SELECT `content`,`title`,`arid` FROM `zhx_article` WHERE ( 1=1 AND aid='6' )  [ RunTime:0.0010s ]
SQL: SELECT `content`,`title`,`arid` FROM `zhx_article` WHERE ( 1=1 AND aid='7' )  [ RunTime:0.0000s ]
SQL: SELECT `content`,`title`,`arid` FROM `zhx_article` WHERE ( 1=1 AND aid='8' )  [ RunTime:0.0010s ]
SQL: SELECT `content`,`title`,`arid` FROM `zhx_article` WHERE ( 1=1 AND aid='9' )  [ RunTime:0.0000s ]
SQL: SELECT `content`,`title`,`arid` FROM `zhx_article` WHERE ( 1=1 AND aid='10' )  [ RunTime:0.0000s ]
SQL: SELECT `content`,`title`,`arid` FROM `zhx_article` WHERE ( 1=1 AND aid='11' )  [ RunTime:0.0010s ]
SQL: SELECT `content`,`title`,`arid` FROM `zhx_article` WHERE ( 1=1 AND aid='12' )  [ RunTime:0.0010s ]
SQL: SELECT `content`,`title`,`arid` FROM `zhx_article` WHERE ( 1=1 AND aid='13' )  [ RunTime:0.0010s ]
SQL: SELECT `content`,`title`,`arid` FROM `zhx_article` WHERE ( 1=1 AND aid='14' )  [ RunTime:0.0010s ]
SQL: SELECT `content`,`title`,`arid` FROM `zhx_article` WHERE ( 1=1 AND aid='15' )  [ RunTime:0.0000s ]
INFO: [ view_parse ] --START--
INFO: [ template_filter ] --START--
INFO: Run Behavior\ContentReplaceBehavior [ RunTime:0.001000s ]
INFO: [ template_filter ] --END-- [ RunTime:0.001000s ]
INFO: Run Behavior\ParseTemplateBehavior [ RunTime:0.053003s ]
INFO: [ view_parse ] --END-- [ RunTime:0.054003s ]
INFO: [ view_filter ] --START--
INFO: Run Behavior\WriteHtmlCacheBehavior [ RunTime:0.001000s ]
INFO: [ view_filter ] --END-- [ RunTime:0.002000s ]
INFO: [ app_end ] --START--
INFO: Run Behavior\ShowPageTraceBehavior [ RunTime:0.005001s ]
INFO: [ app_end ] --END-- [ RunTime:0.007001s ]

[ 2016-02-25T23:25:59+08:00 ] ::1 /LSS/1/index.php/Home/Article/click_get_more.html?aid=
INFO: [ app_init ] --START--
INFO: Run Behavior\BuildLiteBehavior [ RunTime:0.001000s ]
INFO: [ app_init ] --END-- [ RunTime:0.002000s ]
INFO: [ app_begin ] --START--
INFO: Run Behavior\ReadHtmlCacheBehavior [ RunTime:0.003000s ]
INFO: [ app_begin ] --END-- [ RunTime:0.003000s ]
SQL: SHOW COLUMNS FROM `zhx_article` [ RunTime:0.0070s ]
SQL: SHOW COLUMNS FROM `zhx_column` [ RunTime:0.0060s ]
SQL: SHOW COLUMNS FROM `zhx_articletype` [ RunTime:0.0060s ]
SQL: SHOW COLUMNS FROM `zhx_article` [ RunTime:0.0156s ]
SQL: SELECT COUNT(*) AS tp_count FROM `zhx_article` WHERE `status` = 1 LIMIT 1   [ RunTime:0.0000s ]
SQL: SELECT * FROM `zhx_article` WHERE `status` = 1 ORDER BY time desc LIMIT 0,10   [ RunTime:0.0000s ]
SQL: SHOW COLUMNS FROM `zhx_articletype` [ RunTime:0.0156s ]
SQL: SELECT `typename` FROM `zhx_articletype` WHERE ( 1=1 AND aid='1' ) LIMIT 1   [ RunTime:0.0000s ]
SQL: SHOW COLUMNS FROM `zhx_article_data` [ RunTime:0.0000s ]
SQL: SELECT `comment_count`,`browse_count` FROM `zhx_article_data` WHERE ( 1=1 AND arid='73' ) LIMIT 1   [ RunTime:0.0000s ]
SQL: SHOW COLUMNS FROM `zhx_articlepic` [ RunTime:0.0000s ]
SQL: SELECT `path` FROM `zhx_articlepic` WHERE ( 1=1 AND arid='73' ) LIMIT 1   [ RunTime:0.0000s ]
SQL: SELECT `typename` FROM `zhx_articletype` WHERE ( 1=1 AND aid='0' ) LIMIT 1   [ RunTime:0.0156s ]
SQL: SELECT `comment_count`,`browse_count` FROM `zhx_article_data` WHERE ( 1=1 AND arid='118' ) LIMIT 1   [ RunTime:0.0010s ]
SQL: SELECT `path` FROM `zhx_articlepic` WHERE ( 1=1 AND arid='118' ) LIMIT 1   [ RunTime:0.0010s ]
SQL: SELECT `typename` FROM `zhx_articletype` WHERE ( 1=1 AND aid='2' ) LIMIT 1   [ RunTime:0.0010s ]
SQL: SELECT `comment_count`,`browse_count` FROM `zhx_article_data` WHERE ( 1=1 AND arid='119' ) LIMIT 1   [ RunTime:0.0000s ]
SQL: SELECT `path` FROM `zhx_articlepic` WHERE ( 1=1 AND arid='119' ) LIMIT 1   [ RunTime:0.0010s ]
SQL: SELECT `typename` FROM `zhx_articletype` WHERE ( 1=1 AND aid='0' ) LIMIT 1   [ RunTime:0.0010s ]
SQL: SELECT `comment_count`,`browse_count` FROM `zhx_article_data` WHERE ( 1=1 AND arid='117' ) LIMIT 1   [ RunTime:0.0010s ]
SQL: SELECT `path` FROM `zhx_articlepic` WHERE ( 1=1 AND arid='117' ) LIMIT 1   [ RunTime:0.0000s ]
SQL: SELECT `typename` FROM `zhx_articletype` WHERE ( 1=1 AND aid='0' ) LIMIT 1   [ RunTime:0.0010s ]
SQL: SELECT `comment_count`,`browse_count` FROM `zhx_article_data` WHERE ( 1=1 AND arid='116' ) LIMIT 1   [ RunTime:0.0010s ]
SQL: SELECT `path` FROM `zhx_articlepic` WHERE ( 1=1 AND arid='116' ) LIMIT 1   [ RunTime:0.0010s ]
SQL: SELECT `typename` FROM `zhx_articletype` WHERE ( 1=1 AND aid='0' ) LIMIT 1   [ RunTime:0.0000s ]
SQL: SELECT `comment_count`,`browse_count` FROM `zhx_article_data` WHERE ( 1=1 AND arid='115' ) LIMIT 1   [ RunTime:0.0020s ]
SQL: SELECT `path` FROM `zhx_articlepic` WHERE ( 1=1 AND arid='115' ) LIMIT 1   [ RunTime:0.0000s ]
SQL: SELECT `typename` FROM `zhx_articletype` WHERE ( 1=1 AND aid='0' ) LIMIT 1   [ RunTime:0.0000s ]
SQL: SELECT `comment_count`,`browse_count` FROM `zhx_article_data` WHERE ( 1=1 AND arid='112' ) LIMIT 1   [ RunTime:0.0000s ]
SQL: SELECT `path` FROM `zhx_articlepic` WHERE ( 1=1 AND arid='112' ) LIMIT 1   [ RunTime:0.0000s ]
SQL: SELECT `typename` FROM `zhx_articletype` WHERE ( 1=1 AND aid='0' ) LIMIT 1   [ RunTime:0.0000s ]
SQL: SELECT `comment_count`,`browse_count` FROM `zhx_article_data` WHERE ( 1=1 AND arid='113' ) LIMIT 1   [ RunTime:0.0000s ]
SQL: SELECT `path` FROM `zhx_articlepic` WHERE ( 1=1 AND arid='113' ) LIMIT 1   [ RunTime:0.0000s ]
SQL: SELECT `typename` FROM `zhx_articletype` WHERE ( 1=1 AND aid='0' ) LIMIT 1   [ RunTime:0.0000s ]
SQL: SELECT `comment_count`,`browse_count` FROM `zhx_article_data` WHERE ( 1=1 AND arid='114' ) LIMIT 1   [ RunTime:0.0000s ]
SQL: SELECT `path` FROM `zhx_articlepic` WHERE ( 1=1 AND arid='114' ) LIMIT 1   [ RunTime:0.0000s ]
SQL: SELECT `typename` FROM `zhx_articletype` WHERE ( 1=1 AND aid='0' ) LIMIT 1   [ RunTime:0.0000s ]
SQL: SELECT `comment_count`,`browse_count` FROM `zhx_article_data` WHERE ( 1=1 AND arid='109' ) LIMIT 1   [ RunTime:0.0000s ]
SQL: SELECT `path` FROM `zhx_articlepic` WHERE ( 1=1 AND arid='109' ) LIMIT 1   [ RunTime:0.0000s ]
NOTIC: [8] Use of undefined constant arid - assumed 'arid' D:\wamp\www\LSS\1\Application\Home\Controller\ArticleController.class.php 第 142 行.
NOTIC: [8] Use of undefined constant arid - assumed 'arid' D:\wamp\www\LSS\1\Application\Home\Controller\ArticleController.class.php 第 142 行.
NOTIC: [8] Use of undefined constant arid - assumed 'arid' D:\wamp\www\LSS\1\Application\Home\Controller\ArticleController.class.php 第 142 行.
NOTIC: [8] Use of undefined constant arid - assumed 'arid' D:\wamp\www\LSS\1\Application\Home\Controller\ArticleController.class.php 第 142 行.
NOTIC: [8] Use of undefined constant arid - assumed 'arid' D:\wamp\www\LSS\1\Application\Home\Controller\ArticleController.class.php 第 142 行.
NOTIC: [8] Use of undefined constant arid - assumed 'arid' D:\wamp\www\LSS\1\Application\Home\Controller\ArticleController.class.php 第 142 行.
NOTIC: [8] Use of undefined constant arid - assumed 'arid' D:\wamp\www\LSS\1\Application\Home\Controller\ArticleController.class.php 第 142 行.
NOTIC: [8] Use of undefined constant arid - assumed 'arid' D:\wamp\www\LSS\1\Application\Home\Controller\ArticleController.class.php 第 142 行.
NOTIC: [8] Use of undefined constant arid - assumed 'arid' D:\wamp\www\LSS\1\Application\Home\Controller\ArticleController.class.php 第 142 行.
NOTIC: [8] Use of undefined constant arid - assumed 'arid' D:\wamp\www\LSS\1\Application\Home\Controller\ArticleController.class.php 第 142 行.

[ 2016-02-25T23:26:10+08:00 ] ::1 /LSS/1/index.php/Home/Index/article/aid/8.html
INFO: [ app_init ] --START--
INFO: Run Behavior\BuildLiteBehavior [ RunTime:0.001000s ]
INFO: [ app_init ] --END-- [ RunTime:0.002001s ]
INFO: [ app_begin ] --START--
INFO: Run Behavior\ReadHtmlCacheBehavior [ RunTime:0.002000s ]
INFO: [ app_begin ] --END-- [ RunTime:0.003000s ]
SQL: SHOW COLUMNS FROM `zhx_article` [ RunTime:0.0070s ]
SQL: SHOW COLUMNS FROM `zhx_column` [ RunTime:0.0070s ]
SQL: SHOW COLUMNS FROM `zhx_articletype` [ RunTime:0.0060s ]
SQL: SHOW COLUMNS FROM `zhx_column` [ RunTime:0.0070s ]
SQL: SELECT `name`,`href` FROM `zhx_column` WHERE `type` = 1 AND `status` = 1 ORDER BY column_order  [ RunTime:0.0010s ]
SQL: SHOW COLUMNS FROM `zhx_article` [ RunTime:0.0090s ]
SQL: SELECT `arid`,`title` FROM `zhx_article` WHERE ( status = 1 ) ORDER BY time LIMIT 6   [ RunTime:0.0010s ]
SQL: SHOW COLUMNS FROM `zhx_articletype` [ RunTime:0.0070s ]
SQL: SELECT * FROM `zhx_articletype`  [ RunTime:0.0020s ]
SQL: SHOW COLUMNS FROM `zhx_article` [ RunTime:0.0070s ]
SQL: SELECT `content`,`title`,`arid` FROM `zhx_article` WHERE ( 1=1 AND aid='1' )  [ RunTime:0.0010s ]
SQL: SELECT `content`,`title`,`arid` FROM `zhx_article` WHERE ( 1=1 AND aid='2' )  [ RunTime:0.0010s ]
SQL: SELECT `content`,`title`,`arid` FROM `zhx_article` WHERE ( 1=1 AND aid='3' )  [ RunTime:0.0010s ]
SQL: SELECT `content`,`title`,`arid` FROM `zhx_article` WHERE ( 1=1 AND aid='4' )  [ RunTime:0.0010s ]
SQL: SELECT `content`,`title`,`arid` FROM `zhx_article` WHERE ( 1=1 AND aid='5' )  [ RunTime:0.0010s ]
SQL: SELECT `content`,`title`,`arid` FROM `zhx_article` WHERE ( 1=1 AND aid='6' )  [ RunTime:0.0010s ]
SQL: SELECT `content`,`title`,`arid` FROM `zhx_article` WHERE ( 1=1 AND aid='7' )  [ RunTime:0.0010s ]
SQL: SELECT `content`,`title`,`arid` FROM `zhx_article` WHERE ( 1=1 AND aid='8' )  [ RunTime:0.0000s ]
SQL: SELECT `content`,`title`,`arid` FROM `zhx_article` WHERE ( 1=1 AND aid='9' )  [ RunTime:0.0000s ]
SQL: SELECT `content`,`title`,`arid` FROM `zhx_article` WHERE ( 1=1 AND aid='10' )  [ RunTime:0.0010s ]
SQL: SELECT `content`,`title`,`arid` FROM `zhx_article` WHERE ( 1=1 AND aid='11' )  [ RunTime:0.0020s ]
SQL: SELECT `content`,`title`,`arid` FROM `zhx_article` WHERE ( 1=1 AND aid='12' )  [ RunTime:0.0010s ]
SQL: SELECT `content`,`title`,`arid` FROM `zhx_article` WHERE ( 1=1 AND aid='13' )  [ RunTime:0.0010s ]
SQL: SELECT `content`,`title`,`arid` FROM `zhx_article` WHERE ( 1=1 AND aid='14' )  [ RunTime:0.0000s ]
SQL: SELECT `content`,`title`,`arid` FROM `zhx_article` WHERE ( 1=1 AND aid='15' )  [ RunTime:0.0000s ]
INFO: [ view_parse ] --START--
INFO: [ template_filter ] --START--
INFO: Run Behavior\ContentReplaceBehavior [ RunTime:0.000000s ]
INFO: [ template_filter ] --END-- [ RunTime:0.001000s ]
INFO: Run Behavior\ParseTemplateBehavior [ RunTime:0.057003s ]
INFO: [ view_parse ] --END-- [ RunTime:0.057003s ]
INFO: [ view_filter ] --START--
INFO: Run Behavior\WriteHtmlCacheBehavior [ RunTime:0.001000s ]
INFO: [ view_filter ] --END-- [ RunTime:0.002000s ]
INFO: [ app_end ] --START--
INFO: Run Behavior\ShowPageTraceBehavior [ RunTime:0.010001s ]
INFO: [ app_end ] --END-- [ RunTime:0.018001s ]

[ 2016-02-25T23:26:28+08:00 ] ::1 /LSS/1/index.php/Home/Index/favicon.ico
INFO: [ app_init ] --START--
INFO: Run Behavior\BuildLiteBehavior [ RunTime:0.000000s ]
INFO: [ app_init ] --END-- [ RunTime:0.002000s ]

[ 2016-02-25T23:26:28+08:00 ] ::1 /LSS/1/index.php/Home/Article/click_get_more.html?aid=8
INFO: [ app_init ] --START--
INFO: Run Behavior\BuildLiteBehavior [ RunTime:0.000000s ]
INFO: [ app_init ] --END-- [ RunTime:0.003000s ]
INFO: [ app_begin ] --START--
INFO: Run Behavior\ReadHtmlCacheBehavior [ RunTime:0.002000s ]
INFO: [ app_begin ] --END-- [ RunTime:0.002000s ]
SQL: SHOW COLUMNS FROM `zhx_article` [ RunTime:0.0090s ]
SQL: SHOW COLUMNS FROM `zhx_column` [ RunTime:0.0070s ]
SQL: SHOW COLUMNS FROM `zhx_articletype` [ RunTime:0.0070s ]
SQL: SHOW COLUMNS FROM `zhx_articletype` [ RunTime:0.0070s ]
SQL: SELECT * FROM `zhx_articletype` WHERE ( pid =8 )  [ RunTime:0.0020s ]
SQL: SELECT * FROM `zhx_articletype` WHERE ( aid =8 )  [ RunTime:0.0010s ]
SQL: SHOW COLUMNS FROM `zhx_article` [ RunTime:0.0070s ]
SQL: SELECT `content`,`title`,`arid` FROM `zhx_article` WHERE ( 1=1 AND aid='8' )  [ RunTime:0.0010s ]
NOTIC: [8] Use of undefined constant arid - assumed 'arid' D:\wamp\www\LSS\1\Application\Home\Controller\ArticleController.class.php 第 142 行.
NOTIC: [8] Use of undefined constant arid - assumed 'arid' D:\wamp\www\LSS\1\Application\Home\Controller\ArticleController.class.php 第 142 行.

[ 2016-02-25T23:28:03+08:00 ] ::1 /LSS/1/index.php/Home/Index/article/aid/8.html
INFO: [ app_init ] --START--
INFO: Run Behavior\BuildLiteBehavior [ RunTime:0.000000s ]
INFO: [ app_init ] --END-- [ RunTime:0.001000s ]
INFO: [ app_begin ] --START--
INFO: Run Behavior\ReadHtmlCacheBehavior [ RunTime:0.002000s ]
INFO: [ app_begin ] --END-- [ RunTime:0.003000s ]
SQL: SHOW COLUMNS FROM `zhx_article` [ RunTime:0.0080s ]
SQL: SHOW COLUMNS FROM `zhx_column` [ RunTime:0.0060s ]
SQL: SHOW COLUMNS FROM `zhx_articletype` [ RunTime:0.0060s ]
SQL: SHOW COLUMNS FROM `zhx_column` [ RunTime:0.0090s ]
SQL: SELECT `name`,`href` FROM `zhx_column` WHERE `type` = 1 AND `status` = 1 ORDER BY column_order  [ RunTime:0.0010s ]
SQL: SHOW COLUMNS FROM `zhx_article` [ RunTime:0.0080s ]
SQL: SELECT `arid`,`title` FROM `zhx_article` WHERE ( status = 1 ) ORDER BY time LIMIT 6   [ RunTime:0.0020s ]
SQL: SHOW COLUMNS FROM `zhx_articletype` [ RunTime:0.0090s ]
SQL: SELECT * FROM `zhx_articletype`  [ RunTime:0.0020s ]
SQL: SHOW COLUMNS FROM `zhx_article` [ RunTime:0.0070s ]
SQL: SELECT `content`,`title`,`arid` FROM `zhx_article` WHERE ( 1=1 AND aid='1' )  [ RunTime:0.0020s ]
SQL: SELECT `content`,`title`,`arid` FROM `zhx_article` WHERE ( 1=1 AND aid='2' )  [ RunTime:0.0000s ]
SQL: SELECT `content`,`title`,`arid` FROM `zhx_article` WHERE ( 1=1 AND aid='3' )  [ RunTime:0.0000s ]
SQL: SELECT `content`,`title`,`arid` FROM `zhx_article` WHERE ( 1=1 AND aid='4' )  [ RunTime:0.0010s ]
SQL: SELECT `content`,`title`,`arid` FROM `zhx_article` WHERE ( 1=1 AND aid='5' )  [ RunTime:0.0000s ]
SQL: SELECT `content`,`title`,`arid` FROM `zhx_article` WHERE ( 1=1 AND aid='6' )  [ RunTime:0.0010s ]
SQL: SELECT `content`,`title`,`arid` FROM `zhx_article` WHERE ( 1=1 AND aid='7' )  [ RunTime:0.0010s ]
SQL: SELECT `content`,`title`,`arid` FROM `zhx_article` WHERE ( 1=1 AND aid='8' )  [ RunTime:0.0000s ]
SQL: SELECT `content`,`title`,`arid` FROM `zhx_article` WHERE ( 1=1 AND aid='9' )  [ RunTime:0.0000s ]
SQL: SELECT `content`,`title`,`arid` FROM `zhx_article` WHERE ( 1=1 AND aid='10' )  [ RunTime:0.0000s ]
SQL: SELECT `content`,`title`,`arid` FROM `zhx_article` WHERE ( 1=1 AND aid='11' )  [ RunTime:0.0010s ]
SQL: SELECT `content`,`title`,`arid` FROM `zhx_article` WHERE ( 1=1 AND aid='12' )  [ RunTime:0.0010s ]
SQL: SELECT `content`,`title`,`arid` FROM `zhx_article` WHERE ( 1=1 AND aid='13' )  [ RunTime:0.0010s ]
SQL: SELECT `content`,`title`,`arid` FROM `zhx_article` WHERE ( 1=1 AND aid='14' )  [ RunTime:0.0000s ]
SQL: SELECT `content`,`title`,`arid` FROM `zhx_article` WHERE ( 1=1 AND aid='15' )  [ RunTime:0.0010s ]
INFO: [ view_parse ] --START--
INFO: [ template_filter ] --START--
INFO: Run Behavior\ContentReplaceBehavior [ RunTime:0.001000s ]
INFO: [ template_filter ] --END-- [ RunTime:0.001000s ]
INFO: Run Behavior\ParseTemplateBehavior [ RunTime:0.062004s ]
INFO: [ view_parse ] --END-- [ RunTime:0.062004s ]
INFO: [ view_filter ] --START--
INFO: Run Behavior\WriteHtmlCacheBehavior [ RunTime:0.001000s ]
INFO: [ view_filter ] --END-- [ RunTime:0.001000s ]
INFO: [ app_end ] --START--
INFO: Run Behavior\ShowPageTraceBehavior [ RunTime:0.002000s ]
INFO: [ app_end ] --END-- [ RunTime:0.003000s ]

[ 2016-02-25T23:28:07+08:00 ] ::1 /LSS/1/index.php/Home/Article/click_get_more.html?aid=8
INFO: [ app_init ] --START--
INFO: Run Behavior\BuildLiteBehavior [ RunTime:0.000000s ]
INFO: [ app_init ] --END-- [ RunTime:0.002000s ]
INFO: [ app_begin ] --START--
INFO: Run Behavior\ReadHtmlCacheBehavior [ RunTime:0.012001s ]
INFO: [ app_begin ] --END-- [ RunTime:0.012001s ]
SQL: SHOW COLUMNS FROM `zhx_article` [ RunTime:0.0060s ]
SQL: SHOW COLUMNS FROM `zhx_column` [ RunTime:0.0060s ]
SQL: SHOW COLUMNS FROM `zhx_articletype` [ RunTime:0.0060s ]
SQL: SHOW COLUMNS FROM `zhx_articletype` [ RunTime:0.0130s ]
SQL: SELECT * FROM `zhx_articletype` WHERE ( pid =8 )  [ RunTime:0.0020s ]
SQL: SELECT * FROM `zhx_articletype` WHERE ( aid =8 )  [ RunTime:0.0010s ]
SQL: SHOW COLUMNS FROM `zhx_article` [ RunTime:0.0070s ]
SQL: SELECT `content`,`title`,`arid` FROM `zhx_article` WHERE ( 1=1 AND aid='8' )  [ RunTime:0.0010s ]
INFO: [ app_end ] --START--
INFO: Run Behavior\ShowPageTraceBehavior [ RunTime:0.001001s ]
INFO: [ app_end ] --END-- [ RunTime:0.003001s ]

[ 2016-02-25T23:28:09+08:00 ] ::1 /LSS/1/index.php/Home/Index/article
INFO: [ app_init ] --START--
INFO: Run Behavior\BuildLiteBehavior [ RunTime:0.000000s ]
INFO: [ app_init ] --END-- [ RunTime:0.001000s ]
INFO: [ app_begin ] --START--
INFO: Run Behavior\ReadHtmlCacheBehavior [ RunTime:0.002000s ]
INFO: [ app_begin ] --END-- [ RunTime:0.002000s ]
SQL: SHOW COLUMNS FROM `zhx_article` [ RunTime:0.0060s ]
SQL: SHOW COLUMNS FROM `zhx_column` [ RunTime:0.0060s ]
SQL: SHOW COLUMNS FROM `zhx_articletype` [ RunTime:0.0060s ]
SQL: SHOW COLUMNS FROM `zhx_column` [ RunTime:0.0070s ]
SQL: SELECT `name`,`href` FROM `zhx_column` WHERE `type` = 1 AND `status` = 1 ORDER BY column_order  [ RunTime:0.0010s ]
SQL: SHOW COLUMNS FROM `zhx_article` [ RunTime:0.0060s ]
SQL: SELECT `arid`,`title` FROM `zhx_article` WHERE ( status = 1 ) ORDER BY time LIMIT 6   [ RunTime:0.0000s ]
SQL: SHOW COLUMNS FROM `zhx_articletype` [ RunTime:0.0070s ]
SQL: SELECT * FROM `zhx_articletype`  [ RunTime:0.0010s ]
SQL: SHOW COLUMNS FROM `zhx_article` [ RunTime:0.0070s ]
SQL: SELECT `content`,`title`,`arid` FROM `zhx_article` WHERE ( 1=1 AND aid='1' )  [ RunTime:0.0010s ]
SQL: SELECT `content`,`title`,`arid` FROM `zhx_article` WHERE ( 1=1 AND aid='2' )  [ RunTime:0.0000s ]
SQL: SELECT `content`,`title`,`arid` FROM `zhx_article` WHERE ( 1=1 AND aid='3' )  [ RunTime:0.0010s ]
SQL: SELECT `content`,`title`,`arid` FROM `zhx_article` WHERE ( 1=1 AND aid='4' )  [ RunTime:0.0010s ]
SQL: SELECT `content`,`title`,`arid` FROM `zhx_article` WHERE ( 1=1 AND aid='5' )  [ RunTime:0.0000s ]
SQL: SELECT `content`,`title`,`arid` FROM `zhx_article` WHERE ( 1=1 AND aid='6' )  [ RunTime:0.0020s ]
SQL: SELECT `content`,`title`,`arid` FROM `zhx_article` WHERE ( 1=1 AND aid='7' )  [ RunTime:0.0010s ]
SQL: SELECT `content`,`title`,`arid` FROM `zhx_article` WHERE ( 1=1 AND aid='8' )  [ RunTime:0.0020s ]
SQL: SELECT `content`,`title`,`arid` FROM `zhx_article` WHERE ( 1=1 AND aid='9' )  [ RunTime:0.0000s ]
SQL: SELECT `content`,`title`,`arid` FROM `zhx_article` WHERE ( 1=1 AND aid='10' )  [ RunTime:0.0000s ]
SQL: SELECT `content`,`title`,`arid` FROM `zhx_article` WHERE ( 1=1 AND aid='11' )  [ RunTime:0.0010s ]
SQL: SELECT `content`,`title`,`arid` FROM `zhx_article` WHERE ( 1=1 AND aid='12' )  [ RunTime:0.0010s ]
SQL: SELECT `content`,`title`,`arid` FROM `zhx_article` WHERE ( 1=1 AND aid='13' )  [ RunTime:0.0000s ]
SQL: SELECT `content`,`title`,`arid` FROM `zhx_article` WHERE ( 1=1 AND aid='14' )  [ RunTime:0.0010s ]
SQL: SELECT `content`,`title`,`arid` FROM `zhx_article` WHERE ( 1=1 AND aid='15' )  [ RunTime:0.0010s ]
INFO: [ view_parse ] --START--
INFO: [ template_filter ] --START--
INFO: Run Behavior\ContentReplaceBehavior [ RunTime:0.001001s ]
INFO: [ template_filter ] --END-- [ RunTime:0.001001s ]
INFO: Run Behavior\ParseTemplateBehavior [ RunTime:0.052003s ]
INFO: [ view_parse ] --END-- [ RunTime:0.053003s ]
INFO: [ view_filter ] --START--
INFO: Run Behavior\WriteHtmlCacheBehavior [ RunTime:0.002000s ]
INFO: [ view_filter ] --END-- [ RunTime:0.002000s ]
INFO: [ app_end ] --START--
INFO: Run Behavior\ShowPageTraceBehavior [ RunTime:0.026001s ]
INFO: [ app_end ] --END-- [ RunTime:0.027002s ]

[ 2016-02-25T23:28:17+08:00 ] ::1 /LSS/1/index.php/Home/Article/click_get_more.html?aid=
INFO: [ app_init ] --START--
INFO: Run Behavior\BuildLiteBehavior [ RunTime:0.000000s ]
INFO: [ app_init ] --END-- [ RunTime:0.001000s ]
INFO: [ app_begin ] --START--
INFO: Run Behavior\ReadHtmlCacheBehavior [ RunTime:0.001000s ]
INFO: [ app_begin ] --END-- [ RunTime:0.003000s ]
SQL: SHOW COLUMNS FROM `zhx_article` [ RunTime:0.0000s ]
SQL: SHOW COLUMNS FROM `zhx_column` [ RunTime:0.0000s ]
SQL: SHOW COLUMNS FROM `zhx_articletype` [ RunTime:0.0156s ]
SQL: SHOW COLUMNS FROM `zhx_article` [ RunTime:0.0000s ]
SQL: SELECT COUNT(*) AS tp_count FROM `zhx_article` WHERE `status` = 1 LIMIT 1   [ RunTime:0.0000s ]
SQL: SELECT * FROM `zhx_article` WHERE `status` = 1 ORDER BY time desc LIMIT 0,10   [ RunTime:0.0156s ]
SQL: SHOW COLUMNS FROM `zhx_articletype` [ RunTime:0.0000s ]
SQL: SELECT `typename` FROM `zhx_articletype` WHERE ( 1=1 AND aid='1' ) LIMIT 1   [ RunTime:0.0000s ]
SQL: SHOW COLUMNS FROM `zhx_article_data` [ RunTime:0.0176s ]
SQL: SELECT `comment_count`,`browse_count` FROM `zhx_article_data` WHERE ( 1=1 AND arid='73' ) LIMIT 1   [ RunTime:0.0010s ]
SQL: SHOW COLUMNS FROM `zhx_articlepic` [ RunTime:0.0060s ]
SQL: SELECT `path` FROM `zhx_articlepic` WHERE ( 1=1 AND arid='73' ) LIMIT 1   [ RunTime:0.0010s ]
SQL: SELECT `typename` FROM `zhx_articletype` WHERE ( 1=1 AND aid='0' ) LIMIT 1   [ RunTime:0.0000s ]
SQL: SELECT `comment_count`,`browse_count` FROM `zhx_article_data` WHERE ( 1=1 AND arid='118' ) LIMIT 1   [ RunTime:0.0010s ]
SQL: SELECT `path` FROM `zhx_articlepic` WHERE ( 1=1 AND arid='118' ) LIMIT 1   [ RunTime:0.0000s ]
SQL: SELECT `typename` FROM `zhx_articletype` WHERE ( 1=1 AND aid='2' ) LIMIT 1   [ RunTime:0.0000s ]
SQL: SELECT `comment_count`,`browse_count` FROM `zhx_article_data` WHERE ( 1=1 AND arid='119' ) LIMIT 1   [ RunTime:0.0000s ]
SQL: SELECT `path` FROM `zhx_articlepic` WHERE ( 1=1 AND arid='119' ) LIMIT 1   [ RunTime:0.0000s ]
SQL: SELECT `typename` FROM `zhx_articletype` WHERE ( 1=1 AND aid='0' ) LIMIT 1   [ RunTime:0.0000s ]
SQL: SELECT `comment_count`,`browse_count` FROM `zhx_article_data` WHERE ( 1=1 AND arid='117' ) LIMIT 1   [ RunTime:0.0000s ]
SQL: SELECT `path` FROM `zhx_articlepic` WHERE ( 1=1 AND arid='117' ) LIMIT 1   [ RunTime:0.0000s ]
SQL: SELECT `typename` FROM `zhx_articletype` WHERE ( 1=1 AND aid='0' ) LIMIT 1   [ RunTime:0.0000s ]
SQL: SELECT `comment_count`,`browse_count` FROM `zhx_article_data` WHERE ( 1=1 AND arid='116' ) LIMIT 1   [ RunTime:0.0000s ]
SQL: SELECT `path` FROM `zhx_articlepic` WHERE ( 1=1 AND arid='116' ) LIMIT 1   [ RunTime:0.0000s ]
SQL: SELECT `typename` FROM `zhx_articletype` WHERE ( 1=1 AND aid='0' ) LIMIT 1   [ RunTime:0.0000s ]
SQL: SELECT `comment_count`,`browse_count` FROM `zhx_article_data` WHERE ( 1=1 AND arid='115' ) LIMIT 1   [ RunTime:0.0000s ]
SQL: SELECT `path` FROM `zhx_articlepic` WHERE ( 1=1 AND arid='115' ) LIMIT 1   [ RunTime:0.0000s ]
SQL: SELECT `typename` FROM `zhx_articletype` WHERE ( 1=1 AND aid='0' ) LIMIT 1   [ RunTime:0.0000s ]
SQL: SELECT `comment_count`,`browse_count` FROM `zhx_article_data` WHERE ( 1=1 AND arid='112' ) LIMIT 1   [ RunTime:0.0000s ]
SQL: SELECT `path` FROM `zhx_articlepic` WHERE ( 1=1 AND arid='112' ) LIMIT 1   [ RunTime:0.0000s ]
SQL: SELECT `typename` FROM `zhx_articletype` WHERE ( 1=1 AND aid='0' ) LIMIT 1   [ RunTime:0.0000s ]
SQL: SELECT `comment_count`,`browse_count` FROM `zhx_article_data` WHERE ( 1=1 AND arid='113' ) LIMIT 1   [ RunTime:0.0000s ]
SQL: SELECT `path` FROM `zhx_articlepic` WHERE ( 1=1 AND arid='113' ) LIMIT 1   [ RunTime:0.0000s ]
SQL: SELECT `typename` FROM `zhx_articletype` WHERE ( 1=1 AND aid='0' ) LIMIT 1   [ RunTime:0.0000s ]
SQL: SELECT `comment_count`,`browse_count` FROM `zhx_article_data` WHERE ( 1=1 AND arid='114' ) LIMIT 1   [ RunTime:0.0000s ]
SQL: SELECT `path` FROM `zhx_articlepic` WHERE ( 1=1 AND arid='114' ) LIMIT 1   [ RunTime:0.0000s ]
SQL: SELECT `typename` FROM `zhx_articletype` WHERE ( 1=1 AND aid='0' ) LIMIT 1   [ RunTime:0.0000s ]
SQL: SELECT `comment_count`,`browse_count` FROM `zhx_article_data` WHERE ( 1=1 AND arid='109' ) LIMIT 1   [ RunTime:0.0000s ]
SQL: SELECT `path` FROM `zhx_articlepic` WHERE ( 1=1 AND arid='109' ) LIMIT 1   [ RunTime:0.0000s ]
INFO: [ app_end ] --START--
INFO: Run Behavior\ShowPageTraceBehavior [ RunTime:0.000000s ]
INFO: [ app_end ] --END-- [ RunTime:0.000000s ]

[ 2016-02-25T23:28:33+08:00 ] ::1 /LSS/1/index.php/Home/Index/article/aid/11.html
INFO: [ app_init ] --START--
INFO: Run Behavior\BuildLiteBehavior [ RunTime:0.000000s ]
INFO: [ app_init ] --END-- [ RunTime:0.001001s ]
INFO: [ app_begin ] --START--
INFO: Run Behavior\ReadHtmlCacheBehavior [ RunTime:0.002000s ]
INFO: [ app_begin ] --END-- [ RunTime:0.002000s ]
SQL: SHOW COLUMNS FROM `zhx_article` [ RunTime:0.0090s ]
SQL: SHOW COLUMNS FROM `zhx_column` [ RunTime:0.0090s ]
SQL: SHOW COLUMNS FROM `zhx_articletype` [ RunTime:0.0070s ]
SQL: SHOW COLUMNS FROM `zhx_column` [ RunTime:0.0080s ]
SQL: SELECT `name`,`href` FROM `zhx_column` WHERE `type` = 1 AND `status` = 1 ORDER BY column_order  [ RunTime:0.0010s ]
SQL: SHOW COLUMNS FROM `zhx_article` [ RunTime:0.0070s ]
SQL: SELECT `arid`,`title` FROM `zhx_article` WHERE ( status = 1 ) ORDER BY time LIMIT 6   [ RunTime:0.0010s ]
SQL: SHOW COLUMNS FROM `zhx_articletype` [ RunTime:0.0080s ]
SQL: SELECT * FROM `zhx_articletype`  [ RunTime:0.0010s ]
SQL: SHOW COLUMNS FROM `zhx_article` [ RunTime:0.0070s ]
SQL: SELECT `content`,`title`,`arid` FROM `zhx_article` WHERE ( 1=1 AND aid='1' )  [ RunTime:0.0010s ]
SQL: SELECT `content`,`title`,`arid` FROM `zhx_article` WHERE ( 1=1 AND aid='2' )  [ RunTime:0.0010s ]
SQL: SELECT `content`,`title`,`arid` FROM `zhx_article` WHERE ( 1=1 AND aid='3' )  [ RunTime:0.0010s ]
SQL: SELECT `content`,`title`,`arid` FROM `zhx_article` WHERE ( 1=1 AND aid='4' )  [ RunTime:0.0000s ]
SQL: SELECT `content`,`title`,`arid` FROM `zhx_article` WHERE ( 1=1 AND aid='5' )  [ RunTime:0.0000s ]
SQL: SELECT `content`,`title`,`arid` FROM `zhx_article` WHERE ( 1=1 AND aid='6' )  [ RunTime:0.0000s ]
SQL: SELECT `content`,`title`,`arid` FROM `zhx_article` WHERE ( 1=1 AND aid='7' )  [ RunTime:0.0010s ]
SQL: SELECT `content`,`title`,`arid` FROM `zhx_article` WHERE ( 1=1 AND aid='8' )  [ RunTime:0.0010s ]
SQL: SELECT `content`,`title`,`arid` FROM `zhx_article` WHERE ( 1=1 AND aid='9' )  [ RunTime:0.0000s ]
SQL: SELECT `content`,`title`,`arid` FROM `zhx_article` WHERE ( 1=1 AND aid='10' )  [ RunTime:0.0010s ]
SQL: SELECT `content`,`title`,`arid` FROM `zhx_article` WHERE ( 1=1 AND aid='11' )  [ RunTime:0.0010s ]
SQL: SELECT `content`,`title`,`arid` FROM `zhx_article` WHERE ( 1=1 AND aid='12' )  [ RunTime:0.0010s ]
SQL: SELECT `content`,`title`,`arid` FROM `zhx_article` WHERE ( 1=1 AND aid='13' )  [ RunTime:0.0000s ]
SQL: SELECT `content`,`title`,`arid` FROM `zhx_article` WHERE ( 1=1 AND aid='14' )  [ RunTime:0.0000s ]
SQL: SELECT `content`,`title`,`arid` FROM `zhx_article` WHERE ( 1=1 AND aid='15' )  [ RunTime:0.0000s ]
INFO: [ view_parse ] --START--
INFO: [ template_filter ] --START--
INFO: Run Behavior\ContentReplaceBehavior [ RunTime:0.000000s ]
INFO: [ template_filter ] --END-- [ RunTime:0.000000s ]
INFO: Run Behavior\ParseTemplateBehavior [ RunTime:0.058004s ]
INFO: [ view_parse ] --END-- [ RunTime:0.058004s ]
INFO: [ view_filter ] --START--
INFO: Run Behavior\WriteHtmlCacheBehavior [ RunTime:0.005000s ]
INFO: [ view_filter ] --END-- [ RunTime:0.006000s ]
INFO: [ app_end ] --START--
INFO: Run Behavior\ShowPageTraceBehavior [ RunTime:0.002000s ]
INFO: [ app_end ] --END-- [ RunTime:0.003000s ]

[ 2016-02-25T23:28:37+08:00 ] ::1 /LSS/1/index.php/Home/Article/click_get_more.html?aid=11
INFO: [ app_init ] --START--
INFO: Run Behavior\BuildLiteBehavior [ RunTime:0.000000s ]
INFO: [ app_init ] --END-- [ RunTime:0.003000s ]
INFO: [ app_begin ] --START--
INFO: Run Behavior\ReadHtmlCacheBehavior [ RunTime:0.001000s ]
INFO: [ app_begin ] --END-- [ RunTime:0.003001s ]
SQL: SHOW COLUMNS FROM `zhx_article` [ RunTime:0.0070s ]
SQL: SHOW COLUMNS FROM `zhx_column` [ RunTime:0.0070s ]
SQL: SHOW COLUMNS FROM `zhx_articletype` [ RunTime:0.0060s ]
SQL: SHOW COLUMNS FROM `zhx_articletype` [ RunTime:0.0060s ]
SQL: SELECT * FROM `zhx_articletype` WHERE ( pid =11 )  [ RunTime:0.0000s ]
SQL: SELECT * FROM `zhx_articletype` WHERE ( aid =11 )  [ RunTime:0.0000s ]
SQL: SHOW COLUMNS FROM `zhx_article` [ RunTime:0.0000s ]
SQL: SELECT `content`,`title`,`arid` FROM `zhx_article` WHERE ( 1=1 AND aid='11' )  [ RunTime:0.0156s ]
INFO: [ app_end ] --START--
INFO: Run Behavior\ShowPageTraceBehavior [ RunTime:0.000000s ]
INFO: [ app_end ] --END-- [ RunTime:0.000000s ]

