[ 2016-06-03T23:49:58+08:00 ] ::1 /zhxjmdc/1/admin.php/Home/Login/index.html
INFO: [ app_init ] --START--
INFO: Run Behavior\BuildLiteBehavior [ RunTime:0.000091s ]
INFO: [ app_init ] --END-- [ RunTime:0.001040s ]
INFO: [ app_begin ] --START--
INFO: Run Behavior\ReadHtmlCacheBehavior [ RunTime:0.001279s ]
INFO: [ app_begin ] --END-- [ RunTime:0.001836s ]
INFO: [ view_parse ] --START--
INFO: [ template_filter ] --START--
INFO: Run Behavior\ContentReplaceBehavior [ RunTime:0.000300s ]
INFO: [ template_filter ] --END-- [ RunTime:0.000820s ]
INFO: Run Behavior\ParseTemplateBehavior [ RunTime:0.011858s ]
INFO: [ view_parse ] --END-- [ RunTime:0.012241s ]
INFO: [ view_filter ] --START--
INFO: Run Behavior\WriteHtmlCacheBehavior [ RunTime:0.000821s ]
INFO: [ view_filter ] --END-- [ RunTime:0.001360s ]
INFO: [ app_end ] --START--
INFO: Run Behavior\ShowPageTraceBehavior [ RunTime:0.001128s ]
INFO: [ app_end ] --END-- [ RunTime:0.001716s ]

[ 2016-06-03T23:50:03+08:00 ] ::1 /zhxjmdc/1/admin.php/Home/Login/login.html
INFO: [ app_init ] --START--
INFO: Run Behavior\BuildLiteBehavior [ RunTime:0.000073s ]
INFO: [ app_init ] --END-- [ RunTime:0.000673s ]
INFO: [ app_begin ] --START--
INFO: Run Behavior\ReadHtmlCacheBehavior [ RunTime:0.000828s ]
INFO: [ app_begin ] --END-- [ RunTime:0.001363s ]
SQL: SHOW COLUMNS FROM `zhx_admin` [ RunTime:0.0019s ]
SQL: SELECT `admin`,`pwd` FROM `zhx_admin` WHERE `admin` = 'admin' LIMIT 1   [ RunTime:0.0007s ]
INFO: [ view_parse ] --START--
INFO: [ template_filter ] --START--
INFO: Run Behavior\ContentReplaceBehavior [ RunTime:0.000186s ]
INFO: [ template_filter ] --END-- [ RunTime:0.000527s ]
INFO: Run Behavior\ParseTemplateBehavior [ RunTime:0.011856s ]
INFO: [ view_parse ] --END-- [ RunTime:0.012275s ]
INFO: [ view_filter ] --START--
INFO: Run Behavior\WriteHtmlCacheBehavior [ RunTime:0.000258s ]
INFO: [ view_filter ] --END-- [ RunTime:0.000577s ]
INFO: [ app_end ] --START--
INFO: Run Behavior\ShowPageTraceBehavior [ RunTime:0.000632s ]
INFO: [ app_end ] --END-- [ RunTime:0.000952s ]

[ 2016-06-03T23:50:04+08:00 ] ::1 /zhxjmdc/1/admin.php/Home/Login/index.html
INFO: [ app_init ] --START--
INFO: Run Behavior\BuildLiteBehavior [ RunTime:0.001010s ]
INFO: [ app_init ] --END-- [ RunTime:0.001964s ]
INFO: [ app_begin ] --START--
INFO: Run Behavior\ReadHtmlCacheBehavior [ RunTime:0.000589s ]
INFO: [ app_begin ] --END-- [ RunTime:0.000970s ]
INFO: [ view_parse ] --START--
INFO: [ template_filter ] --START--
INFO: Run Behavior\ContentReplaceBehavior [ RunTime:0.000338s ]
INFO: [ template_filter ] --END-- [ RunTime:0.000930s ]
INFO: Run Behavior\ParseTemplateBehavior [ RunTime:0.012955s ]
INFO: [ view_parse ] --END-- [ RunTime:0.013436s ]
INFO: [ view_filter ] --START--
INFO: Run Behavior\WriteHtmlCacheBehavior [ RunTime:0.000322s ]
INFO: [ view_filter ] --END-- [ RunTime:0.000703s ]
INFO: [ app_end ] --START--
INFO: Run Behavior\ShowPageTraceBehavior [ RunTime:0.000690s ]
INFO: [ app_end ] --END-- [ RunTime:0.001088s ]

[ 2016-06-03T23:50:10+08:00 ] ::1 /zhxjmdc/1/admin.php/Home/Login/login.html
INFO: [ app_init ] --START--
INFO: Run Behavior\BuildLiteBehavior [ RunTime:0.000096s ]
INFO: [ app_init ] --END-- [ RunTime:0.000938s ]
INFO: [ app_begin ] --START--
INFO: Run Behavior\ReadHtmlCacheBehavior [ RunTime:0.000608s ]
INFO: [ app_begin ] --END-- [ RunTime:0.001020s ]
SQL: SHOW COLUMNS FROM `zhx_admin` [ RunTime:0.0006s ]
SQL: SELECT `admin`,`pwd` FROM `zhx_admin` WHERE `admin` = 'jmdc' LIMIT 1   [ RunTime:0.0003s ]
NOTIC: [8] A session had already been started - ignoring session_start() /Users/zhangxiang/PhpstormProjects/zhxjmdc/1/ThinkPHP/Common/functions.php 第 1272 行.

[ 2016-06-03T23:50:10+08:00 ] ::1 /zhxjmdc/1/admin.php/Home/Index/index.html
INFO: [ app_init ] --START--
INFO: Run Behavior\BuildLiteBehavior [ RunTime:0.000074s ]
INFO: [ app_init ] --END-- [ RunTime:0.000680s ]
INFO: [ app_begin ] --START--
INFO: Run Behavior\ReadHtmlCacheBehavior [ RunTime:0.000561s ]
INFO: [ app_begin ] --END-- [ RunTime:0.000906s ]
SQL: SHOW COLUMNS FROM `zhx_article` [ RunTime:0.0015s ]
SQL: SHOW COLUMNS FROM `zhx_article` [ RunTime:0.0004s ]
SQL: SELECT COUNT(*) AS tp_count FROM `zhx_article` WHERE `status` = 1 LIMIT 1   [ RunTime:0.0003s ]
SQL: SHOW COLUMNS FROM `zhx_article_data` [ RunTime:0.0012s ]
SQL: SELECT SUM(comment_count) AS tp_sum FROM `zhx_article_data` LIMIT 1   [ RunTime:0.0003s ]
SQL: SELECT SUM(browse_count) AS tp_sum FROM `zhx_article_data` LIMIT 1   [ RunTime:0.0003s ]
INFO: [ view_parse ] --START--
INFO: [ template_filter ] --START--
INFO: Run Behavior\ContentReplaceBehavior [ RunTime:0.000287s ]
INFO: [ template_filter ] --END-- [ RunTime:0.000642s ]
NOTIC: [8] Undefined variable: name /Users/zhangxiang/PhpstormProjects/zhxjmdc/1/Admin/Runtime/Cache/Home/55843b8195cd32862e5dfa640df6e51d.php 第 92 行.
INFO: Run Behavior\ParseTemplateBehavior [ RunTime:0.083506s ]
INFO: [ view_parse ] --END-- [ RunTime:0.083888s ]
INFO: [ view_filter ] --START--
INFO: Run Behavior\WriteHtmlCacheBehavior [ RunTime:0.000346s ]
INFO: [ view_filter ] --END-- [ RunTime:0.000682s ]
INFO: [ app_end ] --START--
INFO: Run Behavior\ShowPageTraceBehavior [ RunTime:0.000718s ]
INFO: [ app_end ] --END-- [ RunTime:0.001057s ]

[ 2016-06-03T23:50:14+08:00 ] ::1 /zhxjmdc/1/admin.php/Home/Article/article_list_page.html
INFO: [ app_init ] --START--
INFO: Run Behavior\BuildLiteBehavior [ RunTime:0.000074s ]
INFO: [ app_init ] --END-- [ RunTime:0.000690s ]
INFO: [ app_begin ] --START--
INFO: Run Behavior\ReadHtmlCacheBehavior [ RunTime:0.001712s ]
INFO: [ app_begin ] --END-- [ RunTime:0.002452s ]
SQL: SHOW COLUMNS FROM `zhx_article` [ RunTime:0.0006s ]
SQL: SHOW COLUMNS FROM `zhx_articletype` [ RunTime:0.0012s ]
SQL: SHOW COLUMNS FROM `zhx_article` [ RunTime:0.0009s ]
SQL: SELECT * FROM `zhx_article` WHERE `status` = 1 ORDER BY time desc  [ RunTime:0.0009s ]
SQL: SHOW COLUMNS FROM `zhx_articletype` [ RunTime:0.0005s ]
SQL: SELECT `typename` FROM `zhx_articletype` WHERE ( 1=1 AND aid='17' ) LIMIT 1   [ RunTime:0.0005s ]
SQL: SELECT `typename` FROM `zhx_articletype` WHERE ( 1=1 AND aid='14' ) LIMIT 1   [ RunTime:0.0003s ]
SQL: SELECT `typename` FROM `zhx_articletype` WHERE ( 1=1 AND aid='14' ) LIMIT 1   [ RunTime:0.0003s ]
SQL: SELECT `typename` FROM `zhx_articletype` WHERE ( 1=1 AND aid='11' ) LIMIT 1   [ RunTime:0.0003s ]
SQL: SELECT `typename` FROM `zhx_articletype` WHERE ( 1=1 AND aid='5' ) LIMIT 1   [ RunTime:0.0003s ]
SQL: SELECT `typename` FROM `zhx_articletype` WHERE ( 1=1 AND aid='5' ) LIMIT 1   [ RunTime:0.0003s ]
SQL: SELECT `typename` FROM `zhx_articletype` WHERE ( 1=1 AND aid='5' ) LIMIT 1   [ RunTime:0.0005s ]
SQL: SELECT `typename` FROM `zhx_articletype` WHERE ( 1=1 AND aid='5' ) LIMIT 1   [ RunTime:0.0003s ]
SQL: SELECT `typename` FROM `zhx_articletype` WHERE ( 1=1 AND aid='5' ) LIMIT 1   [ RunTime:0.0003s ]
SQL: SELECT `typename` FROM `zhx_articletype` WHERE ( 1=1 AND aid='5' ) LIMIT 1   [ RunTime:0.0003s ]
SQL: SELECT `typename` FROM `zhx_articletype` WHERE ( 1=1 AND aid='5' ) LIMIT 1   [ RunTime:0.0003s ]
SQL: SELECT `typename` FROM `zhx_articletype` WHERE ( 1=1 AND aid='5' ) LIMIT 1   [ RunTime:0.0003s ]
SQL: SELECT `typename` FROM `zhx_articletype` WHERE ( 1=1 AND aid='16' ) LIMIT 1   [ RunTime:0.0003s ]
SQL: SELECT `typename` FROM `zhx_articletype` WHERE ( 1=1 AND aid='16' ) LIMIT 1   [ RunTime:0.0003s ]
SQL: SELECT `typename` FROM `zhx_articletype` WHERE ( 1=1 AND aid='11' ) LIMIT 1   [ RunTime:0.0003s ]
SQL: SELECT `typename` FROM `zhx_articletype` WHERE ( 1=1 AND aid='11' ) LIMIT 1   [ RunTime:0.0003s ]
SQL: SELECT `typename` FROM `zhx_articletype` WHERE ( 1=1 AND aid='11' ) LIMIT 1   [ RunTime:0.0003s ]
SQL: SELECT `typename` FROM `zhx_articletype` WHERE ( 1=1 AND aid='16' ) LIMIT 1   [ RunTime:0.0003s ]
SQL: SELECT `typename` FROM `zhx_articletype` WHERE ( 1=1 AND aid='16' ) LIMIT 1   [ RunTime:0.0003s ]
SQL: SELECT `typename` FROM `zhx_articletype` WHERE ( 1=1 AND aid='5' ) LIMIT 1   [ RunTime:0.0002s ]
SQL: SELECT `typename` FROM `zhx_articletype` WHERE ( 1=1 AND aid='5' ) LIMIT 1   [ RunTime:0.0003s ]
SQL: SELECT `typename` FROM `zhx_articletype` WHERE ( 1=1 AND aid='16' ) LIMIT 1   [ RunTime:0.0003s ]
SQL: SELECT `typename` FROM `zhx_articletype` WHERE ( 1=1 AND aid='16' ) LIMIT 1   [ RunTime:0.0003s ]
SQL: SELECT `typename` FROM `zhx_articletype` WHERE ( 1=1 AND aid='16' ) LIMIT 1   [ RunTime:0.0003s ]
SQL: SELECT `typename` FROM `zhx_articletype` WHERE ( 1=1 AND aid='13' ) LIMIT 1   [ RunTime:0.0003s ]
SQL: SELECT `typename` FROM `zhx_articletype` WHERE ( 1=1 AND aid='16' ) LIMIT 1   [ RunTime:0.0003s ]
SQL: SELECT `typename` FROM `zhx_articletype` WHERE ( 1=1 AND aid='5' ) LIMIT 1   [ RunTime:0.0003s ]
SQL: SELECT `typename` FROM `zhx_articletype` WHERE ( 1=1 AND aid='0' ) LIMIT 1   [ RunTime:0.0003s ]
SQL: SELECT `typename` FROM `zhx_articletype` WHERE ( 1=1 AND aid='16' ) LIMIT 1   [ RunTime:0.0003s ]
SQL: SELECT `typename` FROM `zhx_articletype` WHERE ( 1=1 AND aid='16' ) LIMIT 1   [ RunTime:0.0003s ]
SQL: SELECT `typename` FROM `zhx_articletype` WHERE ( 1=1 AND aid='5' ) LIMIT 1   [ RunTime:0.0003s ]
SQL: SELECT `typename` FROM `zhx_articletype` WHERE ( 1=1 AND aid='5' ) LIMIT 1   [ RunTime:0.0003s ]
SQL: SELECT `typename` FROM `zhx_articletype` WHERE ( 1=1 AND aid='11' ) LIMIT 1   [ RunTime:0.0003s ]
SQL: SELECT `typename` FROM `zhx_articletype` WHERE ( 1=1 AND aid='15' ) LIMIT 1   [ RunTime:0.0003s ]
SQL: SELECT `typename` FROM `zhx_articletype` WHERE ( 1=1 AND aid='5' ) LIMIT 1   [ RunTime:0.0003s ]
SQL: SELECT `typename` FROM `zhx_articletype` WHERE ( 1=1 AND aid='11' ) LIMIT 1   [ RunTime:0.0003s ]
SQL: SELECT `typename` FROM `zhx_articletype` WHERE ( 1=1 AND aid='15' ) LIMIT 1   [ RunTime:0.0003s ]
SQL: SELECT `typename` FROM `zhx_articletype` WHERE ( 1=1 AND aid='5' ) LIMIT 1   [ RunTime:0.0006s ]
SQL: SELECT `typename` FROM `zhx_articletype` WHERE ( 1=1 AND aid='5' ) LIMIT 1   [ RunTime:0.0005s ]
SQL: SELECT `typename` FROM `zhx_articletype` WHERE ( 1=1 AND aid='5' ) LIMIT 1   [ RunTime:0.0002s ]
SQL: SELECT `typename` FROM `zhx_articletype` WHERE ( 1=1 AND aid='5' ) LIMIT 1   [ RunTime:0.0002s ]
SQL: SELECT `typename` FROM `zhx_articletype` WHERE ( 1=1 AND aid='5' ) LIMIT 1   [ RunTime:0.0002s ]
INFO: [ view_parse ] --START--
INFO: [ template_filter ] --START--
INFO: Run Behavior\ContentReplaceBehavior [ RunTime:0.000411s ]
INFO: [ template_filter ] --END-- [ RunTime:0.000906s ]
NOTIC: [8] Undefined variable: name /Users/zhangxiang/PhpstormProjects/zhxjmdc/1/Admin/Runtime/Cache/Home/f3d8c67891ef50077d82a84a3865bf8f.php 第 92 行.
INFO: Run Behavior\ParseTemplateBehavior [ RunTime:0.152221s ]
INFO: [ view_parse ] --END-- [ RunTime:0.152671s ]
INFO: [ view_filter ] --START--
INFO: Run Behavior\WriteHtmlCacheBehavior [ RunTime:0.000479s ]
INFO: [ view_filter ] --END-- [ RunTime:0.000884s ]
INFO: [ app_end ] --START--
INFO: Run Behavior\ShowPageTraceBehavior [ RunTime:0.002601s ]
INFO: [ app_end ] --END-- [ RunTime:0.003009s ]

