[ 2016-06-16T17:04:43+08:00 ] ::1 /zhxjmdc/1/admin.php/Home/Article/article_drafts_page.html
INFO: [ app_init ] --START--
INFO: Run Behavior\BuildLiteBehavior [ RunTime:0.000117s ]
INFO: [ app_init ] --END-- [ RunTime:0.001058s ]
INFO: [ app_begin ] --START--
INFO: Run Behavior\ReadHtmlCacheBehavior [ RunTime:0.000675s ]
INFO: [ app_begin ] --END-- [ RunTime:0.001095s ]

[ 2016-06-16T17:04:43+08:00 ] ::1 /zhxjmdc/1/admin.php/Home/Login/index.html
INFO: [ app_init ] --START--
INFO: Run Behavior\BuildLiteBehavior [ RunTime:0.000100s ]
INFO: [ app_init ] --END-- [ RunTime:0.000893s ]
INFO: [ app_begin ] --START--
INFO: Run Behavior\ReadHtmlCacheBehavior [ RunTime:0.000620s ]
INFO: [ app_begin ] --END-- [ RunTime:0.000983s ]
INFO: [ view_parse ] --START--
INFO: [ template_filter ] --START--
INFO: Run Behavior\ContentReplaceBehavior [ RunTime:0.000217s ]
INFO: [ template_filter ] --END-- [ RunTime:0.000645s ]
INFO: Run Behavior\ParseTemplateBehavior [ RunTime:0.010366s ]
INFO: [ view_parse ] --END-- [ RunTime:0.010771s ]
INFO: [ view_filter ] --START--
INFO: Run Behavior\WriteHtmlCacheBehavior [ RunTime:0.000339s ]
INFO: [ view_filter ] --END-- [ RunTime:0.000782s ]
INFO: [ app_end ] --START--
INFO: Run Behavior\ShowPageTraceBehavior [ RunTime:0.000841s ]
INFO: [ app_end ] --END-- [ RunTime:0.001369s ]

[ 2016-06-16T17:04:47+08:00 ] ::1 /zhxjmdc/1/admin.php/Home/Login/login.html
INFO: [ app_init ] --START--
INFO: Run Behavior\BuildLiteBehavior [ RunTime:0.000151s ]
INFO: [ app_init ] --END-- [ RunTime:0.001455s ]
INFO: [ app_begin ] --START--
INFO: Run Behavior\ReadHtmlCacheBehavior [ RunTime:0.000767s ]
INFO: [ app_begin ] --END-- [ RunTime:0.001264s ]
ERR: SQLSTATE[HY000] [1045] Access denied for user 'root'@'localhost' (using password: YES)

[ 2016-06-16T17:05:38+08:00 ] ::1 /zhxjmdc/1/admin.php/Home/Login/login.html
INFO: [ app_init ] --START--
INFO: Run Behavior\BuildLiteBehavior [ RunTime:0.000107s ]
INFO: [ app_init ] --END-- [ RunTime:0.001004s ]
INFO: [ app_begin ] --START--
INFO: Run Behavior\ReadHtmlCacheBehavior [ RunTime:0.000596s ]
INFO: [ app_begin ] --END-- [ RunTime:0.000979s ]
SQL: SHOW COLUMNS FROM `zhx_admin` [ RunTime:0.0108s ]
SQL: SELECT `admin`,`pwd` FROM `zhx_admin` WHERE `admin` = 'jmdc' LIMIT 1   [ RunTime:0.0489s ]
INFO: [ view_parse ] --START--
INFO: [ template_filter ] --START--
INFO: Run Behavior\ContentReplaceBehavior [ RunTime:0.000244s ]
INFO: [ template_filter ] --END-- [ RunTime:0.000674s ]
INFO: Run Behavior\ParseTemplateBehavior [ RunTime:0.014509s ]
INFO: [ view_parse ] --END-- [ RunTime:0.015010s ]
INFO: [ view_filter ] --START--
INFO: Run Behavior\WriteHtmlCacheBehavior [ RunTime:0.000278s ]
INFO: [ view_filter ] --END-- [ RunTime:0.000626s ]
INFO: [ app_end ] --START--
INFO: Run Behavior\ShowPageTraceBehavior [ RunTime:0.000594s ]
INFO: [ app_end ] --END-- [ RunTime:0.000928s ]

[ 2016-06-16T17:05:39+08:00 ] ::1 /zhxjmdc/1/admin.php/Home/Login/index.html
INFO: [ app_init ] --START--
INFO: Run Behavior\BuildLiteBehavior [ RunTime:0.000112s ]
INFO: [ app_init ] --END-- [ RunTime:0.001055s ]
INFO: [ app_begin ] --START--
INFO: Run Behavior\ReadHtmlCacheBehavior [ RunTime:0.000750s ]
INFO: [ app_begin ] --END-- [ RunTime:0.001217s ]
INFO: [ view_parse ] --START--
INFO: [ template_filter ] --START--
INFO: Run Behavior\ContentReplaceBehavior [ RunTime:0.000198s ]
INFO: [ template_filter ] --END-- [ RunTime:0.000538s ]
INFO: Run Behavior\ParseTemplateBehavior [ RunTime:0.009196s ]
INFO: [ view_parse ] --END-- [ RunTime:0.009565s ]
INFO: [ view_filter ] --START--
INFO: Run Behavior\WriteHtmlCacheBehavior [ RunTime:0.000301s ]
INFO: [ view_filter ] --END-- [ RunTime:0.000649s ]
INFO: [ app_end ] --START--
INFO: Run Behavior\ShowPageTraceBehavior [ RunTime:0.000569s ]
INFO: [ app_end ] --END-- [ RunTime:0.000908s ]

[ 2016-06-16T17:05:47+08:00 ] ::1 /zhxjmdc/1/admin.php/Home/Login/login.html
INFO: [ app_init ] --START--
INFO: Run Behavior\BuildLiteBehavior [ RunTime:0.000086s ]
INFO: [ app_init ] --END-- [ RunTime:0.000833s ]
INFO: [ app_begin ] --START--
INFO: Run Behavior\ReadHtmlCacheBehavior [ RunTime:0.000592s ]
INFO: [ app_begin ] --END-- [ RunTime:0.000959s ]
SQL: SHOW COLUMNS FROM `zhx_admin` [ RunTime:0.0116s ]
SQL: SELECT `admin`,`pwd` FROM `zhx_admin` WHERE `admin` = 'jmdc' LIMIT 1   [ RunTime:0.0213s ]
NOTIC: [8] A session had already been started - ignoring session_start() /Users/zhangxiang/PhpstormProjects/zhxjmdc/1/ThinkPHP/Common/functions.php 第 1272 行.

[ 2016-06-16T17:05:47+08:00 ] ::1 /zhxjmdc/1/admin.php/Home/Index/index.html
INFO: [ app_init ] --START--
INFO: Run Behavior\BuildLiteBehavior [ RunTime:0.000086s ]
INFO: [ app_init ] --END-- [ RunTime:0.000813s ]
INFO: [ app_begin ] --START--
INFO: Run Behavior\ReadHtmlCacheBehavior [ RunTime:0.000621s ]
INFO: [ app_begin ] --END-- [ RunTime:0.000976s ]
SQL: SHOW COLUMNS FROM `zhx_article` [ RunTime:0.0111s ]
SQL: SHOW COLUMNS FROM `zhx_article` [ RunTime:0.0161s ]
SQL: SELECT COUNT(*) AS tp_count FROM `zhx_article` WHERE `status` = 1 LIMIT 1   [ RunTime:0.0138s ]
SQL: SHOW COLUMNS FROM `zhx_article_data` [ RunTime:0.0140s ]
SQL: SELECT SUM(comment_count) AS tp_sum FROM `zhx_article_data` LIMIT 1   [ RunTime:0.0418s ]
SQL: SELECT SUM(browse_count) AS tp_sum FROM `zhx_article_data` LIMIT 1   [ RunTime:0.0128s ]
INFO: [ view_parse ] --START--
INFO: [ template_filter ] --START--
INFO: Run Behavior\ContentReplaceBehavior [ RunTime:0.000463s ]
INFO: [ template_filter ] --END-- [ RunTime:0.001129s ]
NOTIC: [8] Undefined variable: name /Users/zhangxiang/PhpstormProjects/zhxjmdc/1/Admin/Runtime/Cache/Home/55843b8195cd32862e5dfa640df6e51d.php 第 92 行.
INFO: Run Behavior\ParseTemplateBehavior [ RunTime:0.099157s ]
INFO: [ view_parse ] --END-- [ RunTime:0.099605s ]
INFO: [ view_filter ] --START--
INFO: Run Behavior\WriteHtmlCacheBehavior [ RunTime:0.000350s ]
INFO: [ view_filter ] --END-- [ RunTime:0.000685s ]
INFO: [ app_end ] --START--
INFO: Run Behavior\ShowPageTraceBehavior [ RunTime:0.001204s ]
INFO: [ app_end ] --END-- [ RunTime:0.001592s ]

[ 2016-06-16T17:05:51+08:00 ] ::1 /zhxjmdc/1/admin.php/Home/Article/article_add_page.html
INFO: [ app_init ] --START--
INFO: Run Behavior\BuildLiteBehavior [ RunTime:0.000081s ]
INFO: [ app_init ] --END-- [ RunTime:0.000725s ]
INFO: [ app_begin ] --START--
INFO: Run Behavior\ReadHtmlCacheBehavior [ RunTime:0.000569s ]
INFO: [ app_begin ] --END-- [ RunTime:0.000943s ]
SQL: SHOW COLUMNS FROM `zhx_article` [ RunTime:0.0091s ]
SQL: SHOW COLUMNS FROM `zhx_articletype` [ RunTime:0.0091s ]
SQL: SHOW COLUMNS FROM `zhx_articletype` [ RunTime:0.0088s ]
SQL: SELECT `aid`,`typename` FROM `zhx_articletype` WHERE ( pid =0 )  [ RunTime:0.0080s ]
SQL: SELECT `aid`,`typename` FROM `zhx_articletype` WHERE ( pid =1 )  [ RunTime:0.0125s ]
SQL: SELECT `aid`,`typename` FROM `zhx_articletype` WHERE ( pid =6 )  [ RunTime:0.0090s ]
SQL: SELECT `aid`,`typename` FROM `zhx_articletype` WHERE ( pid =7 )  [ RunTime:0.0075s ]
SQL: SELECT `aid`,`typename` FROM `zhx_articletype` WHERE ( pid =10 )  [ RunTime:0.0097s ]
SQL: SELECT `aid`,`typename` FROM `zhx_articletype` WHERE ( pid =11 )  [ RunTime:0.0108s ]
SQL: SELECT `aid`,`typename` FROM `zhx_articletype` WHERE ( pid =12 )  [ RunTime:0.0133s ]
SQL: SELECT `aid`,`typename` FROM `zhx_articletype` WHERE ( pid =2 )  [ RunTime:0.0082s ]
SQL: SELECT `aid`,`typename` FROM `zhx_articletype` WHERE ( pid =5 )  [ RunTime:0.0098s ]
SQL: SELECT `aid`,`typename` FROM `zhx_articletype` WHERE ( pid =3 )  [ RunTime:0.0092s ]
SQL: SELECT `aid`,`typename` FROM `zhx_articletype` WHERE ( pid =8 )  [ RunTime:0.0082s ]
SQL: SELECT `aid`,`typename` FROM `zhx_articletype` WHERE ( pid =9 )  [ RunTime:0.0098s ]
SQL: SELECT `aid`,`typename` FROM `zhx_articletype` WHERE ( pid =15 )  [ RunTime:0.0095s ]
SQL: SELECT `aid`,`typename` FROM `zhx_articletype` WHERE ( pid =4 )  [ RunTime:0.0085s ]
SQL: SELECT `aid`,`typename` FROM `zhx_articletype` WHERE ( pid =13 )  [ RunTime:0.0084s ]
SQL: SELECT `aid`,`typename` FROM `zhx_articletype` WHERE ( pid =14 )  [ RunTime:0.0085s ]
SQL: SELECT `aid`,`typename` FROM `zhx_articletype` WHERE ( pid =16 )  [ RunTime:0.0095s ]
SQL: SELECT `aid`,`typename` FROM `zhx_articletype` WHERE ( pid =17 )  [ RunTime:0.0096s ]
INFO: [ view_parse ] --START--
INFO: [ template_filter ] --START--
INFO: Run Behavior\ContentReplaceBehavior [ RunTime:0.000334s ]
INFO: [ template_filter ] --END-- [ RunTime:0.000739s ]
NOTIC: [8] Undefined variable: name /Users/zhangxiang/PhpstormProjects/zhxjmdc/1/Admin/Runtime/Cache/Home/c77b3b7febf87698cadd8900b4718ca3.php 第 92 行.
INFO: Run Behavior\ParseTemplateBehavior [ RunTime:0.091444s ]
INFO: [ view_parse ] --END-- [ RunTime:0.091973s ]
INFO: [ view_filter ] --START--
INFO: Run Behavior\WriteHtmlCacheBehavior [ RunTime:0.000341s ]
INFO: [ view_filter ] --END-- [ RunTime:0.000719s ]
INFO: [ app_end ] --START--
INFO: Run Behavior\ShowPageTraceBehavior [ RunTime:0.000803s ]
INFO: [ app_end ] --END-- [ RunTime:0.001259s ]

[ 2016-06-16T17:05:56+08:00 ] ::1 /zhxjmdc/1/admin.php/Home/Article/article_list_page.html
INFO: [ app_init ] --START--
INFO: Run Behavior\BuildLiteBehavior [ RunTime:0.000118s ]
INFO: [ app_init ] --END-- [ RunTime:0.001102s ]
INFO: [ app_begin ] --START--
INFO: Run Behavior\ReadHtmlCacheBehavior [ RunTime:0.000748s ]
INFO: [ app_begin ] --END-- [ RunTime:0.001215s ]
SQL: SHOW COLUMNS FROM `zhx_article` [ RunTime:0.0094s ]
SQL: SHOW COLUMNS FROM `zhx_articletype` [ RunTime:0.0095s ]
SQL: SHOW COLUMNS FROM `zhx_article` [ RunTime:0.0094s ]
SQL: SELECT * FROM `zhx_article` WHERE `status` = 1 ORDER BY time desc  [ RunTime:1.1196s ]
SQL: SHOW COLUMNS FROM `zhx_articletype` [ RunTime:0.0091s ]
SQL: SELECT `typename` FROM `zhx_articletype` WHERE ( 1=1 AND aid='13' ) LIMIT 1   [ RunTime:0.0088s ]
SQL: SELECT `typename` FROM `zhx_articletype` WHERE ( 1=1 AND aid='5' ) LIMIT 1   [ RunTime:0.0204s ]
SQL: SELECT `typename` FROM `zhx_articletype` WHERE ( 1=1 AND aid='5' ) LIMIT 1   [ RunTime:0.0094s ]
SQL: SELECT `typename` FROM `zhx_articletype` WHERE ( 1=1 AND aid='8' ) LIMIT 1   [ RunTime:0.0096s ]
SQL: SELECT `typename` FROM `zhx_articletype` WHERE ( 1=1 AND aid='14' ) LIMIT 1   [ RunTime:0.0094s ]
SQL: SELECT `typename` FROM `zhx_articletype` WHERE ( 1=1 AND aid='17' ) LIMIT 1   [ RunTime:0.0214s ]
SQL: SELECT `typename` FROM `zhx_articletype` WHERE ( 1=1 AND aid='14' ) LIMIT 1   [ RunTime:0.0657s ]
SQL: SELECT `typename` FROM `zhx_articletype` WHERE ( 1=1 AND aid='11' ) LIMIT 1   [ RunTime:0.0100s ]
SQL: SELECT `typename` FROM `zhx_articletype` WHERE ( 1=1 AND aid='5' ) LIMIT 1   [ RunTime:0.0087s ]
SQL: SELECT `typename` FROM `zhx_articletype` WHERE ( 1=1 AND aid='5' ) LIMIT 1   [ RunTime:0.0108s ]
SQL: SELECT `typename` FROM `zhx_articletype` WHERE ( 1=1 AND aid='5' ) LIMIT 1   [ RunTime:0.0095s ]
SQL: SELECT `typename` FROM `zhx_articletype` WHERE ( 1=1 AND aid='5' ) LIMIT 1   [ RunTime:0.0100s ]
SQL: SELECT `typename` FROM `zhx_articletype` WHERE ( 1=1 AND aid='5' ) LIMIT 1   [ RunTime:0.0091s ]
SQL: SELECT `typename` FROM `zhx_articletype` WHERE ( 1=1 AND aid='5' ) LIMIT 1   [ RunTime:0.0090s ]
SQL: SELECT `typename` FROM `zhx_articletype` WHERE ( 1=1 AND aid='5' ) LIMIT 1   [ RunTime:0.0094s ]
SQL: SELECT `typename` FROM `zhx_articletype` WHERE ( 1=1 AND aid='5' ) LIMIT 1   [ RunTime:0.0114s ]
SQL: SELECT `typename` FROM `zhx_articletype` WHERE ( 1=1 AND aid='16' ) LIMIT 1   [ RunTime:0.0087s ]
SQL: SELECT `typename` FROM `zhx_articletype` WHERE ( 1=1 AND aid='16' ) LIMIT 1   [ RunTime:0.0096s ]
SQL: SELECT `typename` FROM `zhx_articletype` WHERE ( 1=1 AND aid='11' ) LIMIT 1   [ RunTime:0.0096s ]
SQL: SELECT `typename` FROM `zhx_articletype` WHERE ( 1=1 AND aid='11' ) LIMIT 1   [ RunTime:0.0089s ]
SQL: SELECT `typename` FROM `zhx_articletype` WHERE ( 1=1 AND aid='11' ) LIMIT 1   [ RunTime:0.0083s ]
SQL: SELECT `typename` FROM `zhx_articletype` WHERE ( 1=1 AND aid='16' ) LIMIT 1   [ RunTime:0.0166s ]
SQL: SELECT `typename` FROM `zhx_articletype` WHERE ( 1=1 AND aid='16' ) LIMIT 1   [ RunTime:0.0186s ]
SQL: SELECT `typename` FROM `zhx_articletype` WHERE ( 1=1 AND aid='5' ) LIMIT 1   [ RunTime:0.0155s ]
SQL: SELECT `typename` FROM `zhx_articletype` WHERE ( 1=1 AND aid='5' ) LIMIT 1   [ RunTime:0.0119s ]
SQL: SELECT `typename` FROM `zhx_articletype` WHERE ( 1=1 AND aid='16' ) LIMIT 1   [ RunTime:0.0092s ]
SQL: SELECT `typename` FROM `zhx_articletype` WHERE ( 1=1 AND aid='16' ) LIMIT 1   [ RunTime:0.0100s ]
SQL: SELECT `typename` FROM `zhx_articletype` WHERE ( 1=1 AND aid='16' ) LIMIT 1   [ RunTime:0.0080s ]
SQL: SELECT `typename` FROM `zhx_articletype` WHERE ( 1=1 AND aid='13' ) LIMIT 1   [ RunTime:0.0087s ]
SQL: SELECT `typename` FROM `zhx_articletype` WHERE ( 1=1 AND aid='16' ) LIMIT 1   [ RunTime:0.0084s ]
SQL: SELECT `typename` FROM `zhx_articletype` WHERE ( 1=1 AND aid='5' ) LIMIT 1   [ RunTime:0.0090s ]
SQL: SELECT `typename` FROM `zhx_articletype` WHERE ( 1=1 AND aid='0' ) LIMIT 1   [ RunTime:0.0100s ]
SQL: SELECT `typename` FROM `zhx_articletype` WHERE ( 1=1 AND aid='16' ) LIMIT 1   [ RunTime:0.0111s ]
SQL: SELECT `typename` FROM `zhx_articletype` WHERE ( 1=1 AND aid='16' ) LIMIT 1   [ RunTime:0.0086s ]
SQL: SELECT `typename` FROM `zhx_articletype` WHERE ( 1=1 AND aid='5' ) LIMIT 1   [ RunTime:0.0092s ]
SQL: SELECT `typename` FROM `zhx_articletype` WHERE ( 1=1 AND aid='5' ) LIMIT 1   [ RunTime:0.0123s ]
SQL: SELECT `typename` FROM `zhx_articletype` WHERE ( 1=1 AND aid='11' ) LIMIT 1   [ RunTime:0.0099s ]
SQL: SELECT `typename` FROM `zhx_articletype` WHERE ( 1=1 AND aid='15' ) LIMIT 1   [ RunTime:0.0103s ]
SQL: SELECT `typename` FROM `zhx_articletype` WHERE ( 1=1 AND aid='5' ) LIMIT 1   [ RunTime:0.0101s ]
SQL: SELECT `typename` FROM `zhx_articletype` WHERE ( 1=1 AND aid='11' ) LIMIT 1   [ RunTime:0.0092s ]
SQL: SELECT `typename` FROM `zhx_articletype` WHERE ( 1=1 AND aid='15' ) LIMIT 1   [ RunTime:0.0098s ]
SQL: SELECT `typename` FROM `zhx_articletype` WHERE ( 1=1 AND aid='5' ) LIMIT 1   [ RunTime:0.0141s ]
SQL: SELECT `typename` FROM `zhx_articletype` WHERE ( 1=1 AND aid='5' ) LIMIT 1   [ RunTime:0.0098s ]
SQL: SELECT `typename` FROM `zhx_articletype` WHERE ( 1=1 AND aid='5' ) LIMIT 1   [ RunTime:0.0110s ]
SQL: SELECT `typename` FROM `zhx_articletype` WHERE ( 1=1 AND aid='5' ) LIMIT 1   [ RunTime:0.0090s ]
SQL: SELECT `typename` FROM `zhx_articletype` WHERE ( 1=1 AND aid='5' ) LIMIT 1   [ RunTime:0.0087s ]
INFO: [ view_parse ] --START--
INFO: [ template_filter ] --START--
INFO: Run Behavior\ContentReplaceBehavior [ RunTime:0.000279s ]
INFO: [ template_filter ] --END-- [ RunTime:0.000656s ]
NOTIC: [8] Undefined variable: name /Users/zhangxiang/PhpstormProjects/zhxjmdc/1/Admin/Runtime/Cache/Home/f3d8c67891ef50077d82a84a3865bf8f.php 第 92 行.
INFO: Run Behavior\ParseTemplateBehavior [ RunTime:0.165567s ]
INFO: [ view_parse ] --END-- [ RunTime:0.166086s ]
INFO: [ view_filter ] --START--
INFO: Run Behavior\WriteHtmlCacheBehavior [ RunTime:0.000341s ]
INFO: [ view_filter ] --END-- [ RunTime:0.000676s ]
INFO: [ app_end ] --START--
INFO: Run Behavior\ShowPageTraceBehavior [ RunTime:0.000699s ]
INFO: [ app_end ] --END-- [ RunTime:0.001140s ]

[ 2016-06-16T17:05:59+08:00 ] ::1 /zhxjmdc/1/admin.php/Home/Article/article_edit_page/arid/1.html
INFO: [ app_init ] --START--
INFO: Run Behavior\BuildLiteBehavior [ RunTime:0.000078s ]
INFO: [ app_init ] --END-- [ RunTime:0.000694s ]
INFO: [ app_begin ] --START--
INFO: Run Behavior\ReadHtmlCacheBehavior [ RunTime:0.000549s ]
INFO: [ app_begin ] --END-- [ RunTime:0.000884s ]
SQL: SHOW COLUMNS FROM `zhx_article` [ RunTime:0.0099s ]
SQL: SHOW COLUMNS FROM `zhx_articletype` [ RunTime:0.0148s ]
SQL: SHOW COLUMNS FROM `zhx_articletype` [ RunTime:0.0141s ]
SQL: SELECT `aid`,`typename` FROM `zhx_articletype` WHERE ( pid =0 )  [ RunTime:0.0085s ]
SQL: SELECT `aid`,`typename` FROM `zhx_articletype` WHERE ( pid =1 )  [ RunTime:0.0088s ]
SQL: SELECT `aid`,`typename` FROM `zhx_articletype` WHERE ( pid =6 )  [ RunTime:0.0095s ]
SQL: SELECT `aid`,`typename` FROM `zhx_articletype` WHERE ( pid =7 )  [ RunTime:0.0088s ]
SQL: SELECT `aid`,`typename` FROM `zhx_articletype` WHERE ( pid =10 )  [ RunTime:0.0080s ]
SQL: SELECT `aid`,`typename` FROM `zhx_articletype` WHERE ( pid =11 )  [ RunTime:0.0255s ]
SQL: SELECT `aid`,`typename` FROM `zhx_articletype` WHERE ( pid =12 )  [ RunTime:0.0090s ]
SQL: SELECT `aid`,`typename` FROM `zhx_articletype` WHERE ( pid =2 )  [ RunTime:0.0281s ]
SQL: SELECT `aid`,`typename` FROM `zhx_articletype` WHERE ( pid =5 )  [ RunTime:0.0079s ]
SQL: SELECT `aid`,`typename` FROM `zhx_articletype` WHERE ( pid =3 )  [ RunTime:0.0094s ]
SQL: SELECT `aid`,`typename` FROM `zhx_articletype` WHERE ( pid =8 )  [ RunTime:0.0103s ]
SQL: SELECT `aid`,`typename` FROM `zhx_articletype` WHERE ( pid =9 )  [ RunTime:0.0081s ]
SQL: SELECT `aid`,`typename` FROM `zhx_articletype` WHERE ( pid =15 )  [ RunTime:0.0297s ]
SQL: SELECT `aid`,`typename` FROM `zhx_articletype` WHERE ( pid =4 )  [ RunTime:0.0082s ]
SQL: SELECT `aid`,`typename` FROM `zhx_articletype` WHERE ( pid =13 )  [ RunTime:0.0097s ]
SQL: SELECT `aid`,`typename` FROM `zhx_articletype` WHERE ( pid =14 )  [ RunTime:0.0110s ]
SQL: SELECT `aid`,`typename` FROM `zhx_articletype` WHERE ( pid =16 )  [ RunTime:0.0095s ]
SQL: SELECT `aid`,`typename` FROM `zhx_articletype` WHERE ( pid =17 )  [ RunTime:0.0095s ]
SQL: SHOW COLUMNS FROM `zhx_article` [ RunTime:0.0102s ]
SQL: SELECT * FROM `zhx_article` WHERE `arid` = 1 LIMIT 1   [ RunTime:0.0116s ]
SQL: SHOW COLUMNS FROM `zhx_article_data` [ RunTime:0.0095s ]
SQL: SELECT `arid` FROM `zhx_article_data` WHERE ( 1=1 AND arid='1' ) LIMIT 1   [ RunTime:0.0086s ]
SQL: SHOW COLUMNS FROM `zhx_articletype` [ RunTime:0.0154s ]
SQL: SELECT `typename` FROM `zhx_articletype` WHERE ( 1=1 AND aid='5' ) LIMIT 1   [ RunTime:0.0192s ]
SQL: SHOW COLUMNS FROM `zhx_articlepic` [ RunTime:0.0098s ]
SQL: SELECT `path` FROM `zhx_articlepic` WHERE ( 1=1 AND arid='1' ) LIMIT 1   [ RunTime:0.0187s ]
INFO: [ view_parse ] --START--
INFO: [ template_filter ] --START--
INFO: Run Behavior\ContentReplaceBehavior [ RunTime:0.000536s ]
INFO: [ template_filter ] --END-- [ RunTime:0.001252s ]
NOTIC: [8] Undefined variable: name /Users/zhangxiang/PhpstormProjects/zhxjmdc/1/Admin/Runtime/Cache/Home/5f3332b56409c13921f3346729b4a777.php 第 92 行.
INFO: Run Behavior\ParseTemplateBehavior [ RunTime:0.096180s ]
INFO: [ view_parse ] --END-- [ RunTime:0.096565s ]
INFO: [ view_filter ] --START--
INFO: Run Behavior\WriteHtmlCacheBehavior [ RunTime:0.000325s ]
INFO: [ view_filter ] --END-- [ RunTime:0.000655s ]
INFO: [ app_end ] --START--
INFO: Run Behavior\ShowPageTraceBehavior [ RunTime:0.000694s ]
INFO: [ app_end ] --END-- [ RunTime:0.001117s ]

[ 2016-06-16T17:06:51+08:00 ] ::1 /zhxjmdc/1/admin.php/Home/Article/article_list_page.html
INFO: [ app_init ] --START--
INFO: Run Behavior\BuildLiteBehavior [ RunTime:0.000078s ]
INFO: [ app_init ] --END-- [ RunTime:0.000733s ]
INFO: [ app_begin ] --START--
INFO: Run Behavior\ReadHtmlCacheBehavior [ RunTime:0.000565s ]
INFO: [ app_begin ] --END-- [ RunTime:0.000926s ]
SQL: SHOW COLUMNS FROM `zhx_article` [ RunTime:0.0163s ]
SQL: SHOW COLUMNS FROM `zhx_articletype` [ RunTime:0.0094s ]
SQL: SHOW COLUMNS FROM `zhx_article` [ RunTime:0.0106s ]
SQL: SELECT * FROM `zhx_article` WHERE `status` = 1 ORDER BY time desc  [ RunTime:1.5485s ]
SQL: SHOW COLUMNS FROM `zhx_articletype` [ RunTime:0.1290s ]
SQL: SELECT `typename` FROM `zhx_articletype` WHERE ( 1=1 AND aid='13' ) LIMIT 1   [ RunTime:0.2718s ]
SQL: SELECT `typename` FROM `zhx_articletype` WHERE ( 1=1 AND aid='5' ) LIMIT 1   [ RunTime:0.1533s ]
SQL: SELECT `typename` FROM `zhx_articletype` WHERE ( 1=1 AND aid='5' ) LIMIT 1   [ RunTime:0.4486s ]
SQL: SELECT `typename` FROM `zhx_articletype` WHERE ( 1=1 AND aid='8' ) LIMIT 1   [ RunTime:0.1151s ]
SQL: SELECT `typename` FROM `zhx_articletype` WHERE ( 1=1 AND aid='14' ) LIMIT 1   [ RunTime:0.2631s ]
SQL: SELECT `typename` FROM `zhx_articletype` WHERE ( 1=1 AND aid='17' ) LIMIT 1   [ RunTime:0.0784s ]
SQL: SELECT `typename` FROM `zhx_articletype` WHERE ( 1=1 AND aid='14' ) LIMIT 1   [ RunTime:0.0219s ]
SQL: SELECT `typename` FROM `zhx_articletype` WHERE ( 1=1 AND aid='11' ) LIMIT 1   [ RunTime:0.0350s ]
SQL: SELECT `typename` FROM `zhx_articletype` WHERE ( 1=1 AND aid='5' ) LIMIT 1   [ RunTime:0.0279s ]
SQL: SELECT `typename` FROM `zhx_articletype` WHERE ( 1=1 AND aid='5' ) LIMIT 1   [ RunTime:0.0304s ]
SQL: SELECT `typename` FROM `zhx_articletype` WHERE ( 1=1 AND aid='5' ) LIMIT 1   [ RunTime:0.0402s ]
SQL: SELECT `typename` FROM `zhx_articletype` WHERE ( 1=1 AND aid='5' ) LIMIT 1   [ RunTime:0.0305s ]
SQL: SELECT `typename` FROM `zhx_articletype` WHERE ( 1=1 AND aid='5' ) LIMIT 1   [ RunTime:0.0429s ]
SQL: SELECT `typename` FROM `zhx_articletype` WHERE ( 1=1 AND aid='5' ) LIMIT 1   [ RunTime:0.0389s ]
SQL: SELECT `typename` FROM `zhx_articletype` WHERE ( 1=1 AND aid='5' ) LIMIT 1   [ RunTime:0.0294s ]
SQL: SELECT `typename` FROM `zhx_articletype` WHERE ( 1=1 AND aid='5' ) LIMIT 1   [ RunTime:0.1132s ]
SQL: SELECT `typename` FROM `zhx_articletype` WHERE ( 1=1 AND aid='16' ) LIMIT 1   [ RunTime:0.0549s ]
SQL: SELECT `typename` FROM `zhx_articletype` WHERE ( 1=1 AND aid='16' ) LIMIT 1   [ RunTime:0.0366s ]
SQL: SELECT `typename` FROM `zhx_articletype` WHERE ( 1=1 AND aid='11' ) LIMIT 1   [ RunTime:0.0549s ]
SQL: SELECT `typename` FROM `zhx_articletype` WHERE ( 1=1 AND aid='11' ) LIMIT 1   [ RunTime:0.0950s ]
SQL: SELECT `typename` FROM `zhx_articletype` WHERE ( 1=1 AND aid='11' ) LIMIT 1   [ RunTime:0.0543s ]
SQL: SELECT `typename` FROM `zhx_articletype` WHERE ( 1=1 AND aid='16' ) LIMIT 1   [ RunTime:0.0358s ]
SQL: SELECT `typename` FROM `zhx_articletype` WHERE ( 1=1 AND aid='16' ) LIMIT 1   [ RunTime:0.0351s ]
SQL: SELECT `typename` FROM `zhx_articletype` WHERE ( 1=1 AND aid='5' ) LIMIT 1   [ RunTime:0.0359s ]
SQL: SELECT `typename` FROM `zhx_articletype` WHERE ( 1=1 AND aid='5' ) LIMIT 1   [ RunTime:0.0485s ]
SQL: SELECT `typename` FROM `zhx_articletype` WHERE ( 1=1 AND aid='16' ) LIMIT 1   [ RunTime:0.0831s ]
SQL: SELECT `typename` FROM `zhx_articletype` WHERE ( 1=1 AND aid='16' ) LIMIT 1   [ RunTime:0.0360s ]
SQL: SELECT `typename` FROM `zhx_articletype` WHERE ( 1=1 AND aid='16' ) LIMIT 1   [ RunTime:0.1702s ]
SQL: SELECT `typename` FROM `zhx_articletype` WHERE ( 1=1 AND aid='13' ) LIMIT 1   [ RunTime:0.1053s ]
SQL: SELECT `typename` FROM `zhx_articletype` WHERE ( 1=1 AND aid='16' ) LIMIT 1   [ RunTime:0.0632s ]
SQL: SELECT `typename` FROM `zhx_articletype` WHERE ( 1=1 AND aid='5' ) LIMIT 1   [ RunTime:0.0431s ]
SQL: SELECT `typename` FROM `zhx_articletype` WHERE ( 1=1 AND aid='0' ) LIMIT 1   [ RunTime:0.1669s ]
SQL: SELECT `typename` FROM `zhx_articletype` WHERE ( 1=1 AND aid='16' ) LIMIT 1   [ RunTime:0.0858s ]
SQL: SELECT `typename` FROM `zhx_articletype` WHERE ( 1=1 AND aid='16' ) LIMIT 1   [ RunTime:0.0699s ]
SQL: SELECT `typename` FROM `zhx_articletype` WHERE ( 1=1 AND aid='5' ) LIMIT 1   [ RunTime:0.0264s ]
SQL: SELECT `typename` FROM `zhx_articletype` WHERE ( 1=1 AND aid='5' ) LIMIT 1   [ RunTime:0.0352s ]
SQL: SELECT `typename` FROM `zhx_articletype` WHERE ( 1=1 AND aid='11' ) LIMIT 1   [ RunTime:0.0437s ]
SQL: SELECT `typename` FROM `zhx_articletype` WHERE ( 1=1 AND aid='15' ) LIMIT 1   [ RunTime:0.0697s ]
SQL: SELECT `typename` FROM `zhx_articletype` WHERE ( 1=1 AND aid='5' ) LIMIT 1   [ RunTime:0.0555s ]
SQL: SELECT `typename` FROM `zhx_articletype` WHERE ( 1=1 AND aid='11' ) LIMIT 1   [ RunTime:0.0442s ]
SQL: SELECT `typename` FROM `zhx_articletype` WHERE ( 1=1 AND aid='15' ) LIMIT 1   [ RunTime:0.0743s ]
SQL: SELECT `typename` FROM `zhx_articletype` WHERE ( 1=1 AND aid='5' ) LIMIT 1   [ RunTime:0.0830s ]
SQL: SELECT `typename` FROM `zhx_articletype` WHERE ( 1=1 AND aid='5' ) LIMIT 1   [ RunTime:0.0252s ]
SQL: SELECT `typename` FROM `zhx_articletype` WHERE ( 1=1 AND aid='5' ) LIMIT 1   [ RunTime:0.0285s ]
SQL: SELECT `typename` FROM `zhx_articletype` WHERE ( 1=1 AND aid='5' ) LIMIT 1   [ RunTime:0.0199s ]
SQL: SELECT `typename` FROM `zhx_articletype` WHERE ( 1=1 AND aid='5' ) LIMIT 1   [ RunTime:0.0230s ]
INFO: [ view_parse ] --START--
INFO: [ template_filter ] --START--
INFO: Run Behavior\ContentReplaceBehavior [ RunTime:0.000478s ]
INFO: [ template_filter ] --END-- [ RunTime:0.001093s ]
NOTIC: [8] Undefined variable: name /Users/zhangxiang/PhpstormProjects/zhxjmdc/1/Admin/Runtime/Cache/Home/f3d8c67891ef50077d82a84a3865bf8f.php 第 92 行.
INFO: Run Behavior\ParseTemplateBehavior [ RunTime:0.165143s ]
INFO: [ view_parse ] --END-- [ RunTime:0.165580s ]
INFO: [ view_filter ] --START--
INFO: Run Behavior\WriteHtmlCacheBehavior [ RunTime:0.000699s ]
INFO: [ view_filter ] --END-- [ RunTime:0.001163s ]
INFO: [ app_end ] --START--
INFO: Run Behavior\ShowPageTraceBehavior [ RunTime:0.001067s ]
INFO: [ app_end ] --END-- [ RunTime:0.001644s ]

[ 2016-06-16T17:06:52+08:00 ] ::1 /zhxjmdc/1/admin.php/Home/Article/index.js.map
INFO: [ app_init ] --START--
INFO: Run Behavior\BuildLiteBehavior [ RunTime:0.000173s ]
INFO: [ app_init ] --END-- [ RunTime:0.001169s ]
INFO: [ app_begin ] --START--
INFO: Run Behavior\ReadHtmlCacheBehavior [ RunTime:0.000767s ]
INFO: [ app_begin ] --END-- [ RunTime:0.001152s ]
SQL: SHOW COLUMNS FROM `zhx_article` [ RunTime:0.0088s ]
SQL: SHOW COLUMNS FROM `zhx_articletype` [ RunTime:0.0109s ]
ERR: 非法操作:index.js.map

[ 2016-06-16T17:06:55+08:00 ] ::1 /zhxjmdc/1/admin.php/Home/Article/article_edit_page/arid/1.html
INFO: [ app_init ] --START--
INFO: Run Behavior\BuildLiteBehavior [ RunTime:0.000075s ]
INFO: [ app_init ] --END-- [ RunTime:0.000687s ]
INFO: [ app_begin ] --START--
INFO: Run Behavior\ReadHtmlCacheBehavior [ RunTime:0.000549s ]
INFO: [ app_begin ] --END-- [ RunTime:0.000897s ]
SQL: SHOW COLUMNS FROM `zhx_article` [ RunTime:0.0250s ]
SQL: SHOW COLUMNS FROM `zhx_articletype` [ RunTime:0.0095s ]
SQL: SHOW COLUMNS FROM `zhx_articletype` [ RunTime:0.0248s ]
SQL: SELECT `aid`,`typename` FROM `zhx_articletype` WHERE ( pid =0 )  [ RunTime:0.0102s ]
SQL: SELECT `aid`,`typename` FROM `zhx_articletype` WHERE ( pid =1 )  [ RunTime:0.0095s ]
SQL: SELECT `aid`,`typename` FROM `zhx_articletype` WHERE ( pid =6 )  [ RunTime:0.0113s ]
SQL: SELECT `aid`,`typename` FROM `zhx_articletype` WHERE ( pid =7 )  [ RunTime:0.0341s ]
SQL: SELECT `aid`,`typename` FROM `zhx_articletype` WHERE ( pid =10 )  [ RunTime:0.0082s ]
SQL: SELECT `aid`,`typename` FROM `zhx_articletype` WHERE ( pid =11 )  [ RunTime:0.0106s ]
SQL: SELECT `aid`,`typename` FROM `zhx_articletype` WHERE ( pid =12 )  [ RunTime:0.0123s ]
SQL: SELECT `aid`,`typename` FROM `zhx_articletype` WHERE ( pid =2 )  [ RunTime:0.0149s ]
SQL: SELECT `aid`,`typename` FROM `zhx_articletype` WHERE ( pid =5 )  [ RunTime:0.0170s ]
SQL: SELECT `aid`,`typename` FROM `zhx_articletype` WHERE ( pid =3 )  [ RunTime:0.0072s ]
SQL: SELECT `aid`,`typename` FROM `zhx_articletype` WHERE ( pid =8 )  [ RunTime:0.0180s ]
SQL: SELECT `aid`,`typename` FROM `zhx_articletype` WHERE ( pid =9 )  [ RunTime:0.0085s ]
SQL: SELECT `aid`,`typename` FROM `zhx_articletype` WHERE ( pid =15 )  [ RunTime:0.0071s ]
SQL: SELECT `aid`,`typename` FROM `zhx_articletype` WHERE ( pid =4 )  [ RunTime:0.0088s ]
SQL: SELECT `aid`,`typename` FROM `zhx_articletype` WHERE ( pid =13 )  [ RunTime:0.0085s ]
SQL: SELECT `aid`,`typename` FROM `zhx_articletype` WHERE ( pid =14 )  [ RunTime:0.0087s ]
SQL: SELECT `aid`,`typename` FROM `zhx_articletype` WHERE ( pid =16 )  [ RunTime:0.0100s ]
SQL: SELECT `aid`,`typename` FROM `zhx_articletype` WHERE ( pid =17 )  [ RunTime:0.0086s ]
SQL: SHOW COLUMNS FROM `zhx_article` [ RunTime:0.0144s ]
SQL: SELECT * FROM `zhx_article` WHERE `arid` = 1 LIMIT 1   [ RunTime:0.0081s ]
SQL: SHOW COLUMNS FROM `zhx_article_data` [ RunTime:0.0095s ]
SQL: SELECT `arid` FROM `zhx_article_data` WHERE ( 1=1 AND arid='1' ) LIMIT 1   [ RunTime:0.0071s ]
SQL: SHOW COLUMNS FROM `zhx_articletype` [ RunTime:0.0110s ]
SQL: SELECT `typename` FROM `zhx_articletype` WHERE ( 1=1 AND aid='5' ) LIMIT 1   [ RunTime:0.0539s ]
SQL: SHOW COLUMNS FROM `zhx_articlepic` [ RunTime:0.0107s ]
SQL: SELECT `path` FROM `zhx_articlepic` WHERE ( 1=1 AND arid='1' ) LIMIT 1   [ RunTime:0.0075s ]
INFO: [ view_parse ] --START--
INFO: [ template_filter ] --START--
INFO: Run Behavior\ContentReplaceBehavior [ RunTime:0.000302s ]
INFO: [ template_filter ] --END-- [ RunTime:0.000680s ]
NOTIC: [8] Undefined variable: name /Users/zhangxiang/PhpstormProjects/zhxjmdc/1/Admin/Runtime/Cache/Home/5f3332b56409c13921f3346729b4a777.php 第 92 行.
INFO: Run Behavior\ParseTemplateBehavior [ RunTime:0.096608s ]
INFO: [ view_parse ] --END-- [ RunTime:0.097130s ]
INFO: [ view_filter ] --START--
INFO: Run Behavior\WriteHtmlCacheBehavior [ RunTime:0.000440s ]
INFO: [ view_filter ] --END-- [ RunTime:0.000855s ]
INFO: [ app_end ] --START--
INFO: Run Behavior\ShowPageTraceBehavior [ RunTime:0.000803s ]
INFO: [ app_end ] --END-- [ RunTime:0.001407s ]

[ 2016-06-16T17:06:57+08:00 ] ::1 /zhxjmdc/1/admin.php/Home/Article/article_edit_page/arid/index.js.map
INFO: [ app_init ] --START--
INFO: Run Behavior\BuildLiteBehavior [ RunTime:0.000089s ]
INFO: [ app_init ] --END-- [ RunTime:0.000796s ]
INFO: [ app_begin ] --START--
INFO: Run Behavior\ReadHtmlCacheBehavior [ RunTime:0.000916s ]
INFO: [ app_begin ] --END-- [ RunTime:0.001539s ]
SQL: SHOW COLUMNS FROM `zhx_article` [ RunTime:0.0128s ]
SQL: SHOW COLUMNS FROM `zhx_articletype` [ RunTime:0.0102s ]
SQL: SHOW COLUMNS FROM `zhx_articletype` [ RunTime:0.0112s ]
SQL: SELECT `aid`,`typename` FROM `zhx_articletype` WHERE ( pid =0 )  [ RunTime:0.0104s ]
SQL: SELECT `aid`,`typename` FROM `zhx_articletype` WHERE ( pid =1 )  [ RunTime:0.0116s ]
SQL: SELECT `aid`,`typename` FROM `zhx_articletype` WHERE ( pid =6 )  [ RunTime:0.0116s ]
SQL: SELECT `aid`,`typename` FROM `zhx_articletype` WHERE ( pid =7 )  [ RunTime:0.0129s ]
SQL: SELECT `aid`,`typename` FROM `zhx_articletype` WHERE ( pid =10 )  [ RunTime:0.0118s ]
SQL: SELECT `aid`,`typename` FROM `zhx_articletype` WHERE ( pid =11 )  [ RunTime:0.0203s ]
SQL: SELECT `aid`,`typename` FROM `zhx_articletype` WHERE ( pid =12 )  [ RunTime:0.0701s ]
SQL: SELECT `aid`,`typename` FROM `zhx_articletype` WHERE ( pid =2 )  [ RunTime:0.0391s ]
SQL: SELECT `aid`,`typename` FROM `zhx_articletype` WHERE ( pid =5 )  [ RunTime:0.0155s ]
SQL: SELECT `aid`,`typename` FROM `zhx_articletype` WHERE ( pid =3 )  [ RunTime:0.0113s ]
SQL: SELECT `aid`,`typename` FROM `zhx_articletype` WHERE ( pid =8 )  [ RunTime:0.0128s ]
SQL: SELECT `aid`,`typename` FROM `zhx_articletype` WHERE ( pid =9 )  [ RunTime:0.0124s ]
SQL: SELECT `aid`,`typename` FROM `zhx_articletype` WHERE ( pid =15 )  [ RunTime:0.0229s ]
SQL: SELECT `aid`,`typename` FROM `zhx_articletype` WHERE ( pid =4 )  [ RunTime:0.0154s ]
SQL: SELECT `aid`,`typename` FROM `zhx_articletype` WHERE ( pid =13 )  [ RunTime:0.0107s ]
SQL: SELECT `aid`,`typename` FROM `zhx_articletype` WHERE ( pid =14 )  [ RunTime:0.4575s ]
SQL: SELECT `aid`,`typename` FROM `zhx_articletype` WHERE ( pid =16 )  [ RunTime:0.0097s ]
SQL: SELECT `aid`,`typename` FROM `zhx_articletype` WHERE ( pid =17 )  [ RunTime:0.0113s ]
SQL: SHOW COLUMNS FROM `zhx_article` [ RunTime:0.0111s ]
SQL: SELECT * FROM `zhx_article` WHERE `arid` = 0 LIMIT 1   [ RunTime:0.0127s ]
INFO: [ view_parse ] --START--
INFO: [ template_filter ] --START--
INFO: Run Behavior\ContentReplaceBehavior [ RunTime:0.000268s ]
INFO: [ template_filter ] --END-- [ RunTime:0.000615s ]
NOTIC: [8] Undefined variable: name /Users/zhangxiang/PhpstormProjects/zhxjmdc/1/Admin/Runtime/Cache/Home/5f3332b56409c13921f3346729b4a777.php 第 92 行.
NOTIC: [8] Undefined index: arid /Users/zhangxiang/PhpstormProjects/zhxjmdc/1/Admin/Runtime/Cache/Home/5f3332b56409c13921f3346729b4a777.php 第 374 行.
NOTIC: [8] Undefined index: title /Users/zhangxiang/PhpstormProjects/zhxjmdc/1/Admin/Runtime/Cache/Home/5f3332b56409c13921f3346729b4a777.php 第 385 行.
NOTIC: [8] Undefined index: describe /Users/zhangxiang/PhpstormProjects/zhxjmdc/1/Admin/Runtime/Cache/Home/5f3332b56409c13921f3346729b4a777.php 第 391 行.
NOTIC: [8] Undefined index: author /Users/zhangxiang/PhpstormProjects/zhxjmdc/1/Admin/Runtime/Cache/Home/5f3332b56409c13921f3346729b4a777.php 第 397 行.
NOTIC: [8] Undefined index: time /Users/zhangxiang/PhpstormProjects/zhxjmdc/1/Admin/Runtime/Cache/Home/5f3332b56409c13921f3346729b4a777.php 第 404 行.
NOTIC: [8] Undefined index: aid /Users/zhangxiang/PhpstormProjects/zhxjmdc/1/Admin/Runtime/Cache/Home/5f3332b56409c13921f3346729b4a777.php 第 411 行.
NOTIC: [8] Undefined index: typename /Users/zhangxiang/PhpstormProjects/zhxjmdc/1/Admin/Runtime/Cache/Home/5f3332b56409c13921f3346729b4a777.php 第 411 行.
NOTIC: [8] Undefined index: content /Users/zhangxiang/PhpstormProjects/zhxjmdc/1/Admin/Runtime/Cache/Home/5f3332b56409c13921f3346729b4a777.php 第 461 行.
INFO: Run Behavior\ParseTemplateBehavior [ RunTime:0.094714s ]
INFO: [ view_parse ] --END-- [ RunTime:0.095208s ]
INFO: [ view_filter ] --START--
INFO: Run Behavior\WriteHtmlCacheBehavior [ RunTime:0.000375s ]
INFO: [ view_filter ] --END-- [ RunTime:0.000725s ]
INFO: [ app_end ] --START--
INFO: Run Behavior\ShowPageTraceBehavior [ RunTime:0.000771s ]
INFO: [ app_end ] --END-- [ RunTime:0.001316s ]

[ 2016-06-16T17:07:03+08:00 ] ::1 /zhxjmdc/1/admin.php/Home/Article/index.js.map
INFO: [ app_init ] --START--
INFO: Run Behavior\BuildLiteBehavior [ RunTime:0.000156s ]
INFO: [ app_init ] --END-- [ RunTime:0.001210s ]
INFO: [ app_begin ] --START--
INFO: Run Behavior\ReadHtmlCacheBehavior [ RunTime:0.000717s ]
INFO: [ app_begin ] --END-- [ RunTime:0.001122s ]
SQL: SHOW COLUMNS FROM `zhx_article` [ RunTime:0.0089s ]
SQL: SHOW COLUMNS FROM `zhx_articletype` [ RunTime:0.0082s ]
ERR: 非法操作:index.js.map

[ 2016-06-16T17:07:03+08:00 ] ::1 /zhxjmdc/1/admin.php/Home/Index/index.js.map
INFO: [ app_init ] --START--
INFO: Run Behavior\BuildLiteBehavior [ RunTime:0.000082s ]
INFO: [ app_init ] --END-- [ RunTime:0.000743s ]
INFO: [ app_begin ] --START--
INFO: Run Behavior\ReadHtmlCacheBehavior [ RunTime:0.000639s ]
INFO: [ app_begin ] --END-- [ RunTime:0.001174s ]
SQL: SHOW COLUMNS FROM `zhx_article` [ RunTime:0.0098s ]
ERR: 非法操作:index.js.map

