[ 2016-05-15T10:59:36+08:00 ] ::1 /zhxjmdc/1/admin.php/Home/Article/article_drafts_page.html
INFO: [ app_init ] --START--
INFO: Run Behavior\BuildLiteBehavior [ RunTime:0.000248s ]
INFO: [ app_init ] --END-- [ RunTime:0.001391s ]
INFO: [ app_begin ] --START--
INFO: Run Behavior\ReadHtmlCacheBehavior [ RunTime:0.000962s ]
INFO: [ app_begin ] --END-- [ RunTime:0.001343s ]

[ 2016-05-15T10:59:37+08:00 ] ::1 /zhxjmdc/1/admin.php/Home/Login/index.html
INFO: [ app_init ] --START--
INFO: Run Behavior\BuildLiteBehavior [ RunTime:0.000091s ]
INFO: [ app_init ] --END-- [ RunTime:0.000806s ]
INFO: [ app_begin ] --START--
INFO: Run Behavior\ReadHtmlCacheBehavior [ RunTime:0.000588s ]
INFO: [ app_begin ] --END-- [ RunTime:0.000978s ]
INFO: [ view_parse ] --START--
INFO: [ template_filter ] --START--
INFO: Run Behavior\ContentReplaceBehavior [ RunTime:0.000265s ]
INFO: [ template_filter ] --END-- [ RunTime:0.000652s ]
INFO: Run Behavior\ParseTemplateBehavior [ RunTime:0.012494s ]
INFO: [ view_parse ] --END-- [ RunTime:0.012875s ]
INFO: [ view_filter ] --START--
INFO: Run Behavior\WriteHtmlCacheBehavior [ RunTime:0.000453s ]
INFO: [ view_filter ] --END-- [ RunTime:0.000828s ]
INFO: [ app_end ] --START--
INFO: Run Behavior\ShowPageTraceBehavior [ RunTime:0.000970s ]
INFO: [ app_end ] --END-- [ RunTime:0.001393s ]

[ 2016-05-15T10:59:41+08:00 ] ::1 /zhxjmdc/1/admin.php/Home/Login/login.html
INFO: [ app_init ] --START--
INFO: Run Behavior\BuildLiteBehavior [ RunTime:0.000080s ]
INFO: [ app_init ] --END-- [ RunTime:0.000823s ]
INFO: [ app_begin ] --START--
INFO: Run Behavior\ReadHtmlCacheBehavior [ RunTime:0.000571s ]
INFO: [ app_begin ] --END-- [ RunTime:0.000978s ]
SQL: SHOW COLUMNS FROM `zhx_admin` [ RunTime:0.0094s ]
SQL: SELECT `admin`,`pwd` FROM `zhx_admin` WHERE `admin` = 'jmdc' LIMIT 1   [ RunTime:0.0019s ]
INFO: [ view_parse ] --START--
INFO: [ template_filter ] --START--
INFO: Run Behavior\ContentReplaceBehavior [ RunTime:0.000201s ]
INFO: [ template_filter ] --END-- [ RunTime:0.000553s ]
INFO: Run Behavior\ParseTemplateBehavior [ RunTime:0.010045s ]
INFO: [ view_parse ] --END-- [ RunTime:0.010370s ]
INFO: [ view_filter ] --START--
INFO: Run Behavior\WriteHtmlCacheBehavior [ RunTime:0.000302s ]
INFO: [ view_filter ] --END-- [ RunTime:0.000623s ]
INFO: [ app_end ] --START--
INFO: Run Behavior\ShowPageTraceBehavior [ RunTime:0.000637s ]
INFO: [ app_end ] --END-- [ RunTime:0.000959s ]

[ 2016-05-15T10:59:43+08:00 ] ::1 /zhxjmdc/1/admin.php/Home/Login/index.html
INFO: [ app_init ] --START--
INFO: Run Behavior\BuildLiteBehavior [ RunTime:0.000073s ]
INFO: [ app_init ] --END-- [ RunTime:0.000685s ]
INFO: [ app_begin ] --START--
INFO: Run Behavior\ReadHtmlCacheBehavior [ RunTime:0.000652s ]
INFO: [ app_begin ] --END-- [ RunTime:0.001215s ]
INFO: [ view_parse ] --START--
INFO: [ template_filter ] --START--
INFO: Run Behavior\ContentReplaceBehavior [ RunTime:0.000198s ]
INFO: [ template_filter ] --END-- [ RunTime:0.000564s ]
INFO: Run Behavior\ParseTemplateBehavior [ RunTime:0.009150s ]
INFO: [ view_parse ] --END-- [ RunTime:0.009510s ]
INFO: [ view_filter ] --START--
INFO: Run Behavior\WriteHtmlCacheBehavior [ RunTime:0.000261s ]
INFO: [ view_filter ] --END-- [ RunTime:0.000604s ]
INFO: [ app_end ] --START--
INFO: Run Behavior\ShowPageTraceBehavior [ RunTime:0.000601s ]
INFO: [ app_end ] --END-- [ RunTime:0.000963s ]

[ 2016-05-15T10:59:46+08:00 ] ::1 /zhxjmdc/1/admin.php/Home/Login/login.html
INFO: [ app_init ] --START--
INFO: Run Behavior\BuildLiteBehavior [ RunTime:0.000098s ]
INFO: [ app_init ] --END-- [ RunTime:0.000898s ]
INFO: [ app_begin ] --START--
INFO: Run Behavior\ReadHtmlCacheBehavior [ RunTime:0.000547s ]
INFO: [ app_begin ] --END-- [ RunTime:0.000933s ]
SQL: SHOW COLUMNS FROM `zhx_admin` [ RunTime:0.0007s ]
SQL: SELECT `admin`,`pwd` FROM `zhx_admin` WHERE `admin` = 'jmdc' LIMIT 1   [ RunTime:0.0003s ]
NOTIC: [8] A session had already been started - ignoring session_start() /Users/zhangxiang/PhpstormProjects/zhxjmdc/1/ThinkPHP/Common/functions.php 第 1272 行.

[ 2016-05-15T10:59:47+08:00 ] ::1 /zhxjmdc/1/admin.php/Home/Index/index.html
INFO: [ app_init ] --START--
INFO: Run Behavior\BuildLiteBehavior [ RunTime:0.000072s ]
INFO: [ app_init ] --END-- [ RunTime:0.000674s ]
INFO: [ app_begin ] --START--
INFO: Run Behavior\ReadHtmlCacheBehavior [ RunTime:0.000558s ]
INFO: [ app_begin ] --END-- [ RunTime:0.000895s ]
SQL: SHOW COLUMNS FROM `zhx_article` [ RunTime:0.0015s ]
SQL: SHOW COLUMNS FROM `zhx_article` [ RunTime:0.0004s ]
SQL: SELECT COUNT(*) AS tp_count FROM `zhx_article` WHERE `status` = 1 LIMIT 1   [ RunTime:0.0017s ]
SQL: SHOW COLUMNS FROM `zhx_article_data` [ RunTime:0.0013s ]
SQL: SELECT SUM(comment_count) AS tp_sum FROM `zhx_article_data` LIMIT 1   [ RunTime:0.0004s ]
SQL: SELECT SUM(browse_count) AS tp_sum FROM `zhx_article_data` LIMIT 1   [ RunTime:0.0003s ]
INFO: [ view_parse ] --START--
INFO: [ template_filter ] --START--
INFO: Run Behavior\ContentReplaceBehavior [ RunTime:0.000315s ]
INFO: [ template_filter ] --END-- [ RunTime:0.000678s ]
NOTIC: [8] Undefined variable: name /Users/zhangxiang/PhpstormProjects/zhxjmdc/1/Admin/Runtime/Cache/Home/55843b8195cd32862e5dfa640df6e51d.php 第 90 行.
INFO: Run Behavior\ParseTemplateBehavior [ RunTime:0.080347s ]
INFO: [ view_parse ] --END-- [ RunTime:0.080684s ]
INFO: [ view_filter ] --START--
INFO: Run Behavior\WriteHtmlCacheBehavior [ RunTime:0.000301s ]
INFO: [ view_filter ] --END-- [ RunTime:0.000625s ]
INFO: [ app_end ] --START--
INFO: Run Behavior\ShowPageTraceBehavior [ RunTime:0.000723s ]
INFO: [ app_end ] --END-- [ RunTime:0.001106s ]

[ 2016-05-15T10:59:50+08:00 ] ::1 /zhxjmdc/1/admin.php/Home/WechatFunction/auto_response_page.html
INFO: [ app_init ] --START--
INFO: Run Behavior\BuildLiteBehavior [ RunTime:0.000096s ]
INFO: [ app_init ] --END-- [ RunTime:0.000710s ]
INFO: [ app_begin ] --START--
INFO: Run Behavior\ReadHtmlCacheBehavior [ RunTime:0.000557s ]
INFO: [ app_begin ] --END-- [ RunTime:0.000898s ]
SQL: SHOW COLUMNS FROM `zhx_w_auto_response` [ RunTime:0.0015s ]
SQL: SHOW COLUMNS FROM `zhx_w_auto_response` [ RunTime:0.0004s ]
SQL: SHOW COLUMNS FROM `zhx_w_user` [ RunTime:0.0014s ]
INFO: [ view_parse ] --START--
INFO: [ template_filter ] --START--
INFO: Run Behavior\ContentReplaceBehavior [ RunTime:0.000275s ]
INFO: [ template_filter ] --END-- [ RunTime:0.000658s ]
NOTIC: [8] Undefined variable: name /Users/zhangxiang/PhpstormProjects/zhxjmdc/1/Admin/Runtime/Cache/Home/359660d536827e6fa2c1b4d15e62fa89.php 第 90 行.
NOTIC: [8] Undefined variable: text /Users/zhangxiang/PhpstormProjects/zhxjmdc/1/Admin/Runtime/Cache/Home/359660d536827e6fa2c1b4d15e62fa89.php 第 384 行.
NOTIC: [8] Undefined variable: keyword /Users/zhangxiang/PhpstormProjects/zhxjmdc/1/Admin/Runtime/Cache/Home/359660d536827e6fa2c1b4d15e62fa89.php 第 385 行.
INFO: Run Behavior\ParseTemplateBehavior [ RunTime:0.091577s ]
INFO: [ view_parse ] --END-- [ RunTime:0.092013s ]
INFO: [ view_filter ] --START--
INFO: Run Behavior\WriteHtmlCacheBehavior [ RunTime:0.000301s ]
INFO: [ view_filter ] --END-- [ RunTime:0.000621s ]
INFO: [ app_end ] --START--
INFO: Run Behavior\ShowPageTraceBehavior [ RunTime:0.000872s ]
INFO: [ app_end ] --END-- [ RunTime:0.001323s ]

[ 2016-05-15T10:59:54+08:00 ] ::1 /zhxjmdc/1/admin.php/Home/WechatFunction/define_menu_page.html
INFO: [ app_init ] --START--
INFO: Run Behavior\BuildLiteBehavior [ RunTime:0.000110s ]
INFO: [ app_init ] --END-- [ RunTime:0.001013s ]
INFO: [ app_begin ] --START--
INFO: Run Behavior\ReadHtmlCacheBehavior [ RunTime:0.000718s ]
INFO: [ app_begin ] --END-- [ RunTime:0.001169s ]
SQL: SHOW COLUMNS FROM `zhx_w_auto_response` [ RunTime:0.0009s ]
SQL: SHOW COLUMNS FROM `zhx_w_auto_response` [ RunTime:0.0005s ]
SQL: SHOW COLUMNS FROM `zhx_w_user` [ RunTime:0.0005s ]
INFO: [ view_parse ] --START--
NOTIC: [2] file_get_contents(./Admin/Home/View/Index/Wechat/autoResponse/source_response.html): failed to open stream: No such file or directory /Users/zhangxiang/PhpstormProjects/zhxjmdc/1/ThinkPHP/Library/Think/Template.class.php 第 696 行.
INFO: [ template_filter ] --START--
INFO: Run Behavior\ContentReplaceBehavior [ RunTime:0.000258s ]
INFO: [ template_filter ] --END-- [ RunTime:0.000615s ]
NOTIC: [8] Undefined variable: name /Users/zhangxiang/PhpstormProjects/zhxjmdc/1/Admin/Runtime/Cache/Home/b44c2f99411335b8af43893862d20aa9.php 第 90 行.
INFO: Run Behavior\ParseTemplateBehavior [ RunTime:0.081757s ]
INFO: [ view_parse ] --END-- [ RunTime:0.082086s ]
INFO: [ view_filter ] --START--
INFO: Run Behavior\WriteHtmlCacheBehavior [ RunTime:0.000294s ]
INFO: [ view_filter ] --END-- [ RunTime:0.000651s ]
INFO: [ app_end ] --START--
INFO: Run Behavior\ShowPageTraceBehavior [ RunTime:0.000917s ]
INFO: [ app_end ] --END-- [ RunTime:0.001283s ]

[ 2016-05-15T10:59:56+08:00 ] ::1 /zhxjmdc/1/admin.php/Home/WechatFunction/auto_response_page.html
INFO: [ app_init ] --START--
INFO: Run Behavior\BuildLiteBehavior [ RunTime:0.000075s ]
INFO: [ app_init ] --END-- [ RunTime:0.000713s ]
INFO: [ app_begin ] --START--
INFO: Run Behavior\ReadHtmlCacheBehavior [ RunTime:0.000584s ]
INFO: [ app_begin ] --END-- [ RunTime:0.000911s ]
SQL: SHOW COLUMNS FROM `zhx_w_auto_response` [ RunTime:0.0006s ]
SQL: SHOW COLUMNS FROM `zhx_w_auto_response` [ RunTime:0.0004s ]
SQL: SHOW COLUMNS FROM `zhx_w_user` [ RunTime:0.0005s ]
INFO: [ view_parse ] --START--
INFO: [ template_filter ] --START--
INFO: Run Behavior\ContentReplaceBehavior [ RunTime:0.000303s ]
INFO: [ template_filter ] --END-- [ RunTime:0.000648s ]
NOTIC: [8] Undefined variable: name /Users/zhangxiang/PhpstormProjects/zhxjmdc/1/Admin/Runtime/Cache/Home/359660d536827e6fa2c1b4d15e62fa89.php 第 90 行.
NOTIC: [8] Undefined variable: text /Users/zhangxiang/PhpstormProjects/zhxjmdc/1/Admin/Runtime/Cache/Home/359660d536827e6fa2c1b4d15e62fa89.php 第 384 行.
NOTIC: [8] Undefined variable: keyword /Users/zhangxiang/PhpstormProjects/zhxjmdc/1/Admin/Runtime/Cache/Home/359660d536827e6fa2c1b4d15e62fa89.php 第 385 行.
INFO: Run Behavior\ParseTemplateBehavior [ RunTime:0.089705s ]
INFO: [ view_parse ] --END-- [ RunTime:0.090034s ]
INFO: [ view_filter ] --START--
INFO: Run Behavior\WriteHtmlCacheBehavior [ RunTime:0.000294s ]
INFO: [ view_filter ] --END-- [ RunTime:0.000662s ]
INFO: [ app_end ] --START--
INFO: Run Behavior\ShowPageTraceBehavior [ RunTime:0.000725s ]
INFO: [ app_end ] --END-- [ RunTime:0.001183s ]

[ 2016-05-15T10:59:58+08:00 ] ::1 /zhxjmdc/1/admin.php/Home/WeChatManage/image_text_source_page.html
INFO: [ app_init ] --START--
INFO: Run Behavior\BuildLiteBehavior [ RunTime:0.000117s ]
INFO: [ app_init ] --END-- [ RunTime:0.001052s ]
INFO: [ app_begin ] --START--
INFO: Run Behavior\ReadHtmlCacheBehavior [ RunTime:0.000702s ]
INFO: [ app_begin ] --END-- [ RunTime:0.001109s ]
INFO: [ view_parse ] --START--
INFO: [ template_filter ] --START--
INFO: Run Behavior\ContentReplaceBehavior [ RunTime:0.000263s ]
INFO: [ template_filter ] --END-- [ RunTime:0.000602s ]
NOTIC: [8] Undefined variable: name /Users/zhangxiang/PhpstormProjects/zhxjmdc/1/Admin/Runtime/Cache/Home/b30eece5aefdff630a0a90c034656fb6.php 第 90 行.
INFO: Run Behavior\ParseTemplateBehavior [ RunTime:0.083876s ]
INFO: [ view_parse ] --END-- [ RunTime:0.084227s ]
INFO: [ view_filter ] --START--
INFO: Run Behavior\WriteHtmlCacheBehavior [ RunTime:0.000302s ]
INFO: [ view_filter ] --END-- [ RunTime:0.000660s ]
INFO: [ app_end ] --START--
INFO: Run Behavior\ShowPageTraceBehavior [ RunTime:0.000681s ]
INFO: [ app_end ] --END-- [ RunTime:0.001056s ]

[ 2016-05-15T11:00:05+08:00 ] ::1 /zhxjmdc/1/admin.php/Home/WechatManage/image_text_source_page.html
INFO: [ app_init ] --START--
INFO: Run Behavior\BuildLiteBehavior [ RunTime:0.000078s ]
INFO: [ app_init ] --END-- [ RunTime:0.000760s ]
INFO: [ app_begin ] --START--
INFO: Run Behavior\ReadHtmlCacheBehavior [ RunTime:0.000899s ]
INFO: [ app_begin ] --END-- [ RunTime:0.001415s ]
INFO: [ view_parse ] --START--
INFO: [ template_filter ] --START--
INFO: Run Behavior\ContentReplaceBehavior [ RunTime:0.000344s ]
INFO: [ template_filter ] --END-- [ RunTime:0.000697s ]
NOTIC: [8] Undefined variable: name /Users/zhangxiang/PhpstormProjects/zhxjmdc/1/Admin/Runtime/Cache/Home/b30eece5aefdff630a0a90c034656fb6.php 第 90 行.
INFO: Run Behavior\ParseTemplateBehavior [ RunTime:0.093268s ]
INFO: [ view_parse ] --END-- [ RunTime:0.093694s ]
INFO: [ view_filter ] --START--
INFO: Run Behavior\WriteHtmlCacheBehavior [ RunTime:0.000329s ]
INFO: [ view_filter ] --END-- [ RunTime:0.000651s ]
INFO: [ app_end ] --START--
INFO: Run Behavior\ShowPageTraceBehavior [ RunTime:0.000678s ]
INFO: [ app_end ] --END-- [ RunTime:0.001071s ]

[ 2016-05-15T11:00:10+08:00 ] ::1 /zhxjmdc/1/admin.php/Home/WechatManage/image_text_source_page.html
INFO: [ app_init ] --START--
INFO: Run Behavior\BuildLiteBehavior [ RunTime:0.000079s ]
INFO: [ app_init ] --END-- [ RunTime:0.000786s ]
INFO: [ app_begin ] --START--
INFO: Run Behavior\ReadHtmlCacheBehavior [ RunTime:0.000601s ]
INFO: [ app_begin ] --END-- [ RunTime:0.000940s ]
INFO: [ view_parse ] --START--
INFO: [ template_filter ] --START--
INFO: Run Behavior\ContentReplaceBehavior [ RunTime:0.000352s ]
INFO: [ template_filter ] --END-- [ RunTime:0.000694s ]
NOTIC: [8] Undefined variable: name /Users/zhangxiang/PhpstormProjects/zhxjmdc/1/Admin/Runtime/Cache/Home/b30eece5aefdff630a0a90c034656fb6.php 第 90 行.
INFO: Run Behavior\ParseTemplateBehavior [ RunTime:0.085045s ]
INFO: [ view_parse ] --END-- [ RunTime:0.085406s ]
INFO: [ view_filter ] --START--
INFO: Run Behavior\WriteHtmlCacheBehavior [ RunTime:0.000308s ]
INFO: [ view_filter ] --END-- [ RunTime:0.000647s ]
INFO: [ app_end ] --START--
INFO: Run Behavior\ShowPageTraceBehavior [ RunTime:0.000708s ]
INFO: [ app_end ] --END-- [ RunTime:0.002706s ]

[ 2016-05-15T11:00:13+08:00 ] ::1 /zhxjmdc/1/admin.php/Home/WechatManage/image_text_source_page.html
INFO: [ app_init ] --START--
INFO: Run Behavior\BuildLiteBehavior [ RunTime:0.000096s ]
INFO: [ app_init ] --END-- [ RunTime:0.000896s ]
INFO: [ app_begin ] --START--
INFO: Run Behavior\ReadHtmlCacheBehavior [ RunTime:0.000642s ]
INFO: [ app_begin ] --END-- [ RunTime:0.001035s ]
INFO: [ view_parse ] --START--
INFO: [ template_filter ] --START--
INFO: Run Behavior\ContentReplaceBehavior [ RunTime:0.000264s ]
INFO: [ template_filter ] --END-- [ RunTime:0.000664s ]
NOTIC: [8] Undefined variable: name /Users/zhangxiang/PhpstormProjects/zhxjmdc/1/Admin/Runtime/Cache/Home/b30eece5aefdff630a0a90c034656fb6.php 第 90 行.
INFO: Run Behavior\ParseTemplateBehavior [ RunTime:0.087726s ]
INFO: [ view_parse ] --END-- [ RunTime:0.088116s ]
INFO: [ view_filter ] --START--
INFO: Run Behavior\WriteHtmlCacheBehavior [ RunTime:0.000365s ]
INFO: [ view_filter ] --END-- [ RunTime:0.000733s ]
INFO: [ app_end ] --START--
INFO: Run Behavior\ShowPageTraceBehavior [ RunTime:0.000696s ]
INFO: [ app_end ] --END-- [ RunTime:0.001116s ]

[ 2016-05-15T11:01:40+08:00 ] ::1 /zhxjmdc/1/admin.php/Home/WechatManage/image_text_source_page.html
INFO: [ app_init ] --START--
INFO: Run Behavior\BuildLiteBehavior [ RunTime:0.000098s ]
INFO: [ app_init ] --END-- [ RunTime:0.000987s ]
INFO: [ app_begin ] --START--
INFO: Run Behavior\ReadHtmlCacheBehavior [ RunTime:0.000642s ]
INFO: [ app_begin ] --END-- [ RunTime:0.000997s ]
INFO: [ view_parse ] --START--
INFO: [ template_filter ] --START--
INFO: Run Behavior\ContentReplaceBehavior [ RunTime:0.000315s ]
INFO: [ template_filter ] --END-- [ RunTime:0.000672s ]
NOTIC: [8] Undefined variable: name /Users/zhangxiang/PhpstormProjects/zhxjmdc/1/Admin/Runtime/Cache/Home/b30eece5aefdff630a0a90c034656fb6.php 第 90 行.
INFO: Run Behavior\ParseTemplateBehavior [ RunTime:0.091507s ]
INFO: [ view_parse ] --END-- [ RunTime:0.091881s ]
INFO: [ view_filter ] --START--
INFO: Run Behavior\WriteHtmlCacheBehavior [ RunTime:0.000366s ]
INFO: [ view_filter ] --END-- [ RunTime:0.000727s ]
INFO: [ app_end ] --START--
INFO: Run Behavior\ShowPageTraceBehavior [ RunTime:0.000691s ]
INFO: [ app_end ] --END-- [ RunTime:0.002201s ]

[ 2016-05-15T11:01:42+08:00 ] ::1 /zhxjmdc/1/admin.php/Home/WechatFunction/auto_response_page.html
INFO: [ app_init ] --START--
INFO: Run Behavior\BuildLiteBehavior [ RunTime:0.000089s ]
INFO: [ app_init ] --END-- [ RunTime:0.000864s ]
INFO: [ app_begin ] --START--
INFO: Run Behavior\ReadHtmlCacheBehavior [ RunTime:0.000612s ]
INFO: [ app_begin ] --END-- [ RunTime:0.000986s ]
SQL: SHOW COLUMNS FROM `zhx_w_auto_response` [ RunTime:0.0006s ]
SQL: SHOW COLUMNS FROM `zhx_w_auto_response` [ RunTime:0.0006s ]
SQL: SHOW COLUMNS FROM `zhx_w_user` [ RunTime:0.0006s ]
INFO: [ view_parse ] --START--
INFO: [ template_filter ] --START--
INFO: Run Behavior\ContentReplaceBehavior [ RunTime:0.000335s ]
INFO: [ template_filter ] --END-- [ RunTime:0.000681s ]
NOTIC: [8] Undefined variable: name /Users/zhangxiang/PhpstormProjects/zhxjmdc/1/Admin/Runtime/Cache/Home/359660d536827e6fa2c1b4d15e62fa89.php 第 90 行.
NOTIC: [8] Undefined variable: text /Users/zhangxiang/PhpstormProjects/zhxjmdc/1/Admin/Runtime/Cache/Home/359660d536827e6fa2c1b4d15e62fa89.php 第 384 行.
NOTIC: [8] Undefined variable: keyword /Users/zhangxiang/PhpstormProjects/zhxjmdc/1/Admin/Runtime/Cache/Home/359660d536827e6fa2c1b4d15e62fa89.php 第 385 行.
INFO: Run Behavior\ParseTemplateBehavior [ RunTime:0.091133s ]
INFO: [ view_parse ] --END-- [ RunTime:0.091486s ]
INFO: [ view_filter ] --START--
INFO: Run Behavior\WriteHtmlCacheBehavior [ RunTime:0.000373s ]
INFO: [ view_filter ] --END-- [ RunTime:0.000695s ]
INFO: [ app_end ] --START--
INFO: Run Behavior\ShowPageTraceBehavior [ RunTime:0.000741s ]
INFO: [ app_end ] --END-- [ RunTime:0.001170s ]

[ 2016-05-15T11:01:44+08:00 ] ::1 /zhxjmdc/1/admin.php/Home/WechatFunction/define_menu_page.html
INFO: [ app_init ] --START--
INFO: Run Behavior\BuildLiteBehavior [ RunTime:0.000079s ]
INFO: [ app_init ] --END-- [ RunTime:0.000745s ]
INFO: [ app_begin ] --START--
INFO: Run Behavior\ReadHtmlCacheBehavior [ RunTime:0.000593s ]
INFO: [ app_begin ] --END-- [ RunTime:0.000935s ]
SQL: SHOW COLUMNS FROM `zhx_w_auto_response` [ RunTime:0.0006s ]
SQL: SHOW COLUMNS FROM `zhx_w_auto_response` [ RunTime:0.0004s ]
SQL: SHOW COLUMNS FROM `zhx_w_user` [ RunTime:0.0006s ]
INFO: [ view_parse ] --START--
NOTIC: [2] file_get_contents(./Admin/Home/View/Index/Wechat/autoResponse/source_response.html): failed to open stream: No such file or directory /Users/zhangxiang/PhpstormProjects/zhxjmdc/1/ThinkPHP/Library/Think/Template.class.php 第 696 行.
INFO: [ template_filter ] --START--
INFO: Run Behavior\ContentReplaceBehavior [ RunTime:0.000306s ]
INFO: [ template_filter ] --END-- [ RunTime:0.000646s ]
NOTIC: [8] Undefined variable: name /Users/zhangxiang/PhpstormProjects/zhxjmdc/1/Admin/Runtime/Cache/Home/b44c2f99411335b8af43893862d20aa9.php 第 90 行.
INFO: Run Behavior\ParseTemplateBehavior [ RunTime:0.079402s ]
INFO: [ view_parse ] --END-- [ RunTime:0.079764s ]
INFO: [ view_filter ] --START--
INFO: Run Behavior\WriteHtmlCacheBehavior [ RunTime:0.000291s ]
INFO: [ view_filter ] --END-- [ RunTime:0.000614s ]
INFO: [ app_end ] --START--
INFO: Run Behavior\ShowPageTraceBehavior [ RunTime:0.000893s ]
INFO: [ app_end ] --END-- [ RunTime:0.001295s ]

[ 2016-05-15T11:01:45+08:00 ] ::1 /zhxjmdc/1/admin.php/Home/WechatFunction/share_type_page.html
INFO: [ app_init ] --START--
INFO: Run Behavior\BuildLiteBehavior [ RunTime:0.000077s ]
INFO: [ app_init ] --END-- [ RunTime:0.000708s ]
INFO: [ app_begin ] --START--
INFO: Run Behavior\ReadHtmlCacheBehavior [ RunTime:0.000585s ]
INFO: [ app_begin ] --END-- [ RunTime:0.000939s ]
SQL: SHOW COLUMNS FROM `zhx_w_auto_response` [ RunTime:0.0006s ]
SQL: SHOW COLUMNS FROM `zhx_w_auto_response` [ RunTime:0.0004s ]
SQL: SHOW COLUMNS FROM `zhx_w_user` [ RunTime:0.0008s ]
ERR: 非法操作:share_type_page

[ 2016-05-15T11:01:48+08:00 ] ::1 /zhxjmdc/1/admin.php/Home/WechatManage/image_text_source_page.html
INFO: [ app_init ] --START--
INFO: Run Behavior\BuildLiteBehavior [ RunTime:0.000105s ]
INFO: [ app_init ] --END-- [ RunTime:0.000848s ]
INFO: [ app_begin ] --START--
INFO: Run Behavior\ReadHtmlCacheBehavior [ RunTime:0.000660s ]
INFO: [ app_begin ] --END-- [ RunTime:0.001067s ]
INFO: [ view_parse ] --START--
INFO: [ template_filter ] --START--
INFO: Run Behavior\ContentReplaceBehavior [ RunTime:0.000261s ]
INFO: [ template_filter ] --END-- [ RunTime:0.000621s ]
NOTIC: [8] Undefined variable: name /Users/zhangxiang/PhpstormProjects/zhxjmdc/1/Admin/Runtime/Cache/Home/b30eece5aefdff630a0a90c034656fb6.php 第 90 行.
INFO: Run Behavior\ParseTemplateBehavior [ RunTime:0.084402s ]
INFO: [ view_parse ] --END-- [ RunTime:0.084748s ]
INFO: [ view_filter ] --START--
INFO: Run Behavior\WriteHtmlCacheBehavior [ RunTime:0.000308s ]
INFO: [ view_filter ] --END-- [ RunTime:0.000646s ]
INFO: [ app_end ] --START--
INFO: Run Behavior\ShowPageTraceBehavior [ RunTime:0.000667s ]
INFO: [ app_end ] --END-- [ RunTime:0.001136s ]

[ 2016-05-15T11:01:53+08:00 ] ::1 /zhxjmdc/1/admin.php/Home/WechatManage/image_text_source_page.html
INFO: [ app_init ] --START--
INFO: Run Behavior\BuildLiteBehavior [ RunTime:0.000074s ]
INFO: [ app_init ] --END-- [ RunTime:0.000724s ]
INFO: [ app_begin ] --START--
INFO: Run Behavior\ReadHtmlCacheBehavior [ RunTime:0.000607s ]
INFO: [ app_begin ] --END-- [ RunTime:0.000953s ]
INFO: [ view_parse ] --START--
INFO: [ template_filter ] --START--
INFO: Run Behavior\ContentReplaceBehavior [ RunTime:0.000298s ]
INFO: [ template_filter ] --END-- [ RunTime:0.000684s ]
NOTIC: [8] Undefined variable: name /Users/zhangxiang/PhpstormProjects/zhxjmdc/1/Admin/Runtime/Cache/Home/b30eece5aefdff630a0a90c034656fb6.php 第 90 行.
INFO: Run Behavior\ParseTemplateBehavior [ RunTime:0.084083s ]
INFO: [ view_parse ] --END-- [ RunTime:0.084419s ]
INFO: [ view_filter ] --START--
INFO: Run Behavior\WriteHtmlCacheBehavior [ RunTime:0.000313s ]
INFO: [ view_filter ] --END-- [ RunTime:0.000638s ]
INFO: [ app_end ] --START--
INFO: Run Behavior\ShowPageTraceBehavior [ RunTime:0.000696s ]
INFO: [ app_end ] --END-- [ RunTime:0.001210s ]

[ 2016-05-15T11:01:54+08:00 ] ::1 /zhxjmdc/1/admin.php/Home/WechatManage/image_text_source_page.html
INFO: [ app_init ] --START--
INFO: Run Behavior\BuildLiteBehavior [ RunTime:0.000115s ]
INFO: [ app_init ] --END-- [ RunTime:0.001017s ]
INFO: [ app_begin ] --START--
INFO: Run Behavior\ReadHtmlCacheBehavior [ RunTime:0.000665s ]
INFO: [ app_begin ] --END-- [ RunTime:0.001088s ]
INFO: [ view_parse ] --START--
INFO: [ template_filter ] --START--
INFO: Run Behavior\ContentReplaceBehavior [ RunTime:0.000281s ]
INFO: [ template_filter ] --END-- [ RunTime:0.000662s ]
NOTIC: [8] Undefined variable: name /Users/zhangxiang/PhpstormProjects/zhxjmdc/1/Admin/Runtime/Cache/Home/b30eece5aefdff630a0a90c034656fb6.php 第 90 行.
INFO: Run Behavior\ParseTemplateBehavior [ RunTime:0.084870s ]
INFO: [ view_parse ] --END-- [ RunTime:0.085223s ]
INFO: [ view_filter ] --START--
INFO: Run Behavior\WriteHtmlCacheBehavior [ RunTime:0.000306s ]
INFO: [ view_filter ] --END-- [ RunTime:0.000655s ]
INFO: [ app_end ] --START--
INFO: Run Behavior\ShowPageTraceBehavior [ RunTime:0.000672s ]
INFO: [ app_end ] --END-- [ RunTime:0.001098s ]

[ 2016-05-15T11:01:55+08:00 ] ::1 /zhxjmdc/1/admin.php/Home/WechatManage/image_text_source_page.html
INFO: [ app_init ] --START--
INFO: Run Behavior\BuildLiteBehavior [ RunTime:0.000107s ]
INFO: [ app_init ] --END-- [ RunTime:0.000976s ]
INFO: [ app_begin ] --START--
INFO: Run Behavior\ReadHtmlCacheBehavior [ RunTime:0.000640s ]
INFO: [ app_begin ] --END-- [ RunTime:0.001034s ]
INFO: [ view_parse ] --START--
INFO: [ template_filter ] --START--
INFO: Run Behavior\ContentReplaceBehavior [ RunTime:0.000281s ]
INFO: [ template_filter ] --END-- [ RunTime:0.000656s ]
NOTIC: [8] Undefined variable: name /Users/zhangxiang/PhpstormProjects/zhxjmdc/1/Admin/Runtime/Cache/Home/b30eece5aefdff630a0a90c034656fb6.php 第 90 行.
INFO: Run Behavior\ParseTemplateBehavior [ RunTime:0.089503s ]
INFO: [ view_parse ] --END-- [ RunTime:0.089859s ]
INFO: [ view_filter ] --START--
INFO: Run Behavior\WriteHtmlCacheBehavior [ RunTime:0.000330s ]
INFO: [ view_filter ] --END-- [ RunTime:0.000690s ]
INFO: [ app_end ] --START--
INFO: Run Behavior\ShowPageTraceBehavior [ RunTime:0.000658s ]
INFO: [ app_end ] --END-- [ RunTime:0.001091s ]

[ 2016-05-15T21:31:16+08:00 ] ::1 /zhxjmdc/1/admin.php/Home/WechatManage/image_source_page.html
INFO: [ app_init ] --START--
INFO: Run Behavior\BuildLiteBehavior [ RunTime:0.000086s ]
INFO: [ app_init ] --END-- [ RunTime:0.001038s ]
INFO: [ app_begin ] --START--
INFO: Run Behavior\ReadHtmlCacheBehavior [ RunTime:0.001148s ]
INFO: [ app_begin ] --END-- [ RunTime:0.001527s ]
INFO: [ view_parse ] --START--
INFO: [ template_filter ] --START--
INFO: Run Behavior\ContentReplaceBehavior [ RunTime:0.000372s ]
INFO: [ template_filter ] --END-- [ RunTime:0.000729s ]
NOTIC: [8] Undefined variable: name /Users/zhangxiang/PhpstormProjects/zhxjmdc/1/Admin/Runtime/Cache/Home/27e45482c25802d8c6e115cf3b950a1a.php 第 90 行.
INFO: Run Behavior\ParseTemplateBehavior [ RunTime:0.089745s ]
INFO: [ view_parse ] --END-- [ RunTime:0.090110s ]
INFO: [ view_filter ] --START--
INFO: Run Behavior\WriteHtmlCacheBehavior [ RunTime:0.000587s ]
INFO: [ view_filter ] --END-- [ RunTime:0.000923s ]
INFO: [ app_end ] --START--
INFO: Run Behavior\ShowPageTraceBehavior [ RunTime:0.000934s ]
INFO: [ app_end ] --END-- [ RunTime:0.001539s ]

[ 2016-05-15T21:31:19+08:00 ] ::1 /zhxjmdc/1/admin.php/Home/WechatManage/image_text_source_page.html
INFO: [ app_init ] --START--
INFO: Run Behavior\BuildLiteBehavior [ RunTime:0.000076s ]
INFO: [ app_init ] --END-- [ RunTime:0.000829s ]
INFO: [ app_begin ] --START--
INFO: Run Behavior\ReadHtmlCacheBehavior [ RunTime:0.000997s ]
INFO: [ app_begin ] --END-- [ RunTime:0.001476s ]
INFO: [ view_parse ] --START--
INFO: [ template_filter ] --START--
INFO: Run Behavior\ContentReplaceBehavior [ RunTime:0.000359s ]
INFO: [ template_filter ] --END-- [ RunTime:0.000717s ]
NOTIC: [8] Undefined variable: name /Users/zhangxiang/PhpstormProjects/zhxjmdc/1/Admin/Runtime/Cache/Home/b30eece5aefdff630a0a90c034656fb6.php 第 90 行.
INFO: Run Behavior\ParseTemplateBehavior [ RunTime:0.088424s ]
INFO: [ view_parse ] --END-- [ RunTime:0.088897s ]
INFO: [ view_filter ] --START--
INFO: Run Behavior\WriteHtmlCacheBehavior [ RunTime:0.000400s ]
INFO: [ view_filter ] --END-- [ RunTime:0.000832s ]
INFO: [ app_end ] --START--
INFO: Run Behavior\ShowPageTraceBehavior [ RunTime:0.000772s ]
INFO: [ app_end ] --END-- [ RunTime:0.001209s ]

[ 2016-05-15T21:31:42+08:00 ] ::1 /zhxjmdc/1/admin.php/Home/WechatManage/image_source_page.html
INFO: [ app_init ] --START--
INFO: Run Behavior\BuildLiteBehavior [ RunTime:0.000102s ]
INFO: [ app_init ] --END-- [ RunTime:0.001109s ]
INFO: [ app_begin ] --START--
INFO: Run Behavior\ReadHtmlCacheBehavior [ RunTime:0.000737s ]
INFO: [ app_begin ] --END-- [ RunTime:0.001118s ]
INFO: [ view_parse ] --START--
INFO: [ template_filter ] --START--
INFO: Run Behavior\ContentReplaceBehavior [ RunTime:0.000431s ]
INFO: [ template_filter ] --END-- [ RunTime:0.000780s ]
NOTIC: [8] Undefined variable: name /Users/zhangxiang/PhpstormProjects/zhxjmdc/1/Admin/Runtime/Cache/Home/27e45482c25802d8c6e115cf3b950a1a.php 第 90 行.
INFO: Run Behavior\ParseTemplateBehavior [ RunTime:0.089506s ]
INFO: [ view_parse ] --END-- [ RunTime:0.089888s ]
INFO: [ view_filter ] --START--
INFO: Run Behavior\WriteHtmlCacheBehavior [ RunTime:0.000355s ]
INFO: [ view_filter ] --END-- [ RunTime:0.000715s ]
INFO: [ app_end ] --START--
INFO: Run Behavior\ShowPageTraceBehavior [ RunTime:0.000702s ]
INFO: [ app_end ] --END-- [ RunTime:0.001107s ]

[ 2016-05-15T21:39:09+08:00 ] ::1 /zhxjmdc/1/admin.php/Home/WechatManage/image_source_page.html
INFO: [ app_init ] --START--
INFO: Run Behavior\BuildLiteBehavior [ RunTime:0.000105s ]
INFO: [ app_init ] --END-- [ RunTime:0.001048s ]
INFO: [ app_begin ] --START--
INFO: Run Behavior\ReadHtmlCacheBehavior [ RunTime:0.000734s ]
INFO: [ app_begin ] --END-- [ RunTime:0.001120s ]
INFO: [ view_parse ] --START--
INFO: [ template_filter ] --START--
INFO: Run Behavior\ContentReplaceBehavior [ RunTime:0.000398s ]
INFO: [ template_filter ] --END-- [ RunTime:0.000814s ]
NOTIC: [8] Undefined variable: name /Users/zhangxiang/PhpstormProjects/zhxjmdc/1/Admin/Runtime/Cache/Home/27e45482c25802d8c6e115cf3b950a1a.php 第 90 行.
INFO: Run Behavior\ParseTemplateBehavior [ RunTime:0.085073s ]
INFO: [ view_parse ] --END-- [ RunTime:0.085506s ]
INFO: [ view_filter ] --START--
INFO: Run Behavior\WriteHtmlCacheBehavior [ RunTime:0.000410s ]
INFO: [ view_filter ] --END-- [ RunTime:0.000842s ]
INFO: [ app_end ] --START--
INFO: Run Behavior\ShowPageTraceBehavior [ RunTime:0.000969s ]
INFO: [ app_end ] --END-- [ RunTime:0.001416s ]

[ 2016-05-15T22:08:21+08:00 ] ::1 /zhxjmdc/1/admin.php/Home/WechatManage/image_source_page.html
INFO: [ app_init ] --START--
INFO: Run Behavior\BuildLiteBehavior [ RunTime:0.000082s ]
INFO: [ app_init ] --END-- [ RunTime:0.000799s ]
INFO: [ app_begin ] --START--
INFO: Run Behavior\ReadHtmlCacheBehavior [ RunTime:0.000602s ]
INFO: [ app_begin ] --END-- [ RunTime:0.000981s ]
SQL: SHOW COLUMNS FROM `zhx_w_auto_response` [ RunTime:0.0008s ]
NOTIC: [8] curl_setopt(): CURLOPT_SSL_VERIFYHOST no longer accepts the value 1, value 2 will be used instead /Users/zhangxiang/PhpstormProjects/zhxjmdc/1/Admin/Home/Model/WAutoResponseModel.class.php 第 71 行.
INFO: [ app_end ] --START--
INFO: Run Behavior\ShowPageTraceBehavior [ RunTime:0.000881s ]
INFO: [ app_end ] --END-- [ RunTime:0.001367s ]

[ 2016-05-15T22:08:29+08:00 ] ::1 /zhxjmdc/1/admin.php/Home/WechatManage/image_source_page.html
INFO: [ app_init ] --START--
INFO: Run Behavior\BuildLiteBehavior [ RunTime:0.000083s ]
INFO: [ app_init ] --END-- [ RunTime:0.000820s ]
INFO: [ app_begin ] --START--
INFO: Run Behavior\ReadHtmlCacheBehavior [ RunTime:0.000601s ]
INFO: [ app_begin ] --END-- [ RunTime:0.000973s ]
SQL: SHOW COLUMNS FROM `zhx_w_auto_response` [ RunTime:0.0009s ]
NOTIC: [8] curl_setopt(): CURLOPT_SSL_VERIFYHOST no longer accepts the value 1, value 2 will be used instead /Users/zhangxiang/PhpstormProjects/zhxjmdc/1/Admin/Home/Model/WAutoResponseModel.class.php 第 71 行.
INFO: [ app_end ] --START--
INFO: Run Behavior\ShowPageTraceBehavior [ RunTime:0.001034s ]
INFO: [ app_end ] --END-- [ RunTime:0.001590s ]

[ 2016-05-15T22:08:30+08:00 ] ::1 /zhxjmdc/1/admin.php/Home/WechatManage/image_source_page.html
INFO: [ app_init ] --START--
INFO: Run Behavior\BuildLiteBehavior [ RunTime:0.000073s ]
INFO: [ app_init ] --END-- [ RunTime:0.000685s ]
INFO: [ app_begin ] --START--
INFO: Run Behavior\ReadHtmlCacheBehavior [ RunTime:0.000570s ]
INFO: [ app_begin ] --END-- [ RunTime:0.000909s ]
SQL: SHOW COLUMNS FROM `zhx_w_auto_response` [ RunTime:0.0006s ]
NOTIC: [8] curl_setopt(): CURLOPT_SSL_VERIFYHOST no longer accepts the value 1, value 2 will be used instead /Users/zhangxiang/PhpstormProjects/zhxjmdc/1/Admin/Home/Model/WAutoResponseModel.class.php 第 71 行.
INFO: [ app_end ] --START--
INFO: Run Behavior\ShowPageTraceBehavior [ RunTime:0.001295s ]
INFO: [ app_end ] --END-- [ RunTime:0.002014s ]

[ 2016-05-15T22:08:30+08:00 ] ::1 /zhxjmdc/1/admin.php/Home/WechatManage/image_source_page.html
INFO: [ app_init ] --START--
INFO: Run Behavior\BuildLiteBehavior [ RunTime:0.000071s ]
INFO: [ app_init ] --END-- [ RunTime:0.000666s ]
INFO: [ app_begin ] --START--
INFO: Run Behavior\ReadHtmlCacheBehavior [ RunTime:0.000544s ]
INFO: [ app_begin ] --END-- [ RunTime:0.000880s ]
SQL: SHOW COLUMNS FROM `zhx_w_auto_response` [ RunTime:0.0005s ]
NOTIC: [8] curl_setopt(): CURLOPT_SSL_VERIFYHOST no longer accepts the value 1, value 2 will be used instead /Users/zhangxiang/PhpstormProjects/zhxjmdc/1/Admin/Home/Model/WAutoResponseModel.class.php 第 71 行.
INFO: [ app_end ] --START--
INFO: Run Behavior\ShowPageTraceBehavior [ RunTime:0.000992s ]
INFO: [ app_end ] --END-- [ RunTime:0.001537s ]

[ 2016-05-15T22:08:32+08:00 ] ::1 /zhxjmdc/1/admin.php/Home/WechatManage/image_source_page.html
INFO: [ app_init ] --START--
INFO: Run Behavior\BuildLiteBehavior [ RunTime:0.000117s ]
INFO: [ app_init ] --END-- [ RunTime:0.000877s ]
INFO: [ app_begin ] --START--
INFO: Run Behavior\ReadHtmlCacheBehavior [ RunTime:0.000604s ]
INFO: [ app_begin ] --END-- [ RunTime:0.000942s ]
SQL: SHOW COLUMNS FROM `zhx_w_auto_response` [ RunTime:0.0007s ]
NOTIC: [8] curl_setopt(): CURLOPT_SSL_VERIFYHOST no longer accepts the value 1, value 2 will be used instead /Users/zhangxiang/PhpstormProjects/zhxjmdc/1/Admin/Home/Model/WAutoResponseModel.class.php 第 71 行.
INFO: [ app_end ] --START--
INFO: Run Behavior\ShowPageTraceBehavior [ RunTime:0.000894s ]
INFO: [ app_end ] --END-- [ RunTime:0.001379s ]

[ 2016-05-15T22:09:43+08:00 ] ::1 /zhxjmdc/1/admin.php/Home/WechatManage/image_source_page.html
INFO: [ app_init ] --START--
INFO: Run Behavior\BuildLiteBehavior [ RunTime:0.000084s ]
INFO: [ app_init ] --END-- [ RunTime:0.000835s ]
INFO: [ app_begin ] --START--
INFO: Run Behavior\ReadHtmlCacheBehavior [ RunTime:0.000709s ]
INFO: [ app_begin ] --END-- [ RunTime:0.001105s ]
SQL: SHOW COLUMNS FROM `zhx_w_auto_response` [ RunTime:0.0006s ]
NOTIC: [8] curl_setopt(): CURLOPT_SSL_VERIFYHOST no longer accepts the value 1, value 2 will be used instead /Users/zhangxiang/PhpstormProjects/zhxjmdc/1/Admin/Home/Model/WAutoResponseModel.class.php 第 71 行.
INFO: [ app_end ] --START--
INFO: Run Behavior\ShowPageTraceBehavior [ RunTime:0.001012s ]
INFO: [ app_end ] --END-- [ RunTime:0.001565s ]

[ 2016-05-15T22:12:49+08:00 ] ::1 /zhxjmdc/1/admin.php/Home/WechatManage/image_source_page.html
INFO: [ app_init ] --START--
INFO: Run Behavior\BuildLiteBehavior [ RunTime:0.000076s ]
INFO: [ app_init ] --END-- [ RunTime:0.000836s ]
INFO: [ app_begin ] --START--
INFO: Run Behavior\ReadHtmlCacheBehavior [ RunTime:0.000740s ]
INFO: [ app_begin ] --END-- [ RunTime:0.001118s ]
SQL: SHOW COLUMNS FROM `zhx_w_auto_response` [ RunTime:0.0006s ]
NOTIC: [8] curl_setopt(): CURLOPT_SSL_VERIFYHOST no longer accepts the value 1, value 2 will be used instead /Users/zhangxiang/PhpstormProjects/zhxjmdc/1/Admin/Home/Model/WAutoResponseModel.class.php 第 71 行.
INFO: [ app_end ] --START--
INFO: Run Behavior\ShowPageTraceBehavior [ RunTime:0.001373s ]
INFO: [ app_end ] --END-- [ RunTime:0.002081s ]

[ 2016-05-15T22:13:22+08:00 ] ::1 /zhxjmdc/1/admin.php/Home/WechatManage/image_source_page.html
INFO: [ app_init ] --START--
INFO: Run Behavior\BuildLiteBehavior [ RunTime:0.000091s ]
INFO: [ app_init ] --END-- [ RunTime:0.000860s ]
INFO: [ app_begin ] --START--
INFO: Run Behavior\ReadHtmlCacheBehavior [ RunTime:0.000587s ]
INFO: [ app_begin ] --END-- [ RunTime:0.000940s ]
SQL: SHOW COLUMNS FROM `zhx_w_auto_response` [ RunTime:0.0006s ]
NOTIC: [8] curl_setopt(): CURLOPT_SSL_VERIFYHOST no longer accepts the value 1, value 2 will be used instead /Users/zhangxiang/PhpstormProjects/zhxjmdc/1/Admin/Home/Model/WAutoResponseModel.class.php 第 71 行.
INFO: [ app_end ] --START--
INFO: Run Behavior\ShowPageTraceBehavior [ RunTime:0.000990s ]
INFO: [ app_end ] --END-- [ RunTime:0.001539s ]

[ 2016-05-15T22:14:36+08:00 ] ::1 /zhxjmdc/1/admin.php/Home/WechatManage/image_source_page.html
INFO: [ app_init ] --START--
INFO: Run Behavior\BuildLiteBehavior [ RunTime:0.000075s ]
INFO: [ app_init ] --END-- [ RunTime:0.000704s ]
INFO: [ app_begin ] --START--
INFO: Run Behavior\ReadHtmlCacheBehavior [ RunTime:0.000702s ]
INFO: [ app_begin ] --END-- [ RunTime:0.001102s ]
SQL: SHOW COLUMNS FROM `zhx_w_auto_response` [ RunTime:0.0008s ]
NOTIC: [8] curl_setopt(): CURLOPT_SSL_VERIFYHOST no longer accepts the value 1, value 2 will be used instead /Users/zhangxiang/PhpstormProjects/zhxjmdc/1/Admin/Home/Model/WAutoResponseModel.class.php 第 71 行.
INFO: [ app_end ] --START--
INFO: Run Behavior\ShowPageTraceBehavior [ RunTime:0.001237s ]
INFO: [ app_end ] --END-- [ RunTime:0.001934s ]

[ 2016-05-15T22:14:38+08:00 ] ::1 /zhxjmdc/1/admin.php/Home/WechatManage/image_source_page.html
INFO: [ app_init ] --START--
INFO: Run Behavior\BuildLiteBehavior [ RunTime:0.000074s ]
INFO: [ app_init ] --END-- [ RunTime:0.000728s ]
INFO: [ app_begin ] --START--
INFO: Run Behavior\ReadHtmlCacheBehavior [ RunTime:0.000553s ]
INFO: [ app_begin ] --END-- [ RunTime:0.000919s ]
SQL: SHOW COLUMNS FROM `zhx_w_auto_response` [ RunTime:0.0006s ]
NOTIC: [8] curl_setopt(): CURLOPT_SSL_VERIFYHOST no longer accepts the value 1, value 2 will be used instead /Users/zhangxiang/PhpstormProjects/zhxjmdc/1/Admin/Home/Model/WAutoResponseModel.class.php 第 71 行.
INFO: [ app_end ] --START--
INFO: Run Behavior\ShowPageTraceBehavior [ RunTime:0.000996s ]
INFO: [ app_end ] --END-- [ RunTime:0.001543s ]

[ 2016-05-15T22:14:39+08:00 ] ::1 /zhxjmdc/1/admin.php/Home/WechatManage/image_source_page.html
INFO: [ app_init ] --START--
INFO: Run Behavior\BuildLiteBehavior [ RunTime:0.000088s ]
INFO: [ app_init ] --END-- [ RunTime:0.000745s ]
INFO: [ app_begin ] --START--
INFO: Run Behavior\ReadHtmlCacheBehavior [ RunTime:0.001174s ]
INFO: [ app_begin ] --END-- [ RunTime:0.001664s ]
SQL: SHOW COLUMNS FROM `zhx_w_auto_response` [ RunTime:0.0006s ]
NOTIC: [8] curl_setopt(): CURLOPT_SSL_VERIFYHOST no longer accepts the value 1, value 2 will be used instead /Users/zhangxiang/PhpstormProjects/zhxjmdc/1/Admin/Home/Model/WAutoResponseModel.class.php 第 71 行.
INFO: [ app_end ] --START--
INFO: Run Behavior\ShowPageTraceBehavior [ RunTime:0.000997s ]
INFO: [ app_end ] --END-- [ RunTime:0.001544s ]

[ 2016-05-15T22:14:42+08:00 ] ::1 /zhxjmdc/1/admin.php/Home/WechatManage/image_source_page.html
INFO: [ app_init ] --START--
INFO: Run Behavior\BuildLiteBehavior [ RunTime:0.000084s ]
INFO: [ app_init ] --END-- [ RunTime:0.000745s ]
INFO: [ app_begin ] --START--
INFO: Run Behavior\ReadHtmlCacheBehavior [ RunTime:0.000571s ]
INFO: [ app_begin ] --END-- [ RunTime:0.000948s ]
SQL: SHOW COLUMNS FROM `zhx_w_auto_response` [ RunTime:0.0006s ]
NOTIC: [8] curl_setopt(): CURLOPT_SSL_VERIFYHOST no longer accepts the value 1, value 2 will be used instead /Users/zhangxiang/PhpstormProjects/zhxjmdc/1/Admin/Home/Model/WAutoResponseModel.class.php 第 71 行.
INFO: [ app_end ] --START--
INFO: Run Behavior\ShowPageTraceBehavior [ RunTime:0.000995s ]
INFO: [ app_end ] --END-- [ RunTime:0.001563s ]

[ 2016-05-15T22:14:43+08:00 ] ::1 /zhxjmdc/1/admin.php/Home/WechatManage/image_source_page.html
INFO: [ app_init ] --START--
INFO: Run Behavior\BuildLiteBehavior [ RunTime:0.000098s ]
INFO: [ app_init ] --END-- [ RunTime:0.000890s ]
INFO: [ app_begin ] --START--
INFO: Run Behavior\ReadHtmlCacheBehavior [ RunTime:0.000645s ]
INFO: [ app_begin ] --END-- [ RunTime:0.001059s ]
SQL: SHOW COLUMNS FROM `zhx_w_auto_response` [ RunTime:0.0006s ]
NOTIC: [8] curl_setopt(): CURLOPT_SSL_VERIFYHOST no longer accepts the value 1, value 2 will be used instead /Users/zhangxiang/PhpstormProjects/zhxjmdc/1/Admin/Home/Model/WAutoResponseModel.class.php 第 71 行.
INFO: [ app_end ] --START--
INFO: Run Behavior\ShowPageTraceBehavior [ RunTime:0.000990s ]
INFO: [ app_end ] --END-- [ RunTime:0.001544s ]

[ 2016-05-15T22:15:17+08:00 ] ::1 /zhxjmdc/1/admin.php/Home/WechatManage/image_source_page.html
INFO: [ app_init ] --START--
INFO: Run Behavior\BuildLiteBehavior [ RunTime:0.000174s ]
INFO: [ app_init ] --END-- [ RunTime:0.000886s ]
INFO: [ app_begin ] --START--
INFO: Run Behavior\ReadHtmlCacheBehavior [ RunTime:0.000840s ]
INFO: [ app_begin ] --END-- [ RunTime:0.001335s ]
SQL: SHOW COLUMNS FROM `zhx_w_auto_response` [ RunTime:0.0007s ]
NOTIC: [8] curl_setopt(): CURLOPT_SSL_VERIFYHOST no longer accepts the value 1, value 2 will be used instead /Users/zhangxiang/PhpstormProjects/zhxjmdc/1/Admin/Home/Model/WAutoResponseModel.class.php 第 71 行.
INFO: [ app_end ] --START--
INFO: Run Behavior\ShowPageTraceBehavior [ RunTime:0.000998s ]
INFO: [ app_end ] --END-- [ RunTime:0.001549s ]

[ 2016-05-15T22:18:40+08:00 ] ::1 /zhxjmdc/1/admin.php/Home/WechatManage/image_source_page.html
INFO: [ app_init ] --START--
INFO: Run Behavior\BuildLiteBehavior [ RunTime:0.000099s ]
INFO: [ app_init ] --END-- [ RunTime:0.000914s ]
INFO: [ app_begin ] --START--
INFO: Run Behavior\ReadHtmlCacheBehavior [ RunTime:0.000672s ]
INFO: [ app_begin ] --END-- [ RunTime:0.001055s ]
SQL: SHOW COLUMNS FROM `zhx_w_auto_response` [ RunTime:0.0006s ]
NOTIC: [8] curl_setopt(): CURLOPT_SSL_VERIFYHOST no longer accepts the value 1, value 2 will be used instead /Users/zhangxiang/PhpstormProjects/zhxjmdc/1/Admin/Home/Model/WAutoResponseModel.class.php 第 71 行.
INFO: [ app_end ] --START--
INFO: Run Behavior\ShowPageTraceBehavior [ RunTime:0.001008s ]
INFO: [ app_end ] --END-- [ RunTime:0.001555s ]

[ 2016-05-15T22:21:56+08:00 ] ::1 /zhxjmdc/1/admin.php/Home/WechatManage/image_text_source_page.html
INFO: [ app_init ] --START--
INFO: Run Behavior\BuildLiteBehavior [ RunTime:0.000112s ]
INFO: [ app_init ] --END-- [ RunTime:0.001040s ]
INFO: [ app_begin ] --START--
INFO: Run Behavior\ReadHtmlCacheBehavior [ RunTime:0.000660s ]
INFO: [ app_begin ] --END-- [ RunTime:0.001062s ]
SQL: SHOW COLUMNS FROM `zhx_w_auto_response` [ RunTime:0.0006s ]
INFO: [ view_parse ] --START--
INFO: [ template_filter ] --START--
INFO: Run Behavior\ContentReplaceBehavior [ RunTime:0.000367s ]
INFO: [ template_filter ] --END-- [ RunTime:0.000707s ]
NOTIC: [8] Undefined variable: name /Users/zhangxiang/PhpstormProjects/zhxjmdc/1/Admin/Runtime/Cache/Home/b30eece5aefdff630a0a90c034656fb6.php 第 90 行.
INFO: Run Behavior\ParseTemplateBehavior [ RunTime:0.090498s ]
INFO: [ view_parse ] --END-- [ RunTime:0.090835s ]
INFO: [ view_filter ] --START--
INFO: Run Behavior\WriteHtmlCacheBehavior [ RunTime:0.000323s ]
INFO: [ view_filter ] --END-- [ RunTime:0.000640s ]
INFO: [ app_end ] --START--
INFO: Run Behavior\ShowPageTraceBehavior [ RunTime:0.000767s ]
INFO: [ app_end ] --END-- [ RunTime:0.001172s ]

[ 2016-05-15T22:21:58+08:00 ] ::1 /zhxjmdc/1/admin.php/Home/WechatManage/image_source_page.html
INFO: [ app_init ] --START--
INFO: Run Behavior\BuildLiteBehavior [ RunTime:0.000097s ]
INFO: [ app_init ] --END-- [ RunTime:0.000902s ]
INFO: [ app_begin ] --START--
INFO: Run Behavior\ReadHtmlCacheBehavior [ RunTime:0.000588s ]
INFO: [ app_begin ] --END-- [ RunTime:0.000947s ]
SQL: SHOW COLUMNS FROM `zhx_w_auto_response` [ RunTime:0.0005s ]
INFO: [ view_parse ] --START--
INFO: [ template_filter ] --START--
INFO: Run Behavior\ContentReplaceBehavior [ RunTime:0.000293s ]
INFO: [ template_filter ] --END-- [ RunTime:0.000656s ]
NOTIC: [8] Undefined variable: name /Users/zhangxiang/PhpstormProjects/zhxjmdc/1/Admin/Runtime/Cache/Home/27e45482c25802d8c6e115cf3b950a1a.php 第 90 行.
INFO: Run Behavior\ParseTemplateBehavior [ RunTime:0.081900s ]
INFO: [ view_parse ] --END-- [ RunTime:0.082248s ]
INFO: [ view_filter ] --START--
INFO: Run Behavior\WriteHtmlCacheBehavior [ RunTime:0.000329s ]
INFO: [ view_filter ] --END-- [ RunTime:0.000689s ]
INFO: [ app_end ] --START--
INFO: Run Behavior\ShowPageTraceBehavior [ RunTime:0.000737s ]
INFO: [ app_end ] --END-- [ RunTime:0.001176s ]

[ 2016-05-15T22:21:59+08:00 ] ::1 /zhxjmdc/1/admin.php/Home/WechatManage/voice_source_page.html
INFO: [ app_init ] --START--
INFO: Run Behavior\BuildLiteBehavior [ RunTime:0.000079s ]
INFO: [ app_init ] --END-- [ RunTime:0.000736s ]
INFO: [ app_begin ] --START--
INFO: Run Behavior\ReadHtmlCacheBehavior [ RunTime:0.000531s ]
INFO: [ app_begin ] --END-- [ RunTime:0.000875s ]
SQL: SHOW COLUMNS FROM `zhx_w_auto_response` [ RunTime:0.0005s ]
INFO: [ view_parse ] --START--
INFO: [ template_filter ] --START--
INFO: Run Behavior\ContentReplaceBehavior [ RunTime:0.000256s ]
INFO: [ template_filter ] --END-- [ RunTime:0.000791s ]
NOTIC: [8] Undefined variable: name /Users/zhangxiang/PhpstormProjects/zhxjmdc/1/Admin/Runtime/Cache/Home/507498b143fb3a7ba14fb33644eb9a17.php 第 90 行.
INFO: Run Behavior\ParseTemplateBehavior [ RunTime:0.085570s ]
INFO: [ view_parse ] --END-- [ RunTime:0.085928s ]
INFO: [ view_filter ] --START--
INFO: Run Behavior\WriteHtmlCacheBehavior [ RunTime:0.000366s ]
INFO: [ view_filter ] --END-- [ RunTime:0.000736s ]
INFO: [ app_end ] --START--
INFO: Run Behavior\ShowPageTraceBehavior [ RunTime:0.001083s ]
INFO: [ app_end ] --END-- [ RunTime:0.001571s ]

[ 2016-05-15T22:22:00+08:00 ] ::1 /zhxjmdc/1/admin.php/Home/WechatManage/image_source_page.html
INFO: [ app_init ] --START--
INFO: Run Behavior\BuildLiteBehavior [ RunTime:0.000087s ]
INFO: [ app_init ] --END-- [ RunTime:0.000803s ]
INFO: [ app_begin ] --START--
INFO: Run Behavior\ReadHtmlCacheBehavior [ RunTime:0.000598s ]
INFO: [ app_begin ] --END-- [ RunTime:0.000942s ]
SQL: SHOW COLUMNS FROM `zhx_w_auto_response` [ RunTime:0.0005s ]
INFO: [ view_parse ] --START--
INFO: [ template_filter ] --START--
INFO: Run Behavior\ContentReplaceBehavior [ RunTime:0.000361s ]
INFO: [ template_filter ] --END-- [ RunTime:0.000815s ]
NOTIC: [8] Undefined variable: name /Users/zhangxiang/PhpstormProjects/zhxjmdc/1/Admin/Runtime/Cache/Home/27e45482c25802d8c6e115cf3b950a1a.php 第 90 行.
INFO: Run Behavior\ParseTemplateBehavior [ RunTime:0.084752s ]
INFO: [ view_parse ] --END-- [ RunTime:0.085151s ]
INFO: [ view_filter ] --START--
INFO: Run Behavior\WriteHtmlCacheBehavior [ RunTime:0.000398s ]
INFO: [ view_filter ] --END-- [ RunTime:0.000829s ]
INFO: [ app_end ] --START--
INFO: Run Behavior\ShowPageTraceBehavior [ RunTime:0.000823s ]
INFO: [ app_end ] --END-- [ RunTime:0.001220s ]

[ 2016-05-15T22:22:01+08:00 ] ::1 /zhxjmdc/1/admin.php/Home/WechatManage/voice_source_page.html
INFO: [ app_init ] --START--
INFO: Run Behavior\BuildLiteBehavior [ RunTime:0.000081s ]
INFO: [ app_init ] --END-- [ RunTime:0.000745s ]
INFO: [ app_begin ] --START--
INFO: Run Behavior\ReadHtmlCacheBehavior [ RunTime:0.000570s ]
INFO: [ app_begin ] --END-- [ RunTime:0.000964s ]
SQL: SHOW COLUMNS FROM `zhx_w_auto_response` [ RunTime:0.0005s ]
INFO: [ view_parse ] --START--
INFO: [ template_filter ] --START--
INFO: Run Behavior\ContentReplaceBehavior [ RunTime:0.000285s ]
INFO: [ template_filter ] --END-- [ RunTime:0.000629s ]
NOTIC: [8] Undefined variable: name /Users/zhangxiang/PhpstormProjects/zhxjmdc/1/Admin/Runtime/Cache/Home/507498b143fb3a7ba14fb33644eb9a17.php 第 90 行.
INFO: Run Behavior\ParseTemplateBehavior [ RunTime:0.088737s ]
INFO: [ view_parse ] --END-- [ RunTime:0.089124s ]
INFO: [ view_filter ] --START--
INFO: Run Behavior\WriteHtmlCacheBehavior [ RunTime:0.000370s ]
INFO: [ view_filter ] --END-- [ RunTime:0.000898s ]
INFO: [ app_end ] --START--
INFO: Run Behavior\ShowPageTraceBehavior [ RunTime:0.002161s ]
INFO: [ app_end ] --END-- [ RunTime:0.002951s ]

[ 2016-05-15T22:23:01+08:00 ] ::1 /zhxjmdc/1/admin.php/Home/WechatManage/voice_source_page.html
INFO: [ app_init ] --START--
INFO: Run Behavior\BuildLiteBehavior [ RunTime:0.000090s ]
INFO: [ app_init ] --END-- [ RunTime:0.000828s ]
INFO: [ app_begin ] --START--
INFO: Run Behavior\ReadHtmlCacheBehavior [ RunTime:0.000586s ]
INFO: [ app_begin ] --END-- [ RunTime:0.000931s ]
SQL: SHOW COLUMNS FROM `zhx_w_auto_response` [ RunTime:0.0006s ]
INFO: [ view_parse ] --START--
INFO: [ template_filter ] --START--
INFO: Run Behavior\ContentReplaceBehavior [ RunTime:0.000327s ]
INFO: [ template_filter ] --END-- [ RunTime:0.000707s ]
NOTIC: [8] Undefined variable: name /Users/zhangxiang/PhpstormProjects/zhxjmdc/1/Admin/Runtime/Cache/Home/507498b143fb3a7ba14fb33644eb9a17.php 第 90 行.
INFO: Run Behavior\ParseTemplateBehavior [ RunTime:0.081729s ]
INFO: [ view_parse ] --END-- [ RunTime:0.082063s ]
INFO: [ view_filter ] --START--
INFO: Run Behavior\WriteHtmlCacheBehavior [ RunTime:0.000389s ]
INFO: [ view_filter ] --END-- [ RunTime:0.000710s ]
INFO: [ app_end ] --START--
INFO: Run Behavior\ShowPageTraceBehavior [ RunTime:0.000699s ]
INFO: [ app_end ] --END-- [ RunTime:0.001099s ]

[ 2016-05-15T22:23:38+08:00 ] ::1 /zhxjmdc/1/admin.php/Home/WechatManage/voice_source_page.html
INFO: [ app_init ] --START--
INFO: Run Behavior\BuildLiteBehavior [ RunTime:0.000074s ]
INFO: [ app_init ] --END-- [ RunTime:0.000724s ]
INFO: [ app_begin ] --START--
INFO: Run Behavior\ReadHtmlCacheBehavior [ RunTime:0.000580s ]
INFO: [ app_begin ] --END-- [ RunTime:0.000918s ]
SQL: SHOW COLUMNS FROM `zhx_w_auto_response` [ RunTime:0.0005s ]
INFO: [ view_parse ] --START--
INFO: [ template_filter ] --START--
INFO: Run Behavior\ContentReplaceBehavior [ RunTime:0.000324s ]
INFO: [ template_filter ] --END-- [ RunTime:0.000670s ]
NOTIC: [8] Undefined variable: name /Users/zhangxiang/PhpstormProjects/zhxjmdc/1/Admin/Runtime/Cache/Home/507498b143fb3a7ba14fb33644eb9a17.php 第 90 行.
INFO: Run Behavior\ParseTemplateBehavior [ RunTime:0.084992s ]
INFO: [ view_parse ] --END-- [ RunTime:0.085355s ]
INFO: [ view_filter ] --START--
INFO: Run Behavior\WriteHtmlCacheBehavior [ RunTime:0.000357s ]
INFO: [ view_filter ] --END-- [ RunTime:0.000753s ]
INFO: [ app_end ] --START--
INFO: Run Behavior\ShowPageTraceBehavior [ RunTime:0.001845s ]
INFO: [ app_end ] --END-- [ RunTime:0.002300s ]

[ 2016-05-15T22:23:40+08:00 ] ::1 /zhxjmdc/1/admin.php/Home/WechatManage/voice_source_page.html
INFO: [ app_init ] --START--
INFO: Run Behavior\BuildLiteBehavior [ RunTime:0.000107s ]
INFO: [ app_init ] --END-- [ RunTime:0.000794s ]
INFO: [ app_begin ] --START--
INFO: Run Behavior\ReadHtmlCacheBehavior [ RunTime:0.000578s ]
INFO: [ app_begin ] --END-- [ RunTime:0.000916s ]
SQL: SHOW COLUMNS FROM `zhx_w_auto_response` [ RunTime:0.0005s ]
INFO: [ view_parse ] --START--
INFO: [ template_filter ] --START--
INFO: Run Behavior\ContentReplaceBehavior [ RunTime:0.000267s ]
INFO: [ template_filter ] --END-- [ RunTime:0.000618s ]
NOTIC: [8] Undefined variable: name /Users/zhangxiang/PhpstormProjects/zhxjmdc/1/Admin/Runtime/Cache/Home/507498b143fb3a7ba14fb33644eb9a17.php 第 90 行.
INFO: Run Behavior\ParseTemplateBehavior [ RunTime:0.084718s ]
INFO: [ view_parse ] --END-- [ RunTime:0.085188s ]
INFO: [ view_filter ] --START--
INFO: Run Behavior\WriteHtmlCacheBehavior [ RunTime:0.000343s ]
INFO: [ view_filter ] --END-- [ RunTime:0.000690s ]
INFO: [ app_end ] --START--
INFO: Run Behavior\ShowPageTraceBehavior [ RunTime:0.000810s ]
INFO: [ app_end ] --END-- [ RunTime:0.001332s ]

[ 2016-05-15T22:23:40+08:00 ] ::1 /zhxjmdc/1/admin.php/Home/WechatManage/voice_source_page.html
INFO: [ app_init ] --START--
INFO: Run Behavior\BuildLiteBehavior [ RunTime:0.000114s ]
INFO: [ app_init ] --END-- [ RunTime:0.000979s ]
INFO: [ app_begin ] --START--
INFO: Run Behavior\ReadHtmlCacheBehavior [ RunTime:0.000804s ]
INFO: [ app_begin ] --END-- [ RunTime:0.001270s ]
SQL: SHOW COLUMNS FROM `zhx_w_auto_response` [ RunTime:0.0005s ]
INFO: [ view_parse ] --START--
INFO: [ template_filter ] --START--
INFO: Run Behavior\ContentReplaceBehavior [ RunTime:0.000340s ]
INFO: [ template_filter ] --END-- [ RunTime:0.000819s ]
NOTIC: [8] Undefined variable: name /Users/zhangxiang/PhpstormProjects/zhxjmdc/1/Admin/Runtime/Cache/Home/507498b143fb3a7ba14fb33644eb9a17.php 第 90 行.
INFO: Run Behavior\ParseTemplateBehavior [ RunTime:0.085983s ]
INFO: [ view_parse ] --END-- [ RunTime:0.086428s ]
INFO: [ view_filter ] --START--
INFO: Run Behavior\WriteHtmlCacheBehavior [ RunTime:0.000345s ]
INFO: [ view_filter ] --END-- [ RunTime:0.000683s ]
INFO: [ app_end ] --START--
INFO: Run Behavior\ShowPageTraceBehavior [ RunTime:0.000848s ]
INFO: [ app_end ] --END-- [ RunTime:0.001270s ]

[ 2016-05-15T22:23:41+08:00 ] ::1 /zhxjmdc/1/admin.php/Home/WechatManage/image_source_page.html
INFO: [ app_init ] --START--
INFO: Run Behavior\BuildLiteBehavior [ RunTime:0.000081s ]
INFO: [ app_init ] --END-- [ RunTime:0.000802s ]
INFO: [ app_begin ] --START--
INFO: Run Behavior\ReadHtmlCacheBehavior [ RunTime:0.000579s ]
INFO: [ app_begin ] --END-- [ RunTime:0.000926s ]
SQL: SHOW COLUMNS FROM `zhx_w_auto_response` [ RunTime:0.0005s ]
INFO: [ view_parse ] --START--
INFO: [ template_filter ] --START--
INFO: Run Behavior\ContentReplaceBehavior [ RunTime:0.000279s ]
INFO: [ template_filter ] --END-- [ RunTime:0.000649s ]
NOTIC: [8] Undefined variable: name /Users/zhangxiang/PhpstormProjects/zhxjmdc/1/Admin/Runtime/Cache/Home/27e45482c25802d8c6e115cf3b950a1a.php 第 90 行.
INFO: Run Behavior\ParseTemplateBehavior [ RunTime:0.090625s ]
INFO: [ view_parse ] --END-- [ RunTime:0.091025s ]
INFO: [ view_filter ] --START--
INFO: Run Behavior\WriteHtmlCacheBehavior [ RunTime:0.000376s ]
INFO: [ view_filter ] --END-- [ RunTime:0.000798s ]
INFO: [ app_end ] --START--
INFO: Run Behavior\ShowPageTraceBehavior [ RunTime:0.000941s ]
INFO: [ app_end ] --END-- [ RunTime:0.001580s ]

[ 2016-05-15T22:23:43+08:00 ] ::1 /zhxjmdc/1/admin.php/Home/WechatManage/voice_source_page.html
INFO: [ app_init ] --START--
INFO: Run Behavior\BuildLiteBehavior [ RunTime:0.000088s ]
INFO: [ app_init ] --END-- [ RunTime:0.000803s ]
INFO: [ app_begin ] --START--
INFO: Run Behavior\ReadHtmlCacheBehavior [ RunTime:0.000592s ]
INFO: [ app_begin ] --END-- [ RunTime:0.000962s ]
SQL: SHOW COLUMNS FROM `zhx_w_auto_response` [ RunTime:0.0005s ]
INFO: [ view_parse ] --START--
INFO: [ template_filter ] --START--
INFO: Run Behavior\ContentReplaceBehavior [ RunTime:0.000268s ]
INFO: [ template_filter ] --END-- [ RunTime:0.000658s ]
NOTIC: [8] Undefined variable: name /Users/zhangxiang/PhpstormProjects/zhxjmdc/1/Admin/Runtime/Cache/Home/507498b143fb3a7ba14fb33644eb9a17.php 第 90 行.
INFO: Run Behavior\ParseTemplateBehavior [ RunTime:0.085420s ]
INFO: [ view_parse ] --END-- [ RunTime:0.085782s ]
INFO: [ view_filter ] --START--
INFO: Run Behavior\WriteHtmlCacheBehavior [ RunTime:0.000323s ]
INFO: [ view_filter ] --END-- [ RunTime:0.000672s ]
INFO: [ app_end ] --START--
INFO: Run Behavior\ShowPageTraceBehavior [ RunTime:0.000659s ]
INFO: [ app_end ] --END-- [ RunTime:0.001005s ]

[ 2016-05-15T22:24:01+08:00 ] ::1 /zhxjmdc/1/admin.php/Home/WechatManage/voice_source_page.html
INFO: [ app_init ] --START--
INFO: Run Behavior\BuildLiteBehavior [ RunTime:0.000085s ]
INFO: [ app_init ] --END-- [ RunTime:0.000931s ]
INFO: [ app_begin ] --START--
INFO: Run Behavior\ReadHtmlCacheBehavior [ RunTime:0.000712s ]
INFO: [ app_begin ] --END-- [ RunTime:0.001126s ]
SQL: SHOW COLUMNS FROM `zhx_w_auto_response` [ RunTime:0.0005s ]
INFO: [ view_parse ] --START--
INFO: [ template_filter ] --START--
INFO: Run Behavior\ContentReplaceBehavior [ RunTime:0.000395s ]
INFO: [ template_filter ] --END-- [ RunTime:0.000824s ]
NOTIC: [8] Undefined variable: name /Users/zhangxiang/PhpstormProjects/zhxjmdc/1/Admin/Runtime/Cache/Home/507498b143fb3a7ba14fb33644eb9a17.php 第 90 行.
INFO: Run Behavior\ParseTemplateBehavior [ RunTime:0.086349s ]
INFO: [ view_parse ] --END-- [ RunTime:0.086694s ]
INFO: [ view_filter ] --START--
INFO: Run Behavior\WriteHtmlCacheBehavior [ RunTime:0.000369s ]
INFO: [ view_filter ] --END-- [ RunTime:0.000702s ]
INFO: [ app_end ] --START--
INFO: Run Behavior\ShowPageTraceBehavior [ RunTime:0.000738s ]
INFO: [ app_end ] --END-- [ RunTime:0.001119s ]

[ 2016-05-15T22:24:02+08:00 ] ::1 /zhxjmdc/1/admin.php/Home/WechatManage/voice_source_page.html
INFO: [ app_init ] --START--
INFO: Run Behavior\BuildLiteBehavior [ RunTime:0.000078s ]
INFO: [ app_init ] --END-- [ RunTime:0.000753s ]
INFO: [ app_begin ] --START--
INFO: Run Behavior\ReadHtmlCacheBehavior [ RunTime:0.000611s ]
INFO: [ app_begin ] --END-- [ RunTime:0.000982s ]
SQL: SHOW COLUMNS FROM `zhx_w_auto_response` [ RunTime:0.0005s ]
INFO: [ view_parse ] --START--
INFO: [ template_filter ] --START--
INFO: Run Behavior\ContentReplaceBehavior [ RunTime:0.000359s ]
INFO: [ template_filter ] --END-- [ RunTime:0.000925s ]
NOTIC: [8] Undefined variable: name /Users/zhangxiang/PhpstormProjects/zhxjmdc/1/Admin/Runtime/Cache/Home/507498b143fb3a7ba14fb33644eb9a17.php 第 90 行.
INFO: Run Behavior\ParseTemplateBehavior [ RunTime:0.089882s ]
INFO: [ view_parse ] --END-- [ RunTime:0.090261s ]
INFO: [ view_filter ] --START--
INFO: Run Behavior\WriteHtmlCacheBehavior [ RunTime:0.000367s ]
INFO: [ view_filter ] --END-- [ RunTime:0.000729s ]
INFO: [ app_end ] --START--
INFO: Run Behavior\ShowPageTraceBehavior [ RunTime:0.000798s ]
INFO: [ app_end ] --END-- [ RunTime:0.001200s ]

[ 2016-05-15T22:24:03+08:00 ] ::1 /zhxjmdc/1/admin.php/Home/WechatManage/video_source_page.html
INFO: [ app_init ] --START--
INFO: Run Behavior\BuildLiteBehavior [ RunTime:0.000163s ]
INFO: [ app_init ] --END-- [ RunTime:0.002010s ]
INFO: [ app_begin ] --START--
INFO: Run Behavior\ReadHtmlCacheBehavior [ RunTime:0.000580s ]
INFO: [ app_begin ] --END-- [ RunTime:0.000920s ]
SQL: SHOW COLUMNS FROM `zhx_w_auto_response` [ RunTime:0.0005s ]
INFO: [ view_parse ] --START--
INFO: [ template_filter ] --START--
INFO: Run Behavior\ContentReplaceBehavior [ RunTime:0.000278s ]
INFO: [ template_filter ] --END-- [ RunTime:0.000637s ]
NOTIC: [8] Undefined variable: name /Users/zhangxiang/PhpstormProjects/zhxjmdc/1/Admin/Runtime/Cache/Home/9297fd7167756a0ce8d3cf25ca980c91.php 第 90 行.
INFO: Run Behavior\ParseTemplateBehavior [ RunTime:0.082296s ]
INFO: [ view_parse ] --END-- [ RunTime:0.082704s ]
INFO: [ view_filter ] --START--
INFO: Run Behavior\WriteHtmlCacheBehavior [ RunTime:0.000416s ]
INFO: [ view_filter ] --END-- [ RunTime:0.000853s ]
INFO: [ app_end ] --START--
INFO: Run Behavior\ShowPageTraceBehavior [ RunTime:0.000792s ]
INFO: [ app_end ] --END-- [ RunTime:0.001209s ]

[ 2016-05-15T22:24:04+08:00 ] ::1 /zhxjmdc/1/admin.php/Home/WechatManage/voice_source_page.html
INFO: [ app_init ] --START--
INFO: Run Behavior\BuildLiteBehavior [ RunTime:0.000077s ]
INFO: [ app_init ] --END-- [ RunTime:0.000730s ]
INFO: [ app_begin ] --START--
INFO: Run Behavior\ReadHtmlCacheBehavior [ RunTime:0.000598s ]
INFO: [ app_begin ] --END-- [ RunTime:0.000954s ]
SQL: SHOW COLUMNS FROM `zhx_w_auto_response` [ RunTime:0.0006s ]
INFO: [ view_parse ] --START--
INFO: [ template_filter ] --START--
INFO: Run Behavior\ContentReplaceBehavior [ RunTime:0.000315s ]
INFO: [ template_filter ] --END-- [ RunTime:0.000749s ]
NOTIC: [8] Undefined variable: name /Users/zhangxiang/PhpstormProjects/zhxjmdc/1/Admin/Runtime/Cache/Home/507498b143fb3a7ba14fb33644eb9a17.php 第 90 行.
INFO: Run Behavior\ParseTemplateBehavior [ RunTime:0.083716s ]
INFO: [ view_parse ] --END-- [ RunTime:0.084110s ]
INFO: [ view_filter ] --START--
INFO: Run Behavior\WriteHtmlCacheBehavior [ RunTime:0.000394s ]
INFO: [ view_filter ] --END-- [ RunTime:0.000789s ]
INFO: [ app_end ] --START--
INFO: Run Behavior\ShowPageTraceBehavior [ RunTime:0.000750s ]
INFO: [ app_end ] --END-- [ RunTime:0.001120s ]

[ 2016-05-15T22:25:12+08:00 ] ::1 /zhxjmdc/1/admin.php/Home/WechatManage/voice_source_page.html
INFO: [ app_init ] --START--
INFO: Run Behavior\BuildLiteBehavior [ RunTime:0.000088s ]
INFO: [ app_init ] --END-- [ RunTime:0.000918s ]
INFO: [ app_begin ] --START--
INFO: Run Behavior\ReadHtmlCacheBehavior [ RunTime:0.000676s ]
INFO: [ app_begin ] --END-- [ RunTime:0.001068s ]
SQL: SHOW COLUMNS FROM `zhx_w_auto_response` [ RunTime:0.0005s ]
INFO: [ view_parse ] --START--
INFO: [ template_filter ] --START--
INFO: Run Behavior\ContentReplaceBehavior [ RunTime:0.000297s ]
INFO: [ template_filter ] --END-- [ RunTime:0.000679s ]
NOTIC: [8] Undefined variable: name /Users/zhangxiang/PhpstormProjects/zhxjmdc/1/Admin/Runtime/Cache/Home/507498b143fb3a7ba14fb33644eb9a17.php 第 90 行.
INFO: Run Behavior\ParseTemplateBehavior [ RunTime:0.084850s ]
INFO: [ view_parse ] --END-- [ RunTime:0.085248s ]
INFO: [ view_filter ] --START--
INFO: Run Behavior\WriteHtmlCacheBehavior [ RunTime:0.000344s ]
INFO: [ view_filter ] --END-- [ RunTime:0.000721s ]
INFO: [ app_end ] --START--
INFO: Run Behavior\ShowPageTraceBehavior [ RunTime:0.000755s ]
INFO: [ app_end ] --END-- [ RunTime:0.001182s ]

[ 2016-05-15T22:25:15+08:00 ] ::1 /zhxjmdc/1/admin.php/Home/WechatManage/video_source_page.html
INFO: [ app_init ] --START--
INFO: Run Behavior\BuildLiteBehavior [ RunTime:0.000096s ]
INFO: [ app_init ] --END-- [ RunTime:0.001083s ]
INFO: [ app_begin ] --START--
INFO: Run Behavior\ReadHtmlCacheBehavior [ RunTime:0.000599s ]
INFO: [ app_begin ] --END-- [ RunTime:0.000937s ]
SQL: SHOW COLUMNS FROM `zhx_w_auto_response` [ RunTime:0.0005s ]
INFO: [ view_parse ] --START--
INFO: [ template_filter ] --START--
INFO: Run Behavior\ContentReplaceBehavior [ RunTime:0.000404s ]
INFO: [ template_filter ] --END-- [ RunTime:0.000921s ]
NOTIC: [8] Undefined variable: name /Users/zhangxiang/PhpstormProjects/zhxjmdc/1/Admin/Runtime/Cache/Home/9297fd7167756a0ce8d3cf25ca980c91.php 第 90 行.
INFO: Run Behavior\ParseTemplateBehavior [ RunTime:0.085209s ]
INFO: [ view_parse ] --END-- [ RunTime:0.085672s ]
INFO: [ view_filter ] --START--
INFO: Run Behavior\WriteHtmlCacheBehavior [ RunTime:0.000424s ]
INFO: [ view_filter ] --END-- [ RunTime:0.000886s ]
INFO: [ app_end ] --START--
INFO: Run Behavior\ShowPageTraceBehavior [ RunTime:0.000844s ]
INFO: [ app_end ] --END-- [ RunTime:0.001287s ]

[ 2016-05-15T22:36:16+08:00 ] ::1 /zhxjmdc/1/admin.php/Home/WechatManage/video_source_page.html
INFO: [ app_init ] --START--
INFO: Run Behavior\BuildLiteBehavior [ RunTime:0.000081s ]
INFO: [ app_init ] --END-- [ RunTime:0.000856s ]
INFO: [ app_begin ] --START--
INFO: Run Behavior\ReadHtmlCacheBehavior [ RunTime:0.000604s ]
INFO: [ app_begin ] --END-- [ RunTime:0.000945s ]
SQL: SHOW COLUMNS FROM `zhx_w_auto_response` [ RunTime:0.0006s ]
INFO: [ view_parse ] --START--
INFO: [ template_filter ] --START--
INFO: Run Behavior\ContentReplaceBehavior [ RunTime:0.000284s ]
INFO: [ template_filter ] --END-- [ RunTime:0.000660s ]
NOTIC: [8] Undefined variable: name /Users/zhangxiang/PhpstormProjects/zhxjmdc/1/Admin/Runtime/Cache/Home/9297fd7167756a0ce8d3cf25ca980c91.php 第 90 行.
INFO: Run Behavior\ParseTemplateBehavior [ RunTime:0.082329s ]
INFO: [ view_parse ] --END-- [ RunTime:0.082726s ]
INFO: [ view_filter ] --START--
INFO: Run Behavior\WriteHtmlCacheBehavior [ RunTime:0.000366s ]
INFO: [ view_filter ] --END-- [ RunTime:0.000765s ]
INFO: [ app_end ] --START--
INFO: Run Behavior\ShowPageTraceBehavior [ RunTime:0.000988s ]
INFO: [ app_end ] --END-- [ RunTime:0.001475s ]

[ 2016-05-15T22:36:17+08:00 ] ::1 /zhxjmdc/1/admin.php/Home/WechatManage/voice_source_page.html
INFO: [ app_init ] --START--
INFO: Run Behavior\BuildLiteBehavior [ RunTime:0.000077s ]
INFO: [ app_init ] --END-- [ RunTime:0.000710s ]
INFO: [ app_begin ] --START--
INFO: Run Behavior\ReadHtmlCacheBehavior [ RunTime:0.000585s ]
INFO: [ app_begin ] --END-- [ RunTime:0.000928s ]
SQL: SHOW COLUMNS FROM `zhx_w_auto_response` [ RunTime:0.0005s ]
INFO: [ view_parse ] --START--
INFO: [ template_filter ] --START--
INFO: Run Behavior\ContentReplaceBehavior [ RunTime:0.000424s ]
INFO: [ template_filter ] --END-- [ RunTime:0.000990s ]
NOTIC: [8] Undefined variable: name /Users/zhangxiang/PhpstormProjects/zhxjmdc/1/Admin/Runtime/Cache/Home/507498b143fb3a7ba14fb33644eb9a17.php 第 90 行.
INFO: Run Behavior\ParseTemplateBehavior [ RunTime:0.084865s ]
INFO: [ view_parse ] --END-- [ RunTime:0.085262s ]
INFO: [ view_filter ] --START--
INFO: Run Behavior\WriteHtmlCacheBehavior [ RunTime:0.000343s ]
INFO: [ view_filter ] --END-- [ RunTime:0.000686s ]
INFO: [ app_end ] --START--
INFO: Run Behavior\ShowPageTraceBehavior [ RunTime:0.001103s ]
INFO: [ app_end ] --END-- [ RunTime:0.001847s ]

[ 2016-05-15T22:36:26+08:00 ] ::1 /zhxjmdc/1/admin.php/Home/WechatManage/image_text_source_page.html
INFO: [ app_init ] --START--
INFO: Run Behavior\BuildLiteBehavior [ RunTime:0.000104s ]
INFO: [ app_init ] --END-- [ RunTime:0.001027s ]
INFO: [ app_begin ] --START--
INFO: Run Behavior\ReadHtmlCacheBehavior [ RunTime:0.000638s ]
INFO: [ app_begin ] --END-- [ RunTime:0.001016s ]
SQL: SHOW COLUMNS FROM `zhx_w_auto_response` [ RunTime:0.0006s ]
INFO: [ view_parse ] --START--
INFO: [ template_filter ] --START--
INFO: Run Behavior\ContentReplaceBehavior [ RunTime:0.000313s ]
INFO: [ template_filter ] --END-- [ RunTime:0.000693s ]
NOTIC: [8] Undefined variable: name /Users/zhangxiang/PhpstormProjects/zhxjmdc/1/Admin/Runtime/Cache/Home/b30eece5aefdff630a0a90c034656fb6.php 第 90 行.
INFO: Run Behavior\ParseTemplateBehavior [ RunTime:0.084110s ]
INFO: [ view_parse ] --END-- [ RunTime:0.084491s ]
INFO: [ view_filter ] --START--
INFO: Run Behavior\WriteHtmlCacheBehavior [ RunTime:0.000305s ]
INFO: [ view_filter ] --END-- [ RunTime:0.000624s ]
INFO: [ app_end ] --START--
INFO: Run Behavior\ShowPageTraceBehavior [ RunTime:0.000707s ]
INFO: [ app_end ] --END-- [ RunTime:0.001088s ]

[ 2016-05-15T22:36:29+08:00 ] ::1 /zhxjmdc/1/admin.php/Home/WechatManage/image_source_page.html
INFO: [ app_init ] --START--
INFO: Run Behavior\BuildLiteBehavior [ RunTime:0.000098s ]
INFO: [ app_init ] --END-- [ RunTime:0.000896s ]
INFO: [ app_begin ] --START--
INFO: Run Behavior\ReadHtmlCacheBehavior [ RunTime:0.000583s ]
INFO: [ app_begin ] --END-- [ RunTime:0.000951s ]
SQL: SHOW COLUMNS FROM `zhx_w_auto_response` [ RunTime:0.0005s ]
INFO: [ view_parse ] --START--
INFO: [ template_filter ] --START--
INFO: Run Behavior\ContentReplaceBehavior [ RunTime:0.000267s ]
INFO: [ template_filter ] --END-- [ RunTime:0.000637s ]
NOTIC: [8] Undefined variable: name /Users/zhangxiang/PhpstormProjects/zhxjmdc/1/Admin/Runtime/Cache/Home/27e45482c25802d8c6e115cf3b950a1a.php 第 90 行.
INFO: Run Behavior\ParseTemplateBehavior [ RunTime:0.084837s ]
INFO: [ view_parse ] --END-- [ RunTime:0.085182s ]
INFO: [ view_filter ] --START--
INFO: Run Behavior\WriteHtmlCacheBehavior [ RunTime:0.000300s ]
INFO: [ view_filter ] --END-- [ RunTime:0.000670s ]
INFO: [ app_end ] --START--
INFO: Run Behavior\ShowPageTraceBehavior [ RunTime:0.000695s ]
INFO: [ app_end ] --END-- [ RunTime:0.001069s ]

