[ 2016-06-13T16:02:24+08:00 ] ::1 /zhxjmdc/1/admin.php/Home/WechatManage/aa
INFO: [ app_init ] --START--
INFO: Run Behavior\BuildLiteBehavior [ RunTime:0.000134s ]
INFO: [ app_init ] --END-- [ RunTime:0.001618s ]
INFO: [ app_begin ] --START--
INFO: Run Behavior\ReadHtmlCacheBehavior [ RunTime:0.000736s ]
INFO: [ app_begin ] --END-- [ RunTime:0.001169s ]
ERR: SQLSTATE[HY000] [1045] Access denied for user 'root'@'localhost' (using password: YES)

[ 2016-06-13T16:02:34+08:00 ] ::1 /zhxjmdc/1/admin.php/Home/WechatFunction/valid
INFO: [ app_init ] --START--
INFO: Run Behavior\BuildLiteBehavior [ RunTime:0.000088s ]
INFO: [ app_init ] --END-- [ RunTime:0.000882s ]
INFO: [ app_begin ] --START--
INFO: Run Behavior\ReadHtmlCacheBehavior [ RunTime:0.000622s ]
INFO: [ app_begin ] --END-- [ RunTime:0.000985s ]
ERR: SQLSTATE[HY000] [1045] Access denied for user 'root'@'localhost' (using password: YES)

[ 2016-06-13T16:02:49+08:00 ] ::1 /zhxjmdc/1/admin.php/Home/WechatFunction/valid
INFO: [ app_init ] --START--
INFO: Run Behavior\BuildLiteBehavior [ RunTime:0.000105s ]
INFO: [ app_init ] --END-- [ RunTime:0.000937s ]
INFO: [ app_begin ] --START--
INFO: Run Behavior\ReadHtmlCacheBehavior [ RunTime:0.000817s ]
INFO: [ app_begin ] --END-- [ RunTime:0.001298s ]
SQL: SHOW COLUMNS FROM `zhx_w_auto_response` [ RunTime:0.0133s ]
NOTIC: [8] Undefined index: echostr /Users/zhangxiang/PhpstormProjects/zhxjmdc/1/Admin/Home/Controller/WechatFunctionController.class.php 第 191 行.
NOTIC: [8] Undefined index: signature /Users/zhangxiang/PhpstormProjects/zhxjmdc/1/Admin/Home/Controller/WechatFunctionController.class.php 第 246 行.
NOTIC: [8] Undefined index: timestamp /Users/zhangxiang/PhpstormProjects/zhxjmdc/1/Admin/Home/Controller/WechatFunctionController.class.php 第 247 行.
NOTIC: [8] Undefined index: nonce /Users/zhangxiang/PhpstormProjects/zhxjmdc/1/Admin/Home/Controller/WechatFunctionController.class.php 第 248 行.
INFO: [ app_end ] --START--
INFO: Run Behavior\ShowPageTraceBehavior [ RunTime:0.001146s ]
INFO: [ app_end ] --END-- [ RunTime:0.001655s ]

[ 2016-06-13T16:05:35+08:00 ] ::1 /zhxjmdc/1/admin.php/Home/WechatFunction/wechat_insert
INFO: [ app_init ] --START--
INFO: Run Behavior\BuildLiteBehavior [ RunTime:0.000113s ]
INFO: [ app_init ] --END-- [ RunTime:0.001055s ]
INFO: [ app_begin ] --START--
INFO: Run Behavior\ReadHtmlCacheBehavior [ RunTime:0.000686s ]
INFO: [ app_begin ] --END-- [ RunTime:0.001113s ]
SQL: SHOW COLUMNS FROM `zhx_w_auto_response` [ RunTime:0.0006s ]
SQL: SHOW COLUMNS FROM `zhx_w_auto_response` [ RunTime:0.0005s ]
SQL: SHOW COLUMNS FROM `zhx_w_user` [ RunTime:0.0038s ]
ERR: 非法操作:wechat_insert

[ 2016-06-13T16:05:58+08:00 ] ::1 /zhxjmdc/1/admin.php/Home/WechatFunction/insert_wechat
INFO: [ app_init ] --START--
INFO: Run Behavior\BuildLiteBehavior [ RunTime:0.000083s ]
INFO: [ app_init ] --END-- [ RunTime:0.000803s ]
INFO: [ app_begin ] --START--
INFO: Run Behavior\ReadHtmlCacheBehavior [ RunTime:0.000917s ]
INFO: [ app_begin ] --END-- [ RunTime:0.001318s ]
SQL: SHOW COLUMNS FROM `zhx_w_auto_response` [ RunTime:0.0009s ]
SQL: SHOW COLUMNS FROM `zhx_w_auto_response` [ RunTime:0.0005s ]
SQL: SHOW COLUMNS FROM `zhx_w_user` [ RunTime:0.0016s ]
NOTIC: [8] Undefined index: echostr /Users/zhangxiang/PhpstormProjects/zhxjmdc/1/Admin/Home/Controller/WechatFunctionController.class.php 第 116 行.
NOTIC: [8] Undefined index: HTTP_RAW_POST_DATA /Users/zhangxiang/PhpstormProjects/zhxjmdc/1/Admin/Home/Controller/WechatFunctionController.class.php 第 164 行.

[ 2016-06-13T21:07:04+08:00 ] ::1 /zhxjmdc/1/admin.php/Home/Login/index.html
INFO: [ app_init ] --START--
INFO: Run Behavior\BuildLiteBehavior [ RunTime:0.000080s ]
INFO: [ app_init ] --END-- [ RunTime:0.001173s ]
INFO: [ app_begin ] --START--
INFO: Run Behavior\ReadHtmlCacheBehavior [ RunTime:0.001109s ]
INFO: [ app_begin ] --END-- [ RunTime:0.001510s ]
INFO: [ view_parse ] --START--
INFO: [ template_filter ] --START--
INFO: Run Behavior\ContentReplaceBehavior [ RunTime:0.000323s ]
INFO: [ template_filter ] --END-- [ RunTime:0.000891s ]
INFO: Run Behavior\ParseTemplateBehavior [ RunTime:0.018784s ]
INFO: [ view_parse ] --END-- [ RunTime:0.019248s ]
INFO: [ view_filter ] --START--
INFO: Run Behavior\WriteHtmlCacheBehavior [ RunTime:0.000730s ]
INFO: [ view_filter ] --END-- [ RunTime:0.001218s ]
INFO: [ app_end ] --START--
INFO: Run Behavior\ShowPageTraceBehavior [ RunTime:0.001450s ]
INFO: [ app_end ] --END-- [ RunTime:0.001943s ]

