[ 2016-05-18T14:50:58+08:00 ] ::1 /zhxjmdc/1/css/zTreeStyle/img/diy/7.png
INFO: [ app_init ] --START--
INFO: Run Behavior\BuildLiteBehavior [ RunTime:0.000147s ]
INFO: [ app_init ] --END-- [ RunTime:0.001221s ]
ERR: 无法加载模块:Css

[ 2016-05-18T14:50:58+08:00 ] ::1 /zhxjmdc/1/css/zTreeStyle/img/diy/1_open.png
INFO: [ app_init ] --START--
INFO: Run Behavior\BuildLiteBehavior [ RunTime:0.000136s ]
INFO: [ app_init ] --END-- [ RunTime:0.001160s ]
ERR: 无法加载模块:Css

[ 2016-05-18T14:50:58+08:00 ] ::1 /zhxjmdc/1/css/zTreeStyle/img/diy/6.png
INFO: [ app_init ] --START--
INFO: Run Behavior\BuildLiteBehavior [ RunTime:0.000153s ]
INFO: [ app_init ] --END-- [ RunTime:0.001411s ]
ERR: 无法加载模块:Css

[ 2016-05-18T14:50:58+08:00 ] ::1 /zhxjmdc/1/css/zTreeStyle/img/diy/8.png
INFO: [ app_init ] --START--
INFO: Run Behavior\BuildLiteBehavior [ RunTime:0.000136s ]
INFO: [ app_init ] --END-- [ RunTime:0.001254s ]
ERR: 无法加载模块:Css

[ 2016-05-18T14:50:58+08:00 ] ::1 /zhxjmdc/1/css/zTreeStyle/img/diy/4.png
INFO: [ app_init ] --START--
INFO: Run Behavior\BuildLiteBehavior [ RunTime:0.000155s ]
INFO: [ app_init ] --END-- [ RunTime:0.001428s ]
ERR: 无法加载模块:Css

[ 2016-05-18T14:50:58+08:00 ] ::1 /zhxjmdc/1/css/zTreeStyle/img/diy/2.png
INFO: [ app_init ] --START--
INFO: Run Behavior\BuildLiteBehavior [ RunTime:0.000347s ]
INFO: [ app_init ] --END-- [ RunTime:0.001666s ]
ERR: 无法加载模块:Css

[ 2016-05-18T14:50:58+08:00 ] ::1 /zhxjmdc/1/css/zTreeStyle/img/diy/5.png
INFO: [ app_init ] --START--
INFO: Run Behavior\BuildLiteBehavior [ RunTime:0.000129s ]
INFO: [ app_init ] --END-- [ RunTime:0.001002s ]
ERR: 无法加载模块:Css

[ 2016-05-18T14:50:58+08:00 ] ::1 /zhxjmdc/1/css/zTreeStyle/img/diy/3.png
INFO: [ app_init ] --START--
INFO: Run Behavior\BuildLiteBehavior [ RunTime:0.000108s ]
INFO: [ app_init ] --END-- [ RunTime:0.001143s ]
ERR: 无法加载模块:Css

[ 2016-05-18T14:51:00+08:00 ] ::1 /zhxjmdc/1/css/zTreeStyle/img/diy/1_close.png
INFO: [ app_init ] --START--
INFO: Run Behavior\BuildLiteBehavior [ RunTime:0.000085s ]
INFO: [ app_init ] --END-- [ RunTime:0.000813s ]
ERR: 无法加载模块:Css

[ 2016-05-18T14:51:01+08:00 ] ::1 /zhxjmdc/1/css/zTreeStyle/img/diy/1_open.png
INFO: [ app_init ] --START--
INFO: Run Behavior\BuildLiteBehavior [ RunTime:0.000080s ]
INFO: [ app_init ] --END-- [ RunTime:0.000773s ]
ERR: 无法加载模块:Css

[ 2016-05-18T14:51:10+08:00 ] ::1 /zhxjmdc/1/css/zTreeStyle/img/diy/7.png
INFO: [ app_init ] --START--
INFO: Run Behavior\BuildLiteBehavior [ RunTime:0.000143s ]
INFO: [ app_init ] --END-- [ RunTime:0.001248s ]
ERR: 无法加载模块:Css

[ 2016-05-18T14:51:10+08:00 ] ::1 /zhxjmdc/1/css/zTreeStyle/img/diy/6.png
INFO: [ app_init ] --START--
INFO: Run Behavior\BuildLiteBehavior [ RunTime:0.000144s ]
INFO: [ app_init ] --END-- [ RunTime:0.001219s ]
ERR: 无法加载模块:Css

[ 2016-05-18T14:51:10+08:00 ] ::1 /zhxjmdc/1/css/zTreeStyle/img/diy/2.png
INFO: [ app_init ] --START--
INFO: Run Behavior\BuildLiteBehavior [ RunTime:0.000142s ]
INFO: [ app_init ] --END-- [ RunTime:0.001214s ]
ERR: 无法加载模块:Css

[ 2016-05-18T14:51:10+08:00 ] ::1 /zhxjmdc/1/css/zTreeStyle/img/diy/4.png
INFO: [ app_init ] --START--
INFO: Run Behavior\BuildLiteBehavior [ RunTime:0.000188s ]
INFO: [ app_init ] --END-- [ RunTime:0.001495s ]
ERR: 无法加载模块:Css

[ 2016-05-18T14:51:10+08:00 ] ::1 /zhxjmdc/1/css/zTreeStyle/img/diy/8.png
INFO: [ app_init ] --START--
INFO: Run Behavior\BuildLiteBehavior [ RunTime:0.000523s ]
INFO: [ app_init ] --END-- [ RunTime:0.002038s ]
ERR: 无法加载模块:Css

[ 2016-05-18T14:51:10+08:00 ] ::1 /zhxjmdc/1/css/zTreeStyle/img/diy/1_open.png
INFO: [ app_init ] --START--
INFO: Run Behavior\BuildLiteBehavior [ RunTime:0.000255s ]
INFO: [ app_init ] --END-- [ RunTime:0.001984s ]
ERR: 无法加载模块:Css

[ 2016-05-18T14:51:10+08:00 ] ::1 /zhxjmdc/1/css/zTreeStyle/img/diy/5.png
INFO: [ app_init ] --START--
INFO: Run Behavior\BuildLiteBehavior [ RunTime:0.000179s ]
INFO: [ app_init ] --END-- [ RunTime:0.001345s ]
ERR: 无法加载模块:Css

[ 2016-05-18T14:51:10+08:00 ] ::1 /zhxjmdc/1/css/zTreeStyle/img/diy/3.png
INFO: [ app_init ] --START--
INFO: Run Behavior\BuildLiteBehavior [ RunTime:0.000321s ]
INFO: [ app_init ] --END-- [ RunTime:0.001507s ]
ERR: 无法加载模块:Css

[ 2016-05-18T14:51:27+08:00 ] ::1 /zhxjmdc/1/css/zTreeStyle/img/diy/1_open.png
INFO: [ app_init ] --START--
INFO: Run Behavior\BuildLiteBehavior [ RunTime:0.000137s ]
INFO: [ app_init ] --END-- [ RunTime:0.001708s ]
ERR: 无法加载模块:Css

[ 2016-05-18T14:51:27+08:00 ] ::1 /zhxjmdc/1/css/zTreeStyle/img/diy/8.png
INFO: [ app_init ] --START--
INFO: Run Behavior\BuildLiteBehavior [ RunTime:0.000145s ]
INFO: [ app_init ] --END-- [ RunTime:0.001400s ]
ERR: 无法加载模块:Css

[ 2016-05-18T14:51:27+08:00 ] ::1 /zhxjmdc/1/css/zTreeStyle/img/diy/4.png
INFO: [ app_init ] --START--
INFO: Run Behavior\BuildLiteBehavior [ RunTime:0.000147s ]
INFO: [ app_init ] --END-- [ RunTime:0.001259s ]
ERR: 无法加载模块:Css

[ 2016-05-18T14:51:27+08:00 ] ::1 /zhxjmdc/1/css/zTreeStyle/img/diy/7.png
INFO: [ app_init ] --START--
INFO: Run Behavior\BuildLiteBehavior [ RunTime:0.000143s ]
INFO: [ app_init ] --END-- [ RunTime:0.001278s ]
ERR: 无法加载模块:Css

[ 2016-05-18T14:51:27+08:00 ] ::1 /zhxjmdc/1/css/zTreeStyle/img/diy/6.png
INFO: [ app_init ] --START--
INFO: Run Behavior\BuildLiteBehavior [ RunTime:0.000156s ]
INFO: [ app_init ] --END-- [ RunTime:0.001289s ]
ERR: 无法加载模块:Css

[ 2016-05-18T14:51:27+08:00 ] ::1 /zhxjmdc/1/css/zTreeStyle/img/diy/2.png
INFO: [ app_init ] --START--
INFO: Run Behavior\BuildLiteBehavior [ RunTime:0.000153s ]
INFO: [ app_init ] --END-- [ RunTime:0.001292s ]
ERR: 无法加载模块:Css

[ 2016-05-18T14:51:27+08:00 ] ::1 /zhxjmdc/1/css/zTreeStyle/img/diy/3.png
INFO: [ app_init ] --START--
INFO: Run Behavior\BuildLiteBehavior [ RunTime:0.000084s ]
INFO: [ app_init ] --END-- [ RunTime:0.000739s ]
ERR: 无法加载模块:Css

[ 2016-05-18T14:51:27+08:00 ] ::1 /zhxjmdc/1/css/zTreeStyle/img/diy/5.png
INFO: [ app_init ] --START--
INFO: Run Behavior\BuildLiteBehavior [ RunTime:0.000080s ]
INFO: [ app_init ] --END-- [ RunTime:0.000755s ]
ERR: 无法加载模块:Css

[ 2016-05-18T14:51:28+08:00 ] ::1 /zhxjmdc/1/css/zTreeStyle/img/diy/1_close.png
INFO: [ app_init ] --START--
INFO: Run Behavior\BuildLiteBehavior [ RunTime:0.000079s ]
INFO: [ app_init ] --END-- [ RunTime:0.000744s ]
ERR: 无法加载模块:Css

[ 2016-05-18T14:51:28+08:00 ] ::1 /zhxjmdc/1/css/zTreeStyle/img/diy/1_open.png
INFO: [ app_init ] --START--
INFO: Run Behavior\BuildLiteBehavior [ RunTime:0.000103s ]
INFO: [ app_init ] --END-- [ RunTime:0.000918s ]
ERR: 无法加载模块:Css

[ 2016-05-18T14:52:07+08:00 ] ::1 /zhxjmdc/1/css/zTreeStyle/img/diy/1_close.png
INFO: [ app_init ] --START--
INFO: Run Behavior\BuildLiteBehavior [ RunTime:0.000084s ]
INFO: [ app_init ] --END-- [ RunTime:0.000762s ]
ERR: 无法加载模块:Css

[ 2016-05-18T14:52:07+08:00 ] ::1 /zhxjmdc/1/css/zTreeStyle/img/diy/1_open.png
INFO: [ app_init ] --START--
INFO: Run Behavior\BuildLiteBehavior [ RunTime:0.000097s ]
INFO: [ app_init ] --END-- [ RunTime:0.000889s ]
ERR: 无法加载模块:Css

[ 2016-05-18T14:53:55+08:00 ] ::1 /zhxjmdc/1/css/zTreeStyle/img/diy/1_open.png
INFO: [ app_init ] --START--
INFO: Run Behavior\BuildLiteBehavior [ RunTime:0.000140s ]
INFO: [ app_init ] --END-- [ RunTime:0.001270s ]
ERR: 无法加载模块:Css

[ 2016-05-18T14:53:55+08:00 ] ::1 /zhxjmdc/1/css/zTreeStyle/img/diy/4.png
INFO: [ app_init ] --START--
INFO: Run Behavior\BuildLiteBehavior [ RunTime:0.000122s ]
INFO: [ app_init ] --END-- [ RunTime:0.001216s ]
ERR: 无法加载模块:Css

[ 2016-05-18T14:53:55+08:00 ] ::1 /zhxjmdc/1/css/zTreeStyle/img/diy/8.png
INFO: [ app_init ] --START--
INFO: Run Behavior\BuildLiteBehavior [ RunTime:0.000127s ]
INFO: [ app_init ] --END-- [ RunTime:0.001695s ]
ERR: 无法加载模块:Css

[ 2016-05-18T14:53:55+08:00 ] ::1 /zhxjmdc/1/css/zTreeStyle/img/diy/7.png
INFO: [ app_init ] --START--
INFO: Run Behavior\BuildLiteBehavior [ RunTime:0.000143s ]
INFO: [ app_init ] --END-- [ RunTime:0.001987s ]
ERR: 无法加载模块:Css

[ 2016-05-18T14:53:55+08:00 ] ::1 /zhxjmdc/1/Admin/Template/Images/plugins/z-tree/img/diy/2.png
INFO: [ app_init ] --START--
INFO: Run Behavior\BuildLiteBehavior [ RunTime:0.000139s ]
INFO: [ app_init ] --END-- [ RunTime:0.001783s ]
ERR: 无法加载模块:Admin

[ 2016-05-18T14:53:55+08:00 ] ::1 /zhxjmdc/1/css/zTreeStyle/img/diy/6.png
INFO: [ app_init ] --START--
INFO: Run Behavior\BuildLiteBehavior [ RunTime:0.000144s ]
INFO: [ app_init ] --END-- [ RunTime:0.001369s ]
ERR: 无法加载模块:Css

[ 2016-05-18T14:53:55+08:00 ] ::1 /zhxjmdc/1/Css/zTreeStyle/img/diy/3.png
INFO: [ app_init ] --START--
INFO: Run Behavior\BuildLiteBehavior [ RunTime:0.000079s ]
INFO: [ app_init ] --END-- [ RunTime:0.000713s ]
ERR: 无法加载模块:Css

[ 2016-05-18T14:53:55+08:00 ] ::1 /zhxjmdc/1/css/zTreeStyle/img/diy/5.png
INFO: [ app_init ] --START--
INFO: Run Behavior\BuildLiteBehavior [ RunTime:0.000085s ]
INFO: [ app_init ] --END-- [ RunTime:0.000948s ]
ERR: 无法加载模块:Css

[ 2016-05-18T14:54:36+08:00 ] ::1 /zhxjmdc/1/css/zTreeStyle/img/diy/4.png
INFO: [ app_init ] --START--
INFO: Run Behavior\BuildLiteBehavior [ RunTime:0.000178s ]
INFO: [ app_init ] --END-- [ RunTime:0.001270s ]
ERR: 无法加载模块:Css

[ 2016-05-18T14:54:36+08:00 ] ::1 /zhxjmdc/1/css/zTreeStyle/img/diy/1_open.png
INFO: [ app_init ] --START--
INFO: Run Behavior\BuildLiteBehavior [ RunTime:0.000089s ]
INFO: [ app_init ] --END-- [ RunTime:0.000844s ]
ERR: 无法加载模块:Css

[ 2016-05-18T14:54:36+08:00 ] ::1 /zhxjmdc/1/Admin/Template/Images/plugins/z-tree/img/diy/7.png
INFO: [ app_init ] --START--
INFO: Run Behavior\BuildLiteBehavior [ RunTime:0.000085s ]
INFO: [ app_init ] --END-- [ RunTime:0.000855s ]
ERR: 无法加载模块:Admin

[ 2016-05-18T14:54:36+08:00 ] ::1 /zhxjmdc/1/Admin/Template/Images/plugins/z-tree/img/diy/8.png
INFO: [ app_init ] --START--
INFO: Run Behavior\BuildLiteBehavior [ RunTime:0.000140s ]
INFO: [ app_init ] --END-- [ RunTime:0.001206s ]
ERR: 无法加载模块:Admin

[ 2016-05-18T14:54:36+08:00 ] ::1 /zhxjmdc/1/Admin/Template/Images/plugins/z-tree/img/diy/6.png
INFO: [ app_init ] --START--
INFO: Run Behavior\BuildLiteBehavior [ RunTime:0.000140s ]
INFO: [ app_init ] --END-- [ RunTime:0.001242s ]
ERR: 无法加载模块:Admin

[ 2016-05-18T14:54:36+08:00 ] ::1 /zhxjmdc/1/Admin/Template/Images/plugins/z-tree/img/diy/5.png
INFO: [ app_init ] --START--
INFO: Run Behavior\BuildLiteBehavior [ RunTime:0.000077s ]
INFO: [ app_init ] --END-- [ RunTime:0.000735s ]
ERR: 无法加载模块:Admin

[ 2016-05-18T14:54:36+08:00 ] ::1 /zhxjmdc/1/Admin/Template/Images/plugins/z-tree/img/diy/3.png
INFO: [ app_init ] --START--
INFO: Run Behavior\BuildLiteBehavior [ RunTime:0.000100s ]
INFO: [ app_init ] --END-- [ RunTime:0.000817s ]
ERR: 无法加载模块:Admin

[ 2016-05-18T14:54:36+08:00 ] ::1 /zhxjmdc/1/Admin/Template/Images/plugins/z-tree/img/diy/2.png
INFO: [ app_init ] --START--
INFO: Run Behavior\BuildLiteBehavior [ RunTime:0.000089s ]
INFO: [ app_init ] --END-- [ RunTime:0.000885s ]
ERR: 无法加载模块:Admin

[ 2016-05-18T14:57:45+08:00 ] ::1 /zhxjmdc/1/css/zTreeStyle/img/diy/1_close.png
INFO: [ app_init ] --START--
INFO: Run Behavior\BuildLiteBehavior [ RunTime:0.000092s ]
INFO: [ app_init ] --END-- [ RunTime:0.000838s ]
ERR: 无法加载模块:Css

[ 2016-05-18T14:58:28+08:00 ] ::1 /zhxjmdc/1/css/zTreeStyle/img/diy/1_close.png
INFO: [ app_init ] --START--
INFO: Run Behavior\BuildLiteBehavior [ RunTime:0.000089s ]
INFO: [ app_init ] --END-- [ RunTime:0.000863s ]
ERR: 无法加载模块:Css

[ 2016-05-18T14:58:34+08:00 ] ::1 /zhxjmdc/1/css/zTreeStyle/img/diy/1_close.png
INFO: [ app_init ] --START--
INFO: Run Behavior\BuildLiteBehavior [ RunTime:0.000102s ]
INFO: [ app_init ] --END-- [ RunTime:0.000978s ]
ERR: 无法加载模块:Css

[ 2016-05-18T14:58:36+08:00 ] ::1 /zhxjmdc/1/css/zTreeStyle/img/diy/1_close.png
INFO: [ app_init ] --START--
INFO: Run Behavior\BuildLiteBehavior [ RunTime:0.000078s ]
INFO: [ app_init ] --END-- [ RunTime:0.000739s ]
ERR: 无法加载模块:Css

[ 2016-05-18T14:58:44+08:00 ] ::1 /zhxjmdc/1/css/zTreeStyle/img/diy/1_close.png
INFO: [ app_init ] --START--
INFO: Run Behavior\BuildLiteBehavior [ RunTime:0.000089s ]
INFO: [ app_init ] --END-- [ RunTime:0.000878s ]
ERR: 无法加载模块:Css

[ 2016-05-18T15:00:25+08:00 ] ::1 /zhxjmdc/1/css/zTreeStyle/img/diy/1_close.png
INFO: [ app_init ] --START--
INFO: Run Behavior\BuildLiteBehavior [ RunTime:0.000084s ]
INFO: [ app_init ] --END-- [ RunTime:0.000819s ]
ERR: 无法加载模块:Css

[ 2016-05-18T15:00:27+08:00 ] ::1 /zhxjmdc/1/css/zTreeStyle/img/diy/1_close.png
INFO: [ app_init ] --START--
INFO: Run Behavior\BuildLiteBehavior [ RunTime:0.000079s ]
INFO: [ app_init ] --END-- [ RunTime:0.000733s ]
ERR: 无法加载模块:Css

